

================================================================
== Vivado HLS Report for 'sin'
================================================================
* Date:           Sun Aug 23 03:38:21 2020

* Version:        2019.1 (Build 2552052 on Fri May 24 15:28:33 MDT 2019)
* Project:        CarSimOnFPGA
* Solution:       solution2
* Product family: kintex7
* Target device:  xc7k325t-ffg900-2


================================================================
== Performance Estimates
================================================================
+ Timing (ns): 
    * Summary: 
    +--------+-------+----------+------------+
    |  Clock | Target| Estimated| Uncertainty|
    +--------+-------+----------+------------+
    |ap_clk  |  10.00|     8.406|        1.25|
    +--------+-------+----------+------------+

+ Latency (clock cycles): 
    * Summary: 
    +-----+-----+-----+-----+---------+
    |  Latency  |  Interval | Pipeline|
    | min | max | min | max |   Type  |
    +-----+-----+-----+-----+---------+
    |   28|   31|   28|   31|   none  |
    +-----+-----+-----+-----+---------+

    + Detail: 
        * Instance: 
        +-------------------------------+---------------------+-----+-----+-----+-----+---------+
        |                               |                     |  Latency  |  Interval | Pipeline|
        |            Instance           |        Module       | min | max | min | max |   Type  |
        +-------------------------------+---------------------+-----+-----+-----+-----+---------+
        |grp_sin_or_cos_double_s_fu_26  |sin_or_cos_double_s  |   26|   29|   26|   29|   none  |
        +-------------------------------+---------------------+-----+-----+-----+-----+---------+

        * Loop: 
        N/A



================================================================
== Utilization Estimates
================================================================
* Summary: 
+-----------------+---------+-------+--------+--------+-----+
|       Name      | BRAM_18K| DSP48E|   FF   |   LUT  | URAM|
+-----------------+---------+-------+--------+--------+-----+
|DSP              |        -|      -|       -|       -|    -|
|Expression       |        -|      -|       -|       -|    -|
|FIFO             |        -|      -|       -|       -|    -|
|Instance         |        8|     97|    2783|    5684|    -|
|Memory           |        -|      -|       -|       -|    -|
|Multiplexer      |        -|      -|       -|      22|    -|
|Register         |        -|      -|     195|       -|    -|
+-----------------+---------+-------+--------+--------+-----+
|Total            |        8|     97|    2978|    5706|    0|
+-----------------+---------+-------+--------+--------+-----+
|Available        |      890|    840|  407600|  203800|    0|
+-----------------+---------+-------+--------+--------+-----+
|Utilization (%)  |    ~0   |     11|   ~0   |       2|    0|
+-----------------+---------+-------+--------+--------+-----+

+ Detail: 
    * Instance: 
    +-------------------------------+---------------------+---------+-------+------+------+-----+
    |            Instance           |        Module       | BRAM_18K| DSP48E|  FF  |  LUT | URAM|
    +-------------------------------+---------------------+---------+-------+------+------+-----+
    |grp_sin_or_cos_double_s_fu_26  |sin_or_cos_double_s  |        8|     97|  2783|  5684|    0|
    +-------------------------------+---------------------+---------+-------+------+------+-----+
    |Total                          |                     |        8|     97|  2783|  5684|    0|
    +-------------------------------+---------------------+---------+-------+------+------+-----+

    * DSP48E: 
    N/A

    * Memory: 
    N/A

    * FIFO: 
    N/A

    * Expression: 
    N/A

    * Multiplexer: 
    +-----------+----+-----------+-----+-----------+
    |    Name   | LUT| Input Size| Bits| Total Bits|
    +-----------+----+-----------+-----+-----------+
    |ap_NS_fsm  |  13|          3|    1|          3|
    |ap_return  |   9|          2|   64|        128|
    +-----------+----+-----------+-----+-----------+
    |Total      |  22|          5|   65|        131|
    +-----------+----+-----------+-----+-----------+

    * Register: 
    +--------------------------------------------+----+----+-----+-----------+
    |                    Name                    | FF | LUT| Bits| Const Bits|
    +--------------------------------------------+----+----+-----+-----------+
    |ap_CS_fsm                                   |   2|   0|    2|          0|
    |ap_return                                   |  64|   0|   64|          0|
    |ap_return_preg                              |  64|   0|   64|          0|
    |grp_sin_or_cos_double_s_fu_26_ap_start_reg  |   1|   0|    1|          0|
    |x_read_reg_46                               |  64|   0|   64|          0|
    +--------------------------------------------+----+----+-----+-----------+
    |Total                                       | 195|   0|  195|          0|
    +--------------------------------------------+----+----+-----+-----------+



================================================================
== Interface
================================================================
* Summary: 
+-----------+-----+-----+------------+--------------+--------------+
| RTL Ports | Dir | Bits|  Protocol  | Source Object|    C Type    |
+-----------+-----+-----+------------+--------------+--------------+
|ap_clk     |  in |    1| ap_ctrl_hs |      sin     | return value |
|ap_rst     |  in |    1| ap_ctrl_hs |      sin     | return value |
|ap_start   |  in |    1| ap_ctrl_hs |      sin     | return value |
|ap_done    | out |    1| ap_ctrl_hs |      sin     | return value |
|ap_idle    | out |    1| ap_ctrl_hs |      sin     | return value |
|ap_ready   | out |    1| ap_ctrl_hs |      sin     | return value |
|ap_return  | out |   64| ap_ctrl_hs |      sin     | return value |
|x          |  in |   64|   ap_none  |       x      |    scalar    |
+-----------+-----+-----+------------+--------------+--------------+

============================================================
+ Verbose Summary: Synthesis Manager
============================================================
InlineROM: 1
ExposeGlobal: 0
============================================================
+ Verbose Summary: CDFG Model
============================================================
IsTopModel: 0
ResetActiveHigh: 1
IsCombinational: 2
IsDatapathOnly: 2
HasWiredReturn: 2
HasMFsm: 0
HasVarLatency: 1
IsPipeline: 0
IsRtlPipelined: 0
IsInstanceOverlapped: 1
IsDontTouch: 0
HasImplIP: 0
IsGatedGlobalClock: 0


============================================================
+ Verbose Summary: Schedule
============================================================
* Number of FSM states : 2
* Pipeline : 0
* Dataflow Pipeline: 0

* FSM state transitions: 
1 --> 2 
2 --> 

* FSM state operations: 

State 1 <SV = 0> <Delay = 4.11>
ST_1 : Operation 3 [1/1] (0.00ns)   --->   "%x_read = call double @_ssdm_op_Read.ap_auto.double(double %x) nounwind" [r:/builds/2019.1/continuous/2019_05_24_2552052/src/products/hls/hls_lib/hlsmath/src/c/sincosdouble.cpp:7]   --->   Operation 3 'read' 'x_read' <Predicate = true> <Delay = 0.00>
ST_1 : Operation 4 [2/2] (4.11ns)   --->   "%tmp_i = call fastcc double @"sin_or_cos<double>"(double %x_read, i1 zeroext false) nounwind" [r:/builds/2019.1/continuous/2019_05_24_2552052/src/products/hls/hls_lib/hlsmath/src/common/hls_hotbm_double.cpp:140->r:/builds/2019.1/continuous/2019_05_24_2552052/src/products/hls/hls_lib/hlsmath/src/c/sincosdouble.cpp:8]   --->   Operation 4 'call' 'tmp_i' <Predicate = true> <Delay = 4.11> <CoreType = "Generic">   --->   Core 0 '' <Latency = 0> <II = 1> <Delay = 1.00> <Generic> <Opcode : >

State 2 <SV = 1> <Delay = 5.40>
ST_2 : Operation 5 [1/2] (5.40ns)   --->   "%tmp_i = call fastcc double @"sin_or_cos<double>"(double %x_read, i1 zeroext false) nounwind" [r:/builds/2019.1/continuous/2019_05_24_2552052/src/products/hls/hls_lib/hlsmath/src/common/hls_hotbm_double.cpp:140->r:/builds/2019.1/continuous/2019_05_24_2552052/src/products/hls/hls_lib/hlsmath/src/c/sincosdouble.cpp:8]   --->   Operation 5 'call' 'tmp_i' <Predicate = true> <Delay = 5.40> <CoreType = "Generic">   --->   Core 0 '' <Latency = 0> <II = 1> <Delay = 1.00> <Generic> <Opcode : >
ST_2 : Operation 6 [1/1] (0.00ns)   --->   "ret double %tmp_i" [r:/builds/2019.1/continuous/2019_05_24_2552052/src/products/hls/hls_lib/hlsmath/src/c/sincosdouble.cpp:8]   --->   Operation 6 'ret' <Predicate = true> <Delay = 0.00>


============================================================
+ Verbose Summary: Binding
============================================================
STG Binding: 
---------------- STG Properties BEGIN ----------------
- Is combinational: 0
- Is one-state seq: 0
- Is datapath-only: 0
- Is pipelined: 0
- Is top level: 0
Port [ Return ] is wired: 0; IO mode=ap_ctrl_hs:ce=0
Port [ x]:  wired=1; compound=0; hidden=0; nouse=0; global=0; static=0; extern=0; dir=0; type=0; pingpong=0; private_global=0; IO mode=ap_none:ce=0
Port [ ref_4oPi_table_256_V]:  wired=0; compound=1; hidden=1; nouse=1; global=1; static=1; extern=0; dir=0; type=1; pingpong=0; private_global=0; linkage=7; visibility=0; MemPort=[1]; IO mode=ap_memory:ce=0
Port [ fourth_order_double_4]:  wired=0; compound=1; hidden=1; nouse=1; global=1; static=1; extern=0; dir=0; type=1; pingpong=0; private_global=0; linkage=7; visibility=0; MemPort=[1]; IO mode=ap_memory:ce=0
Port [ fourth_order_double_5]:  wired=0; compound=1; hidden=1; nouse=1; global=1; static=1; extern=0; dir=0; type=1; pingpong=0; private_global=0; linkage=7; visibility=0; MemPort=[1]; IO mode=ap_memory:ce=0
Port [ fourth_order_double_6]:  wired=0; compound=1; hidden=1; nouse=1; global=1; static=1; extern=0; dir=0; type=1; pingpong=0; private_global=0; linkage=7; visibility=0; MemPort=[1]; IO mode=ap_memory:ce=0
Port [ fourth_order_double_7]:  wired=0; compound=1; hidden=1; nouse=1; global=1; static=1; extern=0; dir=0; type=1; pingpong=0; private_global=0; linkage=7; visibility=0; MemPort=[1]; IO mode=ap_memory:ce=0
Port [ fourth_order_double_s]:  wired=0; compound=1; hidden=1; nouse=1; global=1; static=1; extern=0; dir=0; type=1; pingpong=0; private_global=0; linkage=7; visibility=0; MemPort=[1]; IO mode=ap_memory:ce=0
---------------- STG Properties END ------------------

---------------- Datapath Model BEGIN ----------------

<LifeTime>
<method=bitvector/>
x_read  (read) [ 001]
tmp_i   (call) [ 000]
ret_ln8 (ret ) [ 000]
</LifeTime>

<model>

<comp_list>
<comp id="0" class="1000" name="x">
<pin_list>
<pin id="1" dir="1" index="0" bw="1" slack="0"/>
</pin_list>
<bind>
<StgValue><ssdm name="x"/></StgValue>
</bind>
</comp>

<comp id="2" class="1000" name="ref_4oPi_table_256_V">
<pin_list>
<pin id="3" dir="1" index="0" bw="1" slack="0"/>
</pin_list>
<bind>
<StgValue><ssdm name="ref_4oPi_table_256_V"/><MemPortTyVec>1 </MemPortTyVec>
</StgValue>
</bind>
</comp>

<comp id="4" class="1000" name="fourth_order_double_4">
<pin_list>
<pin id="5" dir="1" index="0" bw="1" slack="0"/>
</pin_list>
<bind>
<StgValue><ssdm name="fourth_order_double_4"/><MemPortTyVec>1 </MemPortTyVec>
</StgValue>
</bind>
</comp>

<comp id="6" class="1000" name="fourth_order_double_5">
<pin_list>
<pin id="7" dir="1" index="0" bw="1" slack="0"/>
</pin_list>
<bind>
<StgValue><ssdm name="fourth_order_double_5"/><MemPortTyVec>1 </MemPortTyVec>
</StgValue>
</bind>
</comp>

<comp id="8" class="1000" name="fourth_order_double_6">
<pin_list>
<pin id="9" dir="1" index="0" bw="1" slack="0"/>
</pin_list>
<bind>
<StgValue><ssdm name="fourth_order_double_6"/><MemPortTyVec>1 </MemPortTyVec>
</StgValue>
</bind>
</comp>

<comp id="10" class="1000" name="fourth_order_double_7">
<pin_list>
<pin id="11" dir="1" index="0" bw="1" slack="0"/>
</pin_list>
<bind>
<StgValue><ssdm name="fourth_order_double_7"/><MemPortTyVec>1 </MemPortTyVec>
</StgValue>
</bind>
</comp>

<comp id="12" class="1000" name="fourth_order_double_s">
<pin_list>
<pin id="13" dir="1" index="0" bw="1" slack="0"/>
</pin_list>
<bind>
<StgValue><ssdm name="fourth_order_double_s"/><MemPortTyVec>1 </MemPortTyVec>
</StgValue>
</bind>
</comp>

<comp id="14" class="1001" name="const_14">
<pin_list>
<pin id="15" dir="1" index="0" bw="1" slack="0"/>
</pin_list>
<bind>
<StgValue><ssdm name="_ssdm_op_Read.ap_auto.double"/></StgValue>
</bind>
</comp>

<comp id="16" class="1001" name="const_16">
<pin_list>
<pin id="17" dir="1" index="0" bw="1" slack="0"/>
</pin_list>
<bind>
<StgValue><ssdm name="sin_or_cos<double>"/></StgValue>
</bind>
</comp>

<comp id="18" class="1001" name="const_18">
<pin_list>
<pin id="19" dir="1" index="0" bw="1" slack="0"/>
</pin_list>
<bind>
<StgValue><ssdm name=""/></StgValue>
</bind>
</comp>

<comp id="20" class="1004" name="x_read_read_fu_20">
<pin_list>
<pin id="21" dir="0" index="0" bw="64" slack="0"/>
<pin id="22" dir="0" index="1" bw="64" slack="0"/>
<pin id="23" dir="1" index="2" bw="64" slack="0"/>
</pin_list>
<bind>
<opcode="read(1150) " fcode="read"/>
<opset="x_read/1 "/>
</bind>
</comp>

<comp id="26" class="1004" name="grp_sin_or_cos_double_s_fu_26">
<pin_list>
<pin id="27" dir="0" index="0" bw="64" slack="0"/>
<pin id="28" dir="0" index="1" bw="64" slack="0"/>
<pin id="29" dir="0" index="2" bw="1" slack="0"/>
<pin id="30" dir="0" index="3" bw="256" slack="0"/>
<pin id="31" dir="0" index="4" bw="59" slack="0"/>
<pin id="32" dir="0" index="5" bw="52" slack="0"/>
<pin id="33" dir="0" index="6" bw="44" slack="0"/>
<pin id="34" dir="0" index="7" bw="33" slack="0"/>
<pin id="35" dir="0" index="8" bw="25" slack="0"/>
<pin id="36" dir="1" index="9" bw="64" slack="2147483647"/>
</pin_list>
<bind>
<opcode="call(48) " fcode="call"/>
<opset="tmp_i/1 "/>
</bind>
</comp>

<comp id="46" class="1005" name="x_read_reg_46">
<pin_list>
<pin id="47" dir="0" index="0" bw="64" slack="1"/>
<pin id="48" dir="1" index="1" bw="64" slack="1"/>
</pin_list>
<bind>
<opset="x_read "/>
</bind>
</comp>

</comp_list>

<net_list>
<net id="24"><net_src comp="14" pin="0"/><net_sink comp="20" pin=0"/></net>

<net id="25"><net_src comp="0" pin="0"/><net_sink comp="20" pin=1"/></net>

<net id="37"><net_src comp="16" pin="0"/><net_sink comp="26" pin=0"/></net>

<net id="38"><net_src comp="20" pin="2"/><net_sink comp="26" pin=1"/></net>

<net id="39"><net_src comp="18" pin="0"/><net_sink comp="26" pin=2"/></net>

<net id="40"><net_src comp="2" pin="0"/><net_sink comp="26" pin=3"/></net>

<net id="41"><net_src comp="4" pin="0"/><net_sink comp="26" pin=4"/></net>

<net id="42"><net_src comp="6" pin="0"/><net_sink comp="26" pin=5"/></net>

<net id="43"><net_src comp="8" pin="0"/><net_sink comp="26" pin=6"/></net>

<net id="44"><net_src comp="10" pin="0"/><net_sink comp="26" pin=7"/></net>

<net id="45"><net_src comp="12" pin="0"/><net_sink comp="26" pin=8"/></net>

<net id="49"><net_src comp="20" pin="2"/><net_sink comp="46" pin=0"/></net>

<net id="50"><net_src comp="46" pin="1"/><net_sink comp="26" pin=1"/></net>

</net_list>

</model> 
---------------- Datapath Model END ------------------

* FSMD analyzer results:
  - Output states:
	Port: ref_4oPi_table_256_V | {}
	Port: fourth_order_double_4 | {}
	Port: fourth_order_double_5 | {}
	Port: fourth_order_double_6 | {}
	Port: fourth_order_double_7 | {}
	Port: fourth_order_double_s | {}
 - Input state : 
	Port: sin : x | {1 }
	Port: sin : ref_4oPi_table_256_V | {1 2 }
	Port: sin : fourth_order_double_4 | {1 2 }
	Port: sin : fourth_order_double_5 | {1 2 }
	Port: sin : fourth_order_double_6 | {1 2 }
	Port: sin : fourth_order_double_7 | {1 2 }
	Port: sin : fourth_order_double_s | {1 2 }
  - Chain level:
	State 1
	State 2
		ret_ln8 : 1


============================================================
+ Verbose Summary: Datapath Resource usage 
============================================================

* Functional unit list:
|----------|-------------------------------|---------|---------|---------|---------|
| Operation|        Functional Unit        |  DSP48E |  Delay  |    FF   |   LUT   |
|----------|-------------------------------|---------|---------|---------|---------|
|   call   | grp_sin_or_cos_double_s_fu_26 |    97   |  11.336 |   3120  |   4655  |
|----------|-------------------------------|---------|---------|---------|---------|
|   read   |       x_read_read_fu_20       |    0    |    0    |    0    |    0    |
|----------|-------------------------------|---------|---------|---------|---------|
|   Total  |                               |    97   |  11.336 |   3120  |   4655  |
|----------|-------------------------------|---------|---------|---------|---------|

Memories:
N/A

* Register list:
+-------------+--------+
|             |   FF   |
+-------------+--------+
|x_read_reg_46|   64   |
+-------------+--------+
|    Total    |   64   |
+-------------+--------+

* Multiplexer (MUX) list: 
|-------------------------------|------|------|------|--------||---------||---------|
|              Comp             |  Pin | Size |  BW  | S x BW ||  Delay  ||   LUT   |
|-------------------------------|------|------|------|--------||---------||---------|
| grp_sin_or_cos_double_s_fu_26 |  p1  |   2  |  64  |   128  ||    9    |
|-------------------------------|------|------|------|--------||---------||---------|
|             Total             |      |      |      |   128  ||  0.872  ||    9    |
|-------------------------------|------|------|------|--------||---------||---------|



* Summary:
+-----------+--------+--------+--------+--------+
|           | DSP48E |  Delay |   FF   |   LUT  |
+-----------+--------+--------+--------+--------+
|  Function |   97   |   11   |  3120  |  4655  |
|   Memory  |    -   |    -   |    -   |    -   |
|Multiplexer|    -   |    0   |    -   |    9   |
|  Register |    -   |    -   |   64   |    -   |
+-----------+--------+--------+--------+--------+
|   Total   |   97   |   12   |  3184  |  4664  |
+-----------+--------+--------+--------+--------+
