

================================================================
== Vivado HLS Report for 'sin_or_cos_double_s'
================================================================
* Date:           Sun Aug 23 03:38:08 2020

* Version:        2019.1 (Build 2552052 on Fri May 24 15:28:33 MDT 2019)
* Project:        CarSimOnFPGA
* Solution:       solution2
* Product family: kintex7
* Target device:  xc7k325t-ffg900-2


================================================================
== Performance Estimates
================================================================
+ Timing (ns): 
    * Summary: 
    +--------+-------+----------+------------+
    |  Clock | Target| Estimated| Uncertainty|
    +--------+-------+----------+------------+
    |ap_clk  |  10.00|     8.406|        1.25|
    +--------+-------+----------+------------+

+ Latency (clock cycles): 
    * Summary: 
    +-----+-----+-----+-----+---------+
    |  Latency  |  Interval | Pipeline|
    | min | max | min | max |   Type  |
    +-----+-----+-----+-----+---------+
    |   26|   29|   26|   29|   none  |
    +-----+-----+-----+-----+---------+

    + Detail: 
        * Instance: 
        N/A

        * Loop: 
        N/A

============================================================
+ Verbose Summary: Synthesis Manager
============================================================
InlineROM: 1
ExposeGlobal: 0
============================================================
+ Verbose Summary: CDFG Model
============================================================
IsTopModel: 0
ResetActiveHigh: 1
IsCombinational: 0
IsDatapathOnly: 0
HasWiredReturn: 1
HasMFsm: 0
HasVarLatency: 1
IsPipeline: 0
IsRtlPipelined: 0
IsInstanceOverlapped: 0
IsDontTouch: 0
HasImplIP: 0
IsGatedGlobalClock: 0


============================================================
+ Verbose Summary: Schedule
============================================================
* Number of FSM states : 12
* Pipeline : 0
* Dataflow Pipeline: 0

* FSM state transitions: 
1 --> 2 
2 --> 3 
3 --> 4 
4 --> 5 
5 --> 6 
6 --> 7 
7 --> 8 
8 --> 9 
9 --> 10 
10 --> 11 
11 --> 12 
12 --> 

* FSM state operations: 

State 1 <SV = 0> <Delay = 4.11>
ST_1 : Operation 13 [1/1] (0.00ns)   --->   "%t_in_read = call double @_ssdm_op_Read.ap_auto.double(double %t_in) nounwind" [r:/builds/2019.1/continuous/2019_05_24_2552052/src/products/hls/hls_lib/hlsmath/include/FloatingPoint\hls_hotbm.h:238]   --->   Operation 13 'read' 't_in_read' <Predicate = true> <Delay = 0.00>
ST_1 : Operation 14 [1/1] (0.00ns)   --->   "%p_Val2_s = bitcast double %t_in_read to i64" [r:/builds/2019.1/continuous/2019_05_24_2552052/src/products/hls/hls_lib/src/hls\utils/x_hls_utils.h:475->r:/builds/2019.1/continuous/2019_05_24_2552052/src/products/hls/hls_lib/src/hls\utils/x_hls_utils.h:479->r:/builds/2019.1/continuous/2019_05_24_2552052/src/products/hls/hls_lib/hlsmath/include/FloatingPoint\hls_hotbm.h:252]   --->   Operation 14 'bitcast' 'p_Val2_s' <Predicate = true> <Delay = 0.00>
ST_1 : Operation 15 [1/1] (0.00ns)   --->   "%p_Result_21 = call i1 @_ssdm_op_BitSelect.i1.i64.i32(i64 %p_Val2_s, i32 63)" [r:/builds/2019.1/continuous/2019_05_24_2552052/src/products/hls/hls_lib/src/hls\utils/x_hls_utils.h:476->r:/builds/2019.1/continuous/2019_05_24_2552052/src/products/hls/hls_lib/src/hls\utils/x_hls_utils.h:479->r:/builds/2019.1/continuous/2019_05_24_2552052/src/products/hls/hls_lib/hlsmath/include/FloatingPoint\hls_hotbm.h:252]   --->   Operation 15 'bitselect' 'p_Result_21' <Predicate = true> <Delay = 0.00>
ST_1 : Operation 16 [1/1] (0.00ns)   --->   "%tmp_V = call i11 @_ssdm_op_PartSelect.i11.i64.i32.i32(i64 %p_Val2_s, i32 52, i32 62) nounwind" [r:/builds/2019.1/continuous/2019_05_24_2552052/src/products/hls/hls_lib/src/hls\utils/x_hls_utils.h:477->r:/builds/2019.1/continuous/2019_05_24_2552052/src/products/hls/hls_lib/src/hls\utils/x_hls_utils.h:479->r:/builds/2019.1/continuous/2019_05_24_2552052/src/products/hls/hls_lib/hlsmath/include/FloatingPoint\hls_hotbm.h:252]   --->   Operation 16 'partselect' 'tmp_V' <Predicate = true> <Delay = 0.00>
ST_1 : Operation 17 [1/1] (0.00ns)   --->   "%tmp_V_2 = trunc i64 %p_Val2_s to i52" [r:/builds/2019.1/continuous/2019_05_24_2552052/src/products/hls/hls_lib/src/hls\utils/x_hls_utils.h:478->r:/builds/2019.1/continuous/2019_05_24_2552052/src/products/hls/hls_lib/src/hls\utils/x_hls_utils.h:479->r:/builds/2019.1/continuous/2019_05_24_2552052/src/products/hls/hls_lib/hlsmath/include/FloatingPoint\hls_hotbm.h:252]   --->   Operation 17 'trunc' 'tmp_V_2' <Predicate = true> <Delay = 0.00>
ST_1 : Operation 18 [1/1] (1.07ns)   --->   "%closepath = icmp ult i11 %tmp_V, 1022" [r:/builds/2019.1/continuous/2019_05_24_2552052/src/products/hls/hls_lib/hlsmath/include/FloatingPoint/hls_range_redux.h:480->r:/builds/2019.1/continuous/2019_05_24_2552052/src/products/hls/hls_lib/hlsmath/include/FloatingPoint\hls_hotbm.h:268]   --->   Operation 18 'icmp' 'closepath' <Predicate = true> <Delay = 1.07> <Core = "Cmp">   --->   Core 25 'Cmp' <Latency = 0> <II = 1> <Delay = 1.07> <FuncUnit> <Opcode : 'icmp'> <InPorts = 2> <OutPorts = 1>
ST_1 : Operation 19 [1/1] (1.35ns)   --->   "%add_ln114_1 = add i11 -947, %tmp_V" [r:/builds/2019.1/continuous/2019_05_24_2552052/src/products/hls/hls_lib/hlsmath/include/FloatingPoint/hls_range_redux.h:425->r:/builds/2019.1/continuous/2019_05_24_2552052/src/products/hls/hls_lib/hlsmath/include/FloatingPoint/hls_range_redux.h:496->r:/builds/2019.1/continuous/2019_05_24_2552052/src/products/hls/hls_lib/hlsmath/include/FloatingPoint\hls_hotbm.h:268]   --->   Operation 19 'add' 'add_ln114_1' <Predicate = true> <Delay = 1.35> <Core = "AddSub">   --->   Core 14 'AddSub' <Latency = 0> <II = 1> <Delay = 1.35> <FuncUnit> <Opcode : 'add' 'sub'> <InPorts = 2> <OutPorts = 1>
ST_1 : Operation 20 [1/1] (0.49ns)   --->   "%addr_V = select i1 %closepath, i11 74, i11 %add_ln114_1" [r:/builds/2019.1/continuous/2019_05_24_2552052/src/products/hls/hls_lib/hlsmath/include/FloatingPoint/hls_range_redux.h:425->r:/builds/2019.1/continuous/2019_05_24_2552052/src/products/hls/hls_lib/hlsmath/include/FloatingPoint/hls_range_redux.h:496->r:/builds/2019.1/continuous/2019_05_24_2552052/src/products/hls/hls_lib/hlsmath/include/FloatingPoint\hls_hotbm.h:268]   --->   Operation 20 'select' 'addr_V' <Predicate = true> <Delay = 0.49> <Core = "Sel">   --->   Core 26 'Sel' <Latency = 0> <II = 1> <Delay = 0.52> <FuncUnit> <Opcode : 'select'> <InPorts = 3> <OutPorts = 1>
ST_1 : Operation 21 [1/1] (0.00ns)   --->   "%p_Result_i_i = call i4 @_ssdm_op_PartSelect.i4.i11.i32.i32(i11 %addr_V, i32 7, i32 10)" [r:/builds/2019.1/continuous/2019_05_24_2552052/src/products/hls/hls_lib/hlsmath/include/FloatingPoint/hls_range_redux.h:426->r:/builds/2019.1/continuous/2019_05_24_2552052/src/products/hls/hls_lib/hlsmath/include/FloatingPoint/hls_range_redux.h:496->r:/builds/2019.1/continuous/2019_05_24_2552052/src/products/hls/hls_lib/hlsmath/include/FloatingPoint\hls_hotbm.h:268]   --->   Operation 21 'partselect' 'p_Result_i_i' <Predicate = true> <Delay = 0.00>
ST_1 : Operation 22 [1/1] (0.00ns)   --->   "%zext_ln635 = zext i4 %p_Result_i_i to i64" [r:/builds/2019.1/continuous/2019_05_24_2552052/src/products/hls/hls_lib/hlsmath/include/FloatingPoint/hls_range_redux.h:426->r:/builds/2019.1/continuous/2019_05_24_2552052/src/products/hls/hls_lib/hlsmath/include/FloatingPoint/hls_range_redux.h:496->r:/builds/2019.1/continuous/2019_05_24_2552052/src/products/hls/hls_lib/hlsmath/include/FloatingPoint\hls_hotbm.h:268]   --->   Operation 22 'zext' 'zext_ln635' <Predicate = true> <Delay = 0.00>
ST_1 : Operation 23 [1/1] (0.00ns)   --->   "%ref_4oPi_table_256_V_1 = getelementptr [10 x i256]* @ref_4oPi_table_256_V, i64 0, i64 %zext_ln635" [r:/builds/2019.1/continuous/2019_05_24_2552052/src/products/hls/hls_lib/hlsmath/include/FloatingPoint/hls_range_redux.h:426->r:/builds/2019.1/continuous/2019_05_24_2552052/src/products/hls/hls_lib/hlsmath/include/FloatingPoint/hls_range_redux.h:496->r:/builds/2019.1/continuous/2019_05_24_2552052/src/products/hls/hls_lib/hlsmath/include/FloatingPoint\hls_hotbm.h:268]   --->   Operation 23 'getelementptr' 'ref_4oPi_table_256_V_1' <Predicate = true> <Delay = 0.00>
ST_1 : Operation 24 [2/2] (2.26ns)   --->   "%table_256_V = load i256* %ref_4oPi_table_256_V_1, align 32" [r:/builds/2019.1/continuous/2019_05_24_2552052/src/products/hls/hls_lib/hlsmath/include/FloatingPoint/hls_range_redux.h:426->r:/builds/2019.1/continuous/2019_05_24_2552052/src/products/hls/hls_lib/hlsmath/include/FloatingPoint/hls_range_redux.h:496->r:/builds/2019.1/continuous/2019_05_24_2552052/src/products/hls/hls_lib/hlsmath/include/FloatingPoint\hls_hotbm.h:268]   --->   Operation 24 'load' 'table_256_V' <Predicate = true> <Delay = 2.26> <Core = "ROM_nP">   --->   Core 52 'ROM_nP' <Latency = 1> <II = 1> <Delay = 2.26> <Storage> <Opcode : 'load'> <Ports = 0> <Width = 256> <Depth = 10> <ROM>
ST_1 : Operation 25 [1/1] (0.00ns)   --->   "%trunc_ln601 = trunc i11 %addr_V to i7" [r:/builds/2019.1/continuous/2019_05_24_2552052/src/products/hls/hls_lib/hlsmath/include/FloatingPoint/hls_range_redux.h:427->r:/builds/2019.1/continuous/2019_05_24_2552052/src/products/hls/hls_lib/hlsmath/include/FloatingPoint/hls_range_redux.h:496->r:/builds/2019.1/continuous/2019_05_24_2552052/src/products/hls/hls_lib/hlsmath/include/FloatingPoint\hls_hotbm.h:268]   --->   Operation 25 'trunc' 'trunc_ln601' <Predicate = true> <Delay = 0.00>

State 2 <SV = 1> <Delay = 4.86>
ST_2 : Operation 26 [1/2] (2.26ns)   --->   "%table_256_V = load i256* %ref_4oPi_table_256_V_1, align 32" [r:/builds/2019.1/continuous/2019_05_24_2552052/src/products/hls/hls_lib/hlsmath/include/FloatingPoint/hls_range_redux.h:426->r:/builds/2019.1/continuous/2019_05_24_2552052/src/products/hls/hls_lib/hlsmath/include/FloatingPoint/hls_range_redux.h:496->r:/builds/2019.1/continuous/2019_05_24_2552052/src/products/hls/hls_lib/hlsmath/include/FloatingPoint\hls_hotbm.h:268]   --->   Operation 26 'load' 'table_256_V' <Predicate = true> <Delay = 2.26> <Core = "ROM_nP">   --->   Core 52 'ROM_nP' <Latency = 1> <II = 1> <Delay = 2.26> <Storage> <Opcode : 'load'> <Ports = 0> <Width = 256> <Depth = 10> <ROM>
ST_2 : Operation 27 [1/1] (0.00ns)   --->   "%zext_ln744 = zext i7 %trunc_ln601 to i256" [r:/builds/2019.1/continuous/2019_05_24_2552052/src/products/hls/hls_lib/hlsmath/include/FloatingPoint/hls_range_redux.h:427->r:/builds/2019.1/continuous/2019_05_24_2552052/src/products/hls/hls_lib/hlsmath/include/FloatingPoint/hls_range_redux.h:496->r:/builds/2019.1/continuous/2019_05_24_2552052/src/products/hls/hls_lib/hlsmath/include/FloatingPoint\hls_hotbm.h:268]   --->   Operation 27 'zext' 'zext_ln744' <Predicate = true> <Delay = 0.00>
ST_2 : Operation 28 [1/1] (2.59ns)   --->   "%r_V_18 = shl i256 %table_256_V, %zext_ln744" [r:/builds/2019.1/continuous/2019_05_24_2552052/src/products/hls/hls_lib/hlsmath/include/FloatingPoint/hls_range_redux.h:427->r:/builds/2019.1/continuous/2019_05_24_2552052/src/products/hls/hls_lib/hlsmath/include/FloatingPoint/hls_range_redux.h:496->r:/builds/2019.1/continuous/2019_05_24_2552052/src/products/hls/hls_lib/hlsmath/include/FloatingPoint\hls_hotbm.h:268]   --->   Operation 28 'shl' 'r_V_18' <Predicate = true> <Delay = 2.59> <Core = "Shift">   --->   Core 28 'Shift' <Latency = 0> <II = 1> <Delay = 2.55> <FuncUnit> <Opcode : 'shl' 'lshr' 'ashr'> <InPorts = 2> <OutPorts = 1>
ST_2 : Operation 29 [1/1] (0.00ns)   --->   "%ret_V_11 = call i170 @_ssdm_op_PartSelect.i170.i256.i32.i32(i256 %r_V_18, i32 86, i32 255) nounwind" [r:/builds/2019.1/continuous/2019_05_24_2552052/src/products/hls/hls_lib/hlsmath/include/FloatingPoint/hls_range_redux.h:427->r:/builds/2019.1/continuous/2019_05_24_2552052/src/products/hls/hls_lib/hlsmath/include/FloatingPoint/hls_range_redux.h:496->r:/builds/2019.1/continuous/2019_05_24_2552052/src/products/hls/hls_lib/hlsmath/include/FloatingPoint\hls_hotbm.h:268]   --->   Operation 29 'partselect' 'ret_V_11' <Predicate = true> <Delay = 0.00>

State 3 <SV = 2> <Delay = 7.13>
ST_3 : Operation 30 [1/1] (0.00ns)   --->   "%p_Result_22 = call i53 @_ssdm_op_BitConcatenate.i53.i1.i52(i1 true, i52 %tmp_V_2) nounwind" [r:/builds/2019.1/continuous/2019_05_24_2552052/src/products/hls/hls_lib/hlsmath/include/FloatingPoint/hls_range_redux.h:495->r:/builds/2019.1/continuous/2019_05_24_2552052/src/products/hls/hls_lib/hlsmath/include/FloatingPoint\hls_hotbm.h:268]   --->   Operation 30 'bitconcatenate' 'p_Result_22' <Predicate = true> <Delay = 0.00>
ST_3 : Operation 31 [1/1] (0.00ns)   --->   "%lhs_V = zext i170 %ret_V_11 to i223" [r:/builds/2019.1/continuous/2019_05_24_2552052/src/products/hls/hls_lib/hlsmath/include/FloatingPoint/hls_range_redux.h:497->r:/builds/2019.1/continuous/2019_05_24_2552052/src/products/hls/hls_lib/hlsmath/include/FloatingPoint\hls_hotbm.h:268]   --->   Operation 31 'zext' 'lhs_V' <Predicate = true> <Delay = 0.00>
ST_3 : Operation 32 [1/1] (0.00ns)   --->   "%rhs_V_1 = zext i53 %p_Result_22 to i223" [r:/builds/2019.1/continuous/2019_05_24_2552052/src/products/hls/hls_lib/hlsmath/include/FloatingPoint/hls_range_redux.h:497->r:/builds/2019.1/continuous/2019_05_24_2552052/src/products/hls/hls_lib/hlsmath/include/FloatingPoint\hls_hotbm.h:268]   --->   Operation 32 'zext' 'rhs_V_1' <Predicate = true> <Delay = 0.00>
ST_3 : Operation 33 [2/2] (7.13ns)   --->   "%ret_V_12 = mul i223 %lhs_V, %rhs_V_1" [r:/builds/2019.1/continuous/2019_05_24_2552052/src/products/hls/hls_lib/hlsmath/include/FloatingPoint/hls_range_redux.h:497->r:/builds/2019.1/continuous/2019_05_24_2552052/src/products/hls/hls_lib/hlsmath/include/FloatingPoint\hls_hotbm.h:268]   --->   Operation 33 'mul' 'ret_V_12' <Predicate = true> <Delay = 7.13> <Core = "MulnS">   --->   Core 17 'MulnS' <Latency = 1> <II = 1> <Delay = 7.13> <FuncUnit> <Opcode : 'mul'> <InPorts = 2> <OutPorts = 1>
ST_3 : Operation 34 [1/1] (1.36ns)   --->   "%icmp_ln833_1 = icmp eq i52 %tmp_V_2, 0" [r:/builds/2019.1/continuous/2019_05_24_2552052/src/products/hls/hls_lib/hlsmath/include/FloatingPoint\hls_hotbm.h:300]   --->   Operation 34 'icmp' 'icmp_ln833_1' <Predicate = true> <Delay = 1.36> <Core = "Cmp">   --->   Core 25 'Cmp' <Latency = 0> <II = 1> <Delay = 1.07> <FuncUnit> <Opcode : 'icmp'> <InPorts = 2> <OutPorts = 1>

State 4 <SV = 3> <Delay = 7.13>
ST_4 : Operation 35 [1/2] (7.13ns)   --->   "%ret_V_12 = mul i223 %lhs_V, %rhs_V_1" [r:/builds/2019.1/continuous/2019_05_24_2552052/src/products/hls/hls_lib/hlsmath/include/FloatingPoint/hls_range_redux.h:497->r:/builds/2019.1/continuous/2019_05_24_2552052/src/products/hls/hls_lib/hlsmath/include/FloatingPoint\hls_hotbm.h:268]   --->   Operation 35 'mul' 'ret_V_12' <Predicate = true> <Delay = 7.13> <Core = "MulnS">   --->   Core 17 'MulnS' <Latency = 1> <II = 1> <Delay = 7.13> <FuncUnit> <Opcode : 'mul'> <InPorts = 2> <OutPorts = 1>
ST_4 : Operation 36 [1/1] (0.00ns)   --->   "%p_Val2_36 = call i124 @_ssdm_op_PartSelect.i124.i223.i32.i32(i223 %ret_V_12, i32 43, i32 166)" [r:/builds/2019.1/continuous/2019_05_24_2552052/src/products/hls/hls_lib/hlsmath/include/FloatingPoint/hls_range_redux.h:512->r:/builds/2019.1/continuous/2019_05_24_2552052/src/products/hls/hls_lib/hlsmath/include/FloatingPoint\hls_hotbm.h:268]   --->   Operation 36 'partselect' 'p_Val2_36' <Predicate = true> <Delay = 0.00>
ST_4 : Operation 37 [1/1] (0.00ns)   --->   "%trunc_ln_i = call i3 @_ssdm_op_PartSelect.i3.i223.i32.i32(i223 %ret_V_12, i32 167, i32 169) nounwind" [r:/builds/2019.1/continuous/2019_05_24_2552052/src/products/hls/hls_lib/hlsmath/include/FloatingPoint/hls_range_redux.h:516->r:/builds/2019.1/continuous/2019_05_24_2552052/src/products/hls/hls_lib/hlsmath/include/FloatingPoint\hls_hotbm.h:268]   --->   Operation 37 'partselect' 'trunc_ln_i' <Predicate = (!closepath)> <Delay = 0.00>

State 5 <SV = 4> <Delay = 8.03>
ST_5 : Operation 38 [1/1] (1.35ns)   --->   "%add_ln114 = add i11 -1021, %tmp_V" [r:/builds/2019.1/continuous/2019_05_24_2552052/src/products/hls/hls_lib/hlsmath/include/FloatingPoint/hls_range_redux.h:483->r:/builds/2019.1/continuous/2019_05_24_2552052/src/products/hls/hls_lib/hlsmath/include/FloatingPoint\hls_hotbm.h:268]   --->   Operation 38 'add' 'add_ln114' <Predicate = (closepath)> <Delay = 1.35> <Core = "AddSub">   --->   Core 14 'AddSub' <Latency = 0> <II = 1> <Delay = 1.35> <FuncUnit> <Opcode : 'add' 'sub'> <InPorts = 2> <OutPorts = 1>
ST_5 : Operation 39 [1/1] (0.00ns) (grouped into LUT with out node Ex_V)   --->   "%select_ln482 = select i1 %closepath, i11 %add_ln114, i11 0" [r:/builds/2019.1/continuous/2019_05_24_2552052/src/products/hls/hls_lib/hlsmath/include/FloatingPoint/hls_range_redux.h:482->r:/builds/2019.1/continuous/2019_05_24_2552052/src/products/hls/hls_lib/hlsmath/include/FloatingPoint\hls_hotbm.h:268]   --->   Operation 39 'select' 'select_ln482' <Predicate = true> <Delay = 0.00> <Core = "Sel">   --->   Core 26 'Sel' <Latency = 0> <II = 1> <Delay = 0.52> <FuncUnit> <Opcode : 'select'> <InPorts = 3> <OutPorts = 1>
ST_5 : Operation 40 [1/1] (0.51ns)   --->   "%p_Val2_37 = select i1 %closepath, i3 0, i3 %trunc_ln_i" [r:/builds/2019.1/continuous/2019_05_24_2552052/src/products/hls/hls_lib/hlsmath/include/FloatingPoint/hls_range_redux.h:480->r:/builds/2019.1/continuous/2019_05_24_2552052/src/products/hls/hls_lib/hlsmath/include/FloatingPoint\hls_hotbm.h:268]   --->   Operation 40 'select' 'p_Val2_37' <Predicate = true> <Delay = 0.51> <Core = "Sel">   --->   Core 26 'Sel' <Latency = 0> <II = 1> <Delay = 0.52> <FuncUnit> <Opcode : 'select'> <InPorts = 3> <OutPorts = 1>
ST_5 : Operation 41 [1/1] (0.00ns)   --->   "%trunc_ln745 = trunc i3 %p_Val2_37 to i1" [r:/builds/2019.1/continuous/2019_05_24_2552052/src/products/hls/hls_lib/hlsmath/include/FloatingPoint/hls_range_redux.h:520->r:/builds/2019.1/continuous/2019_05_24_2552052/src/products/hls/hls_lib/hlsmath/include/FloatingPoint\hls_hotbm.h:268]   --->   Operation 41 'trunc' 'trunc_ln745' <Predicate = true> <Delay = 0.00>
ST_5 : Operation 42 [1/1] (2.52ns)   --->   "%Mx_bits_V_1 = sub i124 0, %p_Val2_36" [r:/builds/2019.1/continuous/2019_05_24_2552052/src/products/hls/hls_lib/hlsmath/include/FloatingPoint/hls_range_redux.h:521->r:/builds/2019.1/continuous/2019_05_24_2552052/src/products/hls/hls_lib/hlsmath/include/FloatingPoint\hls_hotbm.h:268]   --->   Operation 42 'sub' 'Mx_bits_V_1' <Predicate = true> <Delay = 2.52> <Core = "AddSub">   --->   Core 14 'AddSub' <Latency = 0> <II = 1> <Delay = 1.35> <FuncUnit> <Opcode : 'add' 'sub'> <InPorts = 2> <OutPorts = 1>
ST_5 : Operation 43 [1/1] (0.70ns)   --->   "%p_Val2_14 = select i1 %trunc_ln745, i124 %Mx_bits_V_1, i124 %p_Val2_36" [r:/builds/2019.1/continuous/2019_05_24_2552052/src/products/hls/hls_lib/hlsmath/include/FloatingPoint/hls_range_redux.h:520->r:/builds/2019.1/continuous/2019_05_24_2552052/src/products/hls/hls_lib/hlsmath/include/FloatingPoint\hls_hotbm.h:268]   --->   Operation 43 'select' 'p_Val2_14' <Predicate = true> <Delay = 0.70> <Core = "Sel">   --->   Core 26 'Sel' <Latency = 0> <II = 1> <Delay = 0.52> <FuncUnit> <Opcode : 'select'> <InPorts = 3> <OutPorts = 1>
ST_5 : Operation 44 [1/1] (0.00ns)   --->   "%p_Result_i_i_47 = call i61 @_ssdm_op_PartSelect.i61.i124.i32.i32(i124 %p_Val2_14, i32 63, i32 123) nounwind" [r:/builds/2019.1/continuous/2019_05_24_2552052/src/products/hls/hls_lib/hlsmath/include/FloatingPoint/hls_normalize.h:101->r:/builds/2019.1/continuous/2019_05_24_2552052/src/products/hls/hls_lib/hlsmath/include/FloatingPoint/hls_range_redux.h:524->r:/builds/2019.1/continuous/2019_05_24_2552052/src/products/hls/hls_lib/hlsmath/include/FloatingPoint\hls_hotbm.h:268]   --->   Operation 44 'partselect' 'p_Result_i_i_47' <Predicate = true> <Delay = 0.00>
ST_5 : Operation 45 [1/1] (0.00ns)   --->   "%p_Result_23 = call i62 @_ssdm_op_BitConcatenate.i62.i61.i1(i61 %p_Result_i_i_47, i1 true) nounwind" [r:/builds/2019.1/continuous/2019_05_24_2552052/src/products/hls/hls_lib/hlsmath/include/FloatingPoint/hls_normalize.h:102->r:/builds/2019.1/continuous/2019_05_24_2552052/src/products/hls/hls_lib/hlsmath/include/FloatingPoint/hls_range_redux.h:524->r:/builds/2019.1/continuous/2019_05_24_2552052/src/products/hls/hls_lib/hlsmath/include/FloatingPoint\hls_hotbm.h:268]   --->   Operation 45 'bitconcatenate' 'p_Result_23' <Predicate = true> <Delay = 0.00>
ST_5 : Operation 46 [1/1] (0.00ns)   --->   "%p_Result_s = call i62 @llvm.part.select.i62(i62 %p_Result_23, i32 61, i32 0) nounwind" [r:/builds/2019.1/continuous/2019_05_24_2552052/src/products/hls/hls_lib/hlsmath/include/FloatingPoint/hls_normalize.h:104->r:/builds/2019.1/continuous/2019_05_24_2552052/src/products/hls/hls_lib/hlsmath/include/FloatingPoint/hls_range_redux.h:524->r:/builds/2019.1/continuous/2019_05_24_2552052/src/products/hls/hls_lib/hlsmath/include/FloatingPoint\hls_hotbm.h:268]   --->   Operation 46 'partselect' 'p_Result_s' <Predicate = true> <Delay = 0.00>
ST_5 : Operation 47 [1/1] (0.00ns)   --->   "%p_Result_24 = call i64 @_ssdm_op_BitConcatenate.i64.i2.i62(i2 -1, i62 %p_Result_s) nounwind" [r:/builds/2019.1/continuous/2019_05_24_2552052/src/products/hls/hls_lib/hlsmath/include/FloatingPoint/hls_normalize.h:104->r:/builds/2019.1/continuous/2019_05_24_2552052/src/products/hls/hls_lib/hlsmath/include/FloatingPoint/hls_range_redux.h:524->r:/builds/2019.1/continuous/2019_05_24_2552052/src/products/hls/hls_lib/hlsmath/include/FloatingPoint\hls_hotbm.h:268]   --->   Operation 47 'bitconcatenate' 'p_Result_24' <Predicate = true> <Delay = 0.00>
ST_5 : Operation 48 [1/1] (2.22ns)   --->   "%tmp_i_i = call i64 @llvm.cttz.i64(i64 %p_Result_24, i1 true) nounwind" [r:/builds/2019.1/continuous/2019_05_24_2552052/src/products/hls/hls_lib/hlsmath/include/FloatingPoint/hls_normalize.h:104->r:/builds/2019.1/continuous/2019_05_24_2552052/src/products/hls/hls_lib/hlsmath/include/FloatingPoint/hls_range_redux.h:524->r:/builds/2019.1/continuous/2019_05_24_2552052/src/products/hls/hls_lib/hlsmath/include/FloatingPoint\hls_hotbm.h:268]   --->   Operation 48 'cttz' 'tmp_i_i' <Predicate = true> <Delay = 2.22> <Core = "CTTZ">   --->   Core 64 'CTTZ' <Latency = 0> <II = 1> <Delay = 2.22> <FuncUnit> <Opcode : 'cttz'> <InPorts = 1> <OutPorts = 1>
ST_5 : Operation 49 [1/1] (0.00ns)   --->   "%Mx_zeros_V = trunc i64 %tmp_i_i to i6" [r:/builds/2019.1/continuous/2019_05_24_2552052/src/products/hls/hls_lib/hlsmath/include/FloatingPoint/hls_range_redux.h:524->r:/builds/2019.1/continuous/2019_05_24_2552052/src/products/hls/hls_lib/hlsmath/include/FloatingPoint\hls_hotbm.h:268]   --->   Operation 49 'trunc' 'Mx_zeros_V' <Predicate = true> <Delay = 0.00>
ST_5 : Operation 50 [1/1] (0.00ns)   --->   "%zext_ln1253 = zext i6 %Mx_zeros_V to i124" [r:/builds/2019.1/continuous/2019_05_24_2552052/src/products/hls/hls_lib/hlsmath/include/FloatingPoint/hls_range_redux.h:533->r:/builds/2019.1/continuous/2019_05_24_2552052/src/products/hls/hls_lib/hlsmath/include/FloatingPoint\hls_hotbm.h:268]   --->   Operation 50 'zext' 'zext_ln1253' <Predicate = true> <Delay = 0.00>
ST_5 : Operation 51 [1/1] (2.57ns)   --->   "%r_V_19 = shl i124 %p_Val2_14, %zext_ln1253" [r:/builds/2019.1/continuous/2019_05_24_2552052/src/products/hls/hls_lib/hlsmath/include/FloatingPoint/hls_range_redux.h:533->r:/builds/2019.1/continuous/2019_05_24_2552052/src/products/hls/hls_lib/hlsmath/include/FloatingPoint\hls_hotbm.h:268]   --->   Operation 51 'shl' 'r_V_19' <Predicate = true> <Delay = 2.57> <Core = "Shift">   --->   Core 28 'Shift' <Latency = 0> <II = 1> <Delay = 2.55> <FuncUnit> <Opcode : 'shl' 'lshr' 'ashr'> <InPorts = 2> <OutPorts = 1>
ST_5 : Operation 52 [1/1] (0.00ns)   --->   "%Mx_V = call i63 @_ssdm_op_PartSelect.i63.i124.i32.i32(i124 %r_V_19, i32 61, i32 123)" [r:/builds/2019.1/continuous/2019_05_24_2552052/src/products/hls/hls_lib/hlsmath/include/FloatingPoint/hls_range_redux.h:533->r:/builds/2019.1/continuous/2019_05_24_2552052/src/products/hls/hls_lib/hlsmath/include/FloatingPoint\hls_hotbm.h:268]   --->   Operation 52 'partselect' 'Mx_V' <Predicate = true> <Delay = 0.00>
ST_5 : Operation 53 [1/1] (0.00ns) (grouped into LUT with out node Ex_V)   --->   "%zext_ln655 = zext i6 %Mx_zeros_V to i11" [r:/builds/2019.1/continuous/2019_05_24_2552052/src/products/hls/hls_lib/hlsmath/include/FloatingPoint/hls_range_redux.h:534->r:/builds/2019.1/continuous/2019_05_24_2552052/src/products/hls/hls_lib/hlsmath/include/FloatingPoint\hls_hotbm.h:268]   --->   Operation 53 'zext' 'zext_ln655' <Predicate = true> <Delay = 0.00>
ST_5 : Operation 54 [1/1] (1.35ns) (out node of the LUT)   --->   "%Ex_V = sub i11 %select_ln482, %zext_ln655" [r:/builds/2019.1/continuous/2019_05_24_2552052/src/products/hls/hls_lib/hlsmath/include/FloatingPoint/hls_range_redux.h:534->r:/builds/2019.1/continuous/2019_05_24_2552052/src/products/hls/hls_lib/hlsmath/include/FloatingPoint\hls_hotbm.h:268]   --->   Operation 54 'sub' 'Ex_V' <Predicate = true> <Delay = 1.35> <Core = "AddSub">   --->   Core 14 'AddSub' <Latency = 0> <II = 1> <Delay = 1.35> <FuncUnit> <Opcode : 'add' 'sub'> <InPorts = 2> <OutPorts = 1>
ST_5 : Operation 55 [1/1] (0.00ns)   --->   "%isNeg = call i1 @_ssdm_op_BitSelect.i1.i11.i32(i11 %Ex_V, i32 10)" [r:/builds/2019.1/continuous/2019_05_24_2552052/src/products/hls/hls_lib/hlsmath/include/FloatingPoint/hls_range_redux.h:535->r:/builds/2019.1/continuous/2019_05_24_2552052/src/products/hls/hls_lib/hlsmath/include/FloatingPoint\hls_hotbm.h:268]   --->   Operation 55 'bitselect' 'isNeg' <Predicate = true> <Delay = 0.00>
ST_5 : Operation 56 [2/2] (0.81ns)   --->   "%tmp = call i1 @_ssdm_op_Mux.ap_auto.8i1.i3(i1 false, i1 true, i1 true, i1 false, i1 false, i1 true, i1 true, i1 false, i3 %p_Val2_37) nounwind" [r:/builds/2019.1/continuous/2019_05_24_2552052/src/products/hls/hls_lib/hlsmath/include/FloatingPoint\hls_hotbm.h:271]   --->   Operation 56 'mux' 'tmp' <Predicate = true> <Delay = 0.81> <Core = "MuxnS">   --->   Core 31 'MuxnS' <Latency = 0> <II = 1> <Delay = 1.04> <FuncUnit> <Opcode : 'mux'> <InPorts = 2> <OutPorts = 1>
ST_5 : Operation 57 [1/1] (1.07ns)   --->   "%icmp_ln833 = icmp eq i11 %tmp_V, 0" [r:/builds/2019.1/continuous/2019_05_24_2552052/src/products/hls/hls_lib/hlsmath/include/FloatingPoint\hls_hotbm.h:300]   --->   Operation 57 'icmp' 'icmp_ln833' <Predicate = true> <Delay = 1.07> <Core = "Cmp">   --->   Core 25 'Cmp' <Latency = 0> <II = 1> <Delay = 1.07> <FuncUnit> <Opcode : 'icmp'> <InPorts = 2> <OutPorts = 1>
ST_5 : Operation 58 [1/1] (1.07ns)   --->   "%icmp_ln833_2 = icmp eq i11 %tmp_V, -1" [r:/builds/2019.1/continuous/2019_05_24_2552052/src/products/hls/hls_lib/hlsmath/include/FloatingPoint\hls_hotbm.h:311]   --->   Operation 58 'icmp' 'icmp_ln833_2' <Predicate = true> <Delay = 1.07> <Core = "Cmp">   --->   Core 25 'Cmp' <Latency = 0> <II = 1> <Delay = 1.07> <FuncUnit> <Opcode : 'icmp'> <InPorts = 2> <OutPorts = 1>

State 6 <SV = 5> <Delay = 6.79>
ST_6 : Operation 59 [1/1] (0.00ns)   --->   "%do_cos_read = call i1 @_ssdm_op_Read.ap_auto.i1(i1 %do_cos) nounwind" [r:/builds/2019.1/continuous/2019_05_24_2552052/src/products/hls/hls_lib/hlsmath/include/FloatingPoint\hls_hotbm.h:238]   --->   Operation 59 'read' 'do_cos_read' <Predicate = true> <Delay = 0.00>
ST_6 : Operation 60 [1/1] (0.00ns)   --->   "%sext_ln1334 = sext i11 %Ex_V to i12" [r:/builds/2019.1/continuous/2019_05_24_2552052/src/products/hls/hls_lib/hlsmath/include/FloatingPoint/hls_range_redux.h:535->r:/builds/2019.1/continuous/2019_05_24_2552052/src/products/hls/hls_lib/hlsmath/include/FloatingPoint\hls_hotbm.h:268]   --->   Operation 60 'sext' 'sext_ln1334' <Predicate = true> <Delay = 0.00>
ST_6 : Operation 61 [1/1] (1.35ns)   --->   "%sub_ln1311 = sub i12 0, %sext_ln1334" [r:/builds/2019.1/continuous/2019_05_24_2552052/src/products/hls/hls_lib/hlsmath/include/FloatingPoint/hls_range_redux.h:535->r:/builds/2019.1/continuous/2019_05_24_2552052/src/products/hls/hls_lib/hlsmath/include/FloatingPoint\hls_hotbm.h:268]   --->   Operation 61 'sub' 'sub_ln1311' <Predicate = (isNeg)> <Delay = 1.35> <Core = "AddSub">   --->   Core 14 'AddSub' <Latency = 0> <II = 1> <Delay = 1.35> <FuncUnit> <Opcode : 'add' 'sub'> <InPorts = 2> <OutPorts = 1>
ST_6 : Operation 62 [1/1] (0.62ns)   --->   "%ush = select i1 %isNeg, i12 %sub_ln1311, i12 %sext_ln1334" [r:/builds/2019.1/continuous/2019_05_24_2552052/src/products/hls/hls_lib/hlsmath/include/FloatingPoint/hls_range_redux.h:535->r:/builds/2019.1/continuous/2019_05_24_2552052/src/products/hls/hls_lib/hlsmath/include/FloatingPoint\hls_hotbm.h:268]   --->   Operation 62 'select' 'ush' <Predicate = true> <Delay = 0.62> <Core = "Sel">   --->   Core 26 'Sel' <Latency = 0> <II = 1> <Delay = 0.52> <FuncUnit> <Opcode : 'select'> <InPorts = 3> <OutPorts = 1>
ST_6 : Operation 63 [1/1] (0.00ns)   --->   "%sext_ln1311 = sext i12 %ush to i32" [r:/builds/2019.1/continuous/2019_05_24_2552052/src/products/hls/hls_lib/hlsmath/include/FloatingPoint/hls_range_redux.h:535->r:/builds/2019.1/continuous/2019_05_24_2552052/src/products/hls/hls_lib/hlsmath/include/FloatingPoint\hls_hotbm.h:268]   --->   Operation 63 'sext' 'sext_ln1311' <Predicate = true> <Delay = 0.00>
ST_6 : Operation 64 [1/1] (0.00ns)   --->   "%zext_ln1287 = zext i32 %sext_ln1311 to i63" [r:/builds/2019.1/continuous/2019_05_24_2552052/src/products/hls/hls_lib/hlsmath/include/FloatingPoint/hls_range_redux.h:535->r:/builds/2019.1/continuous/2019_05_24_2552052/src/products/hls/hls_lib/hlsmath/include/FloatingPoint\hls_hotbm.h:268]   --->   Operation 64 'zext' 'zext_ln1287' <Predicate = true> <Delay = 0.00>
ST_6 : Operation 65 [1/1] (0.00ns) (grouped into LUT with out node r_V_20)   --->   "%r_V = lshr i63 %Mx_V, %zext_ln1287" [r:/builds/2019.1/continuous/2019_05_24_2552052/src/products/hls/hls_lib/hlsmath/include/FloatingPoint/hls_range_redux.h:535->r:/builds/2019.1/continuous/2019_05_24_2552052/src/products/hls/hls_lib/hlsmath/include/FloatingPoint\hls_hotbm.h:268]   --->   Operation 65 'lshr' 'r_V' <Predicate = (isNeg)> <Delay = 0.00> <Core = "Shift">   --->   Core 28 'Shift' <Latency = 0> <II = 1> <Delay = 2.55> <FuncUnit> <Opcode : 'shl' 'lshr' 'ashr'> <InPorts = 2> <OutPorts = 1>
ST_6 : Operation 66 [1/1] (0.00ns) (grouped into LUT with out node r_V_20)   --->   "%r_V_4 = shl i63 %Mx_V, %zext_ln1287" [r:/builds/2019.1/continuous/2019_05_24_2552052/src/products/hls/hls_lib/hlsmath/include/FloatingPoint/hls_range_redux.h:535->r:/builds/2019.1/continuous/2019_05_24_2552052/src/products/hls/hls_lib/hlsmath/include/FloatingPoint\hls_hotbm.h:268]   --->   Operation 66 'shl' 'r_V_4' <Predicate = (!isNeg)> <Delay = 0.00> <Core = "Shift">   --->   Core 28 'Shift' <Latency = 0> <II = 1> <Delay = 2.55> <FuncUnit> <Opcode : 'shl' 'lshr' 'ashr'> <InPorts = 2> <OutPorts = 1>
ST_6 : Operation 67 [1/1] (2.55ns) (out node of the LUT)   --->   "%r_V_20 = select i1 %isNeg, i63 %r_V, i63 %r_V_4" [r:/builds/2019.1/continuous/2019_05_24_2552052/src/products/hls/hls_lib/hlsmath/include/FloatingPoint/hls_range_redux.h:535->r:/builds/2019.1/continuous/2019_05_24_2552052/src/products/hls/hls_lib/hlsmath/include/FloatingPoint\hls_hotbm.h:268]   --->   Operation 67 'select' 'r_V_20' <Predicate = true> <Delay = 2.55> <Core = "Sel">   --->   Core 26 'Sel' <Latency = 0> <II = 1> <Delay = 0.52> <FuncUnit> <Opcode : 'select'> <InPorts = 3> <OutPorts = 1>
ST_6 : Operation 68 [1/2] (0.81ns)   --->   "%tmp = call i1 @_ssdm_op_Mux.ap_auto.8i1.i3(i1 false, i1 true, i1 true, i1 false, i1 false, i1 true, i1 true, i1 false, i3 %p_Val2_37) nounwind" [r:/builds/2019.1/continuous/2019_05_24_2552052/src/products/hls/hls_lib/hlsmath/include/FloatingPoint\hls_hotbm.h:271]   --->   Operation 68 'mux' 'tmp' <Predicate = true> <Delay = 0.81> <Core = "MuxnS">   --->   Core 31 'MuxnS' <Latency = 0> <II = 1> <Delay = 1.04> <FuncUnit> <Opcode : 'mux'> <InPorts = 2> <OutPorts = 1>
ST_6 : Operation 69 [1/1] (0.00ns)   --->   "%p_Result_i = call i7 @_ssdm_op_PartSelect.i7.i63.i32.i32(i63 %r_V_20, i32 56, i32 62) nounwind" [r:/builds/2019.1/continuous/2019_05_24_2552052/src/products/hls/hls_lib/hlsmath/src/common/hls_hotbm_double.cpp:22->r:/builds/2019.1/continuous/2019_05_24_2552052/src/products/hls/hls_lib/hlsmath/include/FloatingPoint\hls_hotbm.h:279]   --->   Operation 69 'partselect' 'p_Result_i' <Predicate = true> <Delay = 0.00>
ST_6 : Operation 70 [1/1] (0.00ns)   --->   "%B_V = trunc i63 %r_V_20 to i56" [r:/builds/2019.1/continuous/2019_05_24_2552052/src/products/hls/hls_lib/hlsmath/src/common/hls_hotbm_double.cpp:23->r:/builds/2019.1/continuous/2019_05_24_2552052/src/products/hls/hls_lib/hlsmath/include/FloatingPoint\hls_hotbm.h:279]   --->   Operation 70 'trunc' 'B_V' <Predicate = true> <Delay = 0.00>
ST_6 : Operation 71 [1/1] (0.00ns)   --->   "%B_trunc_V = call i49 @_ssdm_op_PartSelect.i49.i63.i32.i32(i63 %r_V_20, i32 7, i32 55)" [r:/builds/2019.1/continuous/2019_05_24_2552052/src/products/hls/hls_lib/hlsmath/src/common/hls_hotbm_double.cpp:24->r:/builds/2019.1/continuous/2019_05_24_2552052/src/products/hls/hls_lib/hlsmath/include/FloatingPoint\hls_hotbm.h:279]   --->   Operation 71 'partselect' 'B_trunc_V' <Predicate = true> <Delay = 0.00>
ST_6 : Operation 72 [1/1] (0.47ns)   --->   "%xor_ln29 = xor i1 %do_cos_read, true" [r:/builds/2019.1/continuous/2019_05_24_2552052/src/products/hls/hls_lib/hlsmath/src/common/hls_hotbm_double.cpp:29->r:/builds/2019.1/continuous/2019_05_24_2552052/src/products/hls/hls_lib/hlsmath/include/FloatingPoint\hls_hotbm.h:279]   --->   Operation 72 'xor' 'xor_ln29' <Predicate = true> <Delay = 0.47> <Core = "LogicGate">   --->   Core 27 'LogicGate' <Latency = 0> <II = 1> <Delay = 0.47> <FuncUnit> <Opcode : 'and' 'or' 'xor'> <InPorts = 2> <OutPorts = 1>
ST_6 : Operation 73 [1/1] (0.47ns)   --->   "%sin_basis = xor i1 %tmp, %xor_ln29" [r:/builds/2019.1/continuous/2019_05_24_2552052/src/products/hls/hls_lib/hlsmath/src/common/hls_hotbm_double.cpp:29->r:/builds/2019.1/continuous/2019_05_24_2552052/src/products/hls/hls_lib/hlsmath/include/FloatingPoint\hls_hotbm.h:279]   --->   Operation 73 'xor' 'sin_basis' <Predicate = true> <Delay = 0.47> <Core = "LogicGate">   --->   Core 27 'LogicGate' <Latency = 0> <II = 1> <Delay = 0.47> <FuncUnit> <Opcode : 'and' 'or' 'xor'> <InPorts = 2> <OutPorts = 1>
ST_6 : Operation 74 [1/1] (0.00ns)   --->   "%p_Result_25 = call i8 @_ssdm_op_BitConcatenate.i8.i1.i7(i1 %sin_basis, i7 %p_Result_i) nounwind" [r:/builds/2019.1/continuous/2019_05_24_2552052/src/products/hls/hls_lib/hlsmath/src/common/hls_hotbm_double.cpp:30->r:/builds/2019.1/continuous/2019_05_24_2552052/src/products/hls/hls_lib/hlsmath/include/FloatingPoint\hls_hotbm.h:279]   --->   Operation 74 'bitconcatenate' 'p_Result_25' <Predicate = true> <Delay = 0.00>
ST_6 : Operation 75 [1/1] (0.00ns)   --->   "%zext_ln498 = zext i8 %p_Result_25 to i64" [r:/builds/2019.1/continuous/2019_05_24_2552052/src/products/hls/hls_lib/hlsmath/src/common/hls_hotbm_double.cpp:32->r:/builds/2019.1/continuous/2019_05_24_2552052/src/products/hls/hls_lib/hlsmath/include/FloatingPoint\hls_hotbm.h:279]   --->   Operation 75 'zext' 'zext_ln498' <Predicate = true> <Delay = 0.00>
ST_6 : Operation 76 [1/1] (0.00ns)   --->   "%fourth_order_double_9 = getelementptr [256 x i52]* @fourth_order_double_5, i64 0, i64 %zext_ln498" [r:/builds/2019.1/continuous/2019_05_24_2552052/src/products/hls/hls_lib/hlsmath/src/common/hls_hotbm_double.cpp:33->r:/builds/2019.1/continuous/2019_05_24_2552052/src/products/hls/hls_lib/hlsmath/include/FloatingPoint\hls_hotbm.h:279]   --->   Operation 76 'getelementptr' 'fourth_order_double_9' <Predicate = true> <Delay = 0.00>
ST_6 : Operation 77 [2/2] (2.26ns)   --->   "%fourth_order_double_10 = load i52* %fourth_order_double_9, align 8" [r:/builds/2019.1/continuous/2019_05_24_2552052/src/products/hls/hls_lib/hlsmath/src/common/hls_hotbm_double.cpp:33->r:/builds/2019.1/continuous/2019_05_24_2552052/src/products/hls/hls_lib/hlsmath/include/FloatingPoint\hls_hotbm.h:279]   --->   Operation 77 'load' 'fourth_order_double_10' <Predicate = true> <Delay = 2.26> <Core = "ROM_1P_LUTRAM">   --->   Core 60 'ROM_1P_LUTRAM' <Latency = 1> <II = 1> <Delay = 2.26> <Storage> <Opcode : 'load'> <Ports = 1> <Width = 25> <Depth = 256> <ROM>
ST_6 : Operation 78 [1/1] (0.00ns)   --->   "%fourth_order_double_11 = getelementptr [256 x i44]* @fourth_order_double_6, i64 0, i64 %zext_ln498" [r:/builds/2019.1/continuous/2019_05_24_2552052/src/products/hls/hls_lib/hlsmath/src/common/hls_hotbm_double.cpp:34->r:/builds/2019.1/continuous/2019_05_24_2552052/src/products/hls/hls_lib/hlsmath/include/FloatingPoint\hls_hotbm.h:279]   --->   Operation 78 'getelementptr' 'fourth_order_double_11' <Predicate = true> <Delay = 0.00>
ST_6 : Operation 79 [2/2] (2.26ns)   --->   "%fourth_order_double_12 = load i44* %fourth_order_double_11, align 8" [r:/builds/2019.1/continuous/2019_05_24_2552052/src/products/hls/hls_lib/hlsmath/src/common/hls_hotbm_double.cpp:34->r:/builds/2019.1/continuous/2019_05_24_2552052/src/products/hls/hls_lib/hlsmath/include/FloatingPoint\hls_hotbm.h:279]   --->   Operation 79 'load' 'fourth_order_double_12' <Predicate = true> <Delay = 2.26> <Core = "ROM_1P_LUTRAM">   --->   Core 60 'ROM_1P_LUTRAM' <Latency = 1> <II = 1> <Delay = 2.26> <Storage> <Opcode : 'load'> <Ports = 1> <Width = 25> <Depth = 256> <ROM>

State 7 <SV = 6> <Delay = 6.91>
ST_7 : Operation 80 [1/1] (0.00ns)   --->   "%r_V_6 = zext i49 %B_trunc_V to i98" [r:/builds/2019.1/continuous/2019_05_24_2552052/src/products/hls/hls_lib/hlsmath/src/common/hls_hotbm_double.cpp:25->r:/builds/2019.1/continuous/2019_05_24_2552052/src/products/hls/hls_lib/hlsmath/include/FloatingPoint\hls_hotbm.h:279]   --->   Operation 80 'zext' 'r_V_6' <Predicate = true> <Delay = 0.00>
ST_7 : Operation 81 [1/1] (6.91ns)   --->   "%r_V_21 = mul i98 %r_V_6, %r_V_6" [r:/builds/2019.1/continuous/2019_05_24_2552052/src/products/hls/hls_lib/hlsmath/src/common/hls_hotbm_double.cpp:25->r:/builds/2019.1/continuous/2019_05_24_2552052/src/products/hls/hls_lib/hlsmath/include/FloatingPoint\hls_hotbm.h:279]   --->   Operation 81 'mul' 'r_V_21' <Predicate = true> <Delay = 6.91> <Core = "Mul">   --->   Core 16 'Mul' <Latency = 0> <II = 1> <Delay = 8.19> <FuncUnit> <Opcode : 'mul'> <InPorts = 2> <OutPorts = 1>
ST_7 : Operation 82 [1/1] (0.00ns)   --->   "%B_squared_V = call i49 @_ssdm_op_PartSelect.i49.i98.i32.i32(i98 %r_V_21, i32 49, i32 97)" [r:/builds/2019.1/continuous/2019_05_24_2552052/src/products/hls/hls_lib/hlsmath/src/common/hls_hotbm_double.cpp:25->r:/builds/2019.1/continuous/2019_05_24_2552052/src/products/hls/hls_lib/hlsmath/include/FloatingPoint\hls_hotbm.h:279]   --->   Operation 82 'partselect' 'B_squared_V' <Predicate = true> <Delay = 0.00>
ST_7 : Operation 83 [1/2] (2.26ns)   --->   "%fourth_order_double_10 = load i52* %fourth_order_double_9, align 8" [r:/builds/2019.1/continuous/2019_05_24_2552052/src/products/hls/hls_lib/hlsmath/src/common/hls_hotbm_double.cpp:33->r:/builds/2019.1/continuous/2019_05_24_2552052/src/products/hls/hls_lib/hlsmath/include/FloatingPoint\hls_hotbm.h:279]   --->   Operation 83 'load' 'fourth_order_double_10' <Predicate = true> <Delay = 2.26> <Core = "ROM_1P_LUTRAM">   --->   Core 60 'ROM_1P_LUTRAM' <Latency = 1> <II = 1> <Delay = 2.26> <Storage> <Opcode : 'load'> <Ports = 1> <Width = 25> <Depth = 256> <ROM>
ST_7 : Operation 84 [1/2] (2.26ns)   --->   "%fourth_order_double_12 = load i44* %fourth_order_double_11, align 8" [r:/builds/2019.1/continuous/2019_05_24_2552052/src/products/hls/hls_lib/hlsmath/src/common/hls_hotbm_double.cpp:34->r:/builds/2019.1/continuous/2019_05_24_2552052/src/products/hls/hls_lib/hlsmath/include/FloatingPoint\hls_hotbm.h:279]   --->   Operation 84 'load' 'fourth_order_double_12' <Predicate = true> <Delay = 2.26> <Core = "ROM_1P_LUTRAM">   --->   Core 60 'ROM_1P_LUTRAM' <Latency = 1> <II = 1> <Delay = 2.26> <Storage> <Opcode : 'load'> <Ports = 1> <Width = 25> <Depth = 256> <ROM>

State 8 <SV = 7> <Delay = 7.61>
ST_8 : Operation 85 [1/1] (0.00ns)   --->   "%r_V_9 = zext i49 %B_squared_V to i98" [r:/builds/2019.1/continuous/2019_05_24_2552052/src/products/hls/hls_lib/hlsmath/src/common/hls_hotbm_double.cpp:26->r:/builds/2019.1/continuous/2019_05_24_2552052/src/products/hls/hls_lib/hlsmath/include/FloatingPoint\hls_hotbm.h:279]   --->   Operation 85 'zext' 'r_V_9' <Predicate = true> <Delay = 0.00>
ST_8 : Operation 86 [1/1] (6.91ns)   --->   "%r_V_22 = mul i98 %r_V_6, %r_V_9" [r:/builds/2019.1/continuous/2019_05_24_2552052/src/products/hls/hls_lib/hlsmath/src/common/hls_hotbm_double.cpp:26->r:/builds/2019.1/continuous/2019_05_24_2552052/src/products/hls/hls_lib/hlsmath/include/FloatingPoint\hls_hotbm.h:279]   --->   Operation 86 'mul' 'r_V_22' <Predicate = true> <Delay = 6.91> <Core = "Mul">   --->   Core 16 'Mul' <Latency = 0> <II = 1> <Delay = 8.19> <FuncUnit> <Opcode : 'mul'> <InPorts = 2> <OutPorts = 1>
ST_8 : Operation 87 [1/1] (0.00ns)   --->   "%B_third_power_V = call i42 @_ssdm_op_PartSelect.i42.i98.i32.i32(i98 %r_V_22, i32 56, i32 97)" [r:/builds/2019.1/continuous/2019_05_24_2552052/src/products/hls/hls_lib/hlsmath/src/common/hls_hotbm_double.cpp:26->r:/builds/2019.1/continuous/2019_05_24_2552052/src/products/hls/hls_lib/hlsmath/include/FloatingPoint\hls_hotbm.h:279]   --->   Operation 87 'partselect' 'B_third_power_V' <Predicate = true> <Delay = 0.00>
ST_8 : Operation 88 [1/1] (6.91ns)   --->   "%r_V_23 = mul i98 %r_V_9, %r_V_9" [r:/builds/2019.1/continuous/2019_05_24_2552052/src/products/hls/hls_lib/hlsmath/src/common/hls_hotbm_double.cpp:27->r:/builds/2019.1/continuous/2019_05_24_2552052/src/products/hls/hls_lib/hlsmath/include/FloatingPoint\hls_hotbm.h:279]   --->   Operation 88 'mul' 'r_V_23' <Predicate = true> <Delay = 6.91> <Core = "Mul">   --->   Core 16 'Mul' <Latency = 0> <II = 1> <Delay = 8.19> <FuncUnit> <Opcode : 'mul'> <InPorts = 2> <OutPorts = 1>
ST_8 : Operation 89 [1/1] (0.00ns)   --->   "%B_fourth_power_V = call i35 @_ssdm_op_PartSelect.i35.i98.i32.i32(i98 %r_V_23, i32 63, i32 97)" [r:/builds/2019.1/continuous/2019_05_24_2552052/src/products/hls/hls_lib/hlsmath/src/common/hls_hotbm_double.cpp:27->r:/builds/2019.1/continuous/2019_05_24_2552052/src/products/hls/hls_lib/hlsmath/include/FloatingPoint\hls_hotbm.h:279]   --->   Operation 89 'partselect' 'B_fourth_power_V' <Predicate = true> <Delay = 0.00>
ST_8 : Operation 90 [1/1] (0.00ns)   --->   "%fourth_order_double_8 = getelementptr [256 x i59]* @fourth_order_double_4, i64 0, i64 %zext_ln498" [r:/builds/2019.1/continuous/2019_05_24_2552052/src/products/hls/hls_lib/hlsmath/src/common/hls_hotbm_double.cpp:32->r:/builds/2019.1/continuous/2019_05_24_2552052/src/products/hls/hls_lib/hlsmath/include/FloatingPoint\hls_hotbm.h:279]   --->   Operation 90 'getelementptr' 'fourth_order_double_8' <Predicate = true> <Delay = 0.00>
ST_8 : Operation 91 [2/2] (2.26ns)   --->   "%p_Val2_22 = load i59* %fourth_order_double_8, align 8" [r:/builds/2019.1/continuous/2019_05_24_2552052/src/products/hls/hls_lib/hlsmath/src/common/hls_hotbm_double.cpp:32->r:/builds/2019.1/continuous/2019_05_24_2552052/src/products/hls/hls_lib/hlsmath/include/FloatingPoint\hls_hotbm.h:279]   --->   Operation 91 'load' 'p_Val2_22' <Predicate = true> <Delay = 2.26> <Core = "ROM_1P_LUTRAM">   --->   Core 60 'ROM_1P_LUTRAM' <Latency = 1> <II = 1> <Delay = 2.26> <Storage> <Opcode : 'load'> <Ports = 1> <Width = 25> <Depth = 256> <ROM>
ST_8 : Operation 92 [1/1] (0.00ns)   --->   "%r_V_11 = zext i56 %B_V to i108" [r:/builds/2019.1/continuous/2019_05_24_2552052/src/products/hls/hls_lib/hlsmath/src/common/hls_hotbm_double.cpp:33->r:/builds/2019.1/continuous/2019_05_24_2552052/src/products/hls/hls_lib/hlsmath/include/FloatingPoint\hls_hotbm.h:279]   --->   Operation 92 'zext' 'r_V_11' <Predicate = true> <Delay = 0.00>
ST_8 : Operation 93 [1/1] (0.00ns)   --->   "%sext_ln1072 = sext i52 %fourth_order_double_10 to i108" [r:/builds/2019.1/continuous/2019_05_24_2552052/src/products/hls/hls_lib/hlsmath/src/common/hls_hotbm_double.cpp:33->r:/builds/2019.1/continuous/2019_05_24_2552052/src/products/hls/hls_lib/hlsmath/include/FloatingPoint\hls_hotbm.h:279]   --->   Operation 93 'sext' 'sext_ln1072' <Predicate = true> <Delay = 0.00>
ST_8 : Operation 94 [1/1] (7.61ns)   --->   "%r_V_24 = mul nsw i108 %r_V_11, %sext_ln1072" [r:/builds/2019.1/continuous/2019_05_24_2552052/src/products/hls/hls_lib/hlsmath/src/common/hls_hotbm_double.cpp:33->r:/builds/2019.1/continuous/2019_05_24_2552052/src/products/hls/hls_lib/hlsmath/include/FloatingPoint\hls_hotbm.h:279]   --->   Operation 94 'mul' 'r_V_24' <Predicate = true> <Delay = 7.61> <Core = "Mul">   --->   Core 16 'Mul' <Latency = 0> <II = 1> <Delay = 8.19> <FuncUnit> <Opcode : 'mul'> <InPorts = 2> <OutPorts = 1>
ST_8 : Operation 95 [1/1] (0.00ns)   --->   "%trunc_ln3 = call i56 @_ssdm_op_PartSelect.i56.i108.i32.i32(i108 %r_V_24, i32 52, i32 107)" [r:/builds/2019.1/continuous/2019_05_24_2552052/src/products/hls/hls_lib/hlsmath/src/common/hls_hotbm_double.cpp:33->r:/builds/2019.1/continuous/2019_05_24_2552052/src/products/hls/hls_lib/hlsmath/include/FloatingPoint\hls_hotbm.h:279]   --->   Operation 95 'partselect' 'trunc_ln3' <Predicate = true> <Delay = 0.00>
ST_8 : Operation 96 [1/1] (0.00ns)   --->   "%r_V_13 = zext i49 %B_squared_V to i93" [r:/builds/2019.1/continuous/2019_05_24_2552052/src/products/hls/hls_lib/hlsmath/src/common/hls_hotbm_double.cpp:34->r:/builds/2019.1/continuous/2019_05_24_2552052/src/products/hls/hls_lib/hlsmath/include/FloatingPoint\hls_hotbm.h:279]   --->   Operation 96 'zext' 'r_V_13' <Predicate = true> <Delay = 0.00>
ST_8 : Operation 97 [1/1] (0.00ns)   --->   "%sext_ln1072_1 = sext i44 %fourth_order_double_12 to i93" [r:/builds/2019.1/continuous/2019_05_24_2552052/src/products/hls/hls_lib/hlsmath/src/common/hls_hotbm_double.cpp:34->r:/builds/2019.1/continuous/2019_05_24_2552052/src/products/hls/hls_lib/hlsmath/include/FloatingPoint\hls_hotbm.h:279]   --->   Operation 97 'sext' 'sext_ln1072_1' <Predicate = true> <Delay = 0.00>
ST_8 : Operation 98 [1/1] (6.91ns)   --->   "%r_V_25 = mul nsw i93 %r_V_13, %sext_ln1072_1" [r:/builds/2019.1/continuous/2019_05_24_2552052/src/products/hls/hls_lib/hlsmath/src/common/hls_hotbm_double.cpp:34->r:/builds/2019.1/continuous/2019_05_24_2552052/src/products/hls/hls_lib/hlsmath/include/FloatingPoint\hls_hotbm.h:279]   --->   Operation 98 'mul' 'r_V_25' <Predicate = true> <Delay = 6.91> <Core = "Mul">   --->   Core 16 'Mul' <Latency = 0> <II = 1> <Delay = 8.19> <FuncUnit> <Opcode : 'mul'> <InPorts = 2> <OutPorts = 1>
ST_8 : Operation 99 [1/1] (0.00ns)   --->   "%trunc_ln662_1 = call i48 @_ssdm_op_PartSelect.i48.i93.i32.i32(i93 %r_V_25, i32 45, i32 92)" [r:/builds/2019.1/continuous/2019_05_24_2552052/src/products/hls/hls_lib/hlsmath/src/common/hls_hotbm_double.cpp:34->r:/builds/2019.1/continuous/2019_05_24_2552052/src/products/hls/hls_lib/hlsmath/include/FloatingPoint\hls_hotbm.h:279]   --->   Operation 99 'partselect' 'trunc_ln662_1' <Predicate = true> <Delay = 0.00>
ST_8 : Operation 100 [1/1] (0.00ns)   --->   "%fourth_order_double_13 = getelementptr [256 x i33]* @fourth_order_double_7, i64 0, i64 %zext_ln498" [r:/builds/2019.1/continuous/2019_05_24_2552052/src/products/hls/hls_lib/hlsmath/src/common/hls_hotbm_double.cpp:35->r:/builds/2019.1/continuous/2019_05_24_2552052/src/products/hls/hls_lib/hlsmath/include/FloatingPoint\hls_hotbm.h:279]   --->   Operation 100 'getelementptr' 'fourth_order_double_13' <Predicate = true> <Delay = 0.00>
ST_8 : Operation 101 [2/2] (2.26ns)   --->   "%fourth_order_double_14 = load i33* %fourth_order_double_13, align 8" [r:/builds/2019.1/continuous/2019_05_24_2552052/src/products/hls/hls_lib/hlsmath/src/common/hls_hotbm_double.cpp:35->r:/builds/2019.1/continuous/2019_05_24_2552052/src/products/hls/hls_lib/hlsmath/include/FloatingPoint\hls_hotbm.h:279]   --->   Operation 101 'load' 'fourth_order_double_14' <Predicate = true> <Delay = 2.26> <Core = "ROM_1P_LUTRAM">   --->   Core 60 'ROM_1P_LUTRAM' <Latency = 1> <II = 1> <Delay = 2.26> <Storage> <Opcode : 'load'> <Ports = 1> <Width = 25> <Depth = 256> <ROM>
ST_8 : Operation 102 [1/1] (0.00ns)   --->   "%fourth_order_double_15 = getelementptr [256 x i25]* @fourth_order_double_s, i64 0, i64 %zext_ln498" [r:/builds/2019.1/continuous/2019_05_24_2552052/src/products/hls/hls_lib/hlsmath/src/common/hls_hotbm_double.cpp:36->r:/builds/2019.1/continuous/2019_05_24_2552052/src/products/hls/hls_lib/hlsmath/include/FloatingPoint\hls_hotbm.h:279]   --->   Operation 102 'getelementptr' 'fourth_order_double_15' <Predicate = true> <Delay = 0.00>
ST_8 : Operation 103 [2/2] (2.26ns)   --->   "%fourth_order_double_16 = load i25* %fourth_order_double_15, align 4" [r:/builds/2019.1/continuous/2019_05_24_2552052/src/products/hls/hls_lib/hlsmath/src/common/hls_hotbm_double.cpp:36->r:/builds/2019.1/continuous/2019_05_24_2552052/src/products/hls/hls_lib/hlsmath/include/FloatingPoint\hls_hotbm.h:279]   --->   Operation 103 'load' 'fourth_order_double_16' <Predicate = true> <Delay = 2.26> <Core = "ROM_1P_LUTRAM">   --->   Core 60 'ROM_1P_LUTRAM' <Latency = 1> <II = 1> <Delay = 2.26> <Storage> <Opcode : 'load'> <Ports = 1> <Width = 25> <Depth = 256> <ROM>

State 9 <SV = 8> <Delay = 8.40>
ST_9 : Operation 104 [1/2] (2.26ns)   --->   "%p_Val2_22 = load i59* %fourth_order_double_8, align 8" [r:/builds/2019.1/continuous/2019_05_24_2552052/src/products/hls/hls_lib/hlsmath/src/common/hls_hotbm_double.cpp:32->r:/builds/2019.1/continuous/2019_05_24_2552052/src/products/hls/hls_lib/hlsmath/include/FloatingPoint\hls_hotbm.h:279]   --->   Operation 104 'load' 'p_Val2_22' <Predicate = true> <Delay = 2.26> <Core = "ROM_1P_LUTRAM">   --->   Core 60 'ROM_1P_LUTRAM' <Latency = 1> <II = 1> <Delay = 2.26> <Storage> <Opcode : 'load'> <Ports = 1> <Width = 25> <Depth = 256> <ROM>
ST_9 : Operation 105 [1/1] (0.00ns)   --->   "%t1_V = call i63 @_ssdm_op_BitConcatenate.i63.i59.i4(i59 %p_Val2_22, i4 0)" [r:/builds/2019.1/continuous/2019_05_24_2552052/src/products/hls/hls_lib/hlsmath/src/common/hls_hotbm_double.cpp:32->r:/builds/2019.1/continuous/2019_05_24_2552052/src/products/hls/hls_lib/hlsmath/include/FloatingPoint\hls_hotbm.h:279]   --->   Operation 105 'bitconcatenate' 't1_V' <Predicate = true> <Delay = 0.00>
ST_9 : Operation 106 [1/1] (0.00ns)   --->   "%zext_ln1070 = zext i42 %B_third_power_V to i75" [r:/builds/2019.1/continuous/2019_05_24_2552052/src/products/hls/hls_lib/hlsmath/src/common/hls_hotbm_double.cpp:35->r:/builds/2019.1/continuous/2019_05_24_2552052/src/products/hls/hls_lib/hlsmath/include/FloatingPoint\hls_hotbm.h:279]   --->   Operation 106 'zext' 'zext_ln1070' <Predicate = true> <Delay = 0.00>
ST_9 : Operation 107 [1/2] (2.26ns)   --->   "%fourth_order_double_14 = load i33* %fourth_order_double_13, align 8" [r:/builds/2019.1/continuous/2019_05_24_2552052/src/products/hls/hls_lib/hlsmath/src/common/hls_hotbm_double.cpp:35->r:/builds/2019.1/continuous/2019_05_24_2552052/src/products/hls/hls_lib/hlsmath/include/FloatingPoint\hls_hotbm.h:279]   --->   Operation 107 'load' 'fourth_order_double_14' <Predicate = true> <Delay = 2.26> <Core = "ROM_1P_LUTRAM">   --->   Core 60 'ROM_1P_LUTRAM' <Latency = 1> <II = 1> <Delay = 2.26> <Storage> <Opcode : 'load'> <Ports = 1> <Width = 25> <Depth = 256> <ROM>
ST_9 : Operation 108 [1/1] (0.00ns)   --->   "%zext_ln1072 = zext i33 %fourth_order_double_14 to i75" [r:/builds/2019.1/continuous/2019_05_24_2552052/src/products/hls/hls_lib/hlsmath/src/common/hls_hotbm_double.cpp:35->r:/builds/2019.1/continuous/2019_05_24_2552052/src/products/hls/hls_lib/hlsmath/include/FloatingPoint\hls_hotbm.h:279]   --->   Operation 108 'zext' 'zext_ln1072' <Predicate = true> <Delay = 0.00>
ST_9 : Operation 109 [1/1] (6.14ns)   --->   "%r_V_26 = mul i75 %zext_ln1070, %zext_ln1072" [r:/builds/2019.1/continuous/2019_05_24_2552052/src/products/hls/hls_lib/hlsmath/src/common/hls_hotbm_double.cpp:35->r:/builds/2019.1/continuous/2019_05_24_2552052/src/products/hls/hls_lib/hlsmath/include/FloatingPoint\hls_hotbm.h:279]   --->   Operation 109 'mul' 'r_V_26' <Predicate = true> <Delay = 6.14> <Core = "Mul">   --->   Core 16 'Mul' <Latency = 0> <II = 1> <Delay = 8.19> <FuncUnit> <Opcode : 'mul'> <InPorts = 2> <OutPorts = 1>
ST_9 : Operation 110 [1/1] (0.00ns)   --->   "%tmp_61 = call i37 @_ssdm_op_PartSelect.i37.i75.i32.i32(i75 %r_V_26, i32 38, i32 74)" [r:/builds/2019.1/continuous/2019_05_24_2552052/src/products/hls/hls_lib/hlsmath/src/common/hls_hotbm_double.cpp:35->r:/builds/2019.1/continuous/2019_05_24_2552052/src/products/hls/hls_lib/hlsmath/include/FloatingPoint\hls_hotbm.h:279]   --->   Operation 110 'partselect' 'tmp_61' <Predicate = true> <Delay = 0.00>
ST_9 : Operation 111 [1/1] (0.00ns)   --->   "%zext_ln1070_1 = zext i35 %B_fourth_power_V to i60" [r:/builds/2019.1/continuous/2019_05_24_2552052/src/products/hls/hls_lib/hlsmath/src/common/hls_hotbm_double.cpp:36->r:/builds/2019.1/continuous/2019_05_24_2552052/src/products/hls/hls_lib/hlsmath/include/FloatingPoint\hls_hotbm.h:279]   --->   Operation 111 'zext' 'zext_ln1070_1' <Predicate = true> <Delay = 0.00>
ST_9 : Operation 112 [1/2] (2.26ns)   --->   "%fourth_order_double_16 = load i25* %fourth_order_double_15, align 4" [r:/builds/2019.1/continuous/2019_05_24_2552052/src/products/hls/hls_lib/hlsmath/src/common/hls_hotbm_double.cpp:36->r:/builds/2019.1/continuous/2019_05_24_2552052/src/products/hls/hls_lib/hlsmath/include/FloatingPoint\hls_hotbm.h:279]   --->   Operation 112 'load' 'fourth_order_double_16' <Predicate = true> <Delay = 2.26> <Core = "ROM_1P_LUTRAM">   --->   Core 60 'ROM_1P_LUTRAM' <Latency = 1> <II = 1> <Delay = 2.26> <Storage> <Opcode : 'load'> <Ports = 1> <Width = 25> <Depth = 256> <ROM>
ST_9 : Operation 113 [1/1] (0.00ns)   --->   "%zext_ln1072_1 = zext i25 %fourth_order_double_16 to i60" [r:/builds/2019.1/continuous/2019_05_24_2552052/src/products/hls/hls_lib/hlsmath/src/common/hls_hotbm_double.cpp:36->r:/builds/2019.1/continuous/2019_05_24_2552052/src/products/hls/hls_lib/hlsmath/include/FloatingPoint\hls_hotbm.h:279]   --->   Operation 113 'zext' 'zext_ln1072_1' <Predicate = true> <Delay = 0.00>
ST_9 : Operation 114 [1/1] (5.52ns)   --->   "%r_V_27 = mul i60 %zext_ln1070_1, %zext_ln1072_1" [r:/builds/2019.1/continuous/2019_05_24_2552052/src/products/hls/hls_lib/hlsmath/src/common/hls_hotbm_double.cpp:36->r:/builds/2019.1/continuous/2019_05_24_2552052/src/products/hls/hls_lib/hlsmath/include/FloatingPoint\hls_hotbm.h:279]   --->   Operation 114 'mul' 'r_V_27' <Predicate = true> <Delay = 5.52> <Core = "Mul">   --->   Core 16 'Mul' <Latency = 0> <II = 1> <Delay = 8.19> <FuncUnit> <Opcode : 'mul'> <InPorts = 2> <OutPorts = 1>
ST_9 : Operation 115 [1/1] (0.00ns)   --->   "%tmp_62 = call i29 @_ssdm_op_PartSelect.i29.i60.i32.i32(i60 %r_V_27, i32 31, i32 59)" [r:/builds/2019.1/continuous/2019_05_24_2552052/src/products/hls/hls_lib/hlsmath/src/common/hls_hotbm_double.cpp:36->r:/builds/2019.1/continuous/2019_05_24_2552052/src/products/hls/hls_lib/hlsmath/include/FloatingPoint\hls_hotbm.h:279]   --->   Operation 115 'partselect' 'tmp_62' <Predicate = true> <Delay = 0.00>
ST_9 : Operation 116 [1/1] (0.00ns)   --->   "%lhs_V_1 = sext i63 %t1_V to i64" [r:/builds/2019.1/continuous/2019_05_24_2552052/src/products/hls/hls_lib/hlsmath/src/common/hls_hotbm_double.cpp:37->r:/builds/2019.1/continuous/2019_05_24_2552052/src/products/hls/hls_lib/hlsmath/include/FloatingPoint\hls_hotbm.h:279]   --->   Operation 116 'sext' 'lhs_V_1' <Predicate = true> <Delay = 0.00>
ST_9 : Operation 117 [1/1] (0.00ns)   --->   "%rhs_V_2 = sext i56 %trunc_ln3 to i64" [r:/builds/2019.1/continuous/2019_05_24_2552052/src/products/hls/hls_lib/hlsmath/src/common/hls_hotbm_double.cpp:37->r:/builds/2019.1/continuous/2019_05_24_2552052/src/products/hls/hls_lib/hlsmath/include/FloatingPoint\hls_hotbm.h:279]   --->   Operation 117 'sext' 'rhs_V_2' <Predicate = true> <Delay = 0.00>
ST_9 : Operation 118 [1/1] (0.00ns) (grouped into TernaryAdder)   --->   "%ret_V_13 = add nsw i64 %lhs_V_1, %rhs_V_2" [r:/builds/2019.1/continuous/2019_05_24_2552052/src/products/hls/hls_lib/hlsmath/src/common/hls_hotbm_double.cpp:37->r:/builds/2019.1/continuous/2019_05_24_2552052/src/products/hls/hls_lib/hlsmath/include/FloatingPoint\hls_hotbm.h:279]   --->   Operation 118 'add' 'ret_V_13' <Predicate = true> <Delay = 0.00> <Core = "TAddSub">   --->   Core 83 'TAddSub' <Latency = 0> <II = 1> <Delay = 1.34> <IPBlock> <Opcode : 'add' 'sub'> <InPorts = 3> <OutPorts = 1> <Sync> <CReg>
ST_9 : Operation 119 [1/1] (0.00ns)   --->   "%sext_ln657 = sext i48 %trunc_ln662_1 to i64" [r:/builds/2019.1/continuous/2019_05_24_2552052/src/products/hls/hls_lib/hlsmath/src/common/hls_hotbm_double.cpp:37->r:/builds/2019.1/continuous/2019_05_24_2552052/src/products/hls/hls_lib/hlsmath/include/FloatingPoint\hls_hotbm.h:279]   --->   Operation 119 'sext' 'sext_ln657' <Predicate = true> <Delay = 0.00>
ST_9 : Operation 120 [1/1] (2.68ns) (root node of TernaryAdder)   --->   "%ret_V_14 = add i64 %ret_V_13, %sext_ln657" [r:/builds/2019.1/continuous/2019_05_24_2552052/src/products/hls/hls_lib/hlsmath/src/common/hls_hotbm_double.cpp:37->r:/builds/2019.1/continuous/2019_05_24_2552052/src/products/hls/hls_lib/hlsmath/include/FloatingPoint\hls_hotbm.h:279]   --->   Operation 120 'add' 'ret_V_14' <Predicate = true> <Delay = 2.68> <Core = "TAddSub">   --->   Core 83 'TAddSub' <Latency = 0> <II = 1> <Delay = 1.34> <IPBlock> <Opcode : 'add' 'sub'> <InPorts = 3> <OutPorts = 1> <Sync> <CReg>

State 10 <SV = 9> <Delay = 2.68>
ST_10 : Operation 121 [1/1] (0.00ns) (grouped into LUT with out node cos_basis)   --->   "%xor_ln271 = xor i1 %tmp, true" [r:/builds/2019.1/continuous/2019_05_24_2552052/src/products/hls/hls_lib/hlsmath/include/FloatingPoint\hls_hotbm.h:271]   --->   Operation 121 'xor' 'xor_ln271' <Predicate = (do_cos_read)> <Delay = 0.00> <Core = "LogicGate">   --->   Core 27 'LogicGate' <Latency = 0> <II = 1> <Delay = 0.47> <FuncUnit> <Opcode : 'and' 'or' 'xor'> <InPorts = 2> <OutPorts = 1>
ST_10 : Operation 122 [1/1] (0.48ns) (out node of the LUT)   --->   "%cos_basis = select i1 %do_cos_read, i1 %xor_ln271, i1 %tmp" [r:/builds/2019.1/continuous/2019_05_24_2552052/src/products/hls/hls_lib/hlsmath/include/FloatingPoint\hls_hotbm.h:271]   --->   Operation 122 'select' 'cos_basis' <Predicate = true> <Delay = 0.48> <Core = "Sel">   --->   Core 26 'Sel' <Latency = 0> <II = 1> <Delay = 0.52> <FuncUnit> <Opcode : 'select'> <InPorts = 3> <OutPorts = 1>
ST_10 : Operation 123 [1/1] (0.60ns)   --->   "%select_ln272_1 = select i1 %cos_basis, i63 -1, i63 %Mx_V" [r:/builds/2019.1/continuous/2019_05_24_2552052/src/products/hls/hls_lib/hlsmath/include/FloatingPoint\hls_hotbm.h:272]   --->   Operation 123 'select' 'select_ln272_1' <Predicate = true> <Delay = 0.60> <Core = "Sel">   --->   Core 26 'Sel' <Latency = 0> <II = 1> <Delay = 0.52> <FuncUnit> <Opcode : 'select'> <InPorts = 3> <OutPorts = 1>
ST_10 : Operation 124 [1/1] (0.00ns)   --->   "%zext_ln657 = zext i37 %tmp_61 to i64" [r:/builds/2019.1/continuous/2019_05_24_2552052/src/products/hls/hls_lib/hlsmath/src/common/hls_hotbm_double.cpp:37->r:/builds/2019.1/continuous/2019_05_24_2552052/src/products/hls/hls_lib/hlsmath/include/FloatingPoint\hls_hotbm.h:279]   --->   Operation 124 'zext' 'zext_ln657' <Predicate = true> <Delay = 0.00>
ST_10 : Operation 125 [1/1] (0.00ns) (grouped into TernaryAdder)   --->   "%ret_V_15 = add i64 %ret_V_14, %zext_ln657" [r:/builds/2019.1/continuous/2019_05_24_2552052/src/products/hls/hls_lib/hlsmath/src/common/hls_hotbm_double.cpp:37->r:/builds/2019.1/continuous/2019_05_24_2552052/src/products/hls/hls_lib/hlsmath/include/FloatingPoint\hls_hotbm.h:279]   --->   Operation 125 'add' 'ret_V_15' <Predicate = true> <Delay = 0.00> <Core = "TAddSub">   --->   Core 83 'TAddSub' <Latency = 0> <II = 1> <Delay = 1.34> <IPBlock> <Opcode : 'add' 'sub'> <InPorts = 3> <OutPorts = 1> <Sync> <CReg>
ST_10 : Operation 126 [1/1] (0.00ns)   --->   "%zext_ln657_1 = zext i29 %tmp_62 to i64" [r:/builds/2019.1/continuous/2019_05_24_2552052/src/products/hls/hls_lib/hlsmath/src/common/hls_hotbm_double.cpp:37->r:/builds/2019.1/continuous/2019_05_24_2552052/src/products/hls/hls_lib/hlsmath/include/FloatingPoint\hls_hotbm.h:279]   --->   Operation 126 'zext' 'zext_ln657_1' <Predicate = true> <Delay = 0.00>
ST_10 : Operation 127 [1/1] (2.68ns) (root node of TernaryAdder)   --->   "%ret_V_8 = add i64 %ret_V_15, %zext_ln657_1" [r:/builds/2019.1/continuous/2019_05_24_2552052/src/products/hls/hls_lib/hlsmath/src/common/hls_hotbm_double.cpp:37->r:/builds/2019.1/continuous/2019_05_24_2552052/src/products/hls/hls_lib/hlsmath/include/FloatingPoint\hls_hotbm.h:279]   --->   Operation 127 'add' 'ret_V_8' <Predicate = true> <Delay = 2.68> <Core = "TAddSub">   --->   Core 83 'TAddSub' <Latency = 0> <II = 1> <Delay = 1.34> <IPBlock> <Opcode : 'add' 'sub'> <InPorts = 3> <OutPorts = 1> <Sync> <CReg>

State 11 <SV = 10> <Delay = 8.19>
ST_11 : Operation 128 [1/1] (0.00ns) (grouped into LUT with out node ret_V)   --->   "%select_ln272 = select i1 %cos_basis, i11 0, i11 %Ex_V" [r:/builds/2019.1/continuous/2019_05_24_2552052/src/products/hls/hls_lib/hlsmath/include/FloatingPoint\hls_hotbm.h:272]   --->   Operation 128 'select' 'select_ln272' <Predicate = true> <Delay = 0.00> <Core = "Sel">   --->   Core 26 'Sel' <Latency = 0> <II = 1> <Delay = 0.52> <FuncUnit> <Opcode : 'select'> <InPorts = 3> <OutPorts = 1>
ST_11 : Operation 129 [1/1] (0.00ns)   --->   "%zext_ln1070_2 = zext i63 %select_ln272_1 to i126" [r:/builds/2019.1/continuous/2019_05_24_2552052/src/products/hls/hls_lib/hlsmath/src/common/hls_hotbm_double.cpp:37->r:/builds/2019.1/continuous/2019_05_24_2552052/src/products/hls/hls_lib/hlsmath/include/FloatingPoint\hls_hotbm.h:279]   --->   Operation 129 'zext' 'zext_ln1070_2' <Predicate = true> <Delay = 0.00>
ST_11 : Operation 130 [1/1] (0.00ns)   --->   "%sext_ln1072_2 = sext i64 %ret_V_8 to i126" [r:/builds/2019.1/continuous/2019_05_24_2552052/src/products/hls/hls_lib/hlsmath/src/common/hls_hotbm_double.cpp:37->r:/builds/2019.1/continuous/2019_05_24_2552052/src/products/hls/hls_lib/hlsmath/include/FloatingPoint\hls_hotbm.h:279]   --->   Operation 130 'sext' 'sext_ln1072_2' <Predicate = true> <Delay = 0.00>
ST_11 : Operation 131 [1/1] (8.19ns)   --->   "%r_V_28 = mul i126 %sext_ln1072_2, %zext_ln1070_2" [r:/builds/2019.1/continuous/2019_05_24_2552052/src/products/hls/hls_lib/hlsmath/src/common/hls_hotbm_double.cpp:37->r:/builds/2019.1/continuous/2019_05_24_2552052/src/products/hls/hls_lib/hlsmath/include/FloatingPoint\hls_hotbm.h:279]   --->   Operation 131 'mul' 'r_V_28' <Predicate = true> <Delay = 8.19> <Core = "Mul">   --->   Core 16 'Mul' <Latency = 0> <II = 1> <Delay = 8.19> <FuncUnit> <Opcode : 'mul'> <InPorts = 2> <OutPorts = 1>
ST_11 : Operation 132 [1/1] (0.00ns)   --->   "%result_V = call i63 @_ssdm_op_PartSelect.i63.i126.i32.i32(i126 %r_V_28, i32 63, i32 125)" [r:/builds/2019.1/continuous/2019_05_24_2552052/src/products/hls/hls_lib/hlsmath/src/common/hls_hotbm_double.cpp:37->r:/builds/2019.1/continuous/2019_05_24_2552052/src/products/hls/hls_lib/hlsmath/include/FloatingPoint\hls_hotbm.h:279]   --->   Operation 132 'partselect' 'result_V' <Predicate = true> <Delay = 0.00>
ST_11 : Operation 133 [1/1] (0.00ns) (grouped into LUT with out node ret_V)   --->   "%rhs_V = sext i11 %select_ln272 to i12" [r:/builds/2019.1/continuous/2019_05_24_2552052/src/products/hls/hls_lib/hlsmath/include/FloatingPoint\hls_hotbm.h:281]   --->   Operation 133 'sext' 'rhs_V' <Predicate = true> <Delay = 0.00>
ST_11 : Operation 134 [1/1] (1.35ns) (out node of the LUT)   --->   "%ret_V = sub i12 0, %rhs_V" [r:/builds/2019.1/continuous/2019_05_24_2552052/src/products/hls/hls_lib/hlsmath/include/FloatingPoint\hls_hotbm.h:281]   --->   Operation 134 'sub' 'ret_V' <Predicate = true> <Delay = 1.35> <Core = "AddSub">   --->   Core 14 'AddSub' <Latency = 0> <II = 1> <Delay = 1.35> <FuncUnit> <Opcode : 'add' 'sub'> <InPorts = 2> <OutPorts = 1>
ST_11 : Operation 135 [2/2] (0.00ns)   --->   "%resultf = call fastcc double @scaled_fixed2ieee(i63 %result_V, i12 %ret_V) nounwind" [r:/builds/2019.1/continuous/2019_05_24_2552052/src/products/hls/hls_lib/hlsmath/include/FloatingPoint\hls_hotbm.h:281]   --->   Operation 135 'call' 'resultf' <Predicate = true> <Delay = 0.00> <CoreType = "Generic">   --->   Core 0 '' <Latency = 0> <II = 1> <Delay = 1.00> <Generic> <Opcode : >

State 12 <SV = 11> <Delay = 5.40>
ST_12 : Operation 136 [1/1] (0.00ns)   --->   "call void (...)* @_ssdm_op_SpecMemCore([256 x i59]* @fourth_order_double_4, [1 x i8]* @p_str2525, [14 x i8]* @p_str2526, [1 x i8]* @p_str2525, i32 -1, [1 x i8]* @p_str2525, [1 x i8]* @p_str2525, [1 x i8]* @p_str2525, [1 x i8]* @p_str2525, [1 x i8]* @p_str2525) nounwind" [r:/builds/2019.1/continuous/2019_05_24_2552052/src/products/hls/hls_lib/hlsmath/src/common/hls_hotbm_double.cpp:16->r:/builds/2019.1/continuous/2019_05_24_2552052/src/products/hls/hls_lib/hlsmath/include/FloatingPoint\hls_hotbm.h:279]   --->   Operation 136 'specmemcore' <Predicate = true> <Delay = 0.00>
ST_12 : Operation 137 [1/1] (0.00ns)   --->   "call void (...)* @_ssdm_op_SpecMemCore([256 x i52]* @fourth_order_double_5, [1 x i8]* @p_str2525, [14 x i8]* @p_str2526, [1 x i8]* @p_str2525, i32 -1, [1 x i8]* @p_str2525, [1 x i8]* @p_str2525, [1 x i8]* @p_str2525, [1 x i8]* @p_str2525, [1 x i8]* @p_str2525) nounwind" [r:/builds/2019.1/continuous/2019_05_24_2552052/src/products/hls/hls_lib/hlsmath/src/common/hls_hotbm_double.cpp:17->r:/builds/2019.1/continuous/2019_05_24_2552052/src/products/hls/hls_lib/hlsmath/include/FloatingPoint\hls_hotbm.h:279]   --->   Operation 137 'specmemcore' <Predicate = true> <Delay = 0.00>
ST_12 : Operation 138 [1/1] (0.00ns)   --->   "call void (...)* @_ssdm_op_SpecMemCore([256 x i44]* @fourth_order_double_6, [1 x i8]* @p_str2525, [14 x i8]* @p_str2526, [1 x i8]* @p_str2525, i32 -1, [1 x i8]* @p_str2525, [1 x i8]* @p_str2525, [1 x i8]* @p_str2525, [1 x i8]* @p_str2525, [1 x i8]* @p_str2525) nounwind" [r:/builds/2019.1/continuous/2019_05_24_2552052/src/products/hls/hls_lib/hlsmath/src/common/hls_hotbm_double.cpp:18->r:/builds/2019.1/continuous/2019_05_24_2552052/src/products/hls/hls_lib/hlsmath/include/FloatingPoint\hls_hotbm.h:279]   --->   Operation 138 'specmemcore' <Predicate = true> <Delay = 0.00>
ST_12 : Operation 139 [1/1] (0.00ns)   --->   "call void (...)* @_ssdm_op_SpecMemCore([256 x i33]* @fourth_order_double_7, [1 x i8]* @p_str2525, [14 x i8]* @p_str2526, [1 x i8]* @p_str2525, i32 -1, [1 x i8]* @p_str2525, [1 x i8]* @p_str2525, [1 x i8]* @p_str2525, [1 x i8]* @p_str2525, [1 x i8]* @p_str2525) nounwind" [r:/builds/2019.1/continuous/2019_05_24_2552052/src/products/hls/hls_lib/hlsmath/src/common/hls_hotbm_double.cpp:19->r:/builds/2019.1/continuous/2019_05_24_2552052/src/products/hls/hls_lib/hlsmath/include/FloatingPoint\hls_hotbm.h:279]   --->   Operation 139 'specmemcore' <Predicate = true> <Delay = 0.00>
ST_12 : Operation 140 [1/1] (0.00ns)   --->   "call void (...)* @_ssdm_op_SpecMemCore([256 x i25]* @fourth_order_double_s, [1 x i8]* @p_str2525, [14 x i8]* @p_str2526, [1 x i8]* @p_str2525, i32 -1, [1 x i8]* @p_str2525, [1 x i8]* @p_str2525, [1 x i8]* @p_str2525, [1 x i8]* @p_str2525, [1 x i8]* @p_str2525) nounwind" [r:/builds/2019.1/continuous/2019_05_24_2552052/src/products/hls/hls_lib/hlsmath/src/common/hls_hotbm_double.cpp:20->r:/builds/2019.1/continuous/2019_05_24_2552052/src/products/hls/hls_lib/hlsmath/include/FloatingPoint\hls_hotbm.h:279]   --->   Operation 140 'specmemcore' <Predicate = true> <Delay = 0.00>
ST_12 : Operation 141 [1/2] (3.87ns)   --->   "%resultf = call fastcc double @scaled_fixed2ieee(i63 %result_V, i12 %ret_V) nounwind" [r:/builds/2019.1/continuous/2019_05_24_2552052/src/products/hls/hls_lib/hlsmath/include/FloatingPoint\hls_hotbm.h:281]   --->   Operation 141 'call' 'resultf' <Predicate = true> <Delay = 3.87> <CoreType = "Generic">   --->   Core 0 '' <Latency = 0> <II = 1> <Delay = 1.00> <Generic> <Opcode : >
ST_12 : Operation 142 [1/1] (0.00ns)   --->   "%p_Val2_32 = bitcast double %resultf to i64" [r:/builds/2019.1/continuous/2019_05_24_2552052/src/products/hls/hls_lib/src/hls\utils/x_hls_utils.h:475->r:/builds/2019.1/continuous/2019_05_24_2552052/src/products/hls/hls_lib/src/hls\utils/x_hls_utils.h:479->r:/builds/2019.1/continuous/2019_05_24_2552052/src/products/hls/hls_lib/hlsmath/include/FloatingPoint\hls_hotbm.h:288]   --->   Operation 142 'bitcast' 'p_Val2_32' <Predicate = true> <Delay = 0.00>
ST_12 : Operation 143 [1/1] (0.00ns) (grouped into LUT with out node select_ln311)   --->   "%p_Result_26 = call i1 @_ssdm_op_BitSelect.i1.i64.i32(i64 %p_Val2_32, i32 63)" [r:/builds/2019.1/continuous/2019_05_24_2552052/src/products/hls/hls_lib/src/hls\utils/x_hls_utils.h:476->r:/builds/2019.1/continuous/2019_05_24_2552052/src/products/hls/hls_lib/src/hls\utils/x_hls_utils.h:479->r:/builds/2019.1/continuous/2019_05_24_2552052/src/products/hls/hls_lib/hlsmath/include/FloatingPoint\hls_hotbm.h:288]   --->   Operation 143 'bitselect' 'p_Result_26' <Predicate = true> <Delay = 0.00>
ST_12 : Operation 144 [1/1] (0.00ns) (grouped into LUT with out node ret_V_9)   --->   "%tmp_V_3 = call i11 @_ssdm_op_PartSelect.i11.i64.i32.i32(i64 %p_Val2_32, i32 52, i32 62) nounwind" [r:/builds/2019.1/continuous/2019_05_24_2552052/src/products/hls/hls_lib/src/hls\utils/x_hls_utils.h:477->r:/builds/2019.1/continuous/2019_05_24_2552052/src/products/hls/hls_lib/src/hls\utils/x_hls_utils.h:479->r:/builds/2019.1/continuous/2019_05_24_2552052/src/products/hls/hls_lib/hlsmath/include/FloatingPoint\hls_hotbm.h:288]   --->   Operation 144 'partselect' 'tmp_V_3' <Predicate = (!icmp_ln833_2)> <Delay = 0.00>
ST_12 : Operation 145 [1/1] (0.00ns) (grouped into LUT with out node ret_V_10)   --->   "%tmp_V_4 = trunc i64 %p_Val2_32 to i52" [r:/builds/2019.1/continuous/2019_05_24_2552052/src/products/hls/hls_lib/src/hls\utils/x_hls_utils.h:478->r:/builds/2019.1/continuous/2019_05_24_2552052/src/products/hls/hls_lib/src/hls\utils/x_hls_utils.h:479->r:/builds/2019.1/continuous/2019_05_24_2552052/src/products/hls/hls_lib/hlsmath/include/FloatingPoint\hls_hotbm.h:288]   --->   Operation 145 'trunc' 'tmp_V_4' <Predicate = true> <Delay = 0.00>
ST_12 : Operation 146 [1/1] (0.00ns)   --->   "%p_Result_27 = call i4 @_ssdm_op_BitConcatenate.i4.i1.i3(i1 %p_Result_21, i3 %p_Val2_37)" [r:/builds/2019.1/continuous/2019_05_24_2552052/src/products/hls/hls_lib/hlsmath/include/FloatingPoint\hls_hotbm.h:295]   --->   Operation 146 'bitconcatenate' 'p_Result_27' <Predicate = true> <Delay = 0.00>
ST_12 : Operation 147 [1/1] (0.00ns) (grouped into LUT with out node select_ln311)   --->   "%tmp_1 = call i1 @_ssdm_op_Mux.ap_auto.16i1.i4(i1 false, i1 false, i1 false, i1 true, i1 true, i1 true, i1 true, i1 false, i1 false, i1 true, i1 true, i1 true, i1 true, i1 false, i1 false, i1 false, i4 %p_Result_27) nounwind" [r:/builds/2019.1/continuous/2019_05_24_2552052/src/products/hls/hls_lib/hlsmath/include/FloatingPoint\hls_hotbm.h:296]   --->   Operation 147 'mux' 'tmp_1' <Predicate = (cos_basis)> <Delay = 0.00> <Core = "MuxnS">   --->   Core 31 'MuxnS' <Latency = 0> <II = 1> <Delay = 1.04> <FuncUnit> <Opcode : 'mux'> <InPorts = 2> <OutPorts = 1>
ST_12 : Operation 148 [1/1] (0.00ns) (grouped into LUT with out node select_ln311)   --->   "%tmp_2 = call i1 @_ssdm_op_Mux.ap_auto.16i1.i4(i1 false, i1 false, i1 true, i1 false, i1 true, i1 true, i1 false, i1 true, i1 true, i1 false, i1 true, i1 true, i1 false, i1 true, i1 false, i1 false, i4 %p_Result_27) nounwind" [r:/builds/2019.1/continuous/2019_05_24_2552052/src/products/hls/hls_lib/hlsmath/include/FloatingPoint\hls_hotbm.h:296]   --->   Operation 148 'mux' 'tmp_2' <Predicate = (!cos_basis)> <Delay = 0.00> <Core = "MuxnS">   --->   Core 31 'MuxnS' <Latency = 0> <II = 1> <Delay = 1.04> <FuncUnit> <Opcode : 'mux'> <InPorts = 2> <OutPorts = 1>
ST_12 : Operation 149 [1/1] (0.00ns) (grouped into LUT with out node select_ln311)   --->   "%select_ln271 = select i1 %cos_basis, i1 %tmp_1, i1 %tmp_2" [r:/builds/2019.1/continuous/2019_05_24_2552052/src/products/hls/hls_lib/hlsmath/include/FloatingPoint\hls_hotbm.h:271]   --->   Operation 149 'select' 'select_ln271' <Predicate = true> <Delay = 0.00> <Core = "Sel">   --->   Core 26 'Sel' <Latency = 0> <II = 1> <Delay = 0.52> <FuncUnit> <Opcode : 'select'> <InPorts = 3> <OutPorts = 1>
ST_12 : Operation 150 [1/1] (0.47ns)   --->   "%and_ln300 = and i1 %icmp_ln833, %icmp_ln833_1" [r:/builds/2019.1/continuous/2019_05_24_2552052/src/products/hls/hls_lib/hlsmath/include/FloatingPoint\hls_hotbm.h:300]   --->   Operation 150 'and' 'and_ln300' <Predicate = true> <Delay = 0.47> <Core = "LogicGate">   --->   Core 27 'LogicGate' <Latency = 0> <II = 1> <Delay = 0.47> <FuncUnit> <Opcode : 'and' 'or' 'xor'> <InPorts = 2> <OutPorts = 1>
ST_12 : Operation 151 [1/1] (0.00ns) (grouped into LUT with out node p_Repl2_3)   --->   "%and_ln307 = and i1 %p_Result_21, %xor_ln29" [r:/builds/2019.1/continuous/2019_05_24_2552052/src/products/hls/hls_lib/hlsmath/include/FloatingPoint\hls_hotbm.h:307]   --->   Operation 151 'and' 'and_ln307' <Predicate = true> <Delay = 0.00> <Core = "LogicGate">   --->   Core 27 'LogicGate' <Latency = 0> <II = 1> <Delay = 0.47> <FuncUnit> <Opcode : 'and' 'or' 'xor'> <InPorts = 2> <OutPorts = 1>
ST_12 : Operation 152 [1/1] (0.00ns) (grouped into LUT with out node ret_V_9)   --->   "%select_ln307 = select i1 %do_cos_read, i11 1023, i11 0" [r:/builds/2019.1/continuous/2019_05_24_2552052/src/products/hls/hls_lib/hlsmath/include/FloatingPoint\hls_hotbm.h:307]   --->   Operation 152 'select' 'select_ln307' <Predicate = true> <Delay = 0.00> <Core = "Sel">   --->   Core 26 'Sel' <Latency = 0> <II = 1> <Delay = 0.52> <FuncUnit> <Opcode : 'select'> <InPorts = 3> <OutPorts = 1>
ST_12 : Operation 153 [1/1] (0.00ns) (grouped into LUT with out node select_ln311)   --->   "%xor_ln311 = xor i1 %icmp_ln833_2, true" [r:/builds/2019.1/continuous/2019_05_24_2552052/src/products/hls/hls_lib/hlsmath/include/FloatingPoint\hls_hotbm.h:311]   --->   Operation 153 'xor' 'xor_ln311' <Predicate = true> <Delay = 0.00> <Core = "LogicGate">   --->   Core 27 'LogicGate' <Latency = 0> <II = 1> <Delay = 0.47> <FuncUnit> <Opcode : 'and' 'or' 'xor'> <InPorts = 2> <OutPorts = 1>
ST_12 : Operation 154 [1/1] (0.00ns) (grouped into LUT with out node select_ln311)   --->   "%or_ln311 = or i1 %icmp_ln833_2, %select_ln271" [r:/builds/2019.1/continuous/2019_05_24_2552052/src/products/hls/hls_lib/hlsmath/include/FloatingPoint\hls_hotbm.h:311]   --->   Operation 154 'or' 'or_ln311' <Predicate = true> <Delay = 0.00> <Core = "LogicGate">   --->   Core 27 'LogicGate' <Latency = 0> <II = 1> <Delay = 0.47> <FuncUnit> <Opcode : 'and' 'or' 'xor'> <InPorts = 2> <OutPorts = 1>
ST_12 : Operation 155 [1/1] (1.04ns) (out node of the LUT)   --->   "%select_ln311 = select i1 %or_ln311, i1 %xor_ln311, i1 %p_Result_26" [r:/builds/2019.1/continuous/2019_05_24_2552052/src/products/hls/hls_lib/hlsmath/include/FloatingPoint\hls_hotbm.h:311]   --->   Operation 155 'select' 'select_ln311' <Predicate = true> <Delay = 1.04> <Core = "Sel">   --->   Core 26 'Sel' <Latency = 0> <II = 1> <Delay = 0.52> <FuncUnit> <Opcode : 'select'> <InPorts = 3> <OutPorts = 1>
ST_12 : Operation 156 [1/1] (0.00ns) (grouped into LUT with out node ret_V_9)   --->   "%select_ln311_1 = select i1 %icmp_ln833_2, i11 -1, i11 %tmp_V_3" [r:/builds/2019.1/continuous/2019_05_24_2552052/src/products/hls/hls_lib/hlsmath/include/FloatingPoint\hls_hotbm.h:311]   --->   Operation 156 'select' 'select_ln311_1' <Predicate = true> <Delay = 0.00> <Core = "Sel">   --->   Core 26 'Sel' <Latency = 0> <II = 1> <Delay = 0.52> <FuncUnit> <Opcode : 'select'> <InPorts = 3> <OutPorts = 1>
ST_12 : Operation 157 [1/1] (0.48ns) (out node of the LUT)   --->   "%p_Repl2_3 = select i1 %and_ln300, i1 %and_ln307, i1 %select_ln311" [r:/builds/2019.1/continuous/2019_05_24_2552052/src/products/hls/hls_lib/hlsmath/include/FloatingPoint\hls_hotbm.h:300]   --->   Operation 157 'select' 'p_Repl2_3' <Predicate = true> <Delay = 0.48> <Core = "Sel">   --->   Core 26 'Sel' <Latency = 0> <II = 1> <Delay = 0.52> <FuncUnit> <Opcode : 'select'> <InPorts = 3> <OutPorts = 1>
ST_12 : Operation 158 [1/1] (0.49ns) (out node of the LUT)   --->   "%ret_V_9 = select i1 %and_ln300, i11 %select_ln307, i11 %select_ln311_1" [r:/builds/2019.1/continuous/2019_05_24_2552052/src/products/hls/hls_lib/hlsmath/include/FloatingPoint\hls_hotbm.h:300]   --->   Operation 158 'select' 'ret_V_9' <Predicate = true> <Delay = 0.49> <Core = "Sel">   --->   Core 26 'Sel' <Latency = 0> <II = 1> <Delay = 0.52> <FuncUnit> <Opcode : 'select'> <InPorts = 3> <OutPorts = 1>
ST_12 : Operation 159 [1/1] (0.00ns) (grouped into LUT with out node ret_V_10)   --->   "%and_ln300_1 = and i1 %icmp_ln833, %icmp_ln833_1" [r:/builds/2019.1/continuous/2019_05_24_2552052/src/products/hls/hls_lib/hlsmath/include/FloatingPoint\hls_hotbm.h:300]   --->   Operation 159 'and' 'and_ln300_1' <Predicate = true> <Delay = 0.00> <Core = "LogicGate">   --->   Core 27 'LogicGate' <Latency = 0> <II = 1> <Delay = 0.47> <FuncUnit> <Opcode : 'and' 'or' 'xor'> <InPorts = 2> <OutPorts = 1>
ST_12 : Operation 160 [1/1] (0.00ns) (grouped into LUT with out node ret_V_10)   --->   "%xor_ln300 = xor i1 %and_ln300_1, true" [r:/builds/2019.1/continuous/2019_05_24_2552052/src/products/hls/hls_lib/hlsmath/include/FloatingPoint\hls_hotbm.h:300]   --->   Operation 160 'xor' 'xor_ln300' <Predicate = true> <Delay = 0.00> <Core = "LogicGate">   --->   Core 27 'LogicGate' <Latency = 0> <II = 1> <Delay = 0.47> <FuncUnit> <Opcode : 'and' 'or' 'xor'> <InPorts = 2> <OutPorts = 1>
ST_12 : Operation 161 [1/1] (0.00ns) (grouped into LUT with out node ret_V_10)   --->   "%select_ln300_2 = select i1 %xor_ln300, i52 -1, i52 0" [r:/builds/2019.1/continuous/2019_05_24_2552052/src/products/hls/hls_lib/hlsmath/include/FloatingPoint\hls_hotbm.h:300]   --->   Operation 161 'select' 'select_ln300_2' <Predicate = true> <Delay = 0.00> <Core = "Sel">   --->   Core 26 'Sel' <Latency = 0> <II = 1> <Delay = 0.52> <FuncUnit> <Opcode : 'select'> <InPorts = 3> <OutPorts = 1>
ST_12 : Operation 162 [1/1] (0.00ns) (grouped into LUT with out node ret_V_10)   --->   "%or_ln300 = or i1 %and_ln300, %icmp_ln833_2" [r:/builds/2019.1/continuous/2019_05_24_2552052/src/products/hls/hls_lib/hlsmath/include/FloatingPoint\hls_hotbm.h:300]   --->   Operation 162 'or' 'or_ln300' <Predicate = true> <Delay = 0.00> <Core = "LogicGate">   --->   Core 27 'LogicGate' <Latency = 0> <II = 1> <Delay = 0.47> <FuncUnit> <Opcode : 'and' 'or' 'xor'> <InPorts = 2> <OutPorts = 1>
ST_12 : Operation 163 [1/1] (0.52ns) (out node of the LUT)   --->   "%ret_V_10 = select i1 %or_ln300, i52 %select_ln300_2, i52 %tmp_V_4" [r:/builds/2019.1/continuous/2019_05_24_2552052/src/products/hls/hls_lib/hlsmath/include/FloatingPoint\hls_hotbm.h:300]   --->   Operation 163 'select' 'ret_V_10' <Predicate = true> <Delay = 0.52> <Core = "Sel">   --->   Core 26 'Sel' <Latency = 0> <II = 1> <Delay = 0.52> <FuncUnit> <Opcode : 'select'> <InPorts = 3> <OutPorts = 1>
ST_12 : Operation 164 [1/1] (0.00ns)   --->   "%p_Result_28 = call i64 @_ssdm_op_BitConcatenate.i64.i1.i11.i52(i1 %p_Repl2_3, i11 %ret_V_9, i52 %ret_V_10) nounwind" [r:/builds/2019.1/continuous/2019_05_24_2552052/src/products/hls/hls_lib/src/hls\utils/x_hls_utils.h:495->r:/builds/2019.1/continuous/2019_05_24_2552052/src/products/hls/hls_lib/src/hls\utils/x_hls_utils.h:512->r:/builds/2019.1/continuous/2019_05_24_2552052/src/products/hls/hls_lib/src/hls\utils/x_hls_utils.h:526->r:/builds/2019.1/continuous/2019_05_24_2552052/src/products/hls/hls_lib/hlsmath/include/FloatingPoint\hls_hotbm.h:316]   --->   Operation 164 'bitconcatenate' 'p_Result_28' <Predicate = true> <Delay = 0.00>
ST_12 : Operation 165 [1/1] (0.00ns)   --->   "%bitcast_ln512 = bitcast i64 %p_Result_28 to double" [r:/builds/2019.1/continuous/2019_05_24_2552052/src/products/hls/hls_lib/src/hls\utils/x_hls_utils.h:512->r:/builds/2019.1/continuous/2019_05_24_2552052/src/products/hls/hls_lib/src/hls\utils/x_hls_utils.h:526->r:/builds/2019.1/continuous/2019_05_24_2552052/src/products/hls/hls_lib/hlsmath/include/FloatingPoint\hls_hotbm.h:316]   --->   Operation 165 'bitcast' 'bitcast_ln512' <Predicate = true> <Delay = 0.00>
ST_12 : Operation 166 [1/1] (0.00ns)   --->   "ret double %bitcast_ln512" [r:/builds/2019.1/continuous/2019_05_24_2552052/src/products/hls/hls_lib/hlsmath/include/FloatingPoint\hls_hotbm.h:316]   --->   Operation 166 'ret' <Predicate = true> <Delay = 0.00>


============================================================
+ Verbose Summary: Timing violations
============================================================
Target clock period: 10ns, clock uncertainty: 1.25ns.

 <State 1>: 4.12ns
The critical path consists of the following:
	wire read on port 't_in' (r:/builds/2019.1/continuous/2019_05_24_2552052/src/products/hls/hls_lib/hlsmath/include/FloatingPoint\hls_hotbm.h:238) [10]  (0 ns)
	'add' operation ('add_ln114_1', r:/builds/2019.1/continuous/2019_05_24_2552052/src/products/hls/hls_lib/hlsmath/include/FloatingPoint/hls_range_redux.h:425->r:/builds/2019.1/continuous/2019_05_24_2552052/src/products/hls/hls_lib/hlsmath/include/FloatingPoint/hls_range_redux.h:496->r:/builds/2019.1/continuous/2019_05_24_2552052/src/products/hls/hls_lib/hlsmath/include/FloatingPoint\hls_hotbm.h:268) [19]  (1.35 ns)
	'select' operation ('addr.V', r:/builds/2019.1/continuous/2019_05_24_2552052/src/products/hls/hls_lib/hlsmath/include/FloatingPoint/hls_range_redux.h:425->r:/builds/2019.1/continuous/2019_05_24_2552052/src/products/hls/hls_lib/hlsmath/include/FloatingPoint/hls_range_redux.h:496->r:/builds/2019.1/continuous/2019_05_24_2552052/src/products/hls/hls_lib/hlsmath/include/FloatingPoint\hls_hotbm.h:268) [20]  (0.498 ns)
	'getelementptr' operation ('ref_4oPi_table_256_V_1', r:/builds/2019.1/continuous/2019_05_24_2552052/src/products/hls/hls_lib/hlsmath/include/FloatingPoint/hls_range_redux.h:426->r:/builds/2019.1/continuous/2019_05_24_2552052/src/products/hls/hls_lib/hlsmath/include/FloatingPoint/hls_range_redux.h:496->r:/builds/2019.1/continuous/2019_05_24_2552052/src/products/hls/hls_lib/hlsmath/include/FloatingPoint\hls_hotbm.h:268) [23]  (0 ns)
	'load' operation ('table_256.V', r:/builds/2019.1/continuous/2019_05_24_2552052/src/products/hls/hls_lib/hlsmath/include/FloatingPoint/hls_range_redux.h:426->r:/builds/2019.1/continuous/2019_05_24_2552052/src/products/hls/hls_lib/hlsmath/include/FloatingPoint/hls_range_redux.h:496->r:/builds/2019.1/continuous/2019_05_24_2552052/src/products/hls/hls_lib/hlsmath/include/FloatingPoint\hls_hotbm.h:268) on array 'ref_4oPi_table_256_V' [24]  (2.27 ns)

 <State 2>: 4.86ns
The critical path consists of the following:
	'load' operation ('table_256.V', r:/builds/2019.1/continuous/2019_05_24_2552052/src/products/hls/hls_lib/hlsmath/include/FloatingPoint/hls_range_redux.h:426->r:/builds/2019.1/continuous/2019_05_24_2552052/src/products/hls/hls_lib/hlsmath/include/FloatingPoint/hls_range_redux.h:496->r:/builds/2019.1/continuous/2019_05_24_2552052/src/products/hls/hls_lib/hlsmath/include/FloatingPoint\hls_hotbm.h:268) on array 'ref_4oPi_table_256_V' [24]  (2.27 ns)
	'shl' operation ('r.V', r:/builds/2019.1/continuous/2019_05_24_2552052/src/products/hls/hls_lib/hlsmath/include/FloatingPoint/hls_range_redux.h:427->r:/builds/2019.1/continuous/2019_05_24_2552052/src/products/hls/hls_lib/hlsmath/include/FloatingPoint/hls_range_redux.h:496->r:/builds/2019.1/continuous/2019_05_24_2552052/src/products/hls/hls_lib/hlsmath/include/FloatingPoint\hls_hotbm.h:268) [27]  (2.6 ns)

 <State 3>: 7.14ns
The critical path consists of the following:
	'mul' operation ('ret.V', r:/builds/2019.1/continuous/2019_05_24_2552052/src/products/hls/hls_lib/hlsmath/include/FloatingPoint/hls_range_redux.h:497->r:/builds/2019.1/continuous/2019_05_24_2552052/src/products/hls/hls_lib/hlsmath/include/FloatingPoint\hls_hotbm.h:268) [31]  (7.14 ns)

 <State 4>: 7.14ns
The critical path consists of the following:
	'mul' operation ('ret.V', r:/builds/2019.1/continuous/2019_05_24_2552052/src/products/hls/hls_lib/hlsmath/include/FloatingPoint/hls_range_redux.h:497->r:/builds/2019.1/continuous/2019_05_24_2552052/src/products/hls/hls_lib/hlsmath/include/FloatingPoint\hls_hotbm.h:268) [31]  (7.14 ns)

 <State 5>: 8.04ns
The critical path consists of the following:
	'sub' operation ('Mx_bits.V', r:/builds/2019.1/continuous/2019_05_24_2552052/src/products/hls/hls_lib/hlsmath/include/FloatingPoint/hls_range_redux.h:521->r:/builds/2019.1/continuous/2019_05_24_2552052/src/products/hls/hls_lib/hlsmath/include/FloatingPoint\hls_hotbm.h:268) [36]  (2.52 ns)
	'select' operation ('__Val2__', r:/builds/2019.1/continuous/2019_05_24_2552052/src/products/hls/hls_lib/hlsmath/include/FloatingPoint/hls_range_redux.h:520->r:/builds/2019.1/continuous/2019_05_24_2552052/src/products/hls/hls_lib/hlsmath/include/FloatingPoint\hls_hotbm.h:268) [37]  (0.709 ns)
	'cttz' operation ('tmp_i_i', r:/builds/2019.1/continuous/2019_05_24_2552052/src/products/hls/hls_lib/hlsmath/include/FloatingPoint/hls_normalize.h:104->r:/builds/2019.1/continuous/2019_05_24_2552052/src/products/hls/hls_lib/hlsmath/include/FloatingPoint/hls_range_redux.h:524->r:/builds/2019.1/continuous/2019_05_24_2552052/src/products/hls/hls_lib/hlsmath/include/FloatingPoint\hls_hotbm.h:268) [42]  (2.23 ns)
	'shl' operation ('r.V', r:/builds/2019.1/continuous/2019_05_24_2552052/src/products/hls/hls_lib/hlsmath/include/FloatingPoint/hls_range_redux.h:533->r:/builds/2019.1/continuous/2019_05_24_2552052/src/products/hls/hls_lib/hlsmath/include/FloatingPoint\hls_hotbm.h:268) [45]  (2.58 ns)

 <State 6>: 6.8ns
The critical path consists of the following:
	'sub' operation ('sub_ln1311', r:/builds/2019.1/continuous/2019_05_24_2552052/src/products/hls/hls_lib/hlsmath/include/FloatingPoint/hls_range_redux.h:535->r:/builds/2019.1/continuous/2019_05_24_2552052/src/products/hls/hls_lib/hlsmath/include/FloatingPoint\hls_hotbm.h:268) [51]  (1.35 ns)
	'select' operation ('sh', r:/builds/2019.1/continuous/2019_05_24_2552052/src/products/hls/hls_lib/hlsmath/include/FloatingPoint/hls_range_redux.h:535->r:/builds/2019.1/continuous/2019_05_24_2552052/src/products/hls/hls_lib/hlsmath/include/FloatingPoint\hls_hotbm.h:268) [52]  (0.625 ns)
	'lshr' operation ('r.V', r:/builds/2019.1/continuous/2019_05_24_2552052/src/products/hls/hls_lib/hlsmath/include/FloatingPoint/hls_range_redux.h:535->r:/builds/2019.1/continuous/2019_05_24_2552052/src/products/hls/hls_lib/hlsmath/include/FloatingPoint\hls_hotbm.h:268) [55]  (0 ns)
	'select' operation ('r.V', r:/builds/2019.1/continuous/2019_05_24_2552052/src/products/hls/hls_lib/hlsmath/include/FloatingPoint/hls_range_redux.h:535->r:/builds/2019.1/continuous/2019_05_24_2552052/src/products/hls/hls_lib/hlsmath/include/FloatingPoint\hls_hotbm.h:268) [57]  (2.56 ns)
	'getelementptr' operation ('fourth_order_double_9', r:/builds/2019.1/continuous/2019_05_24_2552052/src/products/hls/hls_lib/hlsmath/src/common/hls_hotbm_double.cpp:33->r:/builds/2019.1/continuous/2019_05_24_2552052/src/products/hls/hls_lib/hlsmath/include/FloatingPoint\hls_hotbm.h:279) [87]  (0 ns)
	'load' operation ('fourth_order_double_10', r:/builds/2019.1/continuous/2019_05_24_2552052/src/products/hls/hls_lib/hlsmath/src/common/hls_hotbm_double.cpp:33->r:/builds/2019.1/continuous/2019_05_24_2552052/src/products/hls/hls_lib/hlsmath/include/FloatingPoint\hls_hotbm.h:279) on array 'fourth_order_double_5' [88]  (2.27 ns)

 <State 7>: 6.91ns
The critical path consists of the following:
	'mul' operation ('r.V', r:/builds/2019.1/continuous/2019_05_24_2552052/src/products/hls/hls_lib/hlsmath/src/common/hls_hotbm_double.cpp:25->r:/builds/2019.1/continuous/2019_05_24_2552052/src/products/hls/hls_lib/hlsmath/include/FloatingPoint\hls_hotbm.h:279) [72]  (6.91 ns)

 <State 8>: 7.62ns
The critical path consists of the following:
	'mul' operation ('r.V', r:/builds/2019.1/continuous/2019_05_24_2552052/src/products/hls/hls_lib/hlsmath/src/common/hls_hotbm_double.cpp:33->r:/builds/2019.1/continuous/2019_05_24_2552052/src/products/hls/hls_lib/hlsmath/include/FloatingPoint\hls_hotbm.h:279) [90]  (7.62 ns)

 <State 9>: 8.41ns
The critical path consists of the following:
	'load' operation ('fourth_order_double_14', r:/builds/2019.1/continuous/2019_05_24_2552052/src/products/hls/hls_lib/hlsmath/src/common/hls_hotbm_double.cpp:35->r:/builds/2019.1/continuous/2019_05_24_2552052/src/products/hls/hls_lib/hlsmath/include/FloatingPoint\hls_hotbm.h:279) on array 'fourth_order_double_7' [100]  (2.27 ns)
	'mul' operation ('r.V', r:/builds/2019.1/continuous/2019_05_24_2552052/src/products/hls/hls_lib/hlsmath/src/common/hls_hotbm_double.cpp:35->r:/builds/2019.1/continuous/2019_05_24_2552052/src/products/hls/hls_lib/hlsmath/include/FloatingPoint\hls_hotbm.h:279) [102]  (6.14 ns)

 <State 10>: 2.68ns
The critical path consists of the following:
	'add' operation ('ret.V', r:/builds/2019.1/continuous/2019_05_24_2552052/src/products/hls/hls_lib/hlsmath/src/common/hls_hotbm_double.cpp:37->r:/builds/2019.1/continuous/2019_05_24_2552052/src/products/hls/hls_lib/hlsmath/include/FloatingPoint\hls_hotbm.h:279) [116]  (0 ns)
	'add' operation ('ret.V', r:/builds/2019.1/continuous/2019_05_24_2552052/src/products/hls/hls_lib/hlsmath/src/common/hls_hotbm_double.cpp:37->r:/builds/2019.1/continuous/2019_05_24_2552052/src/products/hls/hls_lib/hlsmath/include/FloatingPoint\hls_hotbm.h:279) [118]  (2.68 ns)

 <State 11>: 8.19ns
The critical path consists of the following:
	'mul' operation ('r.V', r:/builds/2019.1/continuous/2019_05_24_2552052/src/products/hls/hls_lib/hlsmath/src/common/hls_hotbm_double.cpp:37->r:/builds/2019.1/continuous/2019_05_24_2552052/src/products/hls/hls_lib/hlsmath/include/FloatingPoint\hls_hotbm.h:279) [121]  (8.19 ns)

 <State 12>: 5.4ns
The critical path consists of the following:
	'call' operation ('resultf', r:/builds/2019.1/continuous/2019_05_24_2552052/src/products/hls/hls_lib/hlsmath/include/FloatingPoint\hls_hotbm.h:281) to 'scaled_fixed2ieee' [125]  (3.87 ns)
	'select' operation ('select_ln311', r:/builds/2019.1/continuous/2019_05_24_2552052/src/products/hls/hls_lib/hlsmath/include/FloatingPoint\hls_hotbm.h:311) [142]  (1.04 ns)
	'select' operation ('fp_struct<double>.sign.V', r:/builds/2019.1/continuous/2019_05_24_2552052/src/products/hls/hls_lib/hlsmath/include/FloatingPoint\hls_hotbm.h:300) [144]  (0.487 ns)


============================================================
+ Verbose Summary: Binding
============================================================
N/A
* FSMD analyzer results:
  - Output states:
 - Input state : 
  - Chain level:
	State 1
	State 2
	State 3
	State 4
	State 5
	State 6
	State 7
	State 8
	State 9
	State 10
	State 11
	State 12


============================================================
+ Verbose Summary: Datapath Resource usage 
============================================================
N/A
