

================================================================
== Vivado HLS Report for 'top_level_wheel'
================================================================
* Date:           Sun Aug 23 03:38:17 2020

* Version:        2019.1 (Build 2552052 on Fri May 24 15:28:33 MDT 2019)
* Project:        CarSimOnFPGA
* Solution:       solution2
* Product family: kintex7
* Target device:  xc7k325t-ffg900-2


================================================================
== Performance Estimates
================================================================
+ Timing (ns): 
    * Summary: 
    +--------+-------+----------+------------+
    |  Clock | Target| Estimated| Uncertainty|
    +--------+-------+----------+------------+
    |ap_clk  |  10.00|     8.610|        1.25|
    +--------+-------+----------+------------+

+ Latency (clock cycles): 
    * Summary: 
    +-----+------+-----+------+---------+
    |   Latency  |  Interval  | Pipeline|
    | min |  max | min |  max |   Type  |
    +-----+------+-----+------+---------+
    |  196|  1245|  196|  1245|   none  |
    +-----+------+-----+------+---------+

    + Detail: 
        * Instance: 
        +-------------------+--------+-----+------+-----+------+---------+
        |                   |        |   Latency  |  Interval  | Pipeline|
        |      Instance     | Module | min |  max | min |  max |   Type  |
        +-------------------+--------+-----+------+-----+------+---------+
        |grp_update_fu_129  |update  |  194|  1243|  194|  1243|   none  |
        +-------------------+--------+-----+------+-----+------+---------+

        * Loop: 
        N/A

============================================================
+ Verbose Summary: Synthesis Manager
============================================================
InlineROM: 1
ExposeGlobal: 0
============================================================
+ Verbose Summary: CDFG Model
============================================================
IsTopModel: 1
ResetActiveHigh: 1
IsCombinational: 0
IsDatapathOnly: 0
HasWiredReturn: 1
HasMFsm: 0
HasVarLatency: 1
IsPipeline: 0
IsRtlPipelined: 0
IsInstanceOverlapped: 0
IsDontTouch: 0
HasImplIP: 0
IsGatedGlobalClock: 0


============================================================
+ Verbose Summary: Schedule
============================================================
* Number of FSM states : 3
* Pipeline : 0
* Dataflow Pipeline: 0

* FSM state transitions: 
1 --> 2 
2 --> 3 
3 --> 

* FSM state operations: 

State 1 <SV = 0> <Delay = 8.41>
ST_1 : Operation 4 [1/1] (0.00ns)   --->   "%steeringAngle_read = call float @_ssdm_op_Read.ap_auto.float(float %steeringAngle) nounwind" [CarSimOnFPGA/top_level.cpp:6]   --->   Operation 4 'read' 'steeringAngle_read' <Predicate = true> <Delay = 0.00>
ST_1 : Operation 5 [1/1] (0.00ns)   --->   "%load_read = call float @_ssdm_op_Read.ap_auto.float(float %load) nounwind" [CarSimOnFPGA/top_level.cpp:6]   --->   Operation 5 'read' 'load_read' <Predicate = true> <Delay = 0.00>
ST_1 : Operation 6 [1/1] (0.00ns)   --->   "%velocity_y_read = call float @_ssdm_op_Read.ap_auto.float(float %velocity_y) nounwind" [CarSimOnFPGA/top_level.cpp:6]   --->   Operation 6 'read' 'velocity_y_read' <Predicate = true> <Delay = 0.00>
ST_1 : Operation 7 [1/1] (0.00ns)   --->   "%velocity_x_read = call float @_ssdm_op_Read.ap_auto.float(float %velocity_x) nounwind" [CarSimOnFPGA/top_level.cpp:6]   --->   Operation 7 'read' 'velocity_x_read' <Predicate = true> <Delay = 0.00>
ST_1 : Operation 8 [1/1] (0.00ns)   --->   "%torque_read = call float @_ssdm_op_Read.ap_auto.float(float %torque) nounwind" [CarSimOnFPGA/top_level.cpp:6]   --->   Operation 8 'read' 'torque_read' <Predicate = true> <Delay = 0.00>
ST_1 : Operation 9 [1/1] (0.00ns)   --->   "%deltaTime_read = call float @_ssdm_op_Read.ap_auto.float(float %deltaTime) nounwind" [CarSimOnFPGA/top_level.cpp:6]   --->   Operation 9 'read' 'deltaTime_read' <Predicate = true> <Delay = 0.00>
ST_1 : Operation 10 [2/2] (8.41ns)   --->   "call fastcc void @update(float %deltaTime_read, float %torque_read, float %velocity_x_read, float %velocity_y_read, float %load_read, float %steeringAngle_read)" [CarSimOnFPGA/top_level.cpp:19]   --->   Operation 10 'call' <Predicate = true> <Delay = 8.41> <CoreType = "Generic">   --->   Core 0 '' <Latency = 0> <II = 1> <Delay = 1.00> <Generic> <Opcode : >

State 2 <SV = 1> <Delay = 0.00>
ST_2 : Operation 11 [1/2] (0.00ns)   --->   "call fastcc void @update(float %deltaTime_read, float %torque_read, float %velocity_x_read, float %velocity_y_read, float %load_read, float %steeringAngle_read)" [CarSimOnFPGA/top_level.cpp:19]   --->   Operation 11 'call' <Predicate = true> <Delay = 0.00> <CoreType = "Generic">   --->   Core 0 '' <Latency = 0> <II = 1> <Delay = 1.00> <Generic> <Opcode : >

State 3 <SV = 2> <Delay = 0.00>
ST_3 : Operation 12 [1/1] (0.00ns)   --->   "call void (...)* @_ssdm_op_SpecBitsMap(float %deltaTime) nounwind, !map !58"   --->   Operation 12 'specbitsmap' <Predicate = true> <Delay = 0.00>
ST_3 : Operation 13 [1/1] (0.00ns)   --->   "call void (...)* @_ssdm_op_SpecBitsMap(float %torque) nounwind, !map !64"   --->   Operation 13 'specbitsmap' <Predicate = true> <Delay = 0.00>
ST_3 : Operation 14 [1/1] (0.00ns)   --->   "call void (...)* @_ssdm_op_SpecBitsMap(float %velocity_x) nounwind, !map !68"   --->   Operation 14 'specbitsmap' <Predicate = true> <Delay = 0.00>
ST_3 : Operation 15 [1/1] (0.00ns)   --->   "call void (...)* @_ssdm_op_SpecBitsMap(float %velocity_y) nounwind, !map !72"   --->   Operation 15 'specbitsmap' <Predicate = true> <Delay = 0.00>
ST_3 : Operation 16 [1/1] (0.00ns)   --->   "call void (...)* @_ssdm_op_SpecBitsMap(float %load) nounwind, !map !76"   --->   Operation 16 'specbitsmap' <Predicate = true> <Delay = 0.00>
ST_3 : Operation 17 [1/1] (0.00ns)   --->   "call void (...)* @_ssdm_op_SpecBitsMap(float %steeringAngle) nounwind, !map !80"   --->   Operation 17 'specbitsmap' <Predicate = true> <Delay = 0.00>
ST_3 : Operation 18 [1/1] (0.00ns)   --->   "call void (...)* @_ssdm_op_SpecBitsMap(float* %slipRatio) nounwind, !map !84"   --->   Operation 18 'specbitsmap' <Predicate = true> <Delay = 0.00>
ST_3 : Operation 19 [1/1] (0.00ns)   --->   "call void (...)* @_ssdm_op_SpecBitsMap(float* %slipAngle) nounwind, !map !90"   --->   Operation 19 'specbitsmap' <Predicate = true> <Delay = 0.00>
ST_3 : Operation 20 [1/1] (0.00ns)   --->   "call void (...)* @_ssdm_op_SpecBitsMap(float* %force_x) nounwind, !map !94"   --->   Operation 20 'specbitsmap' <Predicate = true> <Delay = 0.00>
ST_3 : Operation 21 [1/1] (0.00ns)   --->   "call void (...)* @_ssdm_op_SpecBitsMap(float* %force_y) nounwind, !map !98"   --->   Operation 21 'specbitsmap' <Predicate = true> <Delay = 0.00>
ST_3 : Operation 22 [1/1] (0.00ns)   --->   "call void (...)* @_ssdm_op_SpecBitsMap(float* %angularVel) nounwind, !map !102"   --->   Operation 22 'specbitsmap' <Predicate = true> <Delay = 0.00>
ST_3 : Operation 23 [1/1] (0.00ns)   --->   "call void (...)* @_ssdm_op_SpecTopModule([16 x i8]* @top_level_wheel_str) nounwind"   --->   Operation 23 'spectopmodule' <Predicate = true> <Delay = 0.00>
ST_3 : Operation 24 [1/1] (0.00ns)   --->   "%wheel_slipRatio_load = load float* @wheel_slipRatio, align 4" [CarSimOnFPGA/top_level.cpp:20]   --->   Operation 24 'load' 'wheel_slipRatio_load' <Predicate = true> <Delay = 0.00>
ST_3 : Operation 25 [1/1] (0.00ns)   --->   "call void @_ssdm_op_Write.ap_auto.floatP(float* %slipRatio, float %wheel_slipRatio_load) nounwind" [CarSimOnFPGA/top_level.cpp:20]   --->   Operation 25 'write' <Predicate = true> <Delay = 0.00>
ST_3 : Operation 26 [1/1] (0.00ns)   --->   "%wheel_slipAngle_load = load float* @wheel_slipAngle, align 4" [CarSimOnFPGA/top_level.cpp:21]   --->   Operation 26 'load' 'wheel_slipAngle_load' <Predicate = true> <Delay = 0.00>
ST_3 : Operation 27 [1/1] (0.00ns)   --->   "call void @_ssdm_op_Write.ap_auto.floatP(float* %slipAngle, float %wheel_slipAngle_load) nounwind" [CarSimOnFPGA/top_level.cpp:21]   --->   Operation 27 'write' <Predicate = true> <Delay = 0.00>
ST_3 : Operation 28 [1/1] (0.00ns)   --->   "%wheel_fx_load = load float* @wheel_fx, align 4" [CarSimOnFPGA/top_level.cpp:22]   --->   Operation 28 'load' 'wheel_fx_load' <Predicate = true> <Delay = 0.00>
ST_3 : Operation 29 [1/1] (0.00ns)   --->   "call void @_ssdm_op_Write.ap_auto.floatP(float* %force_x, float %wheel_fx_load) nounwind" [CarSimOnFPGA/top_level.cpp:22]   --->   Operation 29 'write' <Predicate = true> <Delay = 0.00>
ST_3 : Operation 30 [1/1] (0.00ns)   --->   "%wheel_fz_load = load float* @wheel_fz, align 4" [CarSimOnFPGA/top_level.cpp:23]   --->   Operation 30 'load' 'wheel_fz_load' <Predicate = true> <Delay = 0.00>
ST_3 : Operation 31 [1/1] (0.00ns)   --->   "call void @_ssdm_op_Write.ap_auto.floatP(float* %force_y, float %wheel_fz_load) nounwind" [CarSimOnFPGA/top_level.cpp:23]   --->   Operation 31 'write' <Predicate = true> <Delay = 0.00>
ST_3 : Operation 32 [1/1] (0.00ns)   --->   "%wheel_angularVelocit_2 = load float* @wheel_angularVelocit, align 4" [CarSimOnFPGA/top_level.cpp:24]   --->   Operation 32 'load' 'wheel_angularVelocit_2' <Predicate = true> <Delay = 0.00>
ST_3 : Operation 33 [1/1] (0.00ns)   --->   "call void @_ssdm_op_Write.ap_auto.floatP(float* %angularVel, float %wheel_angularVelocit_2) nounwind" [CarSimOnFPGA/top_level.cpp:24]   --->   Operation 33 'write' <Predicate = true> <Delay = 0.00>
ST_3 : Operation 34 [1/1] (0.00ns)   --->   "ret void" [CarSimOnFPGA/top_level.cpp:25]   --->   Operation 34 'ret' <Predicate = true> <Delay = 0.00>


============================================================
+ Verbose Summary: Binding
============================================================
STG Binding: 
---------------- STG Properties BEGIN ----------------
- Is combinational: 0
- Is one-state seq: 0
- Is datapath-only: 0
- Is pipelined: 0
- Is top level: 1
Port [ Return ] is wired: 1; IO mode=ap_ctrl_hs:ce=0
Port [ deltaTime]:  wired=1; compound=0; hidden=0; nouse=0; global=0; static=0; extern=0; dir=0; type=0; pingpong=0; private_global=0; IO mode=ap_none:ce=0
Port [ torque]:  wired=1; compound=0; hidden=0; nouse=0; global=0; static=0; extern=0; dir=0; type=0; pingpong=0; private_global=0; IO mode=ap_none:ce=0
Port [ velocity_x]:  wired=1; compound=0; hidden=0; nouse=0; global=0; static=0; extern=0; dir=0; type=0; pingpong=0; private_global=0; IO mode=ap_none:ce=0
Port [ velocity_y]:  wired=1; compound=0; hidden=0; nouse=0; global=0; static=0; extern=0; dir=0; type=0; pingpong=0; private_global=0; IO mode=ap_none:ce=0
Port [ load]:  wired=1; compound=0; hidden=0; nouse=0; global=0; static=0; extern=0; dir=0; type=0; pingpong=0; private_global=0; IO mode=ap_none:ce=0
Port [ steeringAngle]:  wired=1; compound=0; hidden=0; nouse=0; global=0; static=0; extern=0; dir=0; type=0; pingpong=0; private_global=0; IO mode=ap_none:ce=0
Port [ slipRatio]:  wired=1; compound=0; hidden=0; nouse=0; global=0; static=0; extern=0; dir=1; type=0; pingpong=0; private_global=0; IO mode=ap_vld:ce=0
Port [ slipAngle]:  wired=1; compound=0; hidden=0; nouse=0; global=0; static=0; extern=0; dir=1; type=0; pingpong=0; private_global=0; IO mode=ap_vld:ce=0
Port [ force_x]:  wired=1; compound=0; hidden=0; nouse=0; global=0; static=0; extern=0; dir=1; type=0; pingpong=0; private_global=0; IO mode=ap_vld:ce=0
Port [ force_y]:  wired=1; compound=0; hidden=0; nouse=0; global=0; static=0; extern=0; dir=1; type=0; pingpong=0; private_global=0; IO mode=ap_vld:ce=0
Port [ angularVel]:  wired=1; compound=0; hidden=0; nouse=0; global=0; static=0; extern=0; dir=1; type=0; pingpong=0; private_global=0; IO mode=ap_vld:ce=0
Port [ ref_4oPi_table_256_V]:  wired=0; compound=1; hidden=1; nouse=1; global=1; static=1; extern=0; dir=0; type=1; pingpong=0; private_global=0; linkage=7; visibility=0; MemPort=[1]; IO mode=ap_memory:ce=0
Port [ fourth_order_double_4]:  wired=0; compound=1; hidden=1; nouse=1; global=1; static=1; extern=0; dir=0; type=1; pingpong=0; private_global=0; linkage=7; visibility=0; MemPort=[1]; IO mode=ap_memory:ce=0
Port [ fourth_order_double_5]:  wired=0; compound=1; hidden=1; nouse=1; global=1; static=1; extern=0; dir=0; type=1; pingpong=0; private_global=0; linkage=7; visibility=0; MemPort=[1]; IO mode=ap_memory:ce=0
Port [ fourth_order_double_6]:  wired=0; compound=1; hidden=1; nouse=1; global=1; static=1; extern=0; dir=0; type=1; pingpong=0; private_global=0; linkage=7; visibility=0; MemPort=[1]; IO mode=ap_memory:ce=0
Port [ fourth_order_double_7]:  wired=0; compound=1; hidden=1; nouse=1; global=1; static=1; extern=0; dir=0; type=1; pingpong=0; private_global=0; linkage=7; visibility=0; MemPort=[1]; IO mode=ap_memory:ce=0
Port [ fourth_order_double_s]:  wired=0; compound=1; hidden=1; nouse=1; global=1; static=1; extern=0; dir=0; type=1; pingpong=0; private_global=0; linkage=7; visibility=0; MemPort=[1]; IO mode=ap_memory:ce=0
Port [ wheel_angularVelocit]:  wired=0; compound=0; hidden=1; nouse=0; global=1; static=1; extern=0; dir=2; type=0; pingpong=0; private_global=1; linkage=7; visibility=0; IO mode=ap_ovld:ce=0
Port [ cordic_ctab_table_12]:  wired=0; compound=1; hidden=1; nouse=1; global=1; static=1; extern=0; dir=0; type=1; pingpong=0; private_global=0; linkage=7; visibility=0; MemPort=[1]; IO mode=ap_memory:ce=0
Port [ wheel_slipAngle]:  wired=0; compound=0; hidden=1; nouse=0; global=1; static=1; extern=0; dir=2; type=0; pingpong=0; private_global=1; linkage=7; visibility=0; IO mode=ap_ovld:ce=0
Port [ wheel_slipRatio]:  wired=0; compound=0; hidden=1; nouse=0; global=1; static=1; extern=0; dir=2; type=0; pingpong=0; private_global=1; linkage=7; visibility=0; IO mode=ap_ovld:ce=0
Port [ wheel_fz]:  wired=0; compound=0; hidden=1; nouse=0; global=1; static=1; extern=0; dir=2; type=0; pingpong=0; private_global=1; linkage=7; visibility=0; IO mode=ap_ovld:ce=0
Port [ wheel_fx]:  wired=0; compound=0; hidden=1; nouse=0; global=1; static=1; extern=0; dir=2; type=0; pingpong=0; private_global=1; linkage=7; visibility=0; IO mode=ap_ovld:ce=0
---------------- STG Properties END ------------------

---------------- Datapath Model BEGIN ----------------

<LifeTime>
<method=bitvector/>
steeringAngle_read     (read         ) [ 0010]
load_read              (read         ) [ 0010]
velocity_y_read        (read         ) [ 0010]
velocity_x_read        (read         ) [ 0010]
torque_read            (read         ) [ 0010]
deltaTime_read         (read         ) [ 0010]
call_ln19              (call         ) [ 0000]
specbitsmap_ln0        (specbitsmap  ) [ 0000]
specbitsmap_ln0        (specbitsmap  ) [ 0000]
specbitsmap_ln0        (specbitsmap  ) [ 0000]
specbitsmap_ln0        (specbitsmap  ) [ 0000]
specbitsmap_ln0        (specbitsmap  ) [ 0000]
specbitsmap_ln0        (specbitsmap  ) [ 0000]
specbitsmap_ln0        (specbitsmap  ) [ 0000]
specbitsmap_ln0        (specbitsmap  ) [ 0000]
specbitsmap_ln0        (specbitsmap  ) [ 0000]
specbitsmap_ln0        (specbitsmap  ) [ 0000]
specbitsmap_ln0        (specbitsmap  ) [ 0000]
spectopmodule_ln0      (spectopmodule) [ 0000]
wheel_slipRatio_load   (load         ) [ 0000]
write_ln20             (write        ) [ 0000]
wheel_slipAngle_load   (load         ) [ 0000]
write_ln21             (write        ) [ 0000]
wheel_fx_load          (load         ) [ 0000]
write_ln22             (write        ) [ 0000]
wheel_fz_load          (load         ) [ 0000]
write_ln23             (write        ) [ 0000]
wheel_angularVelocit_2 (load         ) [ 0000]
write_ln24             (write        ) [ 0000]
ret_ln25               (ret          ) [ 0000]
</LifeTime>

<model>

<comp_list>
<comp id="0" class="1000" name="deltaTime">
<pin_list>
<pin id="1" dir="1" index="0" bw="1" slack="0"/>
</pin_list>
<bind>
<StgValue><ssdm name="deltaTime"/></StgValue>
</bind>
</comp>

<comp id="2" class="1000" name="torque">
<pin_list>
<pin id="3" dir="1" index="0" bw="1" slack="0"/>
</pin_list>
<bind>
<StgValue><ssdm name="torque"/></StgValue>
</bind>
</comp>

<comp id="4" class="1000" name="velocity_x">
<pin_list>
<pin id="5" dir="1" index="0" bw="1" slack="0"/>
</pin_list>
<bind>
<StgValue><ssdm name="velocity_x"/></StgValue>
</bind>
</comp>

<comp id="6" class="1000" name="velocity_y">
<pin_list>
<pin id="7" dir="1" index="0" bw="1" slack="0"/>
</pin_list>
<bind>
<StgValue><ssdm name="velocity_y"/></StgValue>
</bind>
</comp>

<comp id="8" class="1000" name="load">
<pin_list>
<pin id="9" dir="1" index="0" bw="1" slack="0"/>
</pin_list>
<bind>
<StgValue><ssdm name="load"/></StgValue>
</bind>
</comp>

<comp id="10" class="1000" name="steeringAngle">
<pin_list>
<pin id="11" dir="1" index="0" bw="1" slack="0"/>
</pin_list>
<bind>
<StgValue><ssdm name="steeringAngle"/></StgValue>
</bind>
</comp>

<comp id="12" class="1000" name="slipRatio">
<pin_list>
<pin id="13" dir="1" index="0" bw="1" slack="0"/>
</pin_list>
<bind>
<StgValue><ssdm name="slipRatio"/></StgValue>
</bind>
</comp>

<comp id="14" class="1000" name="slipAngle">
<pin_list>
<pin id="15" dir="1" index="0" bw="1" slack="0"/>
</pin_list>
<bind>
<StgValue><ssdm name="slipAngle"/></StgValue>
</bind>
</comp>

<comp id="16" class="1000" name="force_x">
<pin_list>
<pin id="17" dir="1" index="0" bw="1" slack="0"/>
</pin_list>
<bind>
<StgValue><ssdm name="force_x"/></StgValue>
</bind>
</comp>

<comp id="18" class="1000" name="force_y">
<pin_list>
<pin id="19" dir="1" index="0" bw="1" slack="0"/>
</pin_list>
<bind>
<StgValue><ssdm name="force_y"/></StgValue>
</bind>
</comp>

<comp id="20" class="1000" name="angularVel">
<pin_list>
<pin id="21" dir="1" index="0" bw="1" slack="0"/>
</pin_list>
<bind>
<StgValue><ssdm name="angularVel"/></StgValue>
</bind>
</comp>

<comp id="22" class="1000" name="ref_4oPi_table_256_V">
<pin_list>
<pin id="23" dir="1" index="0" bw="1" slack="0"/>
</pin_list>
<bind>
<StgValue><ssdm name="ref_4oPi_table_256_V"/><MemPortTyVec>1 </MemPortTyVec>
</StgValue>
</bind>
</comp>

<comp id="24" class="1000" name="fourth_order_double_4">
<pin_list>
<pin id="25" dir="1" index="0" bw="1" slack="0"/>
</pin_list>
<bind>
<StgValue><ssdm name="fourth_order_double_4"/><MemPortTyVec>1 </MemPortTyVec>
</StgValue>
</bind>
</comp>

<comp id="26" class="1000" name="fourth_order_double_5">
<pin_list>
<pin id="27" dir="1" index="0" bw="1" slack="0"/>
</pin_list>
<bind>
<StgValue><ssdm name="fourth_order_double_5"/><MemPortTyVec>1 </MemPortTyVec>
</StgValue>
</bind>
</comp>

<comp id="28" class="1000" name="fourth_order_double_6">
<pin_list>
<pin id="29" dir="1" index="0" bw="1" slack="0"/>
</pin_list>
<bind>
<StgValue><ssdm name="fourth_order_double_6"/><MemPortTyVec>1 </MemPortTyVec>
</StgValue>
</bind>
</comp>

<comp id="30" class="1000" name="fourth_order_double_7">
<pin_list>
<pin id="31" dir="1" index="0" bw="1" slack="0"/>
</pin_list>
<bind>
<StgValue><ssdm name="fourth_order_double_7"/><MemPortTyVec>1 </MemPortTyVec>
</StgValue>
</bind>
</comp>

<comp id="32" class="1000" name="fourth_order_double_s">
<pin_list>
<pin id="33" dir="1" index="0" bw="1" slack="0"/>
</pin_list>
<bind>
<StgValue><ssdm name="fourth_order_double_s"/><MemPortTyVec>1 </MemPortTyVec>
</StgValue>
</bind>
</comp>

<comp id="34" class="1000" name="wheel_angularVelocit">
<pin_list>
<pin id="35" dir="1" index="0" bw="1" slack="0"/>
</pin_list>
<bind>
<StgValue><ssdm name="wheel_angularVelocit"/></StgValue>
</bind>
</comp>

<comp id="36" class="1000" name="cordic_ctab_table_12">
<pin_list>
<pin id="37" dir="1" index="0" bw="1" slack="0"/>
</pin_list>
<bind>
<StgValue><ssdm name="cordic_ctab_table_12"/><MemPortTyVec>1 </MemPortTyVec>
</StgValue>
</bind>
</comp>

<comp id="38" class="1000" name="wheel_slipAngle">
<pin_list>
<pin id="39" dir="1" index="0" bw="1" slack="0"/>
</pin_list>
<bind>
<StgValue><ssdm name="wheel_slipAngle"/></StgValue>
</bind>
</comp>

<comp id="40" class="1000" name="wheel_slipRatio">
<pin_list>
<pin id="41" dir="1" index="0" bw="1" slack="0"/>
</pin_list>
<bind>
<StgValue><ssdm name="wheel_slipRatio"/></StgValue>
</bind>
</comp>

<comp id="42" class="1000" name="wheel_fz">
<pin_list>
<pin id="43" dir="1" index="0" bw="1" slack="0"/>
</pin_list>
<bind>
<StgValue><ssdm name="wheel_fz"/></StgValue>
</bind>
</comp>

<comp id="44" class="1000" name="wheel_fx">
<pin_list>
<pin id="45" dir="1" index="0" bw="1" slack="0"/>
</pin_list>
<bind>
<StgValue><ssdm name="wheel_fx"/></StgValue>
</bind>
</comp>

<comp id="46" class="1001" name="const_46">
<pin_list>
<pin id="47" dir="1" index="0" bw="1" slack="0"/>
</pin_list>
<bind>
<StgValue><ssdm name="_ssdm_op_Read.ap_auto.float"/></StgValue>
</bind>
</comp>

<comp id="48" class="1001" name="const_48">
<pin_list>
<pin id="49" dir="1" index="0" bw="1" slack="0"/>
</pin_list>
<bind>
<StgValue><ssdm name="update"/></StgValue>
</bind>
</comp>

<comp id="50" class="1001" name="const_50">
<pin_list>
<pin id="51" dir="1" index="0" bw="1" slack="2147483647"/>
</pin_list>
<bind>
<StgValue><ssdm name="_ssdm_op_SpecBitsMap"/></StgValue>
</bind>
</comp>

<comp id="52" class="1001" name="const_52">
<pin_list>
<pin id="53" dir="1" index="0" bw="1" slack="2147483647"/>
</pin_list>
<bind>
<StgValue><ssdm name="_ssdm_op_SpecTopModule"/></StgValue>
</bind>
</comp>

<comp id="54" class="1001" name="const_54">
<pin_list>
<pin id="55" dir="1" index="0" bw="1" slack="2147483647"/>
</pin_list>
<bind>
<StgValue><ssdm name="top_level_wheel_str"/></StgValue>
</bind>
</comp>

<comp id="56" class="1001" name="const_56">
<pin_list>
<pin id="57" dir="1" index="0" bw="1" slack="0"/>
</pin_list>
<bind>
<StgValue><ssdm name="_ssdm_op_Write.ap_auto.floatP"/></StgValue>
</bind>
</comp>

<comp id="58" class="1004" name="steeringAngle_read_read_fu_58">
<pin_list>
<pin id="59" dir="0" index="0" bw="32" slack="0"/>
<pin id="60" dir="0" index="1" bw="32" slack="0"/>
<pin id="61" dir="1" index="2" bw="32" slack="0"/>
</pin_list>
<bind>
<opcode="read(1150) " fcode="read"/>
<opset="steeringAngle_read/1 "/>
</bind>
</comp>

<comp id="64" class="1004" name="load_read_read_fu_64">
<pin_list>
<pin id="65" dir="0" index="0" bw="32" slack="0"/>
<pin id="66" dir="0" index="1" bw="32" slack="0"/>
<pin id="67" dir="1" index="2" bw="32" slack="0"/>
</pin_list>
<bind>
<opcode="read(1150) " fcode="read"/>
<opset="load_read/1 "/>
</bind>
</comp>

<comp id="70" class="1004" name="velocity_y_read_read_fu_70">
<pin_list>
<pin id="71" dir="0" index="0" bw="32" slack="0"/>
<pin id="72" dir="0" index="1" bw="32" slack="0"/>
<pin id="73" dir="1" index="2" bw="32" slack="0"/>
</pin_list>
<bind>
<opcode="read(1150) " fcode="read"/>
<opset="velocity_y_read/1 "/>
</bind>
</comp>

<comp id="76" class="1004" name="velocity_x_read_read_fu_76">
<pin_list>
<pin id="77" dir="0" index="0" bw="32" slack="0"/>
<pin id="78" dir="0" index="1" bw="32" slack="0"/>
<pin id="79" dir="1" index="2" bw="32" slack="0"/>
</pin_list>
<bind>
<opcode="read(1150) " fcode="read"/>
<opset="velocity_x_read/1 "/>
</bind>
</comp>

<comp id="82" class="1004" name="torque_read_read_fu_82">
<pin_list>
<pin id="83" dir="0" index="0" bw="32" slack="0"/>
<pin id="84" dir="0" index="1" bw="32" slack="0"/>
<pin id="85" dir="1" index="2" bw="32" slack="0"/>
</pin_list>
<bind>
<opcode="read(1150) " fcode="read"/>
<opset="torque_read/1 "/>
</bind>
</comp>

<comp id="88" class="1004" name="deltaTime_read_read_fu_88">
<pin_list>
<pin id="89" dir="0" index="0" bw="32" slack="0"/>
<pin id="90" dir="0" index="1" bw="32" slack="0"/>
<pin id="91" dir="1" index="2" bw="32" slack="0"/>
</pin_list>
<bind>
<opcode="read(1150) " fcode="read"/>
<opset="deltaTime_read/1 "/>
</bind>
</comp>

<comp id="94" class="1004" name="write_ln20_write_fu_94">
<pin_list>
<pin id="95" dir="0" index="0" bw="0" slack="0"/>
<pin id="96" dir="0" index="1" bw="32" slack="0"/>
<pin id="97" dir="0" index="2" bw="32" slack="0"/>
<pin id="98" dir="1" index="3" bw="0" slack="2147483647"/>
</pin_list>
<bind>
<opcode="write(1151) " fcode="write"/>
<opset="write_ln20/3 "/>
</bind>
</comp>

<comp id="101" class="1004" name="write_ln21_write_fu_101">
<pin_list>
<pin id="102" dir="0" index="0" bw="0" slack="0"/>
<pin id="103" dir="0" index="1" bw="32" slack="0"/>
<pin id="104" dir="0" index="2" bw="32" slack="0"/>
<pin id="105" dir="1" index="3" bw="0" slack="2147483647"/>
</pin_list>
<bind>
<opcode="write(1151) " fcode="write"/>
<opset="write_ln21/3 "/>
</bind>
</comp>

<comp id="108" class="1004" name="write_ln22_write_fu_108">
<pin_list>
<pin id="109" dir="0" index="0" bw="0" slack="0"/>
<pin id="110" dir="0" index="1" bw="32" slack="0"/>
<pin id="111" dir="0" index="2" bw="32" slack="0"/>
<pin id="112" dir="1" index="3" bw="0" slack="2147483647"/>
</pin_list>
<bind>
<opcode="write(1151) " fcode="write"/>
<opset="write_ln22/3 "/>
</bind>
</comp>

<comp id="115" class="1004" name="write_ln23_write_fu_115">
<pin_list>
<pin id="116" dir="0" index="0" bw="0" slack="0"/>
<pin id="117" dir="0" index="1" bw="32" slack="0"/>
<pin id="118" dir="0" index="2" bw="32" slack="0"/>
<pin id="119" dir="1" index="3" bw="0" slack="2147483647"/>
</pin_list>
<bind>
<opcode="write(1151) " fcode="write"/>
<opset="write_ln23/3 "/>
</bind>
</comp>

<comp id="122" class="1004" name="write_ln24_write_fu_122">
<pin_list>
<pin id="123" dir="0" index="0" bw="0" slack="0"/>
<pin id="124" dir="0" index="1" bw="32" slack="0"/>
<pin id="125" dir="0" index="2" bw="32" slack="0"/>
<pin id="126" dir="1" index="3" bw="0" slack="2147483647"/>
</pin_list>
<bind>
<opcode="write(1151) " fcode="write"/>
<opset="write_ln24/3 "/>
</bind>
</comp>

<comp id="129" class="1004" name="grp_update_fu_129">
<pin_list>
<pin id="130" dir="0" index="0" bw="0" slack="0"/>
<pin id="131" dir="0" index="1" bw="32" slack="0"/>
<pin id="132" dir="0" index="2" bw="32" slack="0"/>
<pin id="133" dir="0" index="3" bw="32" slack="0"/>
<pin id="134" dir="0" index="4" bw="32" slack="0"/>
<pin id="135" dir="0" index="5" bw="32" slack="0"/>
<pin id="136" dir="0" index="6" bw="32" slack="0"/>
<pin id="137" dir="0" index="7" bw="256" slack="0"/>
<pin id="138" dir="0" index="8" bw="59" slack="0"/>
<pin id="139" dir="0" index="9" bw="52" slack="0"/>
<pin id="140" dir="0" index="10" bw="44" slack="0"/>
<pin id="141" dir="0" index="11" bw="33" slack="0"/>
<pin id="142" dir="0" index="12" bw="25" slack="0"/>
<pin id="143" dir="0" index="13" bw="32" slack="0"/>
<pin id="144" dir="0" index="14" bw="126" slack="0"/>
<pin id="145" dir="0" index="15" bw="32" slack="0"/>
<pin id="146" dir="0" index="16" bw="32" slack="0"/>
<pin id="147" dir="0" index="17" bw="32" slack="0"/>
<pin id="148" dir="0" index="18" bw="32" slack="0"/>
<pin id="149" dir="1" index="19" bw="0" slack="2147483647"/>
</pin_list>
<bind>
<opcode="call(48) " fcode="call"/>
<opset="call_ln19/1 "/>
</bind>
</comp>

<comp id="169" class="1004" name="wheel_slipRatio_load_load_fu_169">
<pin_list>
<pin id="170" dir="0" index="0" bw="32" slack="0"/>
<pin id="171" dir="1" index="1" bw="32" slack="0"/>
</pin_list>
<bind>
<opcode="load(27) " fcode="load"/>
<opset="wheel_slipRatio_load/3 "/>
</bind>
</comp>

<comp id="174" class="1004" name="wheel_slipAngle_load_load_fu_174">
<pin_list>
<pin id="175" dir="0" index="0" bw="32" slack="0"/>
<pin id="176" dir="1" index="1" bw="32" slack="0"/>
</pin_list>
<bind>
<opcode="load(27) " fcode="load"/>
<opset="wheel_slipAngle_load/3 "/>
</bind>
</comp>

<comp id="179" class="1004" name="wheel_fx_load_load_fu_179">
<pin_list>
<pin id="180" dir="0" index="0" bw="32" slack="0"/>
<pin id="181" dir="1" index="1" bw="32" slack="0"/>
</pin_list>
<bind>
<opcode="load(27) " fcode="load"/>
<opset="wheel_fx_load/3 "/>
</bind>
</comp>

<comp id="184" class="1004" name="wheel_fz_load_load_fu_184">
<pin_list>
<pin id="185" dir="0" index="0" bw="32" slack="0"/>
<pin id="186" dir="1" index="1" bw="32" slack="0"/>
</pin_list>
<bind>
<opcode="load(27) " fcode="load"/>
<opset="wheel_fz_load/3 "/>
</bind>
</comp>

<comp id="189" class="1004" name="wheel_angularVelocit_2_load_fu_189">
<pin_list>
<pin id="190" dir="0" index="0" bw="32" slack="0"/>
<pin id="191" dir="1" index="1" bw="32" slack="0"/>
</pin_list>
<bind>
<opcode="load(27) " fcode="load"/>
<opset="wheel_angularVelocit_2/3 "/>
</bind>
</comp>

<comp id="194" class="1005" name="steeringAngle_read_reg_194">
<pin_list>
<pin id="195" dir="0" index="0" bw="32" slack="1"/>
<pin id="196" dir="1" index="1" bw="32" slack="1"/>
</pin_list>
<bind>
<opset="steeringAngle_read "/>
</bind>
</comp>

<comp id="199" class="1005" name="load_read_reg_199">
<pin_list>
<pin id="200" dir="0" index="0" bw="32" slack="1"/>
<pin id="201" dir="1" index="1" bw="32" slack="1"/>
</pin_list>
<bind>
<opset="load_read "/>
</bind>
</comp>

<comp id="204" class="1005" name="velocity_y_read_reg_204">
<pin_list>
<pin id="205" dir="0" index="0" bw="32" slack="1"/>
<pin id="206" dir="1" index="1" bw="32" slack="1"/>
</pin_list>
<bind>
<opset="velocity_y_read "/>
</bind>
</comp>

<comp id="209" class="1005" name="velocity_x_read_reg_209">
<pin_list>
<pin id="210" dir="0" index="0" bw="32" slack="1"/>
<pin id="211" dir="1" index="1" bw="32" slack="1"/>
</pin_list>
<bind>
<opset="velocity_x_read "/>
</bind>
</comp>

<comp id="214" class="1005" name="torque_read_reg_214">
<pin_list>
<pin id="215" dir="0" index="0" bw="32" slack="1"/>
<pin id="216" dir="1" index="1" bw="32" slack="1"/>
</pin_list>
<bind>
<opset="torque_read "/>
</bind>
</comp>

<comp id="219" class="1005" name="deltaTime_read_reg_219">
<pin_list>
<pin id="220" dir="0" index="0" bw="32" slack="1"/>
<pin id="221" dir="1" index="1" bw="32" slack="1"/>
</pin_list>
<bind>
<opset="deltaTime_read "/>
</bind>
</comp>

</comp_list>

<net_list>
<net id="62"><net_src comp="46" pin="0"/><net_sink comp="58" pin=0"/></net>

<net id="63"><net_src comp="10" pin="0"/><net_sink comp="58" pin=1"/></net>

<net id="68"><net_src comp="46" pin="0"/><net_sink comp="64" pin=0"/></net>

<net id="69"><net_src comp="8" pin="0"/><net_sink comp="64" pin=1"/></net>

<net id="74"><net_src comp="46" pin="0"/><net_sink comp="70" pin=0"/></net>

<net id="75"><net_src comp="6" pin="0"/><net_sink comp="70" pin=1"/></net>

<net id="80"><net_src comp="46" pin="0"/><net_sink comp="76" pin=0"/></net>

<net id="81"><net_src comp="4" pin="0"/><net_sink comp="76" pin=1"/></net>

<net id="86"><net_src comp="46" pin="0"/><net_sink comp="82" pin=0"/></net>

<net id="87"><net_src comp="2" pin="0"/><net_sink comp="82" pin=1"/></net>

<net id="92"><net_src comp="46" pin="0"/><net_sink comp="88" pin=0"/></net>

<net id="93"><net_src comp="0" pin="0"/><net_sink comp="88" pin=1"/></net>

<net id="99"><net_src comp="56" pin="0"/><net_sink comp="94" pin=0"/></net>

<net id="100"><net_src comp="12" pin="0"/><net_sink comp="94" pin=1"/></net>

<net id="106"><net_src comp="56" pin="0"/><net_sink comp="101" pin=0"/></net>

<net id="107"><net_src comp="14" pin="0"/><net_sink comp="101" pin=1"/></net>

<net id="113"><net_src comp="56" pin="0"/><net_sink comp="108" pin=0"/></net>

<net id="114"><net_src comp="16" pin="0"/><net_sink comp="108" pin=1"/></net>

<net id="120"><net_src comp="56" pin="0"/><net_sink comp="115" pin=0"/></net>

<net id="121"><net_src comp="18" pin="0"/><net_sink comp="115" pin=1"/></net>

<net id="127"><net_src comp="56" pin="0"/><net_sink comp="122" pin=0"/></net>

<net id="128"><net_src comp="20" pin="0"/><net_sink comp="122" pin=1"/></net>

<net id="150"><net_src comp="48" pin="0"/><net_sink comp="129" pin=0"/></net>

<net id="151"><net_src comp="88" pin="2"/><net_sink comp="129" pin=1"/></net>

<net id="152"><net_src comp="82" pin="2"/><net_sink comp="129" pin=2"/></net>

<net id="153"><net_src comp="76" pin="2"/><net_sink comp="129" pin=3"/></net>

<net id="154"><net_src comp="70" pin="2"/><net_sink comp="129" pin=4"/></net>

<net id="155"><net_src comp="64" pin="2"/><net_sink comp="129" pin=5"/></net>

<net id="156"><net_src comp="58" pin="2"/><net_sink comp="129" pin=6"/></net>

<net id="157"><net_src comp="22" pin="0"/><net_sink comp="129" pin=7"/></net>

<net id="158"><net_src comp="24" pin="0"/><net_sink comp="129" pin=8"/></net>

<net id="159"><net_src comp="26" pin="0"/><net_sink comp="129" pin=9"/></net>

<net id="160"><net_src comp="28" pin="0"/><net_sink comp="129" pin=10"/></net>

<net id="161"><net_src comp="30" pin="0"/><net_sink comp="129" pin=11"/></net>

<net id="162"><net_src comp="32" pin="0"/><net_sink comp="129" pin=12"/></net>

<net id="163"><net_src comp="34" pin="0"/><net_sink comp="129" pin=13"/></net>

<net id="164"><net_src comp="36" pin="0"/><net_sink comp="129" pin=14"/></net>

<net id="165"><net_src comp="38" pin="0"/><net_sink comp="129" pin=15"/></net>

<net id="166"><net_src comp="40" pin="0"/><net_sink comp="129" pin=16"/></net>

<net id="167"><net_src comp="42" pin="0"/><net_sink comp="129" pin=17"/></net>

<net id="168"><net_src comp="44" pin="0"/><net_sink comp="129" pin=18"/></net>

<net id="172"><net_src comp="40" pin="0"/><net_sink comp="169" pin=0"/></net>

<net id="173"><net_src comp="169" pin="1"/><net_sink comp="94" pin=2"/></net>

<net id="177"><net_src comp="38" pin="0"/><net_sink comp="174" pin=0"/></net>

<net id="178"><net_src comp="174" pin="1"/><net_sink comp="101" pin=2"/></net>

<net id="182"><net_src comp="44" pin="0"/><net_sink comp="179" pin=0"/></net>

<net id="183"><net_src comp="179" pin="1"/><net_sink comp="108" pin=2"/></net>

<net id="187"><net_src comp="42" pin="0"/><net_sink comp="184" pin=0"/></net>

<net id="188"><net_src comp="184" pin="1"/><net_sink comp="115" pin=2"/></net>

<net id="192"><net_src comp="34" pin="0"/><net_sink comp="189" pin=0"/></net>

<net id="193"><net_src comp="189" pin="1"/><net_sink comp="122" pin=2"/></net>

<net id="197"><net_src comp="58" pin="2"/><net_sink comp="194" pin=0"/></net>

<net id="198"><net_src comp="194" pin="1"/><net_sink comp="129" pin=6"/></net>

<net id="202"><net_src comp="64" pin="2"/><net_sink comp="199" pin=0"/></net>

<net id="203"><net_src comp="199" pin="1"/><net_sink comp="129" pin=5"/></net>

<net id="207"><net_src comp="70" pin="2"/><net_sink comp="204" pin=0"/></net>

<net id="208"><net_src comp="204" pin="1"/><net_sink comp="129" pin=4"/></net>

<net id="212"><net_src comp="76" pin="2"/><net_sink comp="209" pin=0"/></net>

<net id="213"><net_src comp="209" pin="1"/><net_sink comp="129" pin=3"/></net>

<net id="217"><net_src comp="82" pin="2"/><net_sink comp="214" pin=0"/></net>

<net id="218"><net_src comp="214" pin="1"/><net_sink comp="129" pin=2"/></net>

<net id="222"><net_src comp="88" pin="2"/><net_sink comp="219" pin=0"/></net>

<net id="223"><net_src comp="219" pin="1"/><net_sink comp="129" pin=1"/></net>

</net_list>

</model> 
---------------- Datapath Model END ------------------

* FSMD analyzer results:
  - Output states:
	Port: slipRatio | {3 }
	Port: slipAngle | {3 }
	Port: force_x | {3 }
	Port: force_y | {3 }
	Port: angularVel | {3 }
	Port: wheel_angularVelocit | {1 2 }
	Port: wheel_slipAngle | {1 2 }
	Port: wheel_slipRatio | {1 2 }
	Port: wheel_fz | {1 2 }
	Port: wheel_fx | {1 2 }
 - Input state : 
	Port: top_level_wheel : deltaTime | {1 }
	Port: top_level_wheel : torque | {1 }
	Port: top_level_wheel : velocity_x | {1 }
	Port: top_level_wheel : velocity_y | {1 }
	Port: top_level_wheel : load | {1 }
	Port: top_level_wheel : steeringAngle | {1 }
	Port: top_level_wheel : ref_4oPi_table_256_V | {1 2 }
	Port: top_level_wheel : fourth_order_double_4 | {1 2 }
	Port: top_level_wheel : fourth_order_double_5 | {1 2 }
	Port: top_level_wheel : fourth_order_double_6 | {1 2 }
	Port: top_level_wheel : fourth_order_double_7 | {1 2 }
	Port: top_level_wheel : fourth_order_double_s | {1 2 }
	Port: top_level_wheel : wheel_angularVelocit | {1 2 3 }
	Port: top_level_wheel : cordic_ctab_table_12 | {1 2 }
	Port: top_level_wheel : wheel_slipAngle | {3 }
	Port: top_level_wheel : wheel_slipRatio | {3 }
	Port: top_level_wheel : wheel_fz | {3 }
	Port: top_level_wheel : wheel_fx | {3 }
  - Chain level:
	State 1
	State 2
	State 3
		write_ln20 : 1
		write_ln21 : 1
		write_ln22 : 1
		write_ln23 : 1
		write_ln24 : 1


============================================================
+ Verbose Summary: Datapath Resource usage 
============================================================

* Functional unit list:
|----------|-------------------------------|---------|---------|---------|---------|
| Operation|        Functional Unit        |  DSP48E |  Delay  |    FF   |   LUT   |
|----------|-------------------------------|---------|---------|---------|---------|
|   call   |       grp_update_fu_129       |   238   | 48.1013 |  19103  |  30055  |
|----------|-------------------------------|---------|---------|---------|---------|
|          | steeringAngle_read_read_fu_58 |    0    |    0    |    0    |    0    |
|          |      load_read_read_fu_64     |    0    |    0    |    0    |    0    |
|   read   |   velocity_y_read_read_fu_70  |    0    |    0    |    0    |    0    |
|          |   velocity_x_read_read_fu_76  |    0    |    0    |    0    |    0    |
|          |     torque_read_read_fu_82    |    0    |    0    |    0    |    0    |
|          |   deltaTime_read_read_fu_88   |    0    |    0    |    0    |    0    |
|----------|-------------------------------|---------|---------|---------|---------|
|          |     write_ln20_write_fu_94    |    0    |    0    |    0    |    0    |
|          |    write_ln21_write_fu_101    |    0    |    0    |    0    |    0    |
|   write  |    write_ln22_write_fu_108    |    0    |    0    |    0    |    0    |
|          |    write_ln23_write_fu_115    |    0    |    0    |    0    |    0    |
|          |    write_ln24_write_fu_122    |    0    |    0    |    0    |    0    |
|----------|-------------------------------|---------|---------|---------|---------|
|   Total  |                               |   238   | 48.1013 |  19103  |  30055  |
|----------|-------------------------------|---------|---------|---------|---------|

Memories:
+---------------------+--------+--------+--------+
|                     |  BRAM  |   FF   |   LUT  |
+---------------------+--------+--------+--------+
| cordic_ctab_table_12|    4   |    0   |    0   |
|fourth_order_double_4|    -   |   59   |   236  |
|fourth_order_double_5|    -   |   52   |   208  |
|fourth_order_double_6|    -   |   44   |   176  |
|fourth_order_double_7|    -   |   33   |   132  |
|fourth_order_double_s|    -   |   25   |   100  |
| ref_4oPi_table_256_V|    8   |    0   |    0   |
+---------------------+--------+--------+--------+
|        Total        |   12   |   213  |   852  |
+---------------------+--------+--------+--------+

* Register list:
+--------------------------+--------+
|                          |   FF   |
+--------------------------+--------+
|  deltaTime_read_reg_219  |   32   |
|     load_read_reg_199    |   32   |
|steeringAngle_read_reg_194|   32   |
|    torque_read_reg_214   |   32   |
|  velocity_x_read_reg_209 |   32   |
|  velocity_y_read_reg_204 |   32   |
+--------------------------+--------+
|           Total          |   192  |
+--------------------------+--------+

* Multiplexer (MUX) list: 
|-------------------|------|------|------|--------||---------||---------|
|        Comp       |  Pin | Size |  BW  | S x BW ||  Delay  ||   LUT   |
|-------------------|------|------|------|--------||---------||---------|
| grp_update_fu_129 |  p1  |   2  |  32  |   64   ||    9    |
| grp_update_fu_129 |  p2  |   2  |  32  |   64   ||    9    |
| grp_update_fu_129 |  p3  |   2  |  32  |   64   ||    9    |
| grp_update_fu_129 |  p4  |   2  |  32  |   64   ||    9    |
| grp_update_fu_129 |  p5  |   2  |  32  |   64   ||    9    |
| grp_update_fu_129 |  p6  |   2  |  32  |   64   ||    9    |
|-------------------|------|------|------|--------||---------||---------|
|       Total       |      |      |      |   384  ||  5.232  ||    54   |
|-------------------|------|------|------|--------||---------||---------|



* Summary:
+-----------+--------+--------+--------+--------+--------+
|           |  BRAM  | DSP48E |  Delay |   FF   |   LUT  |
+-----------+--------+--------+--------+--------+--------+
|  Function |    -   |   238  |   48   |  19103 |  30055 |
|   Memory  |   12   |    -   |    -   |   213  |   852  |
|Multiplexer|    -   |    -   |    5   |    -   |   54   |
|  Register |    -   |    -   |    -   |   192  |    -   |
+-----------+--------+--------+--------+--------+--------+
|   Total   |   12   |   238  |   53   |  19508 |  30961 |
+-----------+--------+--------+--------+--------+--------+
