

================================================================
== Vivado HLS Report for 'top_level'
================================================================
* Date:           Tue Aug 11 15:46:11 2020

* Version:        2019.1 (Build 2552052 on Fri May 24 15:28:33 MDT 2019)
* Project:        CarSimOnFPGA
* Solution:       solution2
* Product family: kintex7
* Target device:  xc7k325t-ffg900-2


================================================================
== Performance Estimates
================================================================
+ Timing (ns): 
    * Summary: 
    +--------+-------+----------+------------+
    |  Clock | Target| Estimated| Uncertainty|
    +--------+-------+----------+------------+
    |ap_clk  |  10.00|     9.466|        1.25|
    +--------+-------+----------+------------+

+ Latency (clock cycles): 
    * Summary: 
    +-----+------+-----+------+---------+
    |   Latency  |  Interval  | Pipeline|
    | min |  max | min |  max |   Type  |
    +-----+------+-----+------+---------+
    |  449|  2537|  449|  2537|   none  |
    +-----+------+-----+------+---------+

    + Detail: 
        * Instance: 
        +---------------------+----------+-----+------+-----+------+---------+
        |                     |          |   Latency  |  Interval  | Pipeline|
        |       Instance      |  Module  | min |  max | min |  max |   Type  |
        +---------------------+----------+-----+------+-----+------+---------+
        |grp_update_1_fu_109  |update_1  |  447|  2535|  447|  2535|   none  |
        +---------------------+----------+-----+------+-----+------+---------+

        * Loop: 
        N/A



================================================================
== Utilization Estimates
================================================================
* Summary: 
+-----------------+---------+-------+--------+--------+-----+
|       Name      | BRAM_18K| DSP48E|   FF   |   LUT  | URAM|
+-----------------+---------+-------+--------+--------+-----+
|DSP              |        -|      -|       -|       -|    -|
|Expression       |        -|      -|       -|       -|    -|
|FIFO             |        -|      -|       -|       -|    -|
|Instance         |       56|    750|   49516|   86208|    -|
|Memory           |        -|      -|       -|       -|    -|
|Multiplexer      |        -|      -|       -|      17|    -|
|Register         |        -|      -|      36|       -|    -|
+-----------------+---------+-------+--------+--------+-----+
|Total            |       56|    750|   49552|   86225|    0|
+-----------------+---------+-------+--------+--------+-----+
|Available        |      890|    840|  407600|  203800|    0|
+-----------------+---------+-------+--------+--------+-----+
|Utilization (%)  |        6|     89|      12|      42|    0|
+-----------------+---------+-------+--------+--------+-----+

+ Detail: 
    * Instance: 
    +---------------------+----------+---------+-------+-------+-------+-----+
    |       Instance      |  Module  | BRAM_18K| DSP48E|   FF  |  LUT  | URAM|
    +---------------------+----------+---------+-------+-------+-------+-----+
    |grp_update_1_fu_109  |update_1  |       56|    750|  49516|  86208|    0|
    +---------------------+----------+---------+-------+-------+-------+-----+
    |Total                |          |       56|    750|  49516|  86208|    0|
    +---------------------+----------+---------+-------+-------+-------+-----+

    * DSP48E: 
    N/A

    * Memory: 
    N/A

    * FIFO: 
    N/A

    * Expression: 
    N/A

    * Multiplexer: 
    +-----------+----+-----------+-----+-----------+
    |    Name   | LUT| Input Size| Bits| Total Bits|
    +-----------+----+-----------+-----+-----------+
    |ap_NS_fsm  |  17|          4|    1|          4|
    +-----------+----+-----------+-----+-----------+
    |Total      |  17|          4|    1|          4|
    +-----------+----+-----------+-----+-----------+

    * Register: 
    +----------------------------------+----+----+-----+-----------+
    |               Name               | FF | LUT| Bits| Const Bits|
    +----------------------------------+----+----+-----+-----------+
    |ap_CS_fsm                         |   3|   0|    3|          0|
    |car_chassis_vel_x                 |  32|   0|   32|          0|
    |grp_update_1_fu_109_ap_start_reg  |   1|   0|    1|          0|
    +----------------------------------+----+----+-----+-----------+
    |Total                             |  36|   0|   36|          0|
    +----------------------------------+----+----+-----+-----------+



================================================================
== Interface
================================================================
* Summary: 
+---------------+-----+-----+------------+---------------+--------------+
|   RTL Ports   | Dir | Bits|  Protocol  | Source Object |    C Type    |
+---------------+-----+-----+------------+---------------+--------------+
|ap_clk         |  in |    1| ap_ctrl_hs |   top_level   | return value |
|ap_rst         |  in |    1| ap_ctrl_hs |   top_level   | return value |
|ap_start       |  in |    1| ap_ctrl_hs |   top_level   | return value |
|ap_done        | out |    1| ap_ctrl_hs |   top_level   | return value |
|ap_idle        | out |    1| ap_ctrl_hs |   top_level   | return value |
|ap_ready       | out |    1| ap_ctrl_hs |   top_level   | return value |
|deltaTime      |  in |   32|   ap_none  |   deltaTime   |    scalar    |
|torque         |  in |   32|   ap_none  |     torque    |    scalar    |
|steeringAngle  |  in |   32|   ap_none  | steeringAngle |    scalar    |
|pos_x          | out |   32|   ap_vld   |     pos_x     |    pointer   |
|pos_x_ap_vld   | out |    1|   ap_vld   |     pos_x     |    pointer   |
|pos_z          | out |   32|   ap_vld   |     pos_z     |    pointer   |
|pos_z_ap_vld   | out |    1|   ap_vld   |     pos_z     |    pointer   |
|vel_x          | out |   32|   ap_vld   |     vel_x     |    pointer   |
|vel_x_ap_vld   | out |    1|   ap_vld   |     vel_x     |    pointer   |
+---------------+-----+-----+------------+---------------+--------------+

============================================================
+ Verbose Summary: Synthesis Manager
============================================================
InlineROM: 1
ExposeGlobal: 0
============================================================
+ Verbose Summary: CDFG Model
============================================================
IsTopModel: 1
ResetActiveHigh: 1
IsCombinational: 2
IsDatapathOnly: 2
HasWiredReturn: 1
HasMFsm: 0
HasVarLatency: 1
IsPipeline: 0
IsRtlPipelined: 0
IsInstanceOverlapped: 0
IsDontTouch: 0
HasImplIP: 0
IsGatedGlobalClock: 0


============================================================
+ Verbose Summary: Schedule
============================================================
* Number of FSM states : 3
* Pipeline : 0
* Dataflow Pipeline: 0

* FSM state transitions: 
1 --> 2 
2 --> 3 
3 --> 

* FSM state operations: 

State 1 <SV = 0> <Delay = 8.75>
ST_1 : Operation 4 [1/1] (0.00ns)   --->   "%steeringAngle_read = call float @_ssdm_op_Read.ap_auto.float(float %steeringAngle) nounwind" [CarSimOnFPGA/top_level.cpp:24]   --->   Operation 4 'read' 'steeringAngle_read' <Predicate = true> <Delay = 0.00>
ST_1 : Operation 5 [1/1] (0.00ns)   --->   "%torque_read = call float @_ssdm_op_Read.ap_auto.float(float %torque) nounwind" [CarSimOnFPGA/top_level.cpp:24]   --->   Operation 5 'read' 'torque_read' <Predicate = true> <Delay = 0.00>
ST_1 : Operation 6 [1/1] (0.00ns)   --->   "%deltaTime_read = call float @_ssdm_op_Read.ap_auto.float(float %deltaTime) nounwind" [CarSimOnFPGA/top_level.cpp:24]   --->   Operation 6 'read' 'deltaTime_read' <Predicate = true> <Delay = 0.00>
ST_1 : Operation 7 [2/2] (8.75ns)   --->   "%call_ret = call fastcc { float, float } @update.1(float %deltaTime_read, float %torque_read, float %steeringAngle_read)" [CarSimOnFPGA/top_level.cpp:32]   --->   Operation 7 'call' 'call_ret' <Predicate = true> <Delay = 8.75> <CoreType = "Generic">   --->   Core 0 '' <Latency = 0> <II = 1> <Delay = 1.00> <Generic> <Opcode : >

State 2 <SV = 1> <Delay = 6.43>
ST_2 : Operation 8 [1/2] (6.43ns)   --->   "%call_ret = call fastcc { float, float } @update.1(float %deltaTime_read, float %torque_read, float %steeringAngle_read)" [CarSimOnFPGA/top_level.cpp:32]   --->   Operation 8 'call' 'call_ret' <Predicate = true> <Delay = 6.43> <CoreType = "Generic">   --->   Core 0 '' <Latency = 0> <II = 1> <Delay = 1.00> <Generic> <Opcode : >
ST_2 : Operation 9 [1/1] (0.00ns)   --->   "%pos_x_ret = extractvalue { float, float } %call_ret, 0" [CarSimOnFPGA/top_level.cpp:32]   --->   Operation 9 'extractvalue' 'pos_x_ret' <Predicate = true> <Delay = 0.00>
ST_2 : Operation 10 [1/1] (0.00ns)   --->   "call void @_ssdm_op_Write.ap_auto.floatP(float* %pos_x, float %pos_x_ret) nounwind" [CarSimOnFPGA/top_level.cpp:32]   --->   Operation 10 'write' <Predicate = true> <Delay = 0.00>
ST_2 : Operation 11 [1/1] (0.00ns)   --->   "%pos_z_ret = extractvalue { float, float } %call_ret, 1" [CarSimOnFPGA/top_level.cpp:32]   --->   Operation 11 'extractvalue' 'pos_z_ret' <Predicate = true> <Delay = 0.00>
ST_2 : Operation 12 [1/1] (0.00ns)   --->   "call void @_ssdm_op_Write.ap_auto.floatP(float* %pos_z, float %pos_z_ret) nounwind" [CarSimOnFPGA/top_level.cpp:32]   --->   Operation 12 'write' <Predicate = true> <Delay = 0.00>

State 3 <SV = 2> <Delay = 0.00>
ST_3 : Operation 13 [1/1] (0.00ns)   --->   "call void (...)* @_ssdm_op_SpecBitsMap(float %deltaTime) nounwind, !map !36"   --->   Operation 13 'specbitsmap' <Predicate = true> <Delay = 0.00>
ST_3 : Operation 14 [1/1] (0.00ns)   --->   "call void (...)* @_ssdm_op_SpecBitsMap(float %torque) nounwind, !map !42"   --->   Operation 14 'specbitsmap' <Predicate = true> <Delay = 0.00>
ST_3 : Operation 15 [1/1] (0.00ns)   --->   "call void (...)* @_ssdm_op_SpecBitsMap(float %steeringAngle) nounwind, !map !46"   --->   Operation 15 'specbitsmap' <Predicate = true> <Delay = 0.00>
ST_3 : Operation 16 [1/1] (0.00ns)   --->   "call void (...)* @_ssdm_op_SpecBitsMap(float* %pos_x) nounwind, !map !50"   --->   Operation 16 'specbitsmap' <Predicate = true> <Delay = 0.00>
ST_3 : Operation 17 [1/1] (0.00ns)   --->   "call void (...)* @_ssdm_op_SpecBitsMap(float* %pos_z) nounwind, !map !56"   --->   Operation 17 'specbitsmap' <Predicate = true> <Delay = 0.00>
ST_3 : Operation 18 [1/1] (0.00ns)   --->   "call void (...)* @_ssdm_op_SpecBitsMap(float* %vel_x) nounwind, !map !60"   --->   Operation 18 'specbitsmap' <Predicate = true> <Delay = 0.00>
ST_3 : Operation 19 [1/1] (0.00ns)   --->   "call void (...)* @_ssdm_op_SpecTopModule([10 x i8]* @top_level_str) nounwind"   --->   Operation 19 'spectopmodule' <Predicate = true> <Delay = 0.00>
ST_3 : Operation 20 [1/1] (0.00ns)   --->   "%car_chassis_vel_x_lo = load float* @car_chassis_vel_x, align 4" [CarSimOnFPGA/top_level.cpp:33]   --->   Operation 20 'load' 'car_chassis_vel_x_lo' <Predicate = true> <Delay = 0.00>
ST_3 : Operation 21 [1/1] (0.00ns)   --->   "call void @_ssdm_op_Write.ap_auto.floatP(float* %vel_x, float %car_chassis_vel_x_lo) nounwind" [CarSimOnFPGA/top_level.cpp:33]   --->   Operation 21 'write' <Predicate = true> <Delay = 0.00>
ST_3 : Operation 22 [1/1] (0.00ns)   --->   "ret void" [CarSimOnFPGA/top_level.cpp:34]   --->   Operation 22 'ret' <Predicate = true> <Delay = 0.00>


============================================================
+ Verbose Summary: Binding
============================================================
STG Binding: 
---------------- STG Properties BEGIN ----------------
- Is combinational: 0
- Is one-state seq: 0
- Is datapath-only: 0
- Is pipelined: 0
- Is top level: 1
Port [ Return ] is wired: 1; IO mode=ap_ctrl_hs:ce=0
Port [ deltaTime]:  wired=1; compound=0; hidden=0; nouse=0; global=0; static=0; extern=0; dir=0; type=0; pingpong=0; private_global=0; IO mode=ap_none:ce=0
Port [ torque]:  wired=1; compound=0; hidden=0; nouse=0; global=0; static=0; extern=0; dir=0; type=0; pingpong=0; private_global=0; IO mode=ap_none:ce=0
Port [ steeringAngle]:  wired=1; compound=0; hidden=0; nouse=0; global=0; static=0; extern=0; dir=0; type=0; pingpong=0; private_global=0; IO mode=ap_none:ce=0
Port [ pos_x]:  wired=1; compound=0; hidden=0; nouse=0; global=0; static=0; extern=0; dir=1; type=0; pingpong=0; private_global=0; IO mode=ap_vld:ce=0
Port [ pos_z]:  wired=1; compound=0; hidden=0; nouse=0; global=0; static=0; extern=0; dir=1; type=0; pingpong=0; private_global=0; IO mode=ap_vld:ce=0
Port [ vel_x]:  wired=1; compound=0; hidden=0; nouse=0; global=0; static=0; extern=0; dir=1; type=0; pingpong=0; private_global=0; IO mode=ap_vld:ce=0
Port [ car_chassis_vel_z]:  wired=0; compound=0; hidden=1; nouse=1; global=1; static=1; extern=0; dir=2; type=0; pingpong=0; private_global=0; linkage=7; visibility=0; IO mode=ap_ovld:ce=0
Port [ car_chassis_angularV]:  wired=0; compound=0; hidden=1; nouse=1; global=1; static=1; extern=0; dir=2; type=0; pingpong=0; private_global=0; linkage=7; visibility=0; IO mode=ap_ovld:ce=0
Port [ car_chassis_vel_x]:  wired=0; compound=0; hidden=1; nouse=0; global=1; static=1; extern=0; dir=2; type=0; pingpong=0; private_global=1; linkage=7; visibility=0; IO mode=ap_ovld:ce=0
Port [ car_chassis_wFL]:  wired=0; compound=0; hidden=1; nouse=1; global=1; static=1; extern=0; dir=2; type=0; pingpong=0; private_global=0; linkage=7; visibility=0; IO mode=ap_ovld:ce=0
Port [ car_frontLeft_angula]:  wired=0; compound=0; hidden=1; nouse=1; global=1; static=1; extern=0; dir=2; type=0; pingpong=0; private_global=0; linkage=7; visibility=0; IO mode=ap_ovld:ce=0
Port [ ref_4oPi_table_256_V]:  wired=0; compound=1; hidden=1; nouse=1; global=1; static=1; extern=0; dir=0; type=1; pingpong=0; private_global=0; linkage=7; visibility=0; MemPort=[1]; IO mode=ap_memory:ce=0
Port [ fourth_order_double_4]:  wired=0; compound=1; hidden=1; nouse=1; global=1; static=1; extern=0; dir=0; type=1; pingpong=0; private_global=0; linkage=7; visibility=0; MemPort=[1]; IO mode=ap_memory:ce=0
Port [ fourth_order_double_5]:  wired=0; compound=1; hidden=1; nouse=1; global=1; static=1; extern=0; dir=0; type=1; pingpong=0; private_global=0; linkage=7; visibility=0; MemPort=[1]; IO mode=ap_memory:ce=0
Port [ fourth_order_double_6]:  wired=0; compound=1; hidden=1; nouse=1; global=1; static=1; extern=0; dir=0; type=1; pingpong=0; private_global=0; linkage=7; visibility=0; MemPort=[1]; IO mode=ap_memory:ce=0
Port [ fourth_order_double_7]:  wired=0; compound=1; hidden=1; nouse=1; global=1; static=1; extern=0; dir=0; type=1; pingpong=0; private_global=0; linkage=7; visibility=0; MemPort=[1]; IO mode=ap_memory:ce=0
Port [ fourth_order_double_s]:  wired=0; compound=1; hidden=1; nouse=1; global=1; static=1; extern=0; dir=0; type=1; pingpong=0; private_global=0; linkage=7; visibility=0; MemPort=[1]; IO mode=ap_memory:ce=0
Port [ cordic_ctab_table_12]:  wired=0; compound=1; hidden=1; nouse=1; global=1; static=1; extern=0; dir=0; type=1; pingpong=0; private_global=0; linkage=7; visibility=0; MemPort=[1]; IO mode=ap_memory:ce=0
Port [ car_chassis_wFR]:  wired=0; compound=0; hidden=1; nouse=1; global=1; static=1; extern=0; dir=2; type=0; pingpong=0; private_global=0; linkage=7; visibility=0; IO mode=ap_ovld:ce=0
Port [ car_frontRight_angul]:  wired=0; compound=0; hidden=1; nouse=1; global=1; static=1; extern=0; dir=2; type=0; pingpong=0; private_global=0; linkage=7; visibility=0; IO mode=ap_ovld:ce=0
Port [ car_chassis_wRL]:  wired=0; compound=0; hidden=1; nouse=1; global=1; static=1; extern=0; dir=2; type=0; pingpong=0; private_global=0; linkage=7; visibility=0; IO mode=ap_ovld:ce=0
Port [ car_rearLeft_angular]:  wired=0; compound=0; hidden=1; nouse=1; global=1; static=1; extern=0; dir=2; type=0; pingpong=0; private_global=0; linkage=7; visibility=0; IO mode=ap_ovld:ce=0
Port [ car_chassis_wRR]:  wired=0; compound=0; hidden=1; nouse=1; global=1; static=1; extern=0; dir=2; type=0; pingpong=0; private_global=0; linkage=7; visibility=0; IO mode=ap_ovld:ce=0
Port [ car_rearRight_angula]:  wired=0; compound=0; hidden=1; nouse=1; global=1; static=1; extern=0; dir=2; type=0; pingpong=0; private_global=0; linkage=7; visibility=0; IO mode=ap_ovld:ce=0
Port [ car_chassis_pos_x]:  wired=0; compound=0; hidden=1; nouse=1; global=1; static=1; extern=0; dir=2; type=0; pingpong=0; private_global=0; linkage=7; visibility=0; IO mode=ap_ovld:ce=0
Port [ car_chassis_pos_z]:  wired=0; compound=0; hidden=1; nouse=1; global=1; static=1; extern=0; dir=2; type=0; pingpong=0; private_global=0; linkage=7; visibility=0; IO mode=ap_ovld:ce=0
Port [ car_chassis_accel_x]:  wired=0; compound=0; hidden=1; nouse=1; global=1; static=1; extern=0; dir=2; type=0; pingpong=0; private_global=0; linkage=7; visibility=0; IO mode=ap_ovld:ce=0
Port [ car_chassis_accel_z]:  wired=0; compound=0; hidden=1; nouse=1; global=1; static=1; extern=0; dir=2; type=0; pingpong=0; private_global=0; linkage=7; visibility=0; IO mode=ap_ovld:ce=0
Port [ car_chassis_orientat]:  wired=0; compound=0; hidden=1; nouse=1; global=1; static=1; extern=0; dir=2; type=0; pingpong=0; private_global=0; linkage=7; visibility=0; IO mode=ap_ovld:ce=0
---------------- STG Properties END ------------------

---------------- Datapath Model BEGIN ----------------

<LifeTime>
<method=bitvector/>
steeringAngle_read   (read         ) [ 0010]
torque_read          (read         ) [ 0010]
deltaTime_read       (read         ) [ 0010]
call_ret             (call         ) [ 0000]
pos_x_ret            (extractvalue ) [ 0000]
write_ln32           (write        ) [ 0000]
pos_z_ret            (extractvalue ) [ 0000]
write_ln32           (write        ) [ 0000]
specbitsmap_ln0      (specbitsmap  ) [ 0000]
specbitsmap_ln0      (specbitsmap  ) [ 0000]
specbitsmap_ln0      (specbitsmap  ) [ 0000]
specbitsmap_ln0      (specbitsmap  ) [ 0000]
specbitsmap_ln0      (specbitsmap  ) [ 0000]
specbitsmap_ln0      (specbitsmap  ) [ 0000]
spectopmodule_ln0    (spectopmodule) [ 0000]
car_chassis_vel_x_lo (load         ) [ 0000]
write_ln33           (write        ) [ 0000]
ret_ln34             (ret          ) [ 0000]
</LifeTime>

<model>

<comp_list>
<comp id="0" class="1000" name="deltaTime">
<pin_list>
<pin id="1" dir="1" index="0" bw="1" slack="0"/>
</pin_list>
<bind>
<StgValue><ssdm name="deltaTime"/></StgValue>
</bind>
</comp>

<comp id="2" class="1000" name="torque">
<pin_list>
<pin id="3" dir="1" index="0" bw="1" slack="0"/>
</pin_list>
<bind>
<StgValue><ssdm name="torque"/></StgValue>
</bind>
</comp>

<comp id="4" class="1000" name="steeringAngle">
<pin_list>
<pin id="5" dir="1" index="0" bw="1" slack="0"/>
</pin_list>
<bind>
<StgValue><ssdm name="steeringAngle"/></StgValue>
</bind>
</comp>

<comp id="6" class="1000" name="pos_x">
<pin_list>
<pin id="7" dir="1" index="0" bw="1" slack="0"/>
</pin_list>
<bind>
<StgValue><ssdm name="pos_x"/></StgValue>
</bind>
</comp>

<comp id="8" class="1000" name="pos_z">
<pin_list>
<pin id="9" dir="1" index="0" bw="1" slack="0"/>
</pin_list>
<bind>
<StgValue><ssdm name="pos_z"/></StgValue>
</bind>
</comp>

<comp id="10" class="1000" name="vel_x">
<pin_list>
<pin id="11" dir="1" index="0" bw="1" slack="0"/>
</pin_list>
<bind>
<StgValue><ssdm name="vel_x"/></StgValue>
</bind>
</comp>

<comp id="12" class="1000" name="car_chassis_vel_z">
<pin_list>
<pin id="13" dir="1" index="0" bw="1" slack="0"/>
</pin_list>
<bind>
<StgValue><ssdm name="car_chassis_vel_z"/></StgValue>
</bind>
</comp>

<comp id="14" class="1000" name="car_chassis_angularV">
<pin_list>
<pin id="15" dir="1" index="0" bw="1" slack="0"/>
</pin_list>
<bind>
<StgValue><ssdm name="car_chassis_angularV"/></StgValue>
</bind>
</comp>

<comp id="16" class="1000" name="car_chassis_vel_x">
<pin_list>
<pin id="17" dir="1" index="0" bw="1" slack="0"/>
</pin_list>
<bind>
<StgValue><ssdm name="car_chassis_vel_x"/></StgValue>
</bind>
</comp>

<comp id="18" class="1000" name="car_chassis_wFL">
<pin_list>
<pin id="19" dir="1" index="0" bw="1" slack="0"/>
</pin_list>
<bind>
<StgValue><ssdm name="car_chassis_wFL"/></StgValue>
</bind>
</comp>

<comp id="20" class="1000" name="car_frontLeft_angula">
<pin_list>
<pin id="21" dir="1" index="0" bw="1" slack="0"/>
</pin_list>
<bind>
<StgValue><ssdm name="car_frontLeft_angula"/></StgValue>
</bind>
</comp>

<comp id="22" class="1000" name="ref_4oPi_table_256_V">
<pin_list>
<pin id="23" dir="1" index="0" bw="1" slack="0"/>
</pin_list>
<bind>
<StgValue><ssdm name="ref_4oPi_table_256_V"/><MemPortTyVec>1 </MemPortTyVec>
</StgValue>
</bind>
</comp>

<comp id="24" class="1000" name="fourth_order_double_4">
<pin_list>
<pin id="25" dir="1" index="0" bw="1" slack="0"/>
</pin_list>
<bind>
<StgValue><ssdm name="fourth_order_double_4"/><MemPortTyVec>1 </MemPortTyVec>
</StgValue>
</bind>
</comp>

<comp id="26" class="1000" name="fourth_order_double_5">
<pin_list>
<pin id="27" dir="1" index="0" bw="1" slack="0"/>
</pin_list>
<bind>
<StgValue><ssdm name="fourth_order_double_5"/><MemPortTyVec>1 </MemPortTyVec>
</StgValue>
</bind>
</comp>

<comp id="28" class="1000" name="fourth_order_double_6">
<pin_list>
<pin id="29" dir="1" index="0" bw="1" slack="0"/>
</pin_list>
<bind>
<StgValue><ssdm name="fourth_order_double_6"/><MemPortTyVec>1 </MemPortTyVec>
</StgValue>
</bind>
</comp>

<comp id="30" class="1000" name="fourth_order_double_7">
<pin_list>
<pin id="31" dir="1" index="0" bw="1" slack="0"/>
</pin_list>
<bind>
<StgValue><ssdm name="fourth_order_double_7"/><MemPortTyVec>1 </MemPortTyVec>
</StgValue>
</bind>
</comp>

<comp id="32" class="1000" name="fourth_order_double_s">
<pin_list>
<pin id="33" dir="1" index="0" bw="1" slack="0"/>
</pin_list>
<bind>
<StgValue><ssdm name="fourth_order_double_s"/><MemPortTyVec>1 </MemPortTyVec>
</StgValue>
</bind>
</comp>

<comp id="34" class="1000" name="cordic_ctab_table_12">
<pin_list>
<pin id="35" dir="1" index="0" bw="1" slack="0"/>
</pin_list>
<bind>
<StgValue><ssdm name="cordic_ctab_table_12"/><MemPortTyVec>1 </MemPortTyVec>
</StgValue>
</bind>
</comp>

<comp id="36" class="1000" name="car_chassis_wFR">
<pin_list>
<pin id="37" dir="1" index="0" bw="1" slack="0"/>
</pin_list>
<bind>
<StgValue><ssdm name="car_chassis_wFR"/></StgValue>
</bind>
</comp>

<comp id="38" class="1000" name="car_frontRight_angul">
<pin_list>
<pin id="39" dir="1" index="0" bw="1" slack="0"/>
</pin_list>
<bind>
<StgValue><ssdm name="car_frontRight_angul"/></StgValue>
</bind>
</comp>

<comp id="40" class="1000" name="car_chassis_wRL">
<pin_list>
<pin id="41" dir="1" index="0" bw="1" slack="0"/>
</pin_list>
<bind>
<StgValue><ssdm name="car_chassis_wRL"/></StgValue>
</bind>
</comp>

<comp id="42" class="1000" name="car_rearLeft_angular">
<pin_list>
<pin id="43" dir="1" index="0" bw="1" slack="0"/>
</pin_list>
<bind>
<StgValue><ssdm name="car_rearLeft_angular"/></StgValue>
</bind>
</comp>

<comp id="44" class="1000" name="car_chassis_wRR">
<pin_list>
<pin id="45" dir="1" index="0" bw="1" slack="0"/>
</pin_list>
<bind>
<StgValue><ssdm name="car_chassis_wRR"/></StgValue>
</bind>
</comp>

<comp id="46" class="1000" name="car_rearRight_angula">
<pin_list>
<pin id="47" dir="1" index="0" bw="1" slack="0"/>
</pin_list>
<bind>
<StgValue><ssdm name="car_rearRight_angula"/></StgValue>
</bind>
</comp>

<comp id="48" class="1000" name="car_chassis_pos_x">
<pin_list>
<pin id="49" dir="1" index="0" bw="1" slack="0"/>
</pin_list>
<bind>
<StgValue><ssdm name="car_chassis_pos_x"/></StgValue>
</bind>
</comp>

<comp id="50" class="1000" name="car_chassis_pos_z">
<pin_list>
<pin id="51" dir="1" index="0" bw="1" slack="0"/>
</pin_list>
<bind>
<StgValue><ssdm name="car_chassis_pos_z"/></StgValue>
</bind>
</comp>

<comp id="52" class="1000" name="car_chassis_accel_x">
<pin_list>
<pin id="53" dir="1" index="0" bw="1" slack="0"/>
</pin_list>
<bind>
<StgValue><ssdm name="car_chassis_accel_x"/></StgValue>
</bind>
</comp>

<comp id="54" class="1000" name="car_chassis_accel_z">
<pin_list>
<pin id="55" dir="1" index="0" bw="1" slack="0"/>
</pin_list>
<bind>
<StgValue><ssdm name="car_chassis_accel_z"/></StgValue>
</bind>
</comp>

<comp id="56" class="1000" name="car_chassis_orientat">
<pin_list>
<pin id="57" dir="1" index="0" bw="1" slack="0"/>
</pin_list>
<bind>
<StgValue><ssdm name="car_chassis_orientat"/></StgValue>
</bind>
</comp>

<comp id="58" class="1001" name="const_58">
<pin_list>
<pin id="59" dir="1" index="0" bw="1" slack="0"/>
</pin_list>
<bind>
<StgValue><ssdm name="_ssdm_op_Read.ap_auto.float"/></StgValue>
</bind>
</comp>

<comp id="60" class="1001" name="const_60">
<pin_list>
<pin id="61" dir="1" index="0" bw="1" slack="0"/>
</pin_list>
<bind>
<StgValue><ssdm name="update.1"/></StgValue>
</bind>
</comp>

<comp id="62" class="1001" name="const_62">
<pin_list>
<pin id="63" dir="1" index="0" bw="1" slack="0"/>
</pin_list>
<bind>
<StgValue><ssdm name="_ssdm_op_Write.ap_auto.floatP"/></StgValue>
</bind>
</comp>

<comp id="64" class="1001" name="const_64">
<pin_list>
<pin id="65" dir="1" index="0" bw="1" slack="2147483647"/>
</pin_list>
<bind>
<StgValue><ssdm name="_ssdm_op_SpecBitsMap"/></StgValue>
</bind>
</comp>

<comp id="66" class="1001" name="const_66">
<pin_list>
<pin id="67" dir="1" index="0" bw="1" slack="2147483647"/>
</pin_list>
<bind>
<StgValue><ssdm name="_ssdm_op_SpecTopModule"/></StgValue>
</bind>
</comp>

<comp id="68" class="1001" name="const_68">
<pin_list>
<pin id="69" dir="1" index="0" bw="1" slack="2147483647"/>
</pin_list>
<bind>
<StgValue><ssdm name="top_level_str"/></StgValue>
</bind>
</comp>

<comp id="70" class="1004" name="steeringAngle_read_read_fu_70">
<pin_list>
<pin id="71" dir="0" index="0" bw="32" slack="0"/>
<pin id="72" dir="0" index="1" bw="32" slack="0"/>
<pin id="73" dir="1" index="2" bw="32" slack="0"/>
</pin_list>
<bind>
<opcode="read(1150) " fcode="read"/>
<opset="steeringAngle_read/1 "/>
</bind>
</comp>

<comp id="76" class="1004" name="torque_read_read_fu_76">
<pin_list>
<pin id="77" dir="0" index="0" bw="32" slack="0"/>
<pin id="78" dir="0" index="1" bw="32" slack="0"/>
<pin id="79" dir="1" index="2" bw="32" slack="0"/>
</pin_list>
<bind>
<opcode="read(1150) " fcode="read"/>
<opset="torque_read/1 "/>
</bind>
</comp>

<comp id="82" class="1004" name="deltaTime_read_read_fu_82">
<pin_list>
<pin id="83" dir="0" index="0" bw="32" slack="0"/>
<pin id="84" dir="0" index="1" bw="32" slack="0"/>
<pin id="85" dir="1" index="2" bw="32" slack="0"/>
</pin_list>
<bind>
<opcode="read(1150) " fcode="read"/>
<opset="deltaTime_read/1 "/>
</bind>
</comp>

<comp id="88" class="1004" name="write_ln32_write_fu_88">
<pin_list>
<pin id="89" dir="0" index="0" bw="0" slack="0"/>
<pin id="90" dir="0" index="1" bw="32" slack="0"/>
<pin id="91" dir="0" index="2" bw="32" slack="0"/>
<pin id="92" dir="1" index="3" bw="0" slack="2147483647"/>
</pin_list>
<bind>
<opcode="write(1151) " fcode="write"/>
<opset="write_ln32/2 "/>
</bind>
</comp>

<comp id="95" class="1004" name="write_ln32_write_fu_95">
<pin_list>
<pin id="96" dir="0" index="0" bw="0" slack="0"/>
<pin id="97" dir="0" index="1" bw="32" slack="0"/>
<pin id="98" dir="0" index="2" bw="32" slack="0"/>
<pin id="99" dir="1" index="3" bw="0" slack="2147483647"/>
</pin_list>
<bind>
<opcode="write(1151) " fcode="write"/>
<opset="write_ln32/2 "/>
</bind>
</comp>

<comp id="102" class="1004" name="write_ln33_write_fu_102">
<pin_list>
<pin id="103" dir="0" index="0" bw="0" slack="0"/>
<pin id="104" dir="0" index="1" bw="32" slack="0"/>
<pin id="105" dir="0" index="2" bw="32" slack="0"/>
<pin id="106" dir="1" index="3" bw="0" slack="2147483647"/>
</pin_list>
<bind>
<opcode="write(1151) " fcode="write"/>
<opset="write_ln33/3 "/>
</bind>
</comp>

<comp id="109" class="1004" name="grp_update_1_fu_109">
<pin_list>
<pin id="110" dir="0" index="0" bw="64" slack="0"/>
<pin id="111" dir="0" index="1" bw="32" slack="0"/>
<pin id="112" dir="0" index="2" bw="32" slack="0"/>
<pin id="113" dir="0" index="3" bw="32" slack="0"/>
<pin id="114" dir="0" index="4" bw="32" slack="0"/>
<pin id="115" dir="0" index="5" bw="32" slack="0"/>
<pin id="116" dir="0" index="6" bw="32" slack="0"/>
<pin id="117" dir="0" index="7" bw="32" slack="0"/>
<pin id="118" dir="0" index="8" bw="32" slack="0"/>
<pin id="119" dir="0" index="9" bw="256" slack="0"/>
<pin id="120" dir="0" index="10" bw="59" slack="0"/>
<pin id="121" dir="0" index="11" bw="52" slack="0"/>
<pin id="122" dir="0" index="12" bw="44" slack="0"/>
<pin id="123" dir="0" index="13" bw="33" slack="0"/>
<pin id="124" dir="0" index="14" bw="25" slack="0"/>
<pin id="125" dir="0" index="15" bw="126" slack="0"/>
<pin id="126" dir="0" index="16" bw="32" slack="0"/>
<pin id="127" dir="0" index="17" bw="32" slack="0"/>
<pin id="128" dir="0" index="18" bw="32" slack="0"/>
<pin id="129" dir="0" index="19" bw="32" slack="0"/>
<pin id="130" dir="0" index="20" bw="32" slack="0"/>
<pin id="131" dir="0" index="21" bw="32" slack="0"/>
<pin id="132" dir="0" index="22" bw="32" slack="0"/>
<pin id="133" dir="0" index="23" bw="32" slack="0"/>
<pin id="134" dir="0" index="24" bw="32" slack="0"/>
<pin id="135" dir="0" index="25" bw="32" slack="0"/>
<pin id="136" dir="0" index="26" bw="32" slack="0"/>
<pin id="137" dir="1" index="27" bw="64" slack="0"/>
</pin_list>
<bind>
<opcode="call(48) " fcode="call"/>
<opset="call_ret/1 "/>
</bind>
</comp>

<comp id="165" class="1004" name="pos_x_ret_fu_165">
<pin_list>
<pin id="166" dir="0" index="0" bw="64" slack="0"/>
<pin id="167" dir="1" index="1" bw="32" slack="0"/>
</pin_list>
<bind>
<opcode="extractvalue(56) " fcode="extractvalue"/>
<opset="pos_x_ret/2 "/>
</bind>
</comp>

<comp id="170" class="1004" name="pos_z_ret_fu_170">
<pin_list>
<pin id="171" dir="0" index="0" bw="64" slack="0"/>
<pin id="172" dir="1" index="1" bw="32" slack="0"/>
</pin_list>
<bind>
<opcode="extractvalue(56) " fcode="extractvalue"/>
<opset="pos_z_ret/2 "/>
</bind>
</comp>

<comp id="175" class="1004" name="car_chassis_vel_x_lo_load_fu_175">
<pin_list>
<pin id="176" dir="0" index="0" bw="32" slack="0"/>
<pin id="177" dir="1" index="1" bw="32" slack="0"/>
</pin_list>
<bind>
<opcode="load(27) " fcode="load"/>
<opset="car_chassis_vel_x_lo/3 "/>
</bind>
</comp>

<comp id="180" class="1005" name="steeringAngle_read_reg_180">
<pin_list>
<pin id="181" dir="0" index="0" bw="32" slack="1"/>
<pin id="182" dir="1" index="1" bw="32" slack="1"/>
</pin_list>
<bind>
<opset="steeringAngle_read "/>
</bind>
</comp>

<comp id="185" class="1005" name="torque_read_reg_185">
<pin_list>
<pin id="186" dir="0" index="0" bw="32" slack="1"/>
<pin id="187" dir="1" index="1" bw="32" slack="1"/>
</pin_list>
<bind>
<opset="torque_read "/>
</bind>
</comp>

<comp id="190" class="1005" name="deltaTime_read_reg_190">
<pin_list>
<pin id="191" dir="0" index="0" bw="32" slack="1"/>
<pin id="192" dir="1" index="1" bw="32" slack="1"/>
</pin_list>
<bind>
<opset="deltaTime_read "/>
</bind>
</comp>

</comp_list>

<net_list>
<net id="74"><net_src comp="58" pin="0"/><net_sink comp="70" pin=0"/></net>

<net id="75"><net_src comp="4" pin="0"/><net_sink comp="70" pin=1"/></net>

<net id="80"><net_src comp="58" pin="0"/><net_sink comp="76" pin=0"/></net>

<net id="81"><net_src comp="2" pin="0"/><net_sink comp="76" pin=1"/></net>

<net id="86"><net_src comp="58" pin="0"/><net_sink comp="82" pin=0"/></net>

<net id="87"><net_src comp="0" pin="0"/><net_sink comp="82" pin=1"/></net>

<net id="93"><net_src comp="62" pin="0"/><net_sink comp="88" pin=0"/></net>

<net id="94"><net_src comp="6" pin="0"/><net_sink comp="88" pin=1"/></net>

<net id="100"><net_src comp="62" pin="0"/><net_sink comp="95" pin=0"/></net>

<net id="101"><net_src comp="8" pin="0"/><net_sink comp="95" pin=1"/></net>

<net id="107"><net_src comp="62" pin="0"/><net_sink comp="102" pin=0"/></net>

<net id="108"><net_src comp="10" pin="0"/><net_sink comp="102" pin=1"/></net>

<net id="138"><net_src comp="60" pin="0"/><net_sink comp="109" pin=0"/></net>

<net id="139"><net_src comp="82" pin="2"/><net_sink comp="109" pin=1"/></net>

<net id="140"><net_src comp="76" pin="2"/><net_sink comp="109" pin=2"/></net>

<net id="141"><net_src comp="70" pin="2"/><net_sink comp="109" pin=3"/></net>

<net id="142"><net_src comp="12" pin="0"/><net_sink comp="109" pin=4"/></net>

<net id="143"><net_src comp="14" pin="0"/><net_sink comp="109" pin=5"/></net>

<net id="144"><net_src comp="16" pin="0"/><net_sink comp="109" pin=6"/></net>

<net id="145"><net_src comp="18" pin="0"/><net_sink comp="109" pin=7"/></net>

<net id="146"><net_src comp="20" pin="0"/><net_sink comp="109" pin=8"/></net>

<net id="147"><net_src comp="22" pin="0"/><net_sink comp="109" pin=9"/></net>

<net id="148"><net_src comp="24" pin="0"/><net_sink comp="109" pin=10"/></net>

<net id="149"><net_src comp="26" pin="0"/><net_sink comp="109" pin=11"/></net>

<net id="150"><net_src comp="28" pin="0"/><net_sink comp="109" pin=12"/></net>

<net id="151"><net_src comp="30" pin="0"/><net_sink comp="109" pin=13"/></net>

<net id="152"><net_src comp="32" pin="0"/><net_sink comp="109" pin=14"/></net>

<net id="153"><net_src comp="34" pin="0"/><net_sink comp="109" pin=15"/></net>

<net id="154"><net_src comp="36" pin="0"/><net_sink comp="109" pin=16"/></net>

<net id="155"><net_src comp="38" pin="0"/><net_sink comp="109" pin=17"/></net>

<net id="156"><net_src comp="40" pin="0"/><net_sink comp="109" pin=18"/></net>

<net id="157"><net_src comp="42" pin="0"/><net_sink comp="109" pin=19"/></net>

<net id="158"><net_src comp="44" pin="0"/><net_sink comp="109" pin=20"/></net>

<net id="159"><net_src comp="46" pin="0"/><net_sink comp="109" pin=21"/></net>

<net id="160"><net_src comp="48" pin="0"/><net_sink comp="109" pin=22"/></net>

<net id="161"><net_src comp="50" pin="0"/><net_sink comp="109" pin=23"/></net>

<net id="162"><net_src comp="52" pin="0"/><net_sink comp="109" pin=24"/></net>

<net id="163"><net_src comp="54" pin="0"/><net_sink comp="109" pin=25"/></net>

<net id="164"><net_src comp="56" pin="0"/><net_sink comp="109" pin=26"/></net>

<net id="168"><net_src comp="109" pin="27"/><net_sink comp="165" pin=0"/></net>

<net id="169"><net_src comp="165" pin="1"/><net_sink comp="88" pin=2"/></net>

<net id="173"><net_src comp="109" pin="27"/><net_sink comp="170" pin=0"/></net>

<net id="174"><net_src comp="170" pin="1"/><net_sink comp="95" pin=2"/></net>

<net id="178"><net_src comp="16" pin="0"/><net_sink comp="175" pin=0"/></net>

<net id="179"><net_src comp="175" pin="1"/><net_sink comp="102" pin=2"/></net>

<net id="183"><net_src comp="70" pin="2"/><net_sink comp="180" pin=0"/></net>

<net id="184"><net_src comp="180" pin="1"/><net_sink comp="109" pin=3"/></net>

<net id="188"><net_src comp="76" pin="2"/><net_sink comp="185" pin=0"/></net>

<net id="189"><net_src comp="185" pin="1"/><net_sink comp="109" pin=2"/></net>

<net id="193"><net_src comp="82" pin="2"/><net_sink comp="190" pin=0"/></net>

<net id="194"><net_src comp="190" pin="1"/><net_sink comp="109" pin=1"/></net>

</net_list>

</model> 
---------------- Datapath Model END ------------------

* FSMD analyzer results:
  - Output states:
	Port: pos_x | {2 }
	Port: pos_z | {2 }
	Port: vel_x | {3 }
	Port: car_chassis_vel_z | {1 2 }
	Port: car_chassis_angularV | {1 2 }
	Port: car_chassis_vel_x | {1 2 }
	Port: car_chassis_wFL | {1 2 }
	Port: car_frontLeft_angula | {1 2 }
	Port: car_chassis_wFR | {1 2 }
	Port: car_frontRight_angul | {1 2 }
	Port: car_chassis_wRL | {1 2 }
	Port: car_rearLeft_angular | {1 2 }
	Port: car_chassis_wRR | {1 2 }
	Port: car_rearRight_angula | {1 2 }
	Port: car_chassis_pos_x | {1 2 }
	Port: car_chassis_pos_z | {1 2 }
	Port: car_chassis_accel_x | {1 2 }
	Port: car_chassis_accel_z | {1 2 }
	Port: car_chassis_orientat | {1 2 }
 - Input state : 
	Port: top_level : deltaTime | {1 }
	Port: top_level : torque | {1 }
	Port: top_level : steeringAngle | {1 }
	Port: top_level : car_chassis_vel_z | {1 2 }
	Port: top_level : car_chassis_angularV | {1 2 }
	Port: top_level : car_chassis_vel_x | {1 2 3 }
	Port: top_level : car_chassis_wFL | {1 2 }
	Port: top_level : car_frontLeft_angula | {1 2 }
	Port: top_level : ref_4oPi_table_256_V | {1 2 }
	Port: top_level : fourth_order_double_4 | {1 2 }
	Port: top_level : fourth_order_double_5 | {1 2 }
	Port: top_level : fourth_order_double_6 | {1 2 }
	Port: top_level : fourth_order_double_7 | {1 2 }
	Port: top_level : fourth_order_double_s | {1 2 }
	Port: top_level : cordic_ctab_table_12 | {1 2 }
	Port: top_level : car_chassis_wFR | {1 2 }
	Port: top_level : car_frontRight_angul | {1 2 }
	Port: top_level : car_chassis_wRL | {1 2 }
	Port: top_level : car_rearLeft_angular | {1 2 }
	Port: top_level : car_chassis_wRR | {1 2 }
	Port: top_level : car_rearRight_angula | {1 2 }
	Port: top_level : car_chassis_pos_x | {1 2 }
	Port: top_level : car_chassis_pos_z | {1 2 }
	Port: top_level : car_chassis_accel_x | {1 2 }
	Port: top_level : car_chassis_accel_z | {1 2 }
	Port: top_level : car_chassis_orientat | {1 2 }
  - Chain level:
	State 1
	State 2
		pos_x_ret : 1
		write_ln32 : 2
		pos_z_ret : 1
		write_ln32 : 2
	State 3
		write_ln33 : 1


============================================================
+ Verbose Summary: Datapath Resource usage 
============================================================

* Functional unit list:
|----------|-------------------------------|---------|---------|---------|---------|
| Operation|        Functional Unit        |  DSP48E |  Delay  |    FF   |   LUT   |
|----------|-------------------------------|---------|---------|---------|---------|
|   call   |      grp_update_1_fu_109      |   750   |  154.02 |  52118  |  77007  |
|----------|-------------------------------|---------|---------|---------|---------|
|          | steeringAngle_read_read_fu_70 |    0    |    0    |    0    |    0    |
|   read   |     torque_read_read_fu_76    |    0    |    0    |    0    |    0    |
|          |   deltaTime_read_read_fu_82   |    0    |    0    |    0    |    0    |
|----------|-------------------------------|---------|---------|---------|---------|
|          |     write_ln32_write_fu_88    |    0    |    0    |    0    |    0    |
|   write  |     write_ln32_write_fu_95    |    0    |    0    |    0    |    0    |
|          |    write_ln33_write_fu_102    |    0    |    0    |    0    |    0    |
|----------|-------------------------------|---------|---------|---------|---------|
|extractvalue|        pos_x_ret_fu_165       |    0    |    0    |    0    |    0    |
|          |        pos_z_ret_fu_170       |    0    |    0    |    0    |    0    |
|----------|-------------------------------|---------|---------|---------|---------|
|   Total  |                               |   750   |  154.02 |  52118  |  77007  |
|----------|-------------------------------|---------|---------|---------|---------|

Memories:
+---------------------+--------+--------+--------+
|                     |  BRAM  |   FF   |   LUT  |
+---------------------+--------+--------+--------+
| cordic_ctab_table_12|    4   |    0   |    0   |
|fourth_order_double_4|    -   |   59   |   236  |
|fourth_order_double_5|    -   |   52   |   208  |
|fourth_order_double_6|    -   |   44   |   176  |
|fourth_order_double_7|    -   |   33   |   132  |
|fourth_order_double_s|    -   |   25   |   100  |
| ref_4oPi_table_256_V|    8   |    0   |    0   |
+---------------------+--------+--------+--------+
|        Total        |   12   |   213  |   852  |
+---------------------+--------+--------+--------+

* Register list:
+--------------------------+--------+
|                          |   FF   |
+--------------------------+--------+
|  deltaTime_read_reg_190  |   32   |
|steeringAngle_read_reg_180|   32   |
|    torque_read_reg_185   |   32   |
+--------------------------+--------+
|           Total          |   96   |
+--------------------------+--------+

* Multiplexer (MUX) list: 
|---------------------|------|------|------|--------||---------||---------|
|         Comp        |  Pin | Size |  BW  | S x BW ||  Delay  ||   LUT   |
|---------------------|------|------|------|--------||---------||---------|
| grp_update_1_fu_109 |  p1  |   2  |  32  |   64   ||    9    |
| grp_update_1_fu_109 |  p2  |   2  |  32  |   64   ||    9    |
| grp_update_1_fu_109 |  p3  |   2  |  32  |   64   ||    9    |
|---------------------|------|------|------|--------||---------||---------|
|        Total        |      |      |      |   192  ||  2.616  ||    27   |
|---------------------|------|------|------|--------||---------||---------|



* Summary:
+-----------+--------+--------+--------+--------+--------+
|           |  BRAM  | DSP48E |  Delay |   FF   |   LUT  |
+-----------+--------+--------+--------+--------+--------+
|  Function |    -   |   750  |   154  |  52118 |  77007 |
|   Memory  |   12   |    -   |    -   |   213  |   852  |
|Multiplexer|    -   |    -   |    2   |    -   |   27   |
|  Register |    -   |    -   |    -   |   96   |    -   |
+-----------+--------+--------+--------+--------+--------+
|   Total   |   12   |   750  |   156  |  52427 |  77886 |
+-----------+--------+--------+--------+--------+--------+
