

================================================================
== Vivado HLS Report for 'atan_generic_double_s'
================================================================
* Date:           Sat Jun  6 18:25:17 2020

* Version:        2019.1 (Build 2552052 on Fri May 24 15:28:33 MDT 2019)
* Project:        CarSimOnFPGA
* Solution:       solution1
* Product family: zynq
* Target device:  xc7z010-clg400-1


================================================================
== Performance Estimates
================================================================
+ Timing (ns): 
    * Summary: 
    +--------+-------+----------+------------+
    |  Clock | Target| Estimated| Uncertainty|
    +--------+-------+----------+------------+
    |ap_clk  |  10.00|     8.552|        1.25|
    +--------+-------+----------+------------+

+ Latency (clock cycles): 
    * Summary: 
    +-----+-----+-----+-----+---------+
    |  Latency  |  Interval | Pipeline|
    | min | max | min | max |   Type  |
    +-----+-----+-----+-----+---------+
    |    1|  270|    1|  270|   none  |
    +-----+-----+-----+-----+---------+

    + Detail: 
        * Instance: 
        N/A

        * Loop: 
        +----------+-----+-----+----------+-----------+-----------+------+----------+
        |          |  Latency  | Iteration|  Initiation Interval  | Trip |          |
        | Loop Name| min | max |  Latency |  achieved |   target  | Count| Pipelined|
        +----------+-----+-----+----------+-----------+-----------+------+----------+
        |- Loop 1  |  264|  264|         3|          -|          -|    88|    no    |
        +----------+-----+-----+----------+-----------+-----------+------+----------+



================================================================
== Utilization Estimates
================================================================
* Summary: 
+-----------------+---------+-------+-------+-------+-----+
|       Name      | BRAM_18K| DSP48E|   FF  |  LUT  | URAM|
+-----------------+---------+-------+-------+-------+-----+
|DSP              |        -|      -|      -|      -|    -|
|Expression       |        -|      -|    146|   3984|    -|
|FIFO             |        -|      -|      -|      -|    -|
|Instance         |        -|      -|      -|      -|    -|
|Memory           |        4|      -|      0|      0|    -|
|Multiplexer      |        -|      -|      -|    116|    -|
|Register         |        -|      -|   1232|      -|    -|
+-----------------+---------+-------+-------+-------+-----+
|Total            |        4|      0|   1378|   4100|    0|
+-----------------+---------+-------+-------+-------+-----+
|Available        |      120|     80|  35200|  17600|    0|
+-----------------+---------+-------+-------+-------+-----+
|Utilization (%)  |        3|      0|      3|     23|    0|
+-----------------+---------+-------+-------+-------+-----+

+ Detail: 
    * Instance: 
    N/A

    * DSP48E: 
    N/A

    * Memory: 
    +------------------------+----------------------+---------+---+----+-----+------+-----+------+-------------+
    |         Memory         |        Module        | BRAM_18K| FF| LUT| URAM| Words| Bits| Banks| W*Bits*Banks|
    +------------------------+----------------------+---------+---+----+-----+------+-----+------+-------------+
    |cordic_ctab_table_12_U  |atan_generic_doubqcK  |        4|  0|   0|    0|   128|  126|     1|        16128|
    +------------------------+----------------------+---------+---+----+-----+------+-----+------+-------------+
    |Total                   |                      |        4|  0|   0|    0|   128|  126|     1|        16128|
    +------------------------+----------------------+---------+---+----+-----+------+-----+------+-------------+

    * FIFO: 
    N/A

    * Expression: 
    +------------------------+----------+-------+----+-----+------------+------------+
    |      Variable Name     | Operation| DSP48E| FF | LUT | Bitwidth P0| Bitwidth P1|
    +------------------------+----------+-------+----+-----+------------+------------+
    |NZeros_fu_518_p2        |     +    |      0|   0|   39|          32|          32|
    |add_ln130_1_fu_388_p2   |     +    |      0|   0|   95|          88|          88|
    |add_ln130_2_fu_438_p2   |     +    |      0|   0|   93|          86|          86|
    |add_ln130_fu_362_p2     |     +    |      0|   0|   95|          88|          88|
    |add_ln858_fu_647_p2     |     +    |      0|   0|   39|           7|          32|
    |add_ln869_fu_732_p2     |     +    |      0|   0|   11|          11|          11|
    |exp_fu_233_p2           |     +    |      0|   0|   12|          12|          11|
    |k_fu_310_p2             |     +    |      0|   0|   15|           7|           1|
    |lsb_index_fu_541_p2     |     +    |      0|   0|   39|           7|          32|
    |m_1_fu_693_p2           |     +    |      0|   0|   71|          64|          64|
    |p_Val2_51_fu_423_p2     |     +    |      0|   0|   92|          85|          85|
    |sub_ln130_1_fu_383_p2   |     -    |      0|   0|   95|          88|          88|
    |sub_ln130_2_fu_432_p2   |     -    |      0|   0|   93|          86|          86|
    |sub_ln130_fu_357_p2     |     -    |      0|   0|   95|          88|          88|
    |sub_ln1311_fu_247_p2    |     -    |      0|   0|   13|          10|          11|
    |sub_ln848_fu_536_p2     |     -    |      0|   0|   39|           7|          32|
    |sub_ln851_fu_567_p2     |     -    |      0|   0|   15|           4|           7|
    |sub_ln858_fu_661_p2     |     -    |      0|   0|   39|           6|          32|
    |sub_ln869_fu_727_p2     |     -    |      0|   0|   11|           1|          11|
    |tmp_V_fu_343_p2         |     -    |      0|   0|   93|           1|          86|
    |a_fu_594_p2             |    and   |      0|   0|    2|           1|           1|
    |and_ln853_fu_621_p2     |    and   |      0|   0|    2|           1|           1|
    |p_Result_37_fu_583_p2   |    and   |      0|   0|   86|          86|          86|
    |r_V_37_fu_320_p2        |   ashr   |      0|   0|  279|          88|          88|
    |r_V_38_fu_326_p2        |   ashr   |      0|   0|  279|          88|          88|
    |tmp_4_fu_476_p3         |   ctlz   |      0|  73|   71|          64|           0|
    |tmp_fu_506_p3           |   ctlz   |      0|  73|   71|          64|           0|
    |icmp_ln1029_fu_488_p2   |   icmp   |      0|   0|   29|          64|           1|
    |icmp_ln167_fu_304_p2    |   icmp   |      0|   0|   11|           7|           7|
    |icmp_ln839_fu_337_p2    |   icmp   |      0|   0|   50|          86|           1|
    |icmp_ln849_fu_223_p2    |   icmp   |      0|   0|   13|          11|          10|
    |icmp_ln851_1_fu_588_p2  |   icmp   |      0|   0|   50|          86|           1|
    |icmp_ln851_fu_557_p2    |   icmp   |      0|   0|   18|          31|           1|
    |icmp_ln858_fu_641_p2    |   icmp   |      0|   0|   18|          32|           1|
    |lshr_ln851_fu_577_p2    |   lshr   |      0|   0|  271|           2|          86|
    |lshr_ln858_fu_656_p2    |   lshr   |      0|   0|  271|          86|          86|
    |r_V_fu_281_p2           |   lshr   |      0|   0|  271|          86|          86|
    |or_ln853_fu_627_p2      |    or    |      0|   0|    2|           1|           1|
    |exp_2_fu_257_p3         |  select  |      0|   0|   12|           1|          12|
    |l_fu_524_p3             |  select  |      0|   0|   32|           1|          32|
    |m_fu_683_p3             |  select  |      0|   0|   64|           1|          64|
    |r_V_36_fu_293_p3        |  select  |      0|   0|   86|           1|          86|
    |select_ln869_fu_720_p3  |  select  |      0|   0|   10|           1|          10|
    |tmp_V_13_fu_459_p3      |  select  |      0|   0|   86|           1|          86|
    |tx_V_fu_367_p3          |  select  |      0|   0|   88|           1|          88|
    |ty_V_fu_393_p3          |  select  |      0|   0|   88|           1|          88|
    |tz_V_fu_444_p3          |  select  |      0|   0|   86|           1|          86|
    |r_V_32_fu_287_p2        |    shl   |      0|   0|  271|          86|          86|
    |shl_ln858_fu_670_p2     |    shl   |      0|   0|  271|          86|          86|
    |xor_ln853_fu_608_p2     |    xor   |      0|   0|    2|           1|           2|
    +------------------------+----------+-------+----+-----+------------+------------+
    |Total                   |          |      0| 146| 3984|        1844|        2242|
    +------------------------+----------+-------+----+-----+------------+------------+

    * Multiplexer: 
    +--------------------------------+----+-----------+-----+-----------+
    |              Name              | LUT| Input Size| Bits| Total Bits|
    +--------------------------------+----+-----------+-----+-----------+
    |ap_NS_fsm                       |  47|         10|    1|         10|
    |ap_phi_mux_p_071_phi_fu_196_p6  |   9|          2|   64|        128|
    |ap_return                       |   9|          2|   64|        128|
    |p_071_reg_192                   |  15|          3|   64|        192|
    |p_Val2_28_reg_159               |   9|          2|   88|        176|
    |p_Val2_40_reg_169               |   9|          2|   88|        176|
    |tmp_V_12_reg_147                |   9|          2|   86|        172|
    |ush_1_reg_181                   |   9|          2|    7|         14|
    +--------------------------------+----+-----------+-----+-----------+
    |Total                           | 116|         25|  462|        996|
    +--------------------------------+----+-----------+-----+-----------+

    * Register: 
    +---------------------+----+----+-----+-----------+
    |         Name        | FF | LUT| Bits| Const Bits|
    +---------------------+----+----+-----+-----------+
    |ap_CS_fsm            |   9|   0|    9|          0|
    |ap_return_preg       |  64|   0|   64|          0|
    |exp_2_reg_781        |  12|   0|   12|          0|
    |icmp_ln839_reg_816   |   1|   0|    1|          0|
    |icmp_ln849_reg_772   |   1|   0|    1|          0|
    |icmp_ln858_reg_884   |   1|   0|    1|          0|
    |isNeg_reg_776        |   1|   0|    1|          0|
    |k_reg_794            |   7|   0|    7|          0|
    |l_reg_863            |  32|   0|   32|          0|
    |m_4_reg_889          |  63|   0|   63|          0|
    |or_ln_reg_879        |   1|   0|   32|         31|
    |p_071_reg_192        |  64|   0|   64|          0|
    |p_Result_39_reg_850  |   1|   0|    1|          0|
    |p_Val2_28_reg_159    |  88|   0|   88|          0|
    |p_Val2_40_reg_169    |  88|   0|   88|          0|
    |p_Val2_51_reg_840    |  85|   0|   85|          0|
    |r_V_37_reg_799       |  88|   0|   88|          0|
    |r_V_38_reg_805       |  88|   0|   88|          0|
    |sub_ln848_reg_873    |  32|   0|   32|          0|
    |tmp_63_reg_825       |   1|   0|    1|          0|
    |tmp_69_reg_894       |   1|   0|    1|          0|
    |tmp_V_11_reg_767     |  52|   0|   52|          0|
    |tmp_V_12_reg_147     |  86|   0|   86|          0|
    |tmp_V_13_reg_855     |  86|   0|   86|          0|
    |tmp_V_reg_820        |  86|   0|   86|          0|
    |trunc_ln847_reg_868  |  11|   0|   11|          0|
    |tx_V_reg_830         |  88|   0|   88|          0|
    |ty_V_reg_835         |  88|   0|   88|          0|
    |ush_1_reg_181        |   7|   0|    7|          0|
    +---------------------+----+----+-----+-----------+
    |Total                |1232|   0| 1263|         31|
    +---------------------+----+----+-----+-----------+



================================================================
== Interface
================================================================
* Summary: 
+-----------+-----+-----+------------+----------------------+--------------+
| RTL Ports | Dir | Bits|  Protocol  |     Source Object    |    C Type    |
+-----------+-----+-----+------------+----------------------+--------------+
|ap_clk     |  in |    1| ap_ctrl_hs | atan_generic<double> | return value |
|ap_rst     |  in |    1| ap_ctrl_hs | atan_generic<double> | return value |
|ap_start   |  in |    1| ap_ctrl_hs | atan_generic<double> | return value |
|ap_done    | out |    1| ap_ctrl_hs | atan_generic<double> | return value |
|ap_idle    | out |    1| ap_ctrl_hs | atan_generic<double> | return value |
|ap_ready   | out |    1| ap_ctrl_hs | atan_generic<double> | return value |
|ap_return  | out |   64| ap_ctrl_hs | atan_generic<double> | return value |
|t_in       |  in |   64|   ap_none  |         t_in         |    scalar    |
+-----------+-----+-----+------------+----------------------+--------------+

