

================================================================
== Vivado HLS Report for 'atan'
================================================================
* Date:           Sat Jun  6 18:25:18 2020

* Version:        2019.1 (Build 2552052 on Fri May 24 15:28:33 MDT 2019)
* Project:        CarSimOnFPGA
* Solution:       solution1
* Product family: zynq
* Target device:  xc7z010-clg400-1


================================================================
== Performance Estimates
================================================================
+ Timing (ns): 
    * Summary: 
    +--------+-------+----------+------------+
    |  Clock | Target| Estimated| Uncertainty|
    +--------+-------+----------+------------+
    |ap_clk  |  10.00|     8.621|        1.25|
    +--------+-------+----------+------------+

+ Latency (clock cycles): 
    * Summary: 
    +-----+-----+-----+-----+---------+
    |  Latency  |  Interval | Pipeline|
    | min | max | min | max |   Type  |
    +-----+-----+-----+-----+---------+
    |    1|  310|    1|  310|   none  |
    +-----+-----+-----+-----+---------+

    + Detail: 
        * Instance: 
        +---------------------------------+-----------------------+-----+-----+-----+-----+---------+
        |                                 |                       |  Latency  |  Interval | Pipeline|
        |             Instance            |         Module        | min | max | min | max |   Type  |
        +---------------------------------+-----------------------+-----+-----+-----+-----+---------+
        |grp_atan_generic_double_s_fu_57  |atan_generic_double_s  |    1|  270|    1|  270|   none  |
        +---------------------------------+-----------------------+-----+-----+-----+-----+---------+

        * Loop: 
        N/A



================================================================
== Utilization Estimates
================================================================
* Summary: 
+-----------------+---------+-------+-------+-------+-----+
|       Name      | BRAM_18K| DSP48E|   FF  |  LUT  | URAM|
+-----------------+---------+-------+-------+-------+-----+
|DSP              |        -|      -|      -|      -|    -|
|Expression       |        -|      -|      0|    182|    -|
|FIFO             |        -|      -|      -|      -|    -|
|Instance         |        4|      3|   5164|   9376|    -|
|Memory           |        -|      -|      -|      -|    -|
|Multiplexer      |        -|      -|      -|    224|    -|
|Register         |        -|      -|    504|      -|    -|
+-----------------+---------+-------+-------+-------+-----+
|Total            |        4|      3|   5668|   9782|    0|
+-----------------+---------+-------+-------+-------+-----+
|Available        |      120|     80|  35200|  17600|    0|
+-----------------+---------+-------+-------+-------+-----+
|Utilization (%)  |        3|      3|     16|     55|    0|
+-----------------+---------+-------+-------+-------+-----+

+ Detail: 
    * Instance: 
    +---------------------------------+-----------------------+---------+-------+------+------+-----+
    |             Instance            |         Module        | BRAM_18K| DSP48E|  FF  |  LUT | URAM|
    +---------------------------------+-----------------------+---------+-------+------+------+-----+
    |grp_atan_generic_double_s_fu_57  |atan_generic_double_s  |        4|      0|  1378|  4100|    0|
    |top_level_dcmp_64tde_U38         |top_level_dcmp_64tde   |        0|      0|   130|   469|    0|
    |top_level_ddiv_64sc4_U37         |top_level_ddiv_64sc4   |        0|      0|  3211|  3658|    0|
    |top_level_dsub_64rcU_U36         |top_level_dsub_64rcU   |        0|      3|   445|  1149|    0|
    +---------------------------------+-----------------------+---------+-------+------+------+-----+
    |Total                            |                       |        4|      3|  5164|  9376|    0|
    +---------------------------------+-----------------------+---------+-------+------+------+-----+

    * DSP48E: 
    N/A

    * Memory: 
    N/A

    * FIFO: 
    N/A

    * Expression: 
    +------------------------+----------+-------+---+----+------------+------------+
    |      Variable Name     | Operation| DSP48E| FF| LUT| Bitwidth P0| Bitwidth P1|
    +------------------------+----------+-------+---+----+------------+------------+
    |icmp_ln833_3_fu_128_p2  |   icmp   |      0|  0|  29|          52|           1|
    |icmp_ln833_fu_122_p2    |   icmp   |      0|  0|  13|          11|           2|
    |octant1_fu_142_p2       |   icmp   |      0|  0|  13|          11|          10|
    |din_fu_147_p3           |  select  |      0|  0|  64|           1|          64|
    |select_ln639_fu_134_p3  |  select  |      0|  0|  63|           1|          62|
    +------------------------+----------+-------+---+----+------------+------------+
    |Total                   |          |      0|  0| 182|          76|         139|
    +------------------------+----------+-------+---+----+------------+------------+

    * Multiplexer: 
    +----------------------------------+-----+-----------+-----+-----------+
    |               Name               | LUT | Input Size| Bits| Total Bits|
    +----------------------------------+-----+-----------+-----+-----------+
    |ap_NS_fsm                         |  185|         42|    1|         42|
    |ap_phi_mux_f_assign_phi_fu_46_p8  |    9|          2|   64|        128|
    |ap_return                         |    9|          2|   64|        128|
    |f_assign_reg_42                   |   21|          4|   64|        256|
    +----------------------------------+-----+-----------+-----+-----------+
    |Total                             |  224|         50|  193|        554|
    +----------------------------------+-----+-----------+-----+-----------+

    * Register: 
    +----------------------------------------------+----+----+-----+-----------+
    |                     Name                     | FF | LUT| Bits| Const Bits|
    +----------------------------------------------+----+----+-----+-----------+
    |absx_reg_182                                  |  63|   0|   64|          1|
    |ap_CS_fsm                                     |  41|   0|   41|          0|
    |ap_return_preg                                |  64|   0|   64|          0|
    |din_reg_212                                   |  64|   0|   64|          0|
    |f_assign_reg_42                               |  64|   0|   64|          0|
    |grp_atan_generic_double_s_fu_57_ap_start_reg  |   1|   0|    1|          0|
    |icmp_ln833_reg_189                            |   1|   0|    1|          0|
    |octant1_reg_202                               |   1|   0|    1|          0|
    |one_over_x_reg_207                            |  64|   0|   64|          0|
    |p_Result_s_reg_172                            |   1|   0|    1|          0|
    |res_1_reg_223                                 |  64|   0|   64|          0|
    |res_reg_217                                   |  64|   0|   64|          0|
    |tmp_4_reg_198                                 |   1|   0|    1|          0|
    |tmp_V_reg_177                                 |  11|   0|   11|          0|
    +----------------------------------------------+----+----+-----+-----------+
    |Total                                         | 504|   0|  505|          1|
    +----------------------------------------------+----+----+-----+-----------+



================================================================
== Interface
================================================================
* Summary: 
+-----------+-----+-----+------------+--------------+--------------+
| RTL Ports | Dir | Bits|  Protocol  | Source Object|    C Type    |
+-----------+-----+-----+------------+--------------+--------------+
|ap_clk     |  in |    1| ap_ctrl_hs |     atan     | return value |
|ap_rst     |  in |    1| ap_ctrl_hs |     atan     | return value |
|ap_start   |  in |    1| ap_ctrl_hs |     atan     | return value |
|ap_done    | out |    1| ap_ctrl_hs |     atan     | return value |
|ap_idle    | out |    1| ap_ctrl_hs |     atan     | return value |
|ap_ready   | out |    1| ap_ctrl_hs |     atan     | return value |
|ap_return  | out |   64| ap_ctrl_hs |     atan     | return value |
|x          |  in |   64|   ap_none  |       x      |    scalar    |
+-----------+-----+-----+------------+--------------+--------------+

