

================================================================
== Vivado HLS Report for 'update'
================================================================
* Date:           Sat Aug 22 16:35:20 2020

* Version:        2019.1 (Build 2552052 on Fri May 24 15:28:33 MDT 2019)
* Project:        CarSimOnFPGA
* Solution:       solution1
* Product family: kintex7
* Target device:  xc7k325t-ffg900-2


================================================================
== Performance Estimates
================================================================
+ Timing (ns): 
    * Summary: 
    +--------+-------+----------+------------+
    |  Clock | Target| Estimated| Uncertainty|
    +--------+-------+----------+------------+
    |ap_clk  |  10.00|     9.006|        1.25|
    +--------+-------+----------+------------+

+ Latency (clock cycles): 
    * Summary: 
    +-----+------+-----+------+---------+
    |   Latency  |  Interval  | Pipeline|
    | min |  max | min |  max |   Type  |
    +-----+------+-----+------+---------+
    |  193|  1238|  193|  1238|   none  |
    +-----+------+-----+------+---------+

    + Detail: 
        * Instance: 
        +--------------------------------+---------------------+-----+-----+-----+-----+---------+
        |                                |                     |  Latency  |  Interval | Pipeline|
        |            Instance            |        Module       | min | max | min | max |   Type  |
        +--------------------------------+---------------------+-----+-----+-----+-----+---------+
        |grp_atan_fu_175                 |atan                 |    2|  204|    2|  204|   none  |
        |grp_sin_or_cos_double_s_fu_182  |sin_or_cos_double_s  |   27|   30|   27|   30|   none  |
        |grp_sin_or_cos_double_s_fu_201  |sin_or_cos_double_s  |   27|   30|   27|   30|   none  |
        +--------------------------------+---------------------+-----+-----+-----+-----+---------+

        * Loop: 
        N/A



================================================================
== Utilization Estimates
================================================================
* Summary: 
+-----------------+---------+-------+--------+--------+-----+
|       Name      | BRAM_18K| DSP48E|   FF   |   LUT  | URAM|
+-----------------+---------+-------+--------+--------+-----+
|DSP              |        -|      -|       -|       -|    -|
|Expression       |        -|      -|       0|     774|    -|
|FIFO             |        -|      -|       -|       -|    -|
|Instance         |       20|    238|   16387|   31670|    -|
|Memory           |        -|      -|       -|       -|    -|
|Multiplexer      |        -|      -|       -|    1166|    -|
|Register         |        -|      -|    1702|       -|    -|
+-----------------+---------+-------+--------+--------+-----+
|Total            |       20|    238|   18089|   33610|    0|
+-----------------+---------+-------+--------+--------+-----+
|Available        |      890|    840|  407600|  203800|    0|
+-----------------+---------+-------+--------+--------+-----+
|Utilization (%)  |        2|     28|       4|      16|    0|
+-----------------+---------+-------+--------+--------+-----+

+ Detail: 
    * Instance: 
    +--------------------------------+----------------------+---------+-------+------+------+-----+
    |            Instance            |        Module        | BRAM_18K| DSP48E|  FF  |  LUT | URAM|
    +--------------------------------+----------------------+---------+-------+------+------+-----+
    |grp_atan_fu_175                 |atan                  |        4|      3|  3580|  8579|    0|
    |grp_sin_or_cos_double_s_fu_182  |sin_or_cos_double_s   |        8|     97|  2847|  5684|    0|
    |grp_sin_or_cos_double_s_fu_201  |sin_or_cos_double_s   |        8|     97|  2847|  5684|    0|
    |top_level_wheelSincg_U50        |top_level_wheelSincg  |        0|      0|  1710|  3253|    0|
    |top_level_wheelSincg_U51        |top_level_wheelSincg  |        0|      0|  1710|  3253|    0|
    |top_level_wheelSipcA_U31        |top_level_wheelSipcA  |        0|      2|   227|   214|    0|
    |top_level_wheelSiqcK_U32        |top_level_wheelSiqcK  |        0|      2|   227|   214|    0|
    |top_level_wheelSircU_U33        |top_level_wheelSircU  |        0|      3|   128|   135|    0|
    |top_level_wheelSircU_U34        |top_level_wheelSircU  |        0|      3|   128|   135|    0|
    |top_level_wheelSircU_U35        |top_level_wheelSircU  |        0|      3|   128|   135|    0|
    |top_level_wheelSircU_U36        |top_level_wheelSircU  |        0|      3|   128|   135|    0|
    |top_level_wheelSisc4_U37        |top_level_wheelSisc4  |        0|      0|   363|   802|    0|
    |top_level_wheelSisc4_U38        |top_level_wheelSisc4  |        0|      0|   363|   802|    0|
    |top_level_wheelSitde_U39        |top_level_wheelSitde  |        0|      0|   128|   341|    0|
    |top_level_wheelSiudo_U40        |top_level_wheelSiudo  |        0|      0|   128|    94|    0|
    |top_level_wheelSiudo_U41        |top_level_wheelSiudo  |        0|      0|   128|    94|    0|
    |top_level_wheelSivdy_U42        |top_level_wheelSivdy  |        0|      0|   100|   138|    0|
    |top_level_wheelSivdy_U43        |top_level_wheelSivdy  |        0|      0|   100|   138|    0|
    |top_level_wheelSiwdI_U44        |top_level_wheelSiwdI  |        0|      0|    66|    72|    0|
    |top_level_wheelSiwdI_U45        |top_level_wheelSiwdI  |        0|      0|    66|    72|    0|
    |top_level_wheelSixdS_U46        |top_level_wheelSixdS  |        0|      0|   242|   508|    0|
    |top_level_wheelSiyd2_U47        |top_level_wheelSiyd2  |        0|      3|   445|   782|    0|
    |top_level_wheelSizec_U48        |top_level_wheelSizec  |        0|     11|   299|   203|    0|
    |top_level_wheelSizec_U49        |top_level_wheelSizec  |        0|     11|   299|   203|    0|
    +--------------------------------+----------------------+---------+-------+------+------+-----+
    |Total                           |                      |       20|    238| 16387| 31670|    0|
    +--------------------------------+----------------------+---------+-------+------+------+-----+

    * DSP48E: 
    N/A

    * Memory: 
    N/A

    * FIFO: 
    N/A

    * Expression: 
    +---------------------------------+----------+-------+---+-----+------------+------------+
    |          Variable Name          | Operation| DSP48E| FF| LUT | Bitwidth P0| Bitwidth P1|
    +---------------------------------+----------+-------+---+-----+------------+------------+
    |add_ln339_fu_524_p2              |     +    |      0|  0|   16|           9|           8|
    |neg_fu_622_p2                    |     -    |      0|  0|   39|           1|          32|
    |result_V_1_fu_609_p2             |     -    |      0|  0|   39|           1|          32|
    |sub_ln1311_fu_538_p2             |     -    |      0|  0|   15|           7|           8|
    |and_ln42_fu_489_p2               |    and   |      0|  0|    2|           1|           1|
    |and_ln49_fu_689_p2               |    and   |      0|  0|    2|           1|           1|
    |and_ln53_fu_695_p2               |    and   |      0|  0|    2|           1|           1|
    |and_ln69_fu_773_p2               |    and   |      0|  0|    2|           1|           1|
    |abscond_fu_628_p2                |   icmp   |      0|  0|   18|          32|           1|
    |icmp_ln42_1_fu_477_p2            |   icmp   |      0|  0|   18|          23|           1|
    |icmp_ln42_fu_471_p2              |   icmp   |      0|  0|   11|           8|           2|
    |icmp_ln49_1_fu_677_p2            |   icmp   |      0|  0|   18|          23|           1|
    |icmp_ln49_fu_671_p2              |   icmp   |      0|  0|   11|           8|           2|
    |icmp_ln69_1_fu_761_p2            |   icmp   |      0|  0|   18|          23|           1|
    |icmp_ln69_fu_755_p2              |   icmp   |      0|  0|   11|           8|           2|
    |r_V_fu_567_p2                    |   lshr   |      0|  0|   66|          25|          25|
    |ap_block_state3_on_subcall_done  |    or    |      0|  0|    2|           1|           1|
    |or_ln42_fu_483_p2                |    or    |      0|  0|    2|           1|           1|
    |or_ln49_fu_683_p2                |    or    |      0|  0|    2|           1|           1|
    |or_ln53_fu_709_p2                |    or    |      0|  0|    2|           1|           1|
    |or_ln69_fu_767_p2                |    or    |      0|  0|    2|           1|           1|
    |abs_fu_634_p3                    |  select  |      0|  0|   32|           1|          32|
    |p_Val2_5_fu_601_p3               |  select  |      0|  0|   32|           1|          32|
    |p_Val2_6_fu_615_p3               |  select  |      0|  0|   32|           1|          32|
    |select_ln53_1_fu_701_p3          |  select  |      0|  0|   31|           1|          31|
    |select_ln53_fu_715_p3            |  select  |      0|  0|   32|           1|          32|
    |ush_fu_547_p3                    |  select  |      0|  0|    9|           1|           9|
    |r_V_1_fu_573_p2                  |    shl   |      0|  0|  243|          79|          79|
    |xor_ln66_fu_727_p2               |    xor   |      0|  0|   65|          64|          65|
    +---------------------------------+----------+-------+---+-----+------------+------------+
    |Total                            |          |      0|  0|  774|         326|         436|
    +---------------------------------+----------+-------+---+-----+------------+------------+

    * Multiplexer: 
    +------------------------------------------------+-----+-----------+-----+-----------+
    |                      Name                      | LUT | Input Size| Bits| Total Bits|
    +------------------------------------------------+-----+-----------+-----+-----------+
    |ap_NS_fsm                                       |  589|        131|    1|        131|
    |ap_phi_mux_wheel_slipAngle_new_1_phi_fu_145_p4  |    9|          2|   32|         64|
    |ap_phi_mux_wheel_slipRatio_new_s_phi_fu_135_p4  |    9|          2|   32|         64|
    |grp_atan_fu_175_x                               |   21|          5|   64|        320|
    |grp_fu_221_opcode                               |   13|          3|    2|          6|
    |grp_fu_221_p0                                   |   21|          5|   32|        160|
    |grp_fu_221_p1                                   |   17|          4|   32|        128|
    |grp_fu_225_p0                                   |   13|          3|   32|         96|
    |grp_fu_225_p1                                   |   13|          3|   32|         96|
    |grp_fu_229_p0                                   |   29|          7|   32|        224|
    |grp_fu_229_p1                                   |   33|          8|   32|        256|
    |grp_fu_233_p0                                   |   21|          5|   32|        160|
    |grp_fu_233_p1                                   |   25|          6|   32|        192|
    |grp_fu_251_p0                                   |   25|          6|   32|        192|
    |grp_fu_251_p1                                   |   25|          6|   32|        192|
    |grp_fu_263_p0                                   |   25|          6|   64|        384|
    |grp_fu_267_p0                                   |   17|          4|   64|        256|
    |grp_fu_272_p0                                   |   33|          8|   32|        256|
    |grp_fu_285_opcode                               |   13|          3|    5|         15|
    |grp_fu_285_p0                                   |   17|          4|   32|        128|
    |grp_fu_300_opcode                               |   13|          3|    2|          6|
    |grp_fu_300_p0                                   |   13|          3|   64|        192|
    |grp_fu_300_p1                                   |   17|          4|   64|        256|
    |grp_fu_304_p0                                   |   29|          7|   64|        448|
    |grp_fu_304_p1                                   |   33|          8|   64|        512|
    |grp_sin_or_cos_double_s_fu_182_do_cos           |   13|          3|    1|          3|
    |grp_sin_or_cos_double_s_fu_182_t_in             |   17|          4|   64|        256|
    |wheel_angularVelocit_o                          |    9|          2|   32|         64|
    |wheel_fx_new_0_reg_152                          |    9|          2|   32|         64|
    |wheel_fz_new_0_reg_164                          |    9|          2|   32|         64|
    |wheel_pos_x_o                                   |    9|          2|   32|         64|
    |wheel_slipAngle_new_1_reg_142                   |    9|          2|   32|         64|
    |wheel_slipRatio_new_s_reg_132                   |    9|          2|   32|         64|
    |wheel_vel_x_o                                   |    9|          2|   32|         64|
    +------------------------------------------------+-----+-----------+-----+-----------+
    |Total                                           | 1166|        267| 1195|       5441|
    +------------------------------------------------+-----+-----------+-----+-----------+

    * Register: 
    +---------------------------------------------+-----+----+-----+-----------+
    |                     Name                    |  FF | LUT| Bits| Const Bits|
    +---------------------------------------------+-----+----+-----+-----------+
    |abs_reg_902                                  |   32|   0|   32|          0|
    |and_ln42_reg_888                             |    1|   0|    1|          0|
    |ap_CS_fsm                                    |  130|   0|  130|          0|
    |grp_atan_fu_175_ap_start_reg                 |    1|   0|    1|          0|
    |grp_sin_or_cos_double_s_fu_182_ap_start_reg  |    1|   0|    1|          0|
    |grp_sin_or_cos_double_s_fu_201_ap_start_reg  |    1|   0|    1|          0|
    |latForce_reg_962                             |   32|   0|   32|          0|
    |p_Result_s_reg_897                           |    1|   0|    1|          0|
    |reg_330                                      |   64|   0|   64|          0|
    |reg_340                                      |   64|   0|   64|          0|
    |reg_345                                      |   32|   0|   32|          0|
    |reg_354                                      |   32|   0|   32|          0|
    |reg_362                                      |   32|   0|   32|          0|
    |reg_371                                      |   32|   0|   32|          0|
    |reg_379                                      |   32|   0|   32|          0|
    |reg_389                                      |   64|   0|   64|          0|
    |reg_397                                      |   32|   0|   32|          0|
    |reg_404                                      |   64|   0|   64|          0|
    |reg_411                                      |   64|   0|   64|          0|
    |reg_417                                      |   64|   0|   64|          0|
    |reg_424                                      |   32|   0|   32|          0|
    |reg_430                                      |   64|   0|   64|          0|
    |reg_436                                      |   64|   0|   64|          0|
    |s_reg_937                                    |   32|   0|   32|          0|
    |tmp_10_reg_912                               |   32|   0|   32|          0|
    |tmp_19_reg_927                               |   64|   0|   64|          0|
    |tmp_20_reg_922                               |   64|   0|   64|          0|
    |tmp_21_reg_932                               |   64|   0|   64|          0|
    |tmp_35_reg_952                               |   64|   0|   64|          0|
    |tmp_3_reg_848                                |   32|   0|   32|          0|
    |tmp_41_reg_947                               |   64|   0|   64|          0|
    |tmp_49_reg_970                               |   32|   0|   32|          0|
    |tmp_4_reg_853                                |   32|   0|   32|          0|
    |tmp_9_reg_907                                |   32|   0|   32|          0|
    |tmp_V_1_reg_883                              |   23|   0|   23|          0|
    |tmp_V_reg_877                                |    8|   0|    8|          0|
    |vel_z_local_reg_858                          |   32|   0|   32|          0|
    |wheel_angularVelocit_1_reg_834               |   32|   0|   32|          0|
    |wheel_fx_new_0_reg_152                       |   32|   0|   32|          0|
    |wheel_fz_new_0_reg_164                       |   32|   0|   32|          0|
    |wheel_slipAngle_new_1_reg_142                |   32|   0|   32|          0|
    |wheel_slipRatio_new_s_reg_132                |   32|   0|   32|          0|
    |wheel_vel_x_load_reg_841                     |   32|   0|   32|          0|
    +---------------------------------------------+-----+----+-----+-----------+
    |Total                                        | 1702|   0| 1702|          0|
    +---------------------------------------------+-----+----+-----+-----------+



================================================================
== Interface
================================================================
* Summary: 
+-------------------------------+-----+-----+------------+----------------------+--------------+
|           RTL Ports           | Dir | Bits|  Protocol  |     Source Object    |    C Type    |
+-------------------------------+-----+-----+------------+----------------------+--------------+
|ap_clk                         |  in |    1| ap_ctrl_hs |        update        | return value |
|ap_rst                         |  in |    1| ap_ctrl_hs |        update        | return value |
|ap_start                       |  in |    1| ap_ctrl_hs |        update        | return value |
|ap_done                        | out |    1| ap_ctrl_hs |        update        | return value |
|ap_idle                        | out |    1| ap_ctrl_hs |        update        | return value |
|ap_ready                       | out |    1| ap_ctrl_hs |        update        | return value |
|deltaTime                      |  in |   32|   ap_none  |       deltaTime      |    scalar    |
|torque                         |  in |   32|   ap_none  |        torque        |    scalar    |
|steeringAngle                  |  in |   32|   ap_none  |     steeringAngle    |    scalar    |
|wheel_vel_x_i                  |  in |   32|   ap_ovld  |      wheel_vel_x     |    pointer   |
|wheel_vel_x_o                  | out |   32|   ap_ovld  |      wheel_vel_x     |    pointer   |
|wheel_vel_x_o_ap_vld           | out |    1|   ap_ovld  |      wheel_vel_x     |    pointer   |
|wheel_angularVelocit_i         |  in |   32|   ap_ovld  | wheel_angularVelocit |    pointer   |
|wheel_angularVelocit_o         | out |   32|   ap_ovld  | wheel_angularVelocit |    pointer   |
|wheel_angularVelocit_o_ap_vld  | out |    1|   ap_ovld  | wheel_angularVelocit |    pointer   |
|wheel_radius                   |  in |   32|   ap_none  |     wheel_radius     |    pointer   |
|wheel_slipAngle                | out |   32|   ap_vld   |    wheel_slipAngle   |    pointer   |
|wheel_slipAngle_ap_vld         | out |    1|   ap_vld   |    wheel_slipAngle   |    pointer   |
|wheel_slipRatio                | out |   32|   ap_vld   |    wheel_slipRatio   |    pointer   |
|wheel_slipRatio_ap_vld         | out |    1|   ap_vld   |    wheel_slipRatio   |    pointer   |
|wheel_inertia                  |  in |   32|   ap_none  |     wheel_inertia    |    pointer   |
|wheel_mass                     |  in |   32|   ap_none  |      wheel_mass      |    pointer   |
|wheel_pos_x_i                  |  in |   32|   ap_ovld  |      wheel_pos_x     |    pointer   |
|wheel_pos_x_o                  | out |   32|   ap_ovld  |      wheel_pos_x     |    pointer   |
|wheel_pos_x_o_ap_vld           | out |    1|   ap_ovld  |      wheel_pos_x     |    pointer   |
|wheel_fz                       | out |   32|   ap_vld   |       wheel_fz       |    pointer   |
|wheel_fz_ap_vld                | out |    1|   ap_vld   |       wheel_fz       |    pointer   |
|wheel_fx                       | out |   32|   ap_vld   |       wheel_fx       |    pointer   |
|wheel_fx_ap_vld                | out |    1|   ap_vld   |       wheel_fx       |    pointer   |
+-------------------------------+-----+-----+------------+----------------------+--------------+

