

================================================================
== Vivado HLS Report for 'scaled_fixed2ieee'
================================================================
* Date:           Sun Aug 23 03:38:19 2020

* Version:        2019.1 (Build 2552052 on Fri May 24 15:28:33 MDT 2019)
* Project:        CarSimOnFPGA
* Solution:       solution2
* Product family: kintex7
* Target device:  xc7k325t-ffg900-2


================================================================
== Performance Estimates
================================================================
+ Timing (ns): 
    * Summary: 
    +--------+-------+----------+------------+
    |  Clock | Target| Estimated| Uncertainty|
    +--------+-------+----------+------------+
    |ap_clk  |  10.00|     6.675|        1.25|
    +--------+-------+----------+------------+

+ Latency (clock cycles): 
    * Summary: 
    +-----+-----+-----+-----+---------+
    |  Latency  |  Interval | Pipeline|
    | min | max | min | max |   Type  |
    +-----+-----+-----+-----+---------+
    |   15|   18|   15|   18|   none  |
    +-----+-----+-----+-----+---------+

    + Detail: 
        * Instance: 
        N/A

        * Loop: 
        +----------+-----+-----+----------+-----------+-----------+-------+----------+
        |          |  Latency  | Iteration|  Initiation Interval  |  Trip |          |
        | Loop Name| min | max |  Latency |  achieved |   target  | Count | Pipelined|
        +----------+-----+-----+----------+-----------+-----------+-------+----------+
        |- Loop 1  |    6|    6|         2|          -|          -|      3|    no    |
        |- Loop 2  |    4|    4|         1|          -|          -|      4|    no    |
        |- Loop 3  |    1|    4|         1|          -|          -| 1 ~ 4 |    no    |
        +----------+-----+-----+----------+-----------+-----------+-------+----------+



================================================================
== Utilization Estimates
================================================================
* Summary: 
+-----------------+---------+-------+--------+--------+-----+
|       Name      | BRAM_18K| DSP48E|   FF   |   LUT  | URAM|
+-----------------+---------+-------+--------+--------+-----+
|DSP              |        -|      -|       -|       -|    -|
|Expression       |        -|      -|      40|    1398|    -|
|FIFO             |        -|      -|       -|       -|    -|
|Instance         |        -|      -|       0|     130|    -|
|Memory           |        -|      -|       -|       -|    -|
|Multiplexer      |        -|      -|       -|     114|    -|
|Register         |        -|      -|     745|       -|    -|
+-----------------+---------+-------+--------+--------+-----+
|Total            |        0|      0|     785|    1642|    0|
+-----------------+---------+-------+--------+--------+-----+
|Available        |      890|    840|  407600|  203800|    0|
+-----------------+---------+-------+--------+--------+-----+
|Utilization (%)  |        0|      0|   ~0   |   ~0   |    0|
+-----------------+---------+-------+--------+--------+-----+

+ Detail: 
    * Instance: 
    +-------------------------+----------------------+---------+-------+---+----+-----+
    |         Instance        |        Module        | BRAM_18K| DSP48E| FF| LUT| URAM|
    +-------------------------+----------------------+---------+-------+---+----+-----+
    |top_level_wheel_mbkb_U1  |top_level_wheel_mbkb  |        0|      0|  0|  65|    0|
    |top_level_wheel_mbkb_U2  |top_level_wheel_mbkb  |        0|      0|  0|  65|    0|
    +-------------------------+----------------------+---------+-------+---+----+-----+
    |Total                    |                      |        0|      0|  0| 130|    0|
    +-------------------------+----------------------+---------+-------+---+----+-----+

    * DSP48E: 
    N/A

    * Memory: 
    N/A

    * FIFO: 
    N/A

    * Expression: 
    +--------------------------+----------+-------+----+-----+------------+------------+
    |       Variable Name      | Operation| DSP48E| FF | LUT | Bitwidth P0| Bitwidth P1|
    +--------------------------+----------+-------+----+-----+------------+------------+
    |i_1_fu_417_p2             |     +    |      0|   0|   12|           3|           1|
    |i_2_fu_481_p2             |     +    |      0|   0|   12|           3|           1|
    |i_fu_236_p2               |     +    |      0|   0|   10|           2|           1|
    |shift_fu_517_p2           |     +    |      0|   0|   39|          32|          32|
    |newexp_fu_589_p2          |     -    |      0|   0|   39|          32|          32|
    |sub_ln1311_fu_531_p2      |     -    |      0|   0|   39|           1|          32|
    |sub_ln424_fu_250_p2       |     -    |      0|   0|   15|           3|           6|
    |sub_ln425_fu_256_p2       |     -    |      0|   0|   15|           6|           6|
    |sub_ln452_fu_580_p2       |     -    |      0|   0|   19|          10|          12|
    |sub_ln566_1_fu_283_p2     |     -    |      0|   0|   15|           3|           6|
    |sub_ln566_2_fu_289_p2     |     -    |      0|   0|   15|           6|           6|
    |sub_ln566_3_fu_318_p2     |     -    |      0|   0|   15|           3|           6|
    |sub_ln566_fu_277_p2       |     -    |      0|   0|   15|           6|           6|
    |p_Result_s_fu_344_p2      |    and   |      0|   0|   63|          63|          63|
    |r_V_fu_549_p2             |   ashr   |      0|   0|  180|          63|          63|
    |c_0_fu_447_p3             |   cttz   |      0|  40|   36|          32|           0|
    |icmp_ln1452_fu_575_p2     |   icmp   |      0|   0|   29|          63|           1|
    |icmp_ln423_fu_230_p2      |   icmp   |      0|   0|    8|           2|           2|
    |icmp_ln434_fu_411_p2      |   icmp   |      0|   0|    9|           3|           4|
    |icmp_ln441_fu_475_p2      |   icmp   |      0|   0|    9|           3|           4|
    |icmp_ln444_fu_569_p2      |   icmp   |      0|   0|   18|          32|           5|
    |icmp_ln566_fu_262_p2      |   icmp   |      0|   0|   11|           6|           6|
    |lshr_ln566_1_fu_338_p2    |   lshr   |      0|   0|  180|           2|          63|
    |lshr_ln566_fu_332_p2      |   lshr   |      0|   0|  180|          63|          63|
    |or_ln453_fu_603_p2        |    or    |      0|   0|    2|           1|           1|
    |out_exp_V_fu_630_p3       |  select  |      0|   0|   11|           1|           1|
    |r_V_31_fu_561_p3          |  select  |      0|   0|   63|           1|          63|
    |select_ln566_1_fu_303_p3  |  select  |      0|   0|   63|           1|          63|
    |select_ln566_2_fu_310_p3  |  select  |      0|   0|    6|           1|           6|
    |select_ln566_fu_295_p3    |  select  |      0|   0|    6|           1|           6|
    |significand_V_fu_622_p3   |  select  |      0|   0|   52|           1|           1|
    |ush_fu_537_p3             |  select  |      0|   0|   32|           1|          32|
    |r_V_29_fu_555_p2          |    shl   |      0|   0|  180|          63|          63|
    +--------------------------+----------+-------+----+-----+------------+------------+
    |Total                     |          |      0|  40| 1398|         513|         657|
    +--------------------------+----------+-------+----+-----+------------+------------+

    * Multiplexer: 
    +-------------------+----+-----------+-----+-----------+
    |        Name       | LUT| Input Size| Bits| Total Bits|
    +-------------------+----+-----------+-----+-----------+
    |ap_NS_fsm          |  29|          7|    1|          7|
    |ap_return          |   9|          2|   63|        126|
    |i1_0_reg_157       |   9|          2|    3|          6|
    |i2_0_reg_190       |   9|          2|    3|          6|
    |i_0_reg_134        |   9|          2|    2|          4|
    |p_0119_0_reg_168   |   9|          2|   63|        126|
    |p_Val2_43_reg_201  |   9|          2|   63|        126|
    |p_Val2_s_reg_146   |  13|          3|   32|         96|
    |shift_0_reg_178    |   9|          2|   32|         64|
    |shift_1_reg_211    |   9|          2|   32|         64|
    +-------------------+----+-----------+-----+-----------+
    |Total              | 114|         26|  294|        625|
    +-------------------+----+-----------+-----+-----------+

    * Register: 
    +-----------------------------+----+----+-----+-----------+
    |             Name            | FF | LUT| Bits| Const Bits|
    +-----------------------------+----+----+-----+-----------+
    |ap_CS_fsm                    |   6|   0|    6|          0|
    |ap_return_preg               |  63|   0|   64|          1|
    |c_3_1_fu_110                 |  32|   0|   32|          0|
    |c_3_2_fu_114                 |  32|   0|   32|          0|
    |c_3_3_fu_118                 |  32|   0|   32|          0|
    |c_3_fu_106                   |  32|   0|   32|          0|
    |i1_0_reg_157                 |   3|   0|    3|          0|
    |i2_0_reg_190                 |   3|   0|    3|          0|
    |i_0_reg_134                  |   2|   0|    2|          0|
    |i_reg_705                    |   2|   0|    2|          0|
    |icmp_ln1452_reg_778          |   1|   0|    1|          0|
    |in_V_read_reg_675            |  63|   0|   63|          0|
    |out_bits_2_V_1_fu_98         |  32|   0|   32|          0|
    |out_bits_2_V_1_load_reg_690  |  32|   0|   32|          0|
    |out_bits_2_V_2_fu_102        |  32|   0|   32|          0|
    |out_bits_2_V_2_load_reg_696  |  32|   0|   32|          0|
    |out_bits_2_V_fu_94           |  32|   0|   32|          0|
    |out_bits_2_V_load_reg_684    |  32|   0|   32|          0|
    |p_0119_0_reg_168             |  63|   0|   63|          0|
    |p_Result_29_reg_739          |  32|   0|   32|          0|
    |p_Val2_43_reg_201            |  63|   0|   63|          0|
    |p_Val2_s_reg_146             |  32|   0|   32|          0|
    |prescale_read_reg_670        |  12|   0|   12|          0|
    |shift_0_reg_178              |  32|   0|   32|          0|
    |shift_1_reg_211              |  32|   0|   32|          0|
    |trunc_ln169_reg_710          |  16|   0|   16|          0|
    +-----------------------------+----+----+-----+-----------+
    |Total                        | 745|   0|  746|          1|
    +-----------------------------+----+----+-----+-----------+



================================================================
== Interface
================================================================
* Summary: 
+-----------+-----+-----+------------+-------------------+--------------+
| RTL Ports | Dir | Bits|  Protocol  |   Source Object   |    C Type    |
+-----------+-----+-----+------------+-------------------+--------------+
|ap_clk     |  in |    1| ap_ctrl_hs | scaled_fixed2ieee | return value |
|ap_rst     |  in |    1| ap_ctrl_hs | scaled_fixed2ieee | return value |
|ap_start   |  in |    1| ap_ctrl_hs | scaled_fixed2ieee | return value |
|ap_done    | out |    1| ap_ctrl_hs | scaled_fixed2ieee | return value |
|ap_idle    | out |    1| ap_ctrl_hs | scaled_fixed2ieee | return value |
|ap_ready   | out |    1| ap_ctrl_hs | scaled_fixed2ieee | return value |
|ap_return  | out |   64| ap_ctrl_hs | scaled_fixed2ieee | return value |
|in_V       |  in |   63|   ap_none  |        in_V       |    scalar    |
|prescale   |  in |   12|   ap_none  |      prescale     |    scalar    |
+-----------+-----+-----+------------+-------------------+--------------+

