

================================================================
== Vivado HLS Report for 'sin_or_cos_double_s'
================================================================
* Date:           Sun Aug 23 03:38:20 2020

* Version:        2019.1 (Build 2552052 on Fri May 24 15:28:33 MDT 2019)
* Project:        CarSimOnFPGA
* Solution:       solution2
* Product family: kintex7
* Target device:  xc7k325t-ffg900-2


================================================================
== Performance Estimates
================================================================
+ Timing (ns): 
    * Summary: 
    +--------+-------+----------+------------+
    |  Clock | Target| Estimated| Uncertainty|
    +--------+-------+----------+------------+
    |ap_clk  |  10.00|     8.406|        1.25|
    +--------+-------+----------+------------+

+ Latency (clock cycles): 
    * Summary: 
    +-----+-----+-----+-----+---------+
    |  Latency  |  Interval | Pipeline|
    | min | max | min | max |   Type  |
    +-----+-----+-----+-----+---------+
    |   26|   29|   26|   29|   none  |
    +-----+-----+-----+-----+---------+

    + Detail: 
        * Instance: 
        +------------------------------+-------------------+-----+-----+-----+-----+---------+
        |                              |                   |  Latency  |  Interval | Pipeline|
        |           Instance           |       Module      | min | max | min | max |   Type  |
        +------------------------------+-------------------+-----+-----+-----+-----+---------+
        |grp_scaled_fixed2ieee_fu_268  |scaled_fixed2ieee  |   15|   18|   15|   18|   none  |
        +------------------------------+-------------------+-----+-----+-----+-----+---------+

        * Loop: 
        N/A



================================================================
== Utilization Estimates
================================================================
* Summary: 
+-----------------+---------+-------+--------+--------+-----+
|       Name      | BRAM_18K| DSP48E|   FF   |   LUT  | URAM|
+-----------------+---------+-------+--------+--------+-----+
|DSP              |        -|      -|       -|       -|    -|
|Expression       |        -|     67|      73|    2754|    -|
|FIFO             |        -|      -|       -|       -|    -|
|Instance         |        -|     30|    1146|    2016|    -|
|Memory           |        8|      -|     213|     852|    -|
|Multiplexer      |        -|      -|       -|      62|    -|
|Register         |        -|      -|    1351|       -|    -|
+-----------------+---------+-------+--------+--------+-----+
|Total            |        8|     97|    2783|    5684|    0|
+-----------------+---------+-------+--------+--------+-----+
|Available        |      890|    840|  407600|  203800|    0|
+-----------------+---------+-------+--------+--------+-----+
|Utilization (%)  |    ~0   |     11|   ~0   |       2|    0|
+-----------------+---------+-------+--------+--------+-----+

+ Detail: 
    * Instance: 
    +------------------------------+----------------------+---------+-------+-----+------+-----+
    |           Instance           |        Module        | BRAM_18K| DSP48E|  FF |  LUT | URAM|
    +------------------------------+----------------------+---------+-------+-----+------+-----+
    |grp_scaled_fixed2ieee_fu_268  |scaled_fixed2ieee     |        0|      0|  785|  1642|    0|
    |top_level_wheel_mibs_U6       |top_level_wheel_mibs  |        0|     30|  361|   179|    0|
    |top_level_wheel_mjbC_U7       |top_level_wheel_mjbC  |        0|      0|    0|    65|    0|
    |top_level_wheel_mkbM_U8       |top_level_wheel_mkbM  |        0|      0|    0|    65|    0|
    |top_level_wheel_mkbM_U9       |top_level_wheel_mkbM  |        0|      0|    0|    65|    0|
    +------------------------------+----------------------+---------+-------+-----+------+-----+
    |Total                         |                      |        0|     30| 1146|  2016|    0|
    +------------------------------+----------------------+---------+-------+-----+------+-----+

    * DSP48E: 
    N/A

    * Memory: 
    +-------------------------+----------------------+---------+----+-----+-----+------+-----+------+-------------+
    |          Memory         |        Module        | BRAM_18K| FF | LUT | URAM| Words| Bits| Banks| W*Bits*Banks|
    +-------------------------+----------------------+---------+----+-----+-----+------+-----+------+-------------+
    |ref_4oPi_table_256_V_U   |sin_or_cos_doublecud  |        8|   0|    0|    0|    10|  256|     1|         2560|
    |fourth_order_double_4_U  |sin_or_cos_doubledEe  |        0|  59|  236|    0|   256|   59|     1|        15104|
    |fourth_order_double_5_U  |sin_or_cos_doubleeOg  |        0|  52|  208|    0|   256|   52|     1|        13312|
    |fourth_order_double_6_U  |sin_or_cos_doublefYi  |        0|  44|  176|    0|   256|   44|     1|        11264|
    |fourth_order_double_7_U  |sin_or_cos_doubleg8j  |        0|  33|  132|    0|   256|   33|     1|         8448|
    |fourth_order_double_s_U  |sin_or_cos_doublehbi  |        0|  25|  100|    0|   256|   25|     1|         6400|
    +-------------------------+----------------------+---------+----+-----+-----+------+-----+------+-------------+
    |Total                    |                      |        8| 213|  852|    0|  1290|  469|     6|        57088|
    +-------------------------+----------------------+---------+----+-----+-----+------+-----+------+-------------+

    * FIFO: 
    N/A

    * Expression: 
    +---------------------------+----------+-------+----+-----+------------+------------+
    |       Variable Name       | Operation| DSP48E| FF | LUT | Bitwidth P0| Bitwidth P1|
    +---------------------------+----------+-------+----+-----+------------+------------+
    |r_V_21_fu_649_p2           |     *    |      9|   0|   21|          49|          49|
    |r_V_22_fu_668_p2           |     *    |      9|   0|   21|          49|          49|
    |r_V_23_fu_683_p2           |     *    |      9|   0|   21|          49|          49|
    |r_V_24_fu_705_p2           |     *    |      9|   0|   35|          56|          52|
    |r_V_25_fu_727_p2           |     *    |      9|   0|   21|          49|          44|
    |r_V_26_fu_758_p2           |     *    |      4|   0|   26|          42|          33|
    |r_V_27_fu_781_p2           |     *    |      2|   0|   24|          35|          25|
    |r_V_28_fu_866_p2           |     *    |     16|   0|   46|          64|          63|
    |add_ln114_1_fu_306_p2      |     +    |      0|   0|   18|          11|          11|
    |add_ln114_fu_403_p2        |     +    |      0|   0|   18|          11|          11|
    |ret_V_13_fu_804_p2         |     +    |      0|   0|   11|          64|          64|
    |ret_V_14_fu_813_p2         |     +    |      0|   0|   11|          64|          64|
    |ret_V_15_fu_840_p2         |     +    |      0|   0|   11|          64|          64|
    |ret_V_8_fu_848_p2          |     +    |      0|   0|   11|          64|          64|
    |Ex_V_fu_509_p2             |     -    |      0|   0|   18|          11|          11|
    |Mx_bits_V_1_fu_425_p2      |     -    |      0|   0|  131|           1|         124|
    |ret_V_fu_887_p2            |     -    |      0|   0|   19|           1|          12|
    |sub_ln1311_fu_558_p2       |     -    |      0|   0|   19|           1|          12|
    |and_ln300_1_fu_1065_p2     |    and   |      0|   0|    2|           1|           1|
    |and_ln300_fu_1009_p2       |    and   |      0|   0|    2|           1|           1|
    |and_ln307_fu_1013_p2       |    and   |      0|   0|    2|           1|           1|
    |tmp_i_i_fu_473_p3          |   cttz   |      0|  73|   71|          64|           0|
    |closepath_fu_300_p2        |   icmp   |      0|   0|   13|          11|          10|
    |icmp_ln833_1_fu_378_p2     |   icmp   |      0|   0|   29|          52|           1|
    |icmp_ln833_2_fu_550_p2     |   icmp   |      0|   0|   13|          11|           2|
    |icmp_ln833_fu_545_p2       |   icmp   |      0|   0|   13|          11|           1|
    |r_V_fu_579_p2              |   lshr   |      0|   0|  180|          63|          63|
    |or_ln300_fu_1083_p2        |    or    |      0|   0|    2|           1|           1|
    |or_ln311_fu_1029_p2        |    or    |      0|   0|    2|           1|           1|
    |addr_V_fu_312_p3           |  select  |      0|   0|   11|           1|           7|
    |cos_basis_fu_824_p3        |  select  |      0|   0|    2|           1|           1|
    |p_Repl2_3_fu_1049_p3       |  select  |      0|   0|    2|           1|           1|
    |p_Val2_14_fu_430_p3        |  select  |      0|   0|  124|           1|         124|
    |p_Val2_37_fu_415_p3        |  select  |      0|   0|    3|           1|           1|
    |r_V_20_fu_589_p3           |  select  |      0|   0|   63|           1|          63|
    |ret_V_10_fu_1088_p3        |  select  |      0|   0|   52|           1|          52|
    |ret_V_9_fu_1057_p3         |  select  |      0|   0|   11|           1|          11|
    |select_ln271_fu_1002_p3    |  select  |      0|   0|    2|           1|           1|
    |select_ln272_1_fu_830_p3   |  select  |      0|   0|   63|           1|           2|
    |select_ln272_fu_854_p3     |  select  |      0|   0|   11|           1|           1|
    |select_ln300_2_fu_1075_p3  |  select  |      0|   0|    2|           1|           2|
    |select_ln307_fu_1017_p3    |  select  |      0|   0|   10|           1|          10|
    |select_ln311_1_fu_1042_p3  |  select  |      0|   0|   11|           1|           2|
    |select_ln311_fu_1034_p3    |  select  |      0|   0|    2|           1|           1|
    |select_ln482_fu_408_p3     |  select  |      0|   0|   11|           1|          11|
    |ush_fu_564_p3              |  select  |      0|   0|   12|           1|          12|
    |r_V_18_fu_342_p2           |    shl   |      0|   0|  950|         256|         256|
    |r_V_19_fu_489_p2           |    shl   |      0|   0|  411|         124|         124|
    |r_V_4_fu_584_p2            |    shl   |      0|   0|  180|          63|          63|
    |sin_basis_fu_626_p2        |    xor   |      0|   0|    2|           1|           1|
    |xor_ln271_fu_819_p2        |    xor   |      0|   0|    2|           1|           2|
    |xor_ln29_fu_620_p2         |    xor   |      0|   0|    2|           1|           2|
    |xor_ln300_fu_1069_p2       |    xor   |      0|   0|    2|           2|           1|
    |xor_ln311_fu_1024_p2       |    xor   |      0|   0|    2|           1|           2|
    +---------------------------+----------+-------+----+-----+------------+------------+
    |Total                      |          |     67|  73| 2754|        1368|        1636|
    +---------------------------+----------+-------+----+-----+------------+------------+

    * Multiplexer: 
    +-----------+----+-----------+-----+-----------+
    |    Name   | LUT| Input Size| Bits| Total Bits|
    +-----------+----+-----------+-----+-----------+
    |ap_NS_fsm  |  53|         13|    1|         13|
    |ap_return  |   9|          2|   64|        128|
    +-----------+----+-----------+-----+-----------+
    |Total      |  62|         15|   65|        141|
    +-----------+----+-----------+-----+-----------+

    * Register: 
    +-------------------------------------------+-----+----+-----+-----------+
    |                    Name                   |  FF | LUT| Bits| Const Bits|
    +-------------------------------------------+-----+----+-----+-----------+
    |B_V_reg_1228                               |   56|   0|   56|          0|
    |B_fourth_power_V_reg_1286                  |   35|   0|   35|          0|
    |B_squared_V_reg_1265                       |   49|   0|   49|          0|
    |B_third_power_V_reg_1281                   |   42|   0|   42|          0|
    |B_trunc_V_reg_1233                         |   49|   0|   49|          0|
    |Ex_V_reg_1190                              |   11|   0|   11|          0|
    |Mx_V_reg_1183                              |   63|   0|   63|          0|
    |ap_CS_fsm                                  |   12|   0|   12|          0|
    |ap_return_preg                             |   64|   0|   64|          0|
    |closepath_reg_1129                         |    1|   0|    1|          0|
    |cos_basis_reg_1331                         |    1|   0|    1|          0|
    |do_cos_read_reg_1216                       |    1|   0|    1|          0|
    |fourth_order_double_10_reg_1271            |   52|   0|   52|          0|
    |fourth_order_double_12_reg_1276            |   44|   0|   44|          0|
    |grp_scaled_fixed2ieee_fu_268_ap_start_reg  |    1|   0|    1|          0|
    |icmp_ln833_1_reg_1160                      |    1|   0|    1|          0|
    |icmp_ln833_2_reg_1208                      |    1|   0|    1|          0|
    |icmp_ln833_reg_1202                        |    1|   0|    1|          0|
    |isNeg_reg_1196                             |    1|   0|    1|          0|
    |p_Result_21_reg_1110                       |    1|   0|    1|          0|
    |p_Val2_36_reg_1166                         |  124|   0|  124|          0|
    |p_Val2_37_reg_1177                         |    3|   0|    3|          0|
    |r_V_6_reg_1260                             |   49|   0|   98|         49|
    |result_V_reg_1347                          |   63|   0|   63|          0|
    |ret_V_11_reg_1145                          |  170|   0|  170|          0|
    |ret_V_14_reg_1326                          |   64|   0|   64|          0|
    |ret_V_8_reg_1342                           |   64|   0|   64|          0|
    |ret_V_reg_1352                             |   12|   0|   12|          0|
    |select_ln272_1_reg_1337                    |   63|   0|   63|          0|
    |tmp_61_reg_1316                            |   37|   0|   37|          0|
    |tmp_62_reg_1321                            |   29|   0|   29|          0|
    |tmp_V_2_reg_1123                           |   52|   0|   52|          0|
    |tmp_V_reg_1116                             |   11|   0|   11|          0|
    |tmp_reg_1222                               |    1|   0|    1|          0|
    |trunc_ln3_reg_1296                         |   56|   0|   56|          0|
    |trunc_ln601_reg_1140                       |    7|   0|    7|          0|
    |trunc_ln662_1_reg_1301                     |   48|   0|   48|          0|
    |trunc_ln_i_reg_1172                        |    3|   0|    3|          0|
    |xor_ln29_reg_1238                          |    1|   0|    1|          0|
    |zext_ln498_reg_1243                        |    8|   0|   64|         56|
    +-------------------------------------------+-----+----+-----+-----------+
    |Total                                      | 1351|   0| 1456|        105|
    +-------------------------------------------+-----+----+-----+-----------+



================================================================
== Interface
================================================================
* Summary: 
+-----------+-----+-----+------------+--------------------+--------------+
| RTL Ports | Dir | Bits|  Protocol  |    Source Object   |    C Type    |
+-----------+-----+-----+------------+--------------------+--------------+
|ap_clk     |  in |    1| ap_ctrl_hs | sin_or_cos<double> | return value |
|ap_rst     |  in |    1| ap_ctrl_hs | sin_or_cos<double> | return value |
|ap_start   |  in |    1| ap_ctrl_hs | sin_or_cos<double> | return value |
|ap_done    | out |    1| ap_ctrl_hs | sin_or_cos<double> | return value |
|ap_idle    | out |    1| ap_ctrl_hs | sin_or_cos<double> | return value |
|ap_ready   | out |    1| ap_ctrl_hs | sin_or_cos<double> | return value |
|ap_return  | out |   64| ap_ctrl_hs | sin_or_cos<double> | return value |
|t_in       |  in |   64|   ap_none  |        t_in        |    scalar    |
|do_cos     |  in |    1|   ap_none  |       do_cos       |    scalar    |
+-----------+-----+-----+------------+--------------------+--------------+

