

================================================================
== Vivado HLS Report for 'top_level'
================================================================
* Date:           Tue Aug 11 15:46:11 2020

* Version:        2019.1 (Build 2552052 on Fri May 24 15:28:33 MDT 2019)
* Project:        CarSimOnFPGA
* Solution:       solution2
* Product family: kintex7
* Target device:  xc7k325t-ffg900-2


================================================================
== Performance Estimates
================================================================
+ Timing (ns): 
    * Summary: 
    +--------+-------+----------+------------+
    |  Clock | Target| Estimated| Uncertainty|
    +--------+-------+----------+------------+
    |ap_clk  |  10.00|     9.466|        1.25|
    +--------+-------+----------+------------+

+ Latency (clock cycles): 
    * Summary: 
    +-----+------+-----+------+---------+
    |   Latency  |  Interval  | Pipeline|
    | min |  max | min |  max |   Type  |
    +-----+------+-----+------+---------+
    |  449|  2537|  449|  2537|   none  |
    +-----+------+-----+------+---------+

    + Detail: 
        * Instance: 
        +---------------------+----------+-----+------+-----+------+---------+
        |                     |          |   Latency  |  Interval  | Pipeline|
        |       Instance      |  Module  | min |  max | min |  max |   Type  |
        +---------------------+----------+-----+------+-----+------+---------+
        |grp_update_1_fu_109  |update_1  |  447|  2535|  447|  2535|   none  |
        +---------------------+----------+-----+------+-----+------+---------+

        * Loop: 
        N/A



================================================================
== Utilization Estimates
================================================================
* Summary: 
+-----------------+---------+-------+--------+--------+-----+
|       Name      | BRAM_18K| DSP48E|   FF   |   LUT  | URAM|
+-----------------+---------+-------+--------+--------+-----+
|DSP              |        -|      -|       -|       -|    -|
|Expression       |        -|      -|       -|       -|    -|
|FIFO             |        -|      -|       -|       -|    -|
|Instance         |       56|    750|   49516|   86208|    -|
|Memory           |        -|      -|       -|       -|    -|
|Multiplexer      |        -|      -|       -|      17|    -|
|Register         |        -|      -|      36|       -|    -|
+-----------------+---------+-------+--------+--------+-----+
|Total            |       56|    750|   49552|   86225|    0|
+-----------------+---------+-------+--------+--------+-----+
|Available        |      890|    840|  407600|  203800|    0|
+-----------------+---------+-------+--------+--------+-----+
|Utilization (%)  |        6|     89|      12|      42|    0|
+-----------------+---------+-------+--------+--------+-----+

+ Detail: 
    * Instance: 
    +---------------------+----------+---------+-------+-------+-------+-----+
    |       Instance      |  Module  | BRAM_18K| DSP48E|   FF  |  LUT  | URAM|
    +---------------------+----------+---------+-------+-------+-------+-----+
    |grp_update_1_fu_109  |update_1  |       56|    750|  49516|  86208|    0|
    +---------------------+----------+---------+-------+-------+-------+-----+
    |Total                |          |       56|    750|  49516|  86208|    0|
    +---------------------+----------+---------+-------+-------+-------+-----+

    * DSP48E: 
    N/A

    * Memory: 
    N/A

    * FIFO: 
    N/A

    * Expression: 
    N/A

    * Multiplexer: 
    +-----------+----+-----------+-----+-----------+
    |    Name   | LUT| Input Size| Bits| Total Bits|
    +-----------+----+-----------+-----+-----------+
    |ap_NS_fsm  |  17|          4|    1|          4|
    +-----------+----+-----------+-----+-----------+
    |Total      |  17|          4|    1|          4|
    +-----------+----+-----------+-----+-----------+

    * Register: 
    +----------------------------------+----+----+-----+-----------+
    |               Name               | FF | LUT| Bits| Const Bits|
    +----------------------------------+----+----+-----+-----------+
    |ap_CS_fsm                         |   3|   0|    3|          0|
    |car_chassis_vel_x                 |  32|   0|   32|          0|
    |grp_update_1_fu_109_ap_start_reg  |   1|   0|    1|          0|
    +----------------------------------+----+----+-----+-----------+
    |Total                             |  36|   0|   36|          0|
    +----------------------------------+----+----+-----+-----------+



================================================================
== Interface
================================================================
* Summary: 
+---------------+-----+-----+------------+---------------+--------------+
|   RTL Ports   | Dir | Bits|  Protocol  | Source Object |    C Type    |
+---------------+-----+-----+------------+---------------+--------------+
|ap_clk         |  in |    1| ap_ctrl_hs |   top_level   | return value |
|ap_rst         |  in |    1| ap_ctrl_hs |   top_level   | return value |
|ap_start       |  in |    1| ap_ctrl_hs |   top_level   | return value |
|ap_done        | out |    1| ap_ctrl_hs |   top_level   | return value |
|ap_idle        | out |    1| ap_ctrl_hs |   top_level   | return value |
|ap_ready       | out |    1| ap_ctrl_hs |   top_level   | return value |
|deltaTime      |  in |   32|   ap_none  |   deltaTime   |    scalar    |
|torque         |  in |   32|   ap_none  |     torque    |    scalar    |
|steeringAngle  |  in |   32|   ap_none  | steeringAngle |    scalar    |
|pos_x          | out |   32|   ap_vld   |     pos_x     |    pointer   |
|pos_x_ap_vld   | out |    1|   ap_vld   |     pos_x     |    pointer   |
|pos_z          | out |   32|   ap_vld   |     pos_z     |    pointer   |
|pos_z_ap_vld   | out |    1|   ap_vld   |     pos_z     |    pointer   |
|vel_x          | out |   32|   ap_vld   |     vel_x     |    pointer   |
|vel_x_ap_vld   | out |    1|   ap_vld   |     vel_x     |    pointer   |
+---------------+-----+-----+------------+---------------+--------------+

