

================================================================
== Vivado HLS Report for 'update'
================================================================
* Date:           Tue Aug 11 15:46:04 2020

* Version:        2019.1 (Build 2552052 on Fri May 24 15:28:33 MDT 2019)
* Project:        CarSimOnFPGA
* Solution:       solution2
* Product family: kintex7
* Target device:  xc7k325t-ffg900-2


================================================================
== Performance Estimates
================================================================
+ Timing (ns): 
    * Summary: 
    +--------+-------+----------+------------+
    |  Clock | Target| Estimated| Uncertainty|
    +--------+-------+----------+------------+
    |ap_clk  |  10.00|     9.006|        1.25|
    +--------+-------+----------+------------+

+ Latency (clock cycles): 
    * Summary: 
    +-----+------+-----+------+---------+
    |   Latency  |  Interval  | Pipeline|
    | min |  max | min |  max |   Type  |
    +-----+------+-----+------+---------+
    |  197|  1241|  197|  1241|   none  |
    +-----+------+-----+------+---------+

    + Detail: 
        * Instance: 
        +--------------------------------+---------------------+-----+-----+-----+-----+---------+
        |                                |                     |  Latency  |  Interval | Pipeline|
        |            Instance            |        Module       | min | max | min | max |   Type  |
        +--------------------------------+---------------------+-----+-----+-----+-----+---------+
        |grp_sin_fu_206                  |sin                  |   28|   31|   28|   31|   none  |
        |grp_atan_fu_248                 |atan                 |    2|  204|    2|  204|   none  |
        |grp_sin_or_cos_double_s_fu_277  |sin_or_cos_double_s  |   26|   29|   26|   29|   none  |
        +--------------------------------+---------------------+-----+-----+-----+-----+---------+

        * Loop: 
        N/A



================================================================
== Utilization Estimates
================================================================
* Summary: 
+-----------------+---------+-------+--------+--------+-----+
|       Name      | BRAM_18K| DSP48E|   FF   |   LUT  | URAM|
+-----------------+---------+-------+--------+--------+-----+
|DSP              |        -|      -|       -|       -|    -|
|Expression       |        -|      -|       0|     811|    -|
|FIFO             |        -|      -|       -|       -|    -|
|Instance         |       20|    243|   16875|   32113|    -|
|Memory           |        -|      -|       -|       -|    -|
|Multiplexer      |        -|      -|       -|    1192|    -|
|Register         |        -|      -|    1895|       -|    -|
+-----------------+---------+-------+--------+--------+-----+
|Total            |       20|    243|   18770|   34116|    0|
+-----------------+---------+-------+--------+--------+-----+
|Available        |      890|    840|  407600|  203800|    0|
+-----------------+---------+-------+--------+--------+-----+
|Utilization (%)  |        2|     28|       4|      16|    0|
+-----------------+---------+-------+--------+--------+-----+

+ Detail: 
    * Instance: 
    +--------------------------------+----------------------+---------+-------+------+------+-----+
    |            Instance            |        Module        | BRAM_18K| DSP48E|  FF  |  LUT | URAM|
    +--------------------------------+----------------------+---------+-------+------+------+-----+
    |grp_atan_fu_248                 |atan                  |        4|      3|  3580|  8579|    0|
    |grp_sin_fu_206                  |sin                   |        8|     97|  2978|  5706|    0|
    |grp_sin_or_cos_double_s_fu_277  |sin_or_cos_double_s   |        8|     97|  2783|  5684|    0|
    |top_level_dadddsuyd2_U51        |top_level_dadddsuyd2  |        0|      3|   445|   782|    0|
    |top_level_ddiv_64ncg_U54        |top_level_ddiv_64ncg  |        0|      0|  1710|  3253|    0|
    |top_level_ddiv_64ncg_U55        |top_level_ddiv_64ncg  |        0|      0|  1710|  3253|    0|
    |top_level_dmul_64zec_U52        |top_level_dmul_64zec  |        0|     11|   299|   203|    0|
    |top_level_dmul_64zec_U53        |top_level_dmul_64zec  |        0|     11|   299|   203|    0|
    |top_level_fadd_32qcK_U33        |top_level_fadd_32qcK  |        0|      2|   227|   214|    0|
    |top_level_fadd_32qcK_U34        |top_level_fadd_32qcK  |        0|      2|   227|   214|    0|
    |top_level_faddfsupcA_U32        |top_level_faddfsupcA  |        0|      2|   227|   214|    0|
    |top_level_fcmp_32wdI_U47        |top_level_fcmp_32wdI  |        0|      0|    66|    72|    0|
    |top_level_fcmp_32wdI_U48        |top_level_fcmp_32wdI  |        0|      0|    66|    72|    0|
    |top_level_fcmp_32wdI_U49        |top_level_fcmp_32wdI  |        0|      0|    66|    72|    0|
    |top_level_fdiv_32sc4_U40        |top_level_fdiv_32sc4  |        0|      0|   363|   802|    0|
    |top_level_fdiv_32sc4_U41        |top_level_fdiv_32sc4  |        0|      0|   363|   802|    0|
    |top_level_fmul_32rcU_U35        |top_level_fmul_32rcU  |        0|      3|   128|   135|    0|
    |top_level_fmul_32rcU_U36        |top_level_fmul_32rcU  |        0|      3|   128|   135|    0|
    |top_level_fmul_32rcU_U37        |top_level_fmul_32rcU  |        0|      3|   128|   135|    0|
    |top_level_fmul_32rcU_U38        |top_level_fmul_32rcU  |        0|      3|   128|   135|    0|
    |top_level_fmul_32rcU_U39        |top_level_fmul_32rcU  |        0|      3|   128|   135|    0|
    |top_level_fpext_3vdy_U45        |top_level_fpext_3vdy  |        0|      0|   100|   138|    0|
    |top_level_fpext_3vdy_U46        |top_level_fpext_3vdy  |        0|      0|   100|   138|    0|
    |top_level_fptruncudo_U43        |top_level_fptruncudo  |        0|      0|   128|    94|    0|
    |top_level_fptruncudo_U44        |top_level_fptruncudo  |        0|      0|   128|    94|    0|
    |top_level_fsqrt_3xdS_U50        |top_level_fsqrt_3xdS  |        0|      0|   242|   508|    0|
    |top_level_sitofp_tde_U42        |top_level_sitofp_tde  |        0|      0|   128|   341|    0|
    +--------------------------------+----------------------+---------+-------+------+------+-----+
    |Total                           |                      |       20|    243| 16875| 32113|    0|
    +--------------------------------+----------------------+---------+-------+------+------+-----+

    * DSP48E: 
    N/A

    * Memory: 
    N/A

    * FIFO: 
    N/A

    * Expression: 
    +---------------------------------+----------+-------+---+-----+------------+------------+
    |          Variable Name          | Operation| DSP48E| FF| LUT | Bitwidth P0| Bitwidth P1|
    +---------------------------------+----------+-------+---+-----+------------+------------+
    |add_ln339_fu_614_p2              |     +    |      0|  0|   16|           9|           8|
    |neg_fu_712_p2                    |     -    |      0|  0|   39|           1|          32|
    |result_V_1_fu_699_p2             |     -    |      0|  0|   39|           1|          32|
    |sub_ln1311_fu_628_p2             |     -    |      0|  0|   15|           7|           8|
    |and_ln30_fu_584_p2               |    and   |      0|  0|    2|           1|           1|
    |and_ln41_1_fu_800_p2             |    and   |      0|  0|    2|           1|           1|
    |and_ln41_fu_768_p2               |    and   |      0|  0|    2|           1|           1|
    |and_ln41_fu_794_p2               |    and   |      0|  0|    2|           1|           1|
    |and_ln57_fu_864_p2               |    and   |      0|  0|    2|           1|           1|
    |abscond_fu_718_p2                |   icmp   |      0|  0|   18|          32|           1|
    |icmp_ln30_1_fu_572_p2            |   icmp   |      0|  0|   18|          23|           1|
    |icmp_ln30_fu_566_p2              |   icmp   |      0|  0|   11|           8|           2|
    |icmp_ln41_1_fu_756_p2            |   icmp   |      0|  0|   18|          23|           1|
    |icmp_ln41_fu_750_p2              |   icmp   |      0|  0|   11|           8|           2|
    |icmp_ln57_1_fu_852_p2            |   icmp   |      0|  0|   18|          23|           1|
    |icmp_ln57_fu_846_p2              |   icmp   |      0|  0|   11|           8|           2|
    |r_V_fu_657_p2                    |   lshr   |      0|  0|   66|          25|          25|
    |ap_block_state3_on_subcall_done  |    or    |      0|  0|    2|           1|           1|
    |or_ln30_fu_578_p2                |    or    |      0|  0|    2|           1|           1|
    |or_ln41_fu_762_p2                |    or    |      0|  0|    2|           1|           1|
    |or_ln57_fu_858_p2                |    or    |      0|  0|    2|           1|           1|
    |abs_fu_724_p3                    |  select  |      0|  0|   32|           1|          32|
    |p_Val2_5_fu_691_p3               |  select  |      0|  0|   32|           1|          32|
    |p_Val2_6_fu_705_p3               |  select  |      0|  0|   32|           1|          32|
    |select_ln41_1_fu_774_p3          |  select  |      0|  0|   31|           1|          31|
    |select_ln41_fu_806_p3            |  select  |      0|  0|   32|           1|          32|
    |ush_fu_637_p3                    |  select  |      0|  0|    9|           1|           9|
    |r_V_1_fu_663_p2                  |    shl   |      0|  0|  243|          79|          79|
    |xor_ln41_fu_782_p2               |    xor   |      0|  0|    2|           1|           2|
    |xor_ln41_fu_788_p2               |    xor   |      0|  0|    2|           1|           2|
    |xor_ln54_fu_818_p2               |    xor   |      0|  0|   65|          64|          65|
    |xor_ln66_fu_873_p2               |    xor   |      0|  0|   33|          32|          33|
    +---------------------------------+----------+-------+---+-----+------------+------------+
    |Total                            |          |      0|  0|  811|         360|         473|
    +---------------------------------+----------+-------+---+-----+------------+------------+

    * Multiplexer: 
    +--------------------------------------+-----+-----------+-----+-----------+
    |                 Name                 | LUT | Input Size| Bits| Total Bits|
    +--------------------------------------+-----+-----------+-----+-----------+
    |ap_NS_fsm                             |  589|        131|    1|        131|
    |ap_phi_mux_slipAngle_2_phi_fu_175_p4  |    9|          2|   32|         64|
    |ap_phi_mux_slipRatio_0_phi_fu_165_p4  |    9|          2|   32|         64|
    |ap_return_0                           |    9|          2|   32|         64|
    |ap_return_1                           |    9|          2|   32|         64|
    |ap_return_2                           |    9|          2|   32|         64|
    |grp_atan_fu_248_x                     |   21|          5|   64|        320|
    |grp_fu_296_opcode                     |   13|          3|    2|          6|
    |grp_fu_296_p0                         |   13|          3|   32|         96|
    |grp_fu_296_p1                         |   21|          5|   32|        160|
    |grp_fu_300_p0                         |   13|          3|   32|         96|
    |grp_fu_300_p1                         |   13|          3|   32|         96|
    |grp_fu_308_p0                         |   33|          8|   32|        256|
    |grp_fu_308_p1                         |   33|          8|   32|        256|
    |grp_fu_313_p0                         |   25|          6|   32|        192|
    |grp_fu_313_p1                         |   25|          6|   32|        192|
    |grp_fu_318_p1                         |   13|          3|   32|         96|
    |grp_fu_323_p0                         |   13|          3|   32|         96|
    |grp_fu_323_p1                         |   13|          3|   32|         96|
    |grp_fu_339_p0                         |   21|          5|   32|        160|
    |grp_fu_339_p1                         |   21|          5|   32|        160|
    |grp_fu_351_p0                         |   29|          7|   64|        448|
    |grp_fu_355_p0                         |   17|          4|   64|        256|
    |grp_fu_361_p0                         |   33|          8|   32|        256|
    |grp_fu_375_opcode                     |   13|          3|    5|         15|
    |grp_fu_375_p0                         |   17|          4|   32|        128|
    |grp_fu_395_opcode                     |   13|          3|    2|          6|
    |grp_fu_395_p0                         |   13|          3|   64|        192|
    |grp_fu_395_p1                         |   17|          4|   64|        256|
    |grp_fu_399_p0                         |   29|          7|   64|        448|
    |grp_fu_399_p1                         |   33|          8|   64|        512|
    |grp_sin_fu_206_x                      |   17|          4|   64|        256|
    |slipAngle_2_reg_172                   |    9|          2|   32|         64|
    |slipRatio_0_reg_162                   |    9|          2|   32|         64|
    |x_0_reg_182                           |    9|          2|   32|         64|
    |z_0_reg_194                           |    9|          2|   32|         64|
    +--------------------------------------+-----+-----------+-----+-----------+
    |Total                                 | 1192|        273| 1290|       5758|
    +--------------------------------------+-----+-----------+-----+-----------+

    * Register: 
    +---------------------------------------------+-----+----+-----+-----------+
    |                     Name                    |  FF | LUT| Bits| Const Bits|
    +---------------------------------------------+-----+----+-----+-----------+
    |Wheel_force_z_write_s_reg_1076               |   32|   0|   32|          0|
    |a_reg_1015                                   |   32|   0|   32|          0|
    |abs_reg_980                                  |   32|   0|   32|          0|
    |and_ln30_reg_971                             |    1|   0|    1|          0|
    |and_ln57_reg_1052                            |    1|   0|    1|          0|
    |ap_CS_fsm                                    |  130|   0|  130|          0|
    |ap_return_0_preg                             |   32|   0|   32|          0|
    |ap_return_1_preg                             |   32|   0|   32|          0|
    |ap_return_2_preg                             |   32|   0|   32|          0|
    |cos_steer_reg_917                            |   32|   0|   32|          0|
    |grp_atan_fu_248_ap_start_reg                 |    1|   0|    1|          0|
    |grp_sin_fu_206_ap_start_reg                  |    1|   0|    1|          0|
    |grp_sin_or_cos_double_s_fu_277_ap_start_reg  |    1|   0|    1|          0|
    |latForce_reg_1047                            |   32|   0|   32|          0|
    |p_Result_s_reg_975                           |    1|   0|    1|          0|
    |reg_425                                      |   64|   0|   64|          0|
    |reg_435                                      |   64|   0|   64|          0|
    |reg_441                                      |   32|   0|   32|          0|
    |reg_450                                      |   32|   0|   32|          0|
    |reg_458                                      |   32|   0|   32|          0|
    |reg_464                                      |   32|   0|   32|          0|
    |reg_470                                      |   32|   0|   32|          0|
    |reg_479                                      |   32|   0|   32|          0|
    |reg_487                                      |   64|   0|   64|          0|
    |reg_495                                      |   32|   0|   32|          0|
    |reg_503                                      |   32|   0|   32|          0|
    |reg_510                                      |   64|   0|   64|          0|
    |reg_517                                      |   64|   0|   64|          0|
    |reg_523                                      |   64|   0|   64|          0|
    |reg_530                                      |   32|   0|   32|          0|
    |reg_536                                      |   64|   0|   64|          0|
    |reg_542                                      |   64|   0|   64|          0|
    |s_reg_1022                                   |   32|   0|   32|          0|
    |sin_steer_reg_925                            |   32|   0|   32|          0|
    |slipAngle_2_reg_172                          |   32|   0|   32|          0|
    |slipRatio_0_reg_162                          |   32|   0|   32|          0|
    |tmp_10_reg_990                               |   32|   0|   32|          0|
    |tmp_17_reg_1005                              |   64|   0|   64|          0|
    |tmp_18_reg_1000                              |   64|   0|   64|          0|
    |tmp_19_reg_1010                              |   64|   0|   64|          0|
    |tmp_33_reg_1037                              |   64|   0|   64|          0|
    |tmp_40_reg_1032                              |   64|   0|   64|          0|
    |tmp_48_reg_1056                              |   32|   0|   32|          0|
    |tmp_57_reg_1071                              |   32|   0|   32|          0|
    |tmp_9_reg_985                                |   32|   0|   32|          0|
    |tmp_V_1_reg_966                              |   23|   0|   23|          0|
    |tmp_V_reg_960                                |    8|   0|    8|          0|
    |x_0_reg_182                                  |   32|   0|   32|          0|
    |xor_ln66_reg_1061                            |   32|   0|   32|          0|
    |z_0_reg_194                                  |   32|   0|   32|          0|
    +---------------------------------------------+-----+----+-----+-----------+
    |Total                                        | 1895|   0| 1895|          0|
    +---------------------------------------------+-----+----+-----+-----------+



================================================================
== Interface
================================================================
* Summary: 
+----------------------------+-----+-----+------------+----------------------------+--------------+
|          RTL Ports         | Dir | Bits|  Protocol  |        Source Object       |    C Type    |
+----------------------------+-----+-----+------------+----------------------------+--------------+
|ap_clk                      |  in |    1| ap_ctrl_hs |           update           | return value |
|ap_rst                      |  in |    1| ap_ctrl_hs |           update           | return value |
|ap_start                    |  in |    1| ap_ctrl_hs |           update           | return value |
|ap_done                     | out |    1| ap_ctrl_hs |           update           | return value |
|ap_idle                     | out |    1| ap_ctrl_hs |           update           | return value |
|ap_ready                    | out |    1| ap_ctrl_hs |           update           | return value |
|ap_return_0                 | out |   32| ap_ctrl_hs |           update           | return value |
|ap_return_1                 | out |   32| ap_ctrl_hs |           update           | return value |
|ap_return_2                 | out |   32| ap_ctrl_hs |           update           | return value |
|Wheel_angularVelocity_read  |  in |   32|   ap_none  | Wheel_angularVelocity_read |    scalar    |
|deltaTime                   |  in |   32|   ap_none  |          deltaTime         |    scalar    |
|torque                      |  in |   32|   ap_none  |           torque           |    scalar    |
|velocity_x                  |  in |   32|   ap_none  |         velocity_x         |    scalar    |
|velocity_z                  |  in |   32|   ap_none  |         velocity_z         |    scalar    |
|load                        |  in |   32|   ap_none  |            load            |    scalar    |
|steeringAngle               |  in |   32|   ap_none  |        steeringAngle       |    scalar    |
+----------------------------+-----+-----+------------+----------------------------+--------------+

