

================================================================
== Vivado HLS Report for 'update_1'
================================================================
* Date:           Tue Aug 11 15:46:08 2020

* Version:        2019.1 (Build 2552052 on Fri May 24 15:28:33 MDT 2019)
* Project:        CarSimOnFPGA
* Solution:       solution2
* Product family: kintex7
* Target device:  xc7k325t-ffg900-2


================================================================
== Performance Estimates
================================================================
+ Timing (ns): 
    * Summary: 
    +--------+-------+----------+------------+
    |  Clock | Target| Estimated| Uncertainty|
    +--------+-------+----------+------------+
    |ap_clk  |  10.00|     9.466|        1.25|
    +--------+-------+----------+------------+

+ Latency (clock cycles): 
    * Summary: 
    +-----+------+-----+------+---------+
    |   Latency  |  Interval  | Pipeline|
    | min |  max | min |  max |   Type  |
    +-----+------+-----+------+---------+
    |  447|  2535|  447|  2535|   none  |
    +-----+------+-----+------+---------+

    + Detail: 
        * Instance: 
        +--------------------------------+---------------------+-----+------+-----+------+---------+
        |                                |                     |   Latency  |  Interval  | Pipeline|
        |            Instance            |        Module       | min |  max | min |  max |   Type  |
        +--------------------------------+---------------------+-----+------+-----+------+---------+
        |grp_update_fu_110               |update               |  197|  1241|  197|  1241|   none  |
        |grp_update_fu_138               |update               |  197|  1241|  197|  1241|   none  |
        |grp_sin_or_cos_double_s_fu_168  |sin_or_cos_double_s  |   26|    29|   26|    29|   none  |
        |grp_sin_or_cos_double_s_fu_187  |sin_or_cos_double_s  |   26|    29|   26|    29|   none  |
        +--------------------------------+---------------------+-----+------+-----+------+---------+

        * Loop: 
        N/A



================================================================
== Utilization Estimates
================================================================
* Summary: 
+-----------------+---------+-------+--------+--------+-----+
|       Name      | BRAM_18K| DSP48E|   FF   |   LUT  | URAM|
+-----------------+---------+-------+--------+--------+-----+
|DSP              |        -|      -|       -|       -|    -|
|Expression       |        -|      -|       0|       4|    -|
|FIFO             |        -|      -|       -|       -|    -|
|Instance         |       56|    750|   47794|   85440|    -|
|Memory           |        -|      -|       -|       -|    -|
|Multiplexer      |        -|      -|       -|     764|    -|
|Register         |        -|      -|    1722|       -|    -|
+-----------------+---------+-------+--------+--------+-----+
|Total            |       56|    750|   49516|   86208|    0|
+-----------------+---------+-------+--------+--------+-----+
|Available        |      890|    840|  407600|  203800|    0|
+-----------------+---------+-------+--------+--------+-----+
|Utilization (%)  |        6|     89|      12|      42|    0|
+-----------------+---------+-------+--------+--------+-----+

+ Detail: 
    * Instance: 
    +--------------------------------+----------------------+---------+-------+-------+-------+-----+
    |            Instance            |        Module        | BRAM_18K| DSP48E|   FF  |  LUT  | URAM|
    +--------------------------------+----------------------+---------+-------+-------+-------+-----+
    |grp_sin_or_cos_double_s_fu_168  |sin_or_cos_double_s   |        8|     97|   2783|   5684|    0|
    |grp_sin_or_cos_double_s_fu_187  |sin_or_cos_double_s   |        8|     97|   2783|   5684|    0|
    |top_level_dadd_64Aem_U89        |top_level_dadd_64Aem  |        0|      3|    445|    782|    0|
    |top_level_dmul_64zec_U90        |top_level_dmul_64zec  |        0|     11|    299|    203|    0|
    |top_level_dmul_64zec_U91        |top_level_dmul_64zec  |        0|     11|    299|    203|    0|
    |top_level_dmul_64zec_U92        |top_level_dmul_64zec  |        0|     11|    299|    203|    0|
    |top_level_dmul_64zec_U93        |top_level_dmul_64zec  |        0|     11|    299|    203|    0|
    |top_level_dsub_64mb6_U88        |top_level_dsub_64mb6  |        0|      3|    445|    782|    0|
    |top_level_faddfsupcA_U74        |top_level_faddfsupcA  |        0|      2|    227|    214|    0|
    |top_level_faddfsupcA_U75        |top_level_faddfsupcA  |        0|      2|    227|    214|    0|
    |top_level_faddfsupcA_U76        |top_level_faddfsupcA  |        0|      2|    227|    214|    0|
    |top_level_faddfsupcA_U77        |top_level_faddfsupcA  |        0|      2|    227|    214|    0|
    |top_level_fdiv_32sc4_U82        |top_level_fdiv_32sc4  |        0|      0|    363|    802|    0|
    |top_level_fdiv_32sc4_U83        |top_level_fdiv_32sc4  |        0|      0|    363|    802|    0|
    |top_level_fmul_32rcU_U78        |top_level_fmul_32rcU  |        0|      3|    128|    135|    0|
    |top_level_fmul_32rcU_U79        |top_level_fmul_32rcU  |        0|      3|    128|    135|    0|
    |top_level_fmul_32rcU_U80        |top_level_fmul_32rcU  |        0|      3|    128|    135|    0|
    |top_level_fmul_32rcU_U81        |top_level_fmul_32rcU  |        0|      3|    128|    135|    0|
    |top_level_fpext_3vdy_U86        |top_level_fpext_3vdy  |        0|      0|    100|    138|    0|
    |top_level_fpext_3vdy_U87        |top_level_fpext_3vdy  |        0|      0|    100|    138|    0|
    |top_level_fptruncudo_U84        |top_level_fptruncudo  |        0|      0|    128|     94|    0|
    |top_level_fptruncudo_U85        |top_level_fptruncudo  |        0|      0|    128|     94|    0|
    |grp_update_fu_110               |update                |       20|    243|  18770|  34116|    0|
    |grp_update_fu_138               |update                |       20|    243|  18770|  34116|    0|
    +--------------------------------+----------------------+---------+-------+-------+-------+-----+
    |Total                           |                      |       56|    750|  47794|  85440|    0|
    +--------------------------------+----------------------+---------+-------+-------+-------+-----+

    * DSP48E: 
    N/A

    * Memory: 
    N/A

    * FIFO: 
    N/A

    * Expression: 
    +----------------------------------+----------+-------+---+----+------------+------------+
    |           Variable Name          | Operation| DSP48E| FF| LUT| Bitwidth P0| Bitwidth P1|
    +----------------------------------+----------+-------+---+----+------------+------------+
    |ap_block_state10_on_subcall_done  |    or    |      0|  0|   2|           1|           1|
    |ap_block_state14_on_subcall_done  |    or    |      0|  0|   2|           1|           1|
    +----------------------------------+----------+-------+---+----+------------+------------+
    |Total                             |          |      0|  0|   4|           2|           2|
    +----------------------------------+----------+-------+---+----+------------+------------+

    * Multiplexer: 
    +----------------------------------------------+-----+-----------+-----+-----------+
    |                     Name                     | LUT | Input Size| Bits| Total Bits|
    +----------------------------------------------+-----+-----------+-----+-----------+
    |ap_NS_fsm                                     |  237|         55|    1|         55|
    |ap_return_0                                   |    9|          2|   32|         64|
    |ap_return_1                                   |    9|          2|   32|         64|
    |car_chassis_vel_x_o                           |    9|          2|   32|         64|
    |grp_fu_206_opcode                             |   13|          3|    2|          6|
    |grp_fu_206_p0                                 |   33|          8|   32|        256|
    |grp_fu_206_p1                                 |   37|          9|   32|        288|
    |grp_fu_210_opcode                             |   13|          3|    2|          6|
    |grp_fu_210_p0                                 |   29|          7|   32|        224|
    |grp_fu_210_p1                                 |   29|          7|   32|        224|
    |grp_fu_214_opcode                             |   13|          3|    2|          6|
    |grp_fu_214_p0                                 |   29|          7|   32|        224|
    |grp_fu_214_p1                                 |   21|          5|   32|        160|
    |grp_fu_220_opcode                             |   13|          3|    2|          6|
    |grp_fu_220_p0                                 |   13|          3|   32|         96|
    |grp_fu_220_p1                                 |   13|          3|   32|         96|
    |grp_fu_224_p0                                 |   49|         12|   32|        384|
    |grp_fu_224_p1                                 |   45|         11|   32|        352|
    |grp_fu_230_p0                                 |   25|          6|   32|        192|
    |grp_fu_230_p1                                 |   21|          5|   32|        160|
    |grp_fu_242_p0                                 |   13|          3|   32|         96|
    |grp_fu_268_p0                                 |   13|          3|   32|         96|
    |grp_update_fu_110_Wheel_angularVelocity_read  |   13|          3|   32|         96|
    |grp_update_fu_110_load                        |   13|          3|   32|         96|
    |grp_update_fu_110_steeringAngle               |   13|          3|   32|         96|
    |grp_update_fu_138_Wheel_angularVelocity_read  |   13|          3|   32|         96|
    |grp_update_fu_138_load                        |   13|          3|   32|         96|
    |grp_update_fu_138_steeringAngle               |   13|          3|   32|         96|
    +----------------------------------------------+-----+-----------+-----+-----------+
    |Total                                         |  764|        180|  745|       3695|
    +----------------------------------------------+-----+-----------+-----+-----------+

    * Register: 
    +---------------------------------------------+----+----+-----+-----------+
    |                     Name                    | FF | LUT| Bits| Const Bits|
    +---------------------------------------------+----+----+-----+-----------+
    |ap_CS_fsm                                    |  54|   0|   54|          0|
    |ap_return_0_preg                             |  32|   0|   32|          0|
    |ap_return_1_preg                             |  32|   0|   32|          0|
    |car_chassis_accel_x                          |  32|   0|   32|          0|
    |car_chassis_accel_z                          |  32|   0|   32|          0|
    |car_chassis_angularV                         |  32|   0|   32|          0|
    |car_chassis_orientat                         |  32|   0|   32|          0|
    |car_chassis_pos_x                            |  32|   0|   32|          0|
    |car_chassis_pos_z                            |  32|   0|   32|          0|
    |car_chassis_vel_z                            |  32|   0|   32|          0|
    |car_chassis_wFL                              |  32|   0|   32|          0|
    |car_chassis_wFR                              |  32|   0|   32|          0|
    |car_chassis_wRL                              |  32|   0|   32|          0|
    |car_chassis_wRR                              |  32|   0|   32|          0|
    |car_frontLeft_angula                         |  32|   0|   32|          0|
    |car_frontRight_angul                         |  32|   0|   32|          0|
    |car_frontRight_force_1_reg_676               |  32|   0|   32|          0|
    |car_frontRight_force_reg_670                 |  32|   0|   32|          0|
    |car_rearLeft_angular                         |  32|   0|   32|          0|
    |car_rearRight_angula                         |  32|   0|   32|          0|
    |car_rearRight_force_1_reg_720                |  32|   0|   32|          0|
    |car_rearRight_force_s_reg_714                |  32|   0|   32|          0|
    |grp_sin_or_cos_double_s_fu_168_ap_start_reg  |   1|   0|    1|          0|
    |grp_sin_or_cos_double_s_fu_187_ap_start_reg  |   1|   0|    1|          0|
    |grp_update_fu_110_ap_start_reg               |   1|   0|    1|          0|
    |grp_update_fu_138_ap_start_reg               |   1|   0|    1|          0|
    |reg_328                                      |  32|   0|   32|          0|
    |reg_337                                      |  32|   0|   32|          0|
    |reg_347                                      |  32|   0|   32|          0|
    |reg_355                                      |  32|   0|   32|          0|
    |reg_365                                      |  32|   0|   32|          0|
    |reg_374                                      |  32|   0|   32|          0|
    |reg_382                                      |  64|   0|   64|          0|
    |reg_390                                      |  32|   0|   32|          0|
    |reg_397                                      |  32|   0|   32|          0|
    |reg_404                                      |  32|   0|   32|          0|
    |reg_410                                      |  32|   0|   32|          0|
    |tmp_63_i_reg_726                             |  32|   0|   32|          0|
    |tmp_64_i_reg_732                             |  32|   0|   32|          0|
    |tmp_66_i_reg_748                             |  32|   0|   32|          0|
    |tmp_70_i_reg_764                             |  64|   0|   64|          0|
    |tmp_72_i_reg_758                             |  64|   0|   64|          0|
    |tmp_73_i_reg_769                             |  64|   0|   64|          0|
    |tmp_75_i_reg_774                             |  64|   0|   64|          0|
    |tmp_76_i_reg_779                             |  64|   0|   64|          0|
    |tmp_i_i1_i_reg_688                           |  64|   0|   64|          0|
    |tmp_i_i_i_reg_682                            |  64|   0|   64|          0|
    |vel_x_temp_reg_794                           |  32|   0|   32|          0|
    |vel_z_temp_reg_799                           |  32|   0|   32|          0|
    +---------------------------------------------+----+----+-----+-----------+
    |Total                                        |1722|   0| 1722|          0|
    +---------------------------------------------+----+----+-----+-----------+



================================================================
== Interface
================================================================
* Summary: 
+----------------------------+-----+-----+------------+-------------------+--------------+
|          RTL Ports         | Dir | Bits|  Protocol  |   Source Object   |    C Type    |
+----------------------------+-----+-----+------------+-------------------+--------------+
|ap_clk                      |  in |    1| ap_ctrl_hs |      update.1     | return value |
|ap_rst                      |  in |    1| ap_ctrl_hs |      update.1     | return value |
|ap_start                    |  in |    1| ap_ctrl_hs |      update.1     | return value |
|ap_done                     | out |    1| ap_ctrl_hs |      update.1     | return value |
|ap_idle                     | out |    1| ap_ctrl_hs |      update.1     | return value |
|ap_ready                    | out |    1| ap_ctrl_hs |      update.1     | return value |
|ap_return_0                 | out |   32| ap_ctrl_hs |      update.1     | return value |
|ap_return_1                 | out |   32| ap_ctrl_hs |      update.1     | return value |
|deltaTime                   |  in |   32|   ap_none  |     deltaTime     |    scalar    |
|engine_torque               |  in |   32|   ap_none  |   engine_torque   |    scalar    |
|steeringAngle               |  in |   32|   ap_none  |   steeringAngle   |    scalar    |
|car_chassis_vel_x_i         |  in |   32|   ap_ovld  | car_chassis_vel_x |    pointer   |
|car_chassis_vel_x_o         | out |   32|   ap_ovld  | car_chassis_vel_x |    pointer   |
|car_chassis_vel_x_o_ap_vld  | out |    1|   ap_ovld  | car_chassis_vel_x |    pointer   |
+----------------------------+-----+-----+------------+-------------------+--------------+

