

================================================================
== Vivado HLS Report for 'top_level_car'
================================================================
* Date:           Thu Aug 27 01:20:38 2020

* Version:        2019.1 (Build 2552052 on Fri May 24 15:28:33 MDT 2019)
* Project:        CarSimOnFPGA
* Solution:       solution3
* Product family: kintex7
* Target device:  xc7k325t-ffg900-2


================================================================
== Performance Estimates
================================================================
+ Timing (ns): 
    * Summary: 
    +--------+-------+----------+------------+
    |  Clock | Target| Estimated| Uncertainty|
    +--------+-------+----------+------------+
    |ap_clk  |  10.00|     9.466|        1.25|
    +--------+-------+----------+------------+

+ Latency (clock cycles): 
    * Summary: 
    +-----+------+-----+------+---------+
    |   Latency  |  Interval  | Pipeline|
    | min |  max | min |  max |   Type  |
    +-----+------+-----+------+---------+
    |  449|  2543|  449|  2543|   none  |
    +-----+------+-----+------+---------+

    + Detail: 
        * Instance: 
        +---------------------+----------+-----+------+-----+------+---------+
        |                     |          |   Latency  |  Interval  | Pipeline|
        |       Instance      |  Module  | min |  max | min |  max |   Type  |
        +---------------------+----------+-----+------+-----+------+---------+
        |grp_update_1_fu_127  |update_1  |  447|  2541|  447|  2541|   none  |
        +---------------------+----------+-----+------+-----+------+---------+

        * Loop: 
        N/A



================================================================
== Utilization Estimates
================================================================
* Summary: 
+-----------------+---------+-------+--------+--------+-----+
|       Name      | BRAM_18K| DSP48E|   FF   |   LUT  | URAM|
+-----------------+---------+-------+--------+--------+-----+
|DSP              |        -|      -|       -|       -|    -|
|Expression       |        -|      -|       -|       -|    -|
|FIFO             |        -|      -|       -|       -|    -|
|Instance         |       56|    750|   49200|   86094|    -|
|Memory           |        -|      -|       -|       -|    -|
|Multiplexer      |        -|      -|       -|      17|    -|
|Register         |        -|      -|     164|       -|    -|
+-----------------+---------+-------+--------+--------+-----+
|Total            |       56|    750|   49364|   86111|    0|
+-----------------+---------+-------+--------+--------+-----+
|Available        |      890|    840|  407600|  203800|    0|
+-----------------+---------+-------+--------+--------+-----+
|Utilization (%)  |        6|     89|      12|      42|    0|
+-----------------+---------+-------+--------+--------+-----+

+ Detail: 
    * Instance: 
    +---------------------+----------+---------+-------+-------+-------+-----+
    |       Instance      |  Module  | BRAM_18K| DSP48E|   FF  |  LUT  | URAM|
    +---------------------+----------+---------+-------+-------+-------+-----+
    |grp_update_1_fu_127  |update_1  |       56|    750|  49200|  86094|    0|
    +---------------------+----------+---------+-------+-------+-------+-----+
    |Total                |          |       56|    750|  49200|  86094|    0|
    +---------------------+----------+---------+-------+-------+-------+-----+

    * DSP48E: 
    N/A

    * Memory: 
    N/A

    * FIFO: 
    N/A

    * Expression: 
    N/A

    * Multiplexer: 
    +-----------+----+-----------+-----+-----------+
    |    Name   | LUT| Input Size| Bits| Total Bits|
    +-----------+----+-----------+-----+-----------+
    |ap_NS_fsm  |  17|          4|    1|          4|
    +-----------+----+-----------+-----+-----------+
    |Total      |  17|          4|    1|          4|
    +-----------+----+-----------+-----+-----------+

    * Register: 
    +----------------------------------+----+----+-----+-----------+
    |               Name               | FF | LUT| Bits| Const Bits|
    +----------------------------------+----+----+-----+-----------+
    |ap_CS_fsm                         |   3|   0|    3|          0|
    |car_chassis_orientat              |  32|   0|   32|          0|
    |car_chassis_pos_x                 |  32|   0|   32|          0|
    |car_chassis_pos_z                 |  32|   0|   32|          0|
    |car_chassis_vel_x                 |  32|   0|   32|          0|
    |car_chassis_vel_z                 |  32|   0|   32|          0|
    |grp_update_1_fu_127_ap_start_reg  |   1|   0|    1|          0|
    +----------------------------------+----+----+-----+-----------+
    |Total                             | 164|   0|  164|          0|
    +----------------------------------+----+----+-----+-----------+



================================================================
== Interface
================================================================
* Summary: 
+--------------------+-----+-----+------------+---------------+--------------+
|      RTL Ports     | Dir | Bits|  Protocol  | Source Object |    C Type    |
+--------------------+-----+-----+------------+---------------+--------------+
|ap_clk              |  in |    1| ap_ctrl_hs | top_level_car | return value |
|ap_rst              |  in |    1| ap_ctrl_hs | top_level_car | return value |
|ap_start            |  in |    1| ap_ctrl_hs | top_level_car | return value |
|ap_done             | out |    1| ap_ctrl_hs | top_level_car | return value |
|ap_idle             | out |    1| ap_ctrl_hs | top_level_car | return value |
|ap_ready            | out |    1| ap_ctrl_hs | top_level_car | return value |
|deltaTime           |  in |   32|   ap_none  |   deltaTime   |    scalar    |
|torque              |  in |   32|   ap_none  |     torque    |    scalar    |
|steeringAngle       |  in |   32|   ap_none  | steeringAngle |    scalar    |
|pos_x               | out |   32|   ap_vld   |     pos_x     |    pointer   |
|pos_x_ap_vld        | out |    1|   ap_vld   |     pos_x     |    pointer   |
|pos_y               | out |   32|   ap_vld   |     pos_y     |    pointer   |
|pos_y_ap_vld        | out |    1|   ap_vld   |     pos_y     |    pointer   |
|vel_x               | out |   32|   ap_vld   |     vel_x     |    pointer   |
|vel_x_ap_vld        | out |    1|   ap_vld   |     vel_x     |    pointer   |
|vel_y               | out |   32|   ap_vld   |     vel_y     |    pointer   |
|vel_y_ap_vld        | out |    1|   ap_vld   |     vel_y     |    pointer   |
|orientation         | out |   32|   ap_vld   |  orientation  |    pointer   |
|orientation_ap_vld  | out |    1|   ap_vld   |  orientation  |    pointer   |
+--------------------+-----+-----+------------+---------------+--------------+

============================================================
+ Verbose Summary: Synthesis Manager
============================================================
InlineROM: 1
ExposeGlobal: 0
============================================================
+ Verbose Summary: CDFG Model
============================================================
IsTopModel: 1
ResetActiveHigh: 1
IsCombinational: 2
IsDatapathOnly: 2
HasWiredReturn: 1
HasMFsm: 0
HasVarLatency: 1
IsPipeline: 0
IsRtlPipelined: 0
IsInstanceOverlapped: 0
IsDontTouch: 0
HasImplIP: 0
IsGatedGlobalClock: 0


============================================================
+ Verbose Summary: Schedule
============================================================
* Number of FSM states : 3
* Pipeline : 0
* Dataflow Pipeline: 0

* FSM state transitions: 
1 --> 2 
2 --> 3 
3 --> 

* FSM state operations: 

State 1 <SV = 0> <Delay = 8.75>
ST_1 : Operation 4 [1/1] (0.00ns)   --->   "%steeringAngle_read = call float @_ssdm_op_Read.ap_auto.float(float %steeringAngle) nounwind" [CarSimOnFPGA/top_level.cpp:50]   --->   Operation 4 'read' 'steeringAngle_read' <Predicate = true> <Delay = 0.00>
ST_1 : Operation 5 [1/1] (0.00ns)   --->   "%torque_read = call float @_ssdm_op_Read.ap_auto.float(float %torque) nounwind" [CarSimOnFPGA/top_level.cpp:50]   --->   Operation 5 'read' 'torque_read' <Predicate = true> <Delay = 0.00>
ST_1 : Operation 6 [1/1] (0.00ns)   --->   "%deltaTime_read = call float @_ssdm_op_Read.ap_auto.float(float %deltaTime) nounwind" [CarSimOnFPGA/top_level.cpp:50]   --->   Operation 6 'read' 'deltaTime_read' <Predicate = true> <Delay = 0.00>
ST_1 : Operation 7 [2/2] (8.75ns)   --->   "call fastcc void @update.1(float %deltaTime_read, float %torque_read, float %steeringAngle_read)" [CarSimOnFPGA/top_level.cpp:60]   --->   Operation 7 'call' <Predicate = true> <Delay = 8.75> <CoreType = "Generic">   --->   Core 0 '' <Latency = 0> <II = 1> <Delay = 1.00> <Generic> <Opcode : >

State 2 <SV = 1> <Delay = 0.00>
ST_2 : Operation 8 [1/2] (0.00ns)   --->   "call fastcc void @update.1(float %deltaTime_read, float %torque_read, float %steeringAngle_read)" [CarSimOnFPGA/top_level.cpp:60]   --->   Operation 8 'call' <Predicate = true> <Delay = 0.00> <CoreType = "Generic">   --->   Core 0 '' <Latency = 0> <II = 1> <Delay = 1.00> <Generic> <Opcode : >

State 3 <SV = 2> <Delay = 0.00>
ST_3 : Operation 9 [1/1] (0.00ns)   --->   "call void (...)* @_ssdm_op_SpecBitsMap(float %deltaTime) nounwind, !map !58"   --->   Operation 9 'specbitsmap' <Predicate = true> <Delay = 0.00>
ST_3 : Operation 10 [1/1] (0.00ns)   --->   "call void (...)* @_ssdm_op_SpecBitsMap(float %torque) nounwind, !map !64"   --->   Operation 10 'specbitsmap' <Predicate = true> <Delay = 0.00>
ST_3 : Operation 11 [1/1] (0.00ns)   --->   "call void (...)* @_ssdm_op_SpecBitsMap(float %steeringAngle) nounwind, !map !68"   --->   Operation 11 'specbitsmap' <Predicate = true> <Delay = 0.00>
ST_3 : Operation 12 [1/1] (0.00ns)   --->   "call void (...)* @_ssdm_op_SpecBitsMap(float* %pos_x) nounwind, !map !72"   --->   Operation 12 'specbitsmap' <Predicate = true> <Delay = 0.00>
ST_3 : Operation 13 [1/1] (0.00ns)   --->   "call void (...)* @_ssdm_op_SpecBitsMap(float* %pos_y) nounwind, !map !78"   --->   Operation 13 'specbitsmap' <Predicate = true> <Delay = 0.00>
ST_3 : Operation 14 [1/1] (0.00ns)   --->   "call void (...)* @_ssdm_op_SpecBitsMap(float* %vel_x) nounwind, !map !82"   --->   Operation 14 'specbitsmap' <Predicate = true> <Delay = 0.00>
ST_3 : Operation 15 [1/1] (0.00ns)   --->   "call void (...)* @_ssdm_op_SpecBitsMap(float* %vel_y) nounwind, !map !86"   --->   Operation 15 'specbitsmap' <Predicate = true> <Delay = 0.00>
ST_3 : Operation 16 [1/1] (0.00ns)   --->   "call void (...)* @_ssdm_op_SpecBitsMap(float* %orientation) nounwind, !map !90"   --->   Operation 16 'specbitsmap' <Predicate = true> <Delay = 0.00>
ST_3 : Operation 17 [1/1] (0.00ns)   --->   "call void (...)* @_ssdm_op_SpecTopModule([14 x i8]* @top_level_car_str) nounwind"   --->   Operation 17 'spectopmodule' <Predicate = true> <Delay = 0.00>
ST_3 : Operation 18 [1/1] (0.00ns)   --->   "%car_chassis_pos_x_lo = load float* @car_chassis_pos_x, align 4" [CarSimOnFPGA/top_level.cpp:61]   --->   Operation 18 'load' 'car_chassis_pos_x_lo' <Predicate = true> <Delay = 0.00>
ST_3 : Operation 19 [1/1] (0.00ns)   --->   "call void @_ssdm_op_Write.ap_auto.floatP(float* %pos_x, float %car_chassis_pos_x_lo) nounwind" [CarSimOnFPGA/top_level.cpp:61]   --->   Operation 19 'write' <Predicate = true> <Delay = 0.00>
ST_3 : Operation 20 [1/1] (0.00ns)   --->   "%car_chassis_pos_z_lo = load float* @car_chassis_pos_z, align 4" [CarSimOnFPGA/top_level.cpp:62]   --->   Operation 20 'load' 'car_chassis_pos_z_lo' <Predicate = true> <Delay = 0.00>
ST_3 : Operation 21 [1/1] (0.00ns)   --->   "call void @_ssdm_op_Write.ap_auto.floatP(float* %pos_y, float %car_chassis_pos_z_lo) nounwind" [CarSimOnFPGA/top_level.cpp:62]   --->   Operation 21 'write' <Predicate = true> <Delay = 0.00>
ST_3 : Operation 22 [1/1] (0.00ns)   --->   "%car_chassis_vel_x_lo = load float* @car_chassis_vel_x, align 4" [CarSimOnFPGA/top_level.cpp:63]   --->   Operation 22 'load' 'car_chassis_vel_x_lo' <Predicate = true> <Delay = 0.00>
ST_3 : Operation 23 [1/1] (0.00ns)   --->   "call void @_ssdm_op_Write.ap_auto.floatP(float* %vel_x, float %car_chassis_vel_x_lo) nounwind" [CarSimOnFPGA/top_level.cpp:63]   --->   Operation 23 'write' <Predicate = true> <Delay = 0.00>
ST_3 : Operation 24 [1/1] (0.00ns)   --->   "%car_chassis_vel_z_lo = load float* @car_chassis_vel_z, align 4" [CarSimOnFPGA/top_level.cpp:64]   --->   Operation 24 'load' 'car_chassis_vel_z_lo' <Predicate = true> <Delay = 0.00>
ST_3 : Operation 25 [1/1] (0.00ns)   --->   "call void @_ssdm_op_Write.ap_auto.floatP(float* %vel_y, float %car_chassis_vel_z_lo) nounwind" [CarSimOnFPGA/top_level.cpp:64]   --->   Operation 25 'write' <Predicate = true> <Delay = 0.00>
ST_3 : Operation 26 [1/1] (0.00ns)   --->   "%car_chassis_orientat_2 = load float* @car_chassis_orientat, align 4" [CarSimOnFPGA/top_level.cpp:65]   --->   Operation 26 'load' 'car_chassis_orientat_2' <Predicate = true> <Delay = 0.00>
ST_3 : Operation 27 [1/1] (0.00ns)   --->   "call void @_ssdm_op_Write.ap_auto.floatP(float* %orientation, float %car_chassis_orientat_2) nounwind" [CarSimOnFPGA/top_level.cpp:65]   --->   Operation 27 'write' <Predicate = true> <Delay = 0.00>
ST_3 : Operation 28 [1/1] (0.00ns)   --->   "ret void" [CarSimOnFPGA/top_level.cpp:66]   --->   Operation 28 'ret' <Predicate = true> <Delay = 0.00>


============================================================
+ Verbose Summary: Binding
============================================================
STG Binding: 
---------------- STG Properties BEGIN ----------------
- Is combinational: 0
- Is one-state seq: 0
- Is datapath-only: 0
- Is pipelined: 0
- Is top level: 1
Port [ Return ] is wired: 1; IO mode=ap_ctrl_hs:ce=0
Port [ deltaTime]:  wired=1; compound=0; hidden=0; nouse=0; global=0; static=0; extern=0; dir=0; type=0; pingpong=0; private_global=0; IO mode=ap_none:ce=0
Port [ torque]:  wired=1; compound=0; hidden=0; nouse=0; global=0; static=0; extern=0; dir=0; type=0; pingpong=0; private_global=0; IO mode=ap_none:ce=0
Port [ steeringAngle]:  wired=1; compound=0; hidden=0; nouse=0; global=0; static=0; extern=0; dir=0; type=0; pingpong=0; private_global=0; IO mode=ap_none:ce=0
Port [ pos_x]:  wired=1; compound=0; hidden=0; nouse=0; global=0; static=0; extern=0; dir=1; type=0; pingpong=0; private_global=0; IO mode=ap_vld:ce=0
Port [ pos_y]:  wired=1; compound=0; hidden=0; nouse=0; global=0; static=0; extern=0; dir=1; type=0; pingpong=0; private_global=0; IO mode=ap_vld:ce=0
Port [ vel_x]:  wired=1; compound=0; hidden=0; nouse=0; global=0; static=0; extern=0; dir=1; type=0; pingpong=0; private_global=0; IO mode=ap_vld:ce=0
Port [ vel_y]:  wired=1; compound=0; hidden=0; nouse=0; global=0; static=0; extern=0; dir=1; type=0; pingpong=0; private_global=0; IO mode=ap_vld:ce=0
Port [ orientation]:  wired=1; compound=0; hidden=0; nouse=0; global=0; static=0; extern=0; dir=1; type=0; pingpong=0; private_global=0; IO mode=ap_vld:ce=0
Port [ car_chassis_vel_z]:  wired=0; compound=0; hidden=1; nouse=0; global=1; static=1; extern=0; dir=2; type=0; pingpong=0; private_global=1; linkage=7; visibility=0; IO mode=ap_ovld:ce=0
Port [ car_chassis_angularV]:  wired=0; compound=0; hidden=1; nouse=1; global=1; static=1; extern=0; dir=2; type=0; pingpong=0; private_global=0; linkage=7; visibility=0; IO mode=ap_ovld:ce=0
Port [ car_chassis_vel_x]:  wired=0; compound=0; hidden=1; nouse=0; global=1; static=1; extern=0; dir=2; type=0; pingpong=0; private_global=1; linkage=7; visibility=0; IO mode=ap_ovld:ce=0
Port [ car_chassis_wFL]:  wired=0; compound=0; hidden=1; nouse=1; global=1; static=1; extern=0; dir=2; type=0; pingpong=0; private_global=0; linkage=7; visibility=0; IO mode=ap_ovld:ce=0
Port [ car_frontLeft_angula]:  wired=0; compound=0; hidden=1; nouse=1; global=1; static=1; extern=0; dir=2; type=0; pingpong=0; private_global=0; linkage=7; visibility=0; IO mode=ap_ovld:ce=0
Port [ ref_4oPi_table_256_V]:  wired=0; compound=1; hidden=1; nouse=1; global=1; static=1; extern=0; dir=0; type=1; pingpong=0; private_global=0; linkage=7; visibility=0; MemPort=[1]; IO mode=ap_memory:ce=0
Port [ fourth_order_double_4]:  wired=0; compound=1; hidden=1; nouse=1; global=1; static=1; extern=0; dir=0; type=1; pingpong=0; private_global=0; linkage=7; visibility=0; MemPort=[1]; IO mode=ap_memory:ce=0
Port [ fourth_order_double_5]:  wired=0; compound=1; hidden=1; nouse=1; global=1; static=1; extern=0; dir=0; type=1; pingpong=0; private_global=0; linkage=7; visibility=0; MemPort=[1]; IO mode=ap_memory:ce=0
Port [ fourth_order_double_6]:  wired=0; compound=1; hidden=1; nouse=1; global=1; static=1; extern=0; dir=0; type=1; pingpong=0; private_global=0; linkage=7; visibility=0; MemPort=[1]; IO mode=ap_memory:ce=0
Port [ fourth_order_double_7]:  wired=0; compound=1; hidden=1; nouse=1; global=1; static=1; extern=0; dir=0; type=1; pingpong=0; private_global=0; linkage=7; visibility=0; MemPort=[1]; IO mode=ap_memory:ce=0
Port [ fourth_order_double_s]:  wired=0; compound=1; hidden=1; nouse=1; global=1; static=1; extern=0; dir=0; type=1; pingpong=0; private_global=0; linkage=7; visibility=0; MemPort=[1]; IO mode=ap_memory:ce=0
Port [ cordic_ctab_table_12]:  wired=0; compound=1; hidden=1; nouse=1; global=1; static=1; extern=0; dir=0; type=1; pingpong=0; private_global=0; linkage=7; visibility=0; MemPort=[1]; IO mode=ap_memory:ce=0
Port [ car_chassis_wFR]:  wired=0; compound=0; hidden=1; nouse=1; global=1; static=1; extern=0; dir=2; type=0; pingpong=0; private_global=0; linkage=7; visibility=0; IO mode=ap_ovld:ce=0
Port [ car_frontRight_angul]:  wired=0; compound=0; hidden=1; nouse=1; global=1; static=1; extern=0; dir=2; type=0; pingpong=0; private_global=0; linkage=7; visibility=0; IO mode=ap_ovld:ce=0
Port [ car_chassis_wRL]:  wired=0; compound=0; hidden=1; nouse=1; global=1; static=1; extern=0; dir=2; type=0; pingpong=0; private_global=0; linkage=7; visibility=0; IO mode=ap_ovld:ce=0
Port [ car_rearLeft_angular]:  wired=0; compound=0; hidden=1; nouse=1; global=1; static=1; extern=0; dir=2; type=0; pingpong=0; private_global=0; linkage=7; visibility=0; IO mode=ap_ovld:ce=0
Port [ car_chassis_wRR]:  wired=0; compound=0; hidden=1; nouse=1; global=1; static=1; extern=0; dir=2; type=0; pingpong=0; private_global=0; linkage=7; visibility=0; IO mode=ap_ovld:ce=0
Port [ car_rearRight_angula]:  wired=0; compound=0; hidden=1; nouse=1; global=1; static=1; extern=0; dir=2; type=0; pingpong=0; private_global=0; linkage=7; visibility=0; IO mode=ap_ovld:ce=0
Port [ car_chassis_accel_x]:  wired=0; compound=0; hidden=1; nouse=1; global=1; static=1; extern=0; dir=2; type=0; pingpong=0; private_global=0; linkage=7; visibility=0; IO mode=ap_ovld:ce=0
Port [ car_chassis_accel_z]:  wired=0; compound=0; hidden=1; nouse=1; global=1; static=1; extern=0; dir=2; type=0; pingpong=0; private_global=0; linkage=7; visibility=0; IO mode=ap_ovld:ce=0
Port [ car_chassis_orientat]:  wired=0; compound=0; hidden=1; nouse=0; global=1; static=1; extern=0; dir=2; type=0; pingpong=0; private_global=1; linkage=7; visibility=0; IO mode=ap_ovld:ce=0
Port [ car_chassis_pos_x]:  wired=0; compound=0; hidden=1; nouse=0; global=1; static=1; extern=0; dir=2; type=0; pingpong=0; private_global=1; linkage=7; visibility=0; IO mode=ap_ovld:ce=0
Port [ car_chassis_pos_z]:  wired=0; compound=0; hidden=1; nouse=0; global=1; static=1; extern=0; dir=2; type=0; pingpong=0; private_global=1; linkage=7; visibility=0; IO mode=ap_ovld:ce=0
---------------- STG Properties END ------------------

---------------- Datapath Model BEGIN ----------------

<LifeTime>
<method=bitvector/>
steeringAngle_read     (read         ) [ 0010]
torque_read            (read         ) [ 0010]
deltaTime_read         (read         ) [ 0010]
call_ln60              (call         ) [ 0000]
specbitsmap_ln0        (specbitsmap  ) [ 0000]
specbitsmap_ln0        (specbitsmap  ) [ 0000]
specbitsmap_ln0        (specbitsmap  ) [ 0000]
specbitsmap_ln0        (specbitsmap  ) [ 0000]
specbitsmap_ln0        (specbitsmap  ) [ 0000]
specbitsmap_ln0        (specbitsmap  ) [ 0000]
specbitsmap_ln0        (specbitsmap  ) [ 0000]
specbitsmap_ln0        (specbitsmap  ) [ 0000]
spectopmodule_ln0      (spectopmodule) [ 0000]
car_chassis_pos_x_lo   (load         ) [ 0000]
write_ln61             (write        ) [ 0000]
car_chassis_pos_z_lo   (load         ) [ 0000]
write_ln62             (write        ) [ 0000]
car_chassis_vel_x_lo   (load         ) [ 0000]
write_ln63             (write        ) [ 0000]
car_chassis_vel_z_lo   (load         ) [ 0000]
write_ln64             (write        ) [ 0000]
car_chassis_orientat_2 (load         ) [ 0000]
write_ln65             (write        ) [ 0000]
ret_ln66               (ret          ) [ 0000]
</LifeTime>

<model>

<comp_list>
<comp id="0" class="1000" name="deltaTime">
<pin_list>
<pin id="1" dir="1" index="0" bw="1" slack="0"/>
</pin_list>
<bind>
<StgValue><ssdm name="deltaTime"/></StgValue>
</bind>
</comp>

<comp id="2" class="1000" name="torque">
<pin_list>
<pin id="3" dir="1" index="0" bw="1" slack="0"/>
</pin_list>
<bind>
<StgValue><ssdm name="torque"/></StgValue>
</bind>
</comp>

<comp id="4" class="1000" name="steeringAngle">
<pin_list>
<pin id="5" dir="1" index="0" bw="1" slack="0"/>
</pin_list>
<bind>
<StgValue><ssdm name="steeringAngle"/></StgValue>
</bind>
</comp>

<comp id="6" class="1000" name="pos_x">
<pin_list>
<pin id="7" dir="1" index="0" bw="1" slack="0"/>
</pin_list>
<bind>
<StgValue><ssdm name="pos_x"/></StgValue>
</bind>
</comp>

<comp id="8" class="1000" name="pos_y">
<pin_list>
<pin id="9" dir="1" index="0" bw="1" slack="0"/>
</pin_list>
<bind>
<StgValue><ssdm name="pos_y"/></StgValue>
</bind>
</comp>

<comp id="10" class="1000" name="vel_x">
<pin_list>
<pin id="11" dir="1" index="0" bw="1" slack="0"/>
</pin_list>
<bind>
<StgValue><ssdm name="vel_x"/></StgValue>
</bind>
</comp>

<comp id="12" class="1000" name="vel_y">
<pin_list>
<pin id="13" dir="1" index="0" bw="1" slack="0"/>
</pin_list>
<bind>
<StgValue><ssdm name="vel_y"/></StgValue>
</bind>
</comp>

<comp id="14" class="1000" name="orientation">
<pin_list>
<pin id="15" dir="1" index="0" bw="1" slack="0"/>
</pin_list>
<bind>
<StgValue><ssdm name="orientation"/></StgValue>
</bind>
</comp>

<comp id="16" class="1000" name="car_chassis_vel_z">
<pin_list>
<pin id="17" dir="1" index="0" bw="1" slack="0"/>
</pin_list>
<bind>
<StgValue><ssdm name="car_chassis_vel_z"/></StgValue>
</bind>
</comp>

<comp id="18" class="1000" name="car_chassis_angularV">
<pin_list>
<pin id="19" dir="1" index="0" bw="1" slack="0"/>
</pin_list>
<bind>
<StgValue><ssdm name="car_chassis_angularV"/></StgValue>
</bind>
</comp>

<comp id="20" class="1000" name="car_chassis_vel_x">
<pin_list>
<pin id="21" dir="1" index="0" bw="1" slack="0"/>
</pin_list>
<bind>
<StgValue><ssdm name="car_chassis_vel_x"/></StgValue>
</bind>
</comp>

<comp id="22" class="1000" name="car_chassis_wFL">
<pin_list>
<pin id="23" dir="1" index="0" bw="1" slack="0"/>
</pin_list>
<bind>
<StgValue><ssdm name="car_chassis_wFL"/></StgValue>
</bind>
</comp>

<comp id="24" class="1000" name="car_frontLeft_angula">
<pin_list>
<pin id="25" dir="1" index="0" bw="1" slack="0"/>
</pin_list>
<bind>
<StgValue><ssdm name="car_frontLeft_angula"/></StgValue>
</bind>
</comp>

<comp id="26" class="1000" name="ref_4oPi_table_256_V">
<pin_list>
<pin id="27" dir="1" index="0" bw="1" slack="0"/>
</pin_list>
<bind>
<StgValue><ssdm name="ref_4oPi_table_256_V"/><MemPortTyVec>1 </MemPortTyVec>
</StgValue>
</bind>
</comp>

<comp id="28" class="1000" name="fourth_order_double_4">
<pin_list>
<pin id="29" dir="1" index="0" bw="1" slack="0"/>
</pin_list>
<bind>
<StgValue><ssdm name="fourth_order_double_4"/><MemPortTyVec>1 </MemPortTyVec>
</StgValue>
</bind>
</comp>

<comp id="30" class="1000" name="fourth_order_double_5">
<pin_list>
<pin id="31" dir="1" index="0" bw="1" slack="0"/>
</pin_list>
<bind>
<StgValue><ssdm name="fourth_order_double_5"/><MemPortTyVec>1 </MemPortTyVec>
</StgValue>
</bind>
</comp>

<comp id="32" class="1000" name="fourth_order_double_6">
<pin_list>
<pin id="33" dir="1" index="0" bw="1" slack="0"/>
</pin_list>
<bind>
<StgValue><ssdm name="fourth_order_double_6"/><MemPortTyVec>1 </MemPortTyVec>
</StgValue>
</bind>
</comp>

<comp id="34" class="1000" name="fourth_order_double_7">
<pin_list>
<pin id="35" dir="1" index="0" bw="1" slack="0"/>
</pin_list>
<bind>
<StgValue><ssdm name="fourth_order_double_7"/><MemPortTyVec>1 </MemPortTyVec>
</StgValue>
</bind>
</comp>

<comp id="36" class="1000" name="fourth_order_double_s">
<pin_list>
<pin id="37" dir="1" index="0" bw="1" slack="0"/>
</pin_list>
<bind>
<StgValue><ssdm name="fourth_order_double_s"/><MemPortTyVec>1 </MemPortTyVec>
</StgValue>
</bind>
</comp>

<comp id="38" class="1000" name="cordic_ctab_table_12">
<pin_list>
<pin id="39" dir="1" index="0" bw="1" slack="0"/>
</pin_list>
<bind>
<StgValue><ssdm name="cordic_ctab_table_12"/><MemPortTyVec>1 </MemPortTyVec>
</StgValue>
</bind>
</comp>

<comp id="40" class="1000" name="car_chassis_wFR">
<pin_list>
<pin id="41" dir="1" index="0" bw="1" slack="0"/>
</pin_list>
<bind>
<StgValue><ssdm name="car_chassis_wFR"/></StgValue>
</bind>
</comp>

<comp id="42" class="1000" name="car_frontRight_angul">
<pin_list>
<pin id="43" dir="1" index="0" bw="1" slack="0"/>
</pin_list>
<bind>
<StgValue><ssdm name="car_frontRight_angul"/></StgValue>
</bind>
</comp>

<comp id="44" class="1000" name="car_chassis_wRL">
<pin_list>
<pin id="45" dir="1" index="0" bw="1" slack="0"/>
</pin_list>
<bind>
<StgValue><ssdm name="car_chassis_wRL"/></StgValue>
</bind>
</comp>

<comp id="46" class="1000" name="car_rearLeft_angular">
<pin_list>
<pin id="47" dir="1" index="0" bw="1" slack="0"/>
</pin_list>
<bind>
<StgValue><ssdm name="car_rearLeft_angular"/></StgValue>
</bind>
</comp>

<comp id="48" class="1000" name="car_chassis_wRR">
<pin_list>
<pin id="49" dir="1" index="0" bw="1" slack="0"/>
</pin_list>
<bind>
<StgValue><ssdm name="car_chassis_wRR"/></StgValue>
</bind>
</comp>

<comp id="50" class="1000" name="car_rearRight_angula">
<pin_list>
<pin id="51" dir="1" index="0" bw="1" slack="0"/>
</pin_list>
<bind>
<StgValue><ssdm name="car_rearRight_angula"/></StgValue>
</bind>
</comp>

<comp id="52" class="1000" name="car_chassis_accel_x">
<pin_list>
<pin id="53" dir="1" index="0" bw="1" slack="0"/>
</pin_list>
<bind>
<StgValue><ssdm name="car_chassis_accel_x"/></StgValue>
</bind>
</comp>

<comp id="54" class="1000" name="car_chassis_accel_z">
<pin_list>
<pin id="55" dir="1" index="0" bw="1" slack="0"/>
</pin_list>
<bind>
<StgValue><ssdm name="car_chassis_accel_z"/></StgValue>
</bind>
</comp>

<comp id="56" class="1000" name="car_chassis_orientat">
<pin_list>
<pin id="57" dir="1" index="0" bw="1" slack="0"/>
</pin_list>
<bind>
<StgValue><ssdm name="car_chassis_orientat"/></StgValue>
</bind>
</comp>

<comp id="58" class="1000" name="car_chassis_pos_x">
<pin_list>
<pin id="59" dir="1" index="0" bw="1" slack="0"/>
</pin_list>
<bind>
<StgValue><ssdm name="car_chassis_pos_x"/></StgValue>
</bind>
</comp>

<comp id="60" class="1000" name="car_chassis_pos_z">
<pin_list>
<pin id="61" dir="1" index="0" bw="1" slack="0"/>
</pin_list>
<bind>
<StgValue><ssdm name="car_chassis_pos_z"/></StgValue>
</bind>
</comp>

<comp id="62" class="1001" name="const_62">
<pin_list>
<pin id="63" dir="1" index="0" bw="1" slack="0"/>
</pin_list>
<bind>
<StgValue><ssdm name="_ssdm_op_Read.ap_auto.float"/></StgValue>
</bind>
</comp>

<comp id="64" class="1001" name="const_64">
<pin_list>
<pin id="65" dir="1" index="0" bw="1" slack="0"/>
</pin_list>
<bind>
<StgValue><ssdm name="update.1"/></StgValue>
</bind>
</comp>

<comp id="66" class="1001" name="const_66">
<pin_list>
<pin id="67" dir="1" index="0" bw="1" slack="2147483647"/>
</pin_list>
<bind>
<StgValue><ssdm name="_ssdm_op_SpecBitsMap"/></StgValue>
</bind>
</comp>

<comp id="68" class="1001" name="const_68">
<pin_list>
<pin id="69" dir="1" index="0" bw="1" slack="2147483647"/>
</pin_list>
<bind>
<StgValue><ssdm name="_ssdm_op_SpecTopModule"/></StgValue>
</bind>
</comp>

<comp id="70" class="1001" name="const_70">
<pin_list>
<pin id="71" dir="1" index="0" bw="1" slack="2147483647"/>
</pin_list>
<bind>
<StgValue><ssdm name="top_level_car_str"/></StgValue>
</bind>
</comp>

<comp id="72" class="1001" name="const_72">
<pin_list>
<pin id="73" dir="1" index="0" bw="1" slack="0"/>
</pin_list>
<bind>
<StgValue><ssdm name="_ssdm_op_Write.ap_auto.floatP"/></StgValue>
</bind>
</comp>

<comp id="74" class="1004" name="steeringAngle_read_read_fu_74">
<pin_list>
<pin id="75" dir="0" index="0" bw="32" slack="0"/>
<pin id="76" dir="0" index="1" bw="32" slack="0"/>
<pin id="77" dir="1" index="2" bw="32" slack="0"/>
</pin_list>
<bind>
<opcode="read(1150) " fcode="read"/>
<opset="steeringAngle_read/1 "/>
</bind>
</comp>

<comp id="80" class="1004" name="torque_read_read_fu_80">
<pin_list>
<pin id="81" dir="0" index="0" bw="32" slack="0"/>
<pin id="82" dir="0" index="1" bw="32" slack="0"/>
<pin id="83" dir="1" index="2" bw="32" slack="0"/>
</pin_list>
<bind>
<opcode="read(1150) " fcode="read"/>
<opset="torque_read/1 "/>
</bind>
</comp>

<comp id="86" class="1004" name="deltaTime_read_read_fu_86">
<pin_list>
<pin id="87" dir="0" index="0" bw="32" slack="0"/>
<pin id="88" dir="0" index="1" bw="32" slack="0"/>
<pin id="89" dir="1" index="2" bw="32" slack="0"/>
</pin_list>
<bind>
<opcode="read(1150) " fcode="read"/>
<opset="deltaTime_read/1 "/>
</bind>
</comp>

<comp id="92" class="1004" name="write_ln61_write_fu_92">
<pin_list>
<pin id="93" dir="0" index="0" bw="0" slack="0"/>
<pin id="94" dir="0" index="1" bw="32" slack="0"/>
<pin id="95" dir="0" index="2" bw="32" slack="0"/>
<pin id="96" dir="1" index="3" bw="0" slack="2147483647"/>
</pin_list>
<bind>
<opcode="write(1151) " fcode="write"/>
<opset="write_ln61/3 "/>
</bind>
</comp>

<comp id="99" class="1004" name="write_ln62_write_fu_99">
<pin_list>
<pin id="100" dir="0" index="0" bw="0" slack="0"/>
<pin id="101" dir="0" index="1" bw="32" slack="0"/>
<pin id="102" dir="0" index="2" bw="32" slack="0"/>
<pin id="103" dir="1" index="3" bw="0" slack="2147483647"/>
</pin_list>
<bind>
<opcode="write(1151) " fcode="write"/>
<opset="write_ln62/3 "/>
</bind>
</comp>

<comp id="106" class="1004" name="write_ln63_write_fu_106">
<pin_list>
<pin id="107" dir="0" index="0" bw="0" slack="0"/>
<pin id="108" dir="0" index="1" bw="32" slack="0"/>
<pin id="109" dir="0" index="2" bw="32" slack="0"/>
<pin id="110" dir="1" index="3" bw="0" slack="2147483647"/>
</pin_list>
<bind>
<opcode="write(1151) " fcode="write"/>
<opset="write_ln63/3 "/>
</bind>
</comp>

<comp id="113" class="1004" name="write_ln64_write_fu_113">
<pin_list>
<pin id="114" dir="0" index="0" bw="0" slack="0"/>
<pin id="115" dir="0" index="1" bw="32" slack="0"/>
<pin id="116" dir="0" index="2" bw="32" slack="0"/>
<pin id="117" dir="1" index="3" bw="0" slack="2147483647"/>
</pin_list>
<bind>
<opcode="write(1151) " fcode="write"/>
<opset="write_ln64/3 "/>
</bind>
</comp>

<comp id="120" class="1004" name="write_ln65_write_fu_120">
<pin_list>
<pin id="121" dir="0" index="0" bw="0" slack="0"/>
<pin id="122" dir="0" index="1" bw="32" slack="0"/>
<pin id="123" dir="0" index="2" bw="32" slack="0"/>
<pin id="124" dir="1" index="3" bw="0" slack="2147483647"/>
</pin_list>
<bind>
<opcode="write(1151) " fcode="write"/>
<opset="write_ln65/3 "/>
</bind>
</comp>

<comp id="127" class="1004" name="grp_update_1_fu_127">
<pin_list>
<pin id="128" dir="0" index="0" bw="0" slack="0"/>
<pin id="129" dir="0" index="1" bw="32" slack="0"/>
<pin id="130" dir="0" index="2" bw="32" slack="0"/>
<pin id="131" dir="0" index="3" bw="32" slack="0"/>
<pin id="132" dir="0" index="4" bw="32" slack="0"/>
<pin id="133" dir="0" index="5" bw="32" slack="0"/>
<pin id="134" dir="0" index="6" bw="32" slack="0"/>
<pin id="135" dir="0" index="7" bw="32" slack="0"/>
<pin id="136" dir="0" index="8" bw="32" slack="0"/>
<pin id="137" dir="0" index="9" bw="256" slack="0"/>
<pin id="138" dir="0" index="10" bw="59" slack="0"/>
<pin id="139" dir="0" index="11" bw="52" slack="0"/>
<pin id="140" dir="0" index="12" bw="44" slack="0"/>
<pin id="141" dir="0" index="13" bw="33" slack="0"/>
<pin id="142" dir="0" index="14" bw="25" slack="0"/>
<pin id="143" dir="0" index="15" bw="126" slack="0"/>
<pin id="144" dir="0" index="16" bw="32" slack="0"/>
<pin id="145" dir="0" index="17" bw="32" slack="0"/>
<pin id="146" dir="0" index="18" bw="32" slack="0"/>
<pin id="147" dir="0" index="19" bw="32" slack="0"/>
<pin id="148" dir="0" index="20" bw="32" slack="0"/>
<pin id="149" dir="0" index="21" bw="32" slack="0"/>
<pin id="150" dir="0" index="22" bw="32" slack="0"/>
<pin id="151" dir="0" index="23" bw="32" slack="0"/>
<pin id="152" dir="0" index="24" bw="32" slack="0"/>
<pin id="153" dir="0" index="25" bw="32" slack="0"/>
<pin id="154" dir="0" index="26" bw="32" slack="0"/>
<pin id="155" dir="1" index="27" bw="0" slack="2147483647"/>
</pin_list>
<bind>
<opcode="call(48) " fcode="call"/>
<opset="call_ln60/1 "/>
</bind>
</comp>

<comp id="183" class="1004" name="car_chassis_pos_x_lo_load_fu_183">
<pin_list>
<pin id="184" dir="0" index="0" bw="32" slack="0"/>
<pin id="185" dir="1" index="1" bw="32" slack="0"/>
</pin_list>
<bind>
<opcode="load(27) " fcode="load"/>
<opset="car_chassis_pos_x_lo/3 "/>
</bind>
</comp>

<comp id="188" class="1004" name="car_chassis_pos_z_lo_load_fu_188">
<pin_list>
<pin id="189" dir="0" index="0" bw="32" slack="0"/>
<pin id="190" dir="1" index="1" bw="32" slack="0"/>
</pin_list>
<bind>
<opcode="load(27) " fcode="load"/>
<opset="car_chassis_pos_z_lo/3 "/>
</bind>
</comp>

<comp id="193" class="1004" name="car_chassis_vel_x_lo_load_fu_193">
<pin_list>
<pin id="194" dir="0" index="0" bw="32" slack="0"/>
<pin id="195" dir="1" index="1" bw="32" slack="0"/>
</pin_list>
<bind>
<opcode="load(27) " fcode="load"/>
<opset="car_chassis_vel_x_lo/3 "/>
</bind>
</comp>

<comp id="198" class="1004" name="car_chassis_vel_z_lo_load_fu_198">
<pin_list>
<pin id="199" dir="0" index="0" bw="32" slack="0"/>
<pin id="200" dir="1" index="1" bw="32" slack="0"/>
</pin_list>
<bind>
<opcode="load(27) " fcode="load"/>
<opset="car_chassis_vel_z_lo/3 "/>
</bind>
</comp>

<comp id="203" class="1004" name="car_chassis_orientat_2_load_fu_203">
<pin_list>
<pin id="204" dir="0" index="0" bw="32" slack="0"/>
<pin id="205" dir="1" index="1" bw="32" slack="0"/>
</pin_list>
<bind>
<opcode="load(27) " fcode="load"/>
<opset="car_chassis_orientat_2/3 "/>
</bind>
</comp>

<comp id="208" class="1005" name="steeringAngle_read_reg_208">
<pin_list>
<pin id="209" dir="0" index="0" bw="32" slack="1"/>
<pin id="210" dir="1" index="1" bw="32" slack="1"/>
</pin_list>
<bind>
<opset="steeringAngle_read "/>
</bind>
</comp>

<comp id="213" class="1005" name="torque_read_reg_213">
<pin_list>
<pin id="214" dir="0" index="0" bw="32" slack="1"/>
<pin id="215" dir="1" index="1" bw="32" slack="1"/>
</pin_list>
<bind>
<opset="torque_read "/>
</bind>
</comp>

<comp id="218" class="1005" name="deltaTime_read_reg_218">
<pin_list>
<pin id="219" dir="0" index="0" bw="32" slack="1"/>
<pin id="220" dir="1" index="1" bw="32" slack="1"/>
</pin_list>
<bind>
<opset="deltaTime_read "/>
</bind>
</comp>

</comp_list>

<net_list>
<net id="78"><net_src comp="62" pin="0"/><net_sink comp="74" pin=0"/></net>

<net id="79"><net_src comp="4" pin="0"/><net_sink comp="74" pin=1"/></net>

<net id="84"><net_src comp="62" pin="0"/><net_sink comp="80" pin=0"/></net>

<net id="85"><net_src comp="2" pin="0"/><net_sink comp="80" pin=1"/></net>

<net id="90"><net_src comp="62" pin="0"/><net_sink comp="86" pin=0"/></net>

<net id="91"><net_src comp="0" pin="0"/><net_sink comp="86" pin=1"/></net>

<net id="97"><net_src comp="72" pin="0"/><net_sink comp="92" pin=0"/></net>

<net id="98"><net_src comp="6" pin="0"/><net_sink comp="92" pin=1"/></net>

<net id="104"><net_src comp="72" pin="0"/><net_sink comp="99" pin=0"/></net>

<net id="105"><net_src comp="8" pin="0"/><net_sink comp="99" pin=1"/></net>

<net id="111"><net_src comp="72" pin="0"/><net_sink comp="106" pin=0"/></net>

<net id="112"><net_src comp="10" pin="0"/><net_sink comp="106" pin=1"/></net>

<net id="118"><net_src comp="72" pin="0"/><net_sink comp="113" pin=0"/></net>

<net id="119"><net_src comp="12" pin="0"/><net_sink comp="113" pin=1"/></net>

<net id="125"><net_src comp="72" pin="0"/><net_sink comp="120" pin=0"/></net>

<net id="126"><net_src comp="14" pin="0"/><net_sink comp="120" pin=1"/></net>

<net id="156"><net_src comp="64" pin="0"/><net_sink comp="127" pin=0"/></net>

<net id="157"><net_src comp="86" pin="2"/><net_sink comp="127" pin=1"/></net>

<net id="158"><net_src comp="80" pin="2"/><net_sink comp="127" pin=2"/></net>

<net id="159"><net_src comp="74" pin="2"/><net_sink comp="127" pin=3"/></net>

<net id="160"><net_src comp="16" pin="0"/><net_sink comp="127" pin=4"/></net>

<net id="161"><net_src comp="18" pin="0"/><net_sink comp="127" pin=5"/></net>

<net id="162"><net_src comp="20" pin="0"/><net_sink comp="127" pin=6"/></net>

<net id="163"><net_src comp="22" pin="0"/><net_sink comp="127" pin=7"/></net>

<net id="164"><net_src comp="24" pin="0"/><net_sink comp="127" pin=8"/></net>

<net id="165"><net_src comp="26" pin="0"/><net_sink comp="127" pin=9"/></net>

<net id="166"><net_src comp="28" pin="0"/><net_sink comp="127" pin=10"/></net>

<net id="167"><net_src comp="30" pin="0"/><net_sink comp="127" pin=11"/></net>

<net id="168"><net_src comp="32" pin="0"/><net_sink comp="127" pin=12"/></net>

<net id="169"><net_src comp="34" pin="0"/><net_sink comp="127" pin=13"/></net>

<net id="170"><net_src comp="36" pin="0"/><net_sink comp="127" pin=14"/></net>

<net id="171"><net_src comp="38" pin="0"/><net_sink comp="127" pin=15"/></net>

<net id="172"><net_src comp="40" pin="0"/><net_sink comp="127" pin=16"/></net>

<net id="173"><net_src comp="42" pin="0"/><net_sink comp="127" pin=17"/></net>

<net id="174"><net_src comp="44" pin="0"/><net_sink comp="127" pin=18"/></net>

<net id="175"><net_src comp="46" pin="0"/><net_sink comp="127" pin=19"/></net>

<net id="176"><net_src comp="48" pin="0"/><net_sink comp="127" pin=20"/></net>

<net id="177"><net_src comp="50" pin="0"/><net_sink comp="127" pin=21"/></net>

<net id="178"><net_src comp="52" pin="0"/><net_sink comp="127" pin=22"/></net>

<net id="179"><net_src comp="54" pin="0"/><net_sink comp="127" pin=23"/></net>

<net id="180"><net_src comp="56" pin="0"/><net_sink comp="127" pin=24"/></net>

<net id="181"><net_src comp="58" pin="0"/><net_sink comp="127" pin=25"/></net>

<net id="182"><net_src comp="60" pin="0"/><net_sink comp="127" pin=26"/></net>

<net id="186"><net_src comp="58" pin="0"/><net_sink comp="183" pin=0"/></net>

<net id="187"><net_src comp="183" pin="1"/><net_sink comp="92" pin=2"/></net>

<net id="191"><net_src comp="60" pin="0"/><net_sink comp="188" pin=0"/></net>

<net id="192"><net_src comp="188" pin="1"/><net_sink comp="99" pin=2"/></net>

<net id="196"><net_src comp="20" pin="0"/><net_sink comp="193" pin=0"/></net>

<net id="197"><net_src comp="193" pin="1"/><net_sink comp="106" pin=2"/></net>

<net id="201"><net_src comp="16" pin="0"/><net_sink comp="198" pin=0"/></net>

<net id="202"><net_src comp="198" pin="1"/><net_sink comp="113" pin=2"/></net>

<net id="206"><net_src comp="56" pin="0"/><net_sink comp="203" pin=0"/></net>

<net id="207"><net_src comp="203" pin="1"/><net_sink comp="120" pin=2"/></net>

<net id="211"><net_src comp="74" pin="2"/><net_sink comp="208" pin=0"/></net>

<net id="212"><net_src comp="208" pin="1"/><net_sink comp="127" pin=3"/></net>

<net id="216"><net_src comp="80" pin="2"/><net_sink comp="213" pin=0"/></net>

<net id="217"><net_src comp="213" pin="1"/><net_sink comp="127" pin=2"/></net>

<net id="221"><net_src comp="86" pin="2"/><net_sink comp="218" pin=0"/></net>

<net id="222"><net_src comp="218" pin="1"/><net_sink comp="127" pin=1"/></net>

</net_list>

</model> 
---------------- Datapath Model END ------------------

* FSMD analyzer results:
  - Output states:
	Port: pos_x | {3 }
	Port: pos_y | {3 }
	Port: vel_x | {3 }
	Port: vel_y | {3 }
	Port: orientation | {3 }
	Port: car_chassis_vel_z | {1 2 }
	Port: car_chassis_angularV | {1 2 }
	Port: car_chassis_vel_x | {1 2 }
	Port: car_chassis_wFL | {1 2 }
	Port: car_frontLeft_angula | {1 2 }
	Port: car_chassis_wFR | {1 2 }
	Port: car_frontRight_angul | {1 2 }
	Port: car_chassis_wRL | {1 2 }
	Port: car_rearLeft_angular | {1 2 }
	Port: car_chassis_wRR | {1 2 }
	Port: car_rearRight_angula | {1 2 }
	Port: car_chassis_accel_x | {1 2 }
	Port: car_chassis_accel_z | {1 2 }
	Port: car_chassis_orientat | {1 2 }
	Port: car_chassis_pos_x | {1 2 }
	Port: car_chassis_pos_z | {1 2 }
 - Input state : 
	Port: top_level_car : deltaTime | {1 }
	Port: top_level_car : torque | {1 }
	Port: top_level_car : steeringAngle | {1 }
	Port: top_level_car : car_chassis_vel_z | {1 2 3 }
	Port: top_level_car : car_chassis_angularV | {1 2 }
	Port: top_level_car : car_chassis_vel_x | {1 2 3 }
	Port: top_level_car : car_chassis_wFL | {1 2 }
	Port: top_level_car : car_frontLeft_angula | {1 2 }
	Port: top_level_car : ref_4oPi_table_256_V | {1 2 }
	Port: top_level_car : fourth_order_double_4 | {1 2 }
	Port: top_level_car : fourth_order_double_5 | {1 2 }
	Port: top_level_car : fourth_order_double_6 | {1 2 }
	Port: top_level_car : fourth_order_double_7 | {1 2 }
	Port: top_level_car : fourth_order_double_s | {1 2 }
	Port: top_level_car : cordic_ctab_table_12 | {1 2 }
	Port: top_level_car : car_chassis_wFR | {1 2 }
	Port: top_level_car : car_frontRight_angul | {1 2 }
	Port: top_level_car : car_chassis_wRL | {1 2 }
	Port: top_level_car : car_rearLeft_angular | {1 2 }
	Port: top_level_car : car_chassis_wRR | {1 2 }
	Port: top_level_car : car_rearRight_angula | {1 2 }
	Port: top_level_car : car_chassis_accel_x | {1 2 }
	Port: top_level_car : car_chassis_accel_z | {1 2 }
	Port: top_level_car : car_chassis_orientat | {1 2 3 }
	Port: top_level_car : car_chassis_pos_x | {1 2 3 }
	Port: top_level_car : car_chassis_pos_z | {1 2 3 }
  - Chain level:
	State 1
	State 2
	State 3
		write_ln61 : 1
		write_ln62 : 1
		write_ln63 : 1
		write_ln64 : 1
		write_ln65 : 1


============================================================
+ Verbose Summary: Datapath Resource usage 
============================================================

* Functional unit list:
|----------|-------------------------------|---------|---------|---------|---------|
| Operation|        Functional Unit        |  DSP48E |  Delay  |    FF   |   LUT   |
|----------|-------------------------------|---------|---------|---------|---------|
|   call   |      grp_update_1_fu_127      |   750   | 153.984 |  51988  |  76843  |
|----------|-------------------------------|---------|---------|---------|---------|
|          | steeringAngle_read_read_fu_74 |    0    |    0    |    0    |    0    |
|   read   |     torque_read_read_fu_80    |    0    |    0    |    0    |    0    |
|          |   deltaTime_read_read_fu_86   |    0    |    0    |    0    |    0    |
|----------|-------------------------------|---------|---------|---------|---------|
|          |     write_ln61_write_fu_92    |    0    |    0    |    0    |    0    |
|          |     write_ln62_write_fu_99    |    0    |    0    |    0    |    0    |
|   write  |    write_ln63_write_fu_106    |    0    |    0    |    0    |    0    |
|          |    write_ln64_write_fu_113    |    0    |    0    |    0    |    0    |
|          |    write_ln65_write_fu_120    |    0    |    0    |    0    |    0    |
|----------|-------------------------------|---------|---------|---------|---------|
|   Total  |                               |   750   | 153.984 |  51988  |  76843  |
|----------|-------------------------------|---------|---------|---------|---------|

Memories:
+---------------------+--------+--------+--------+
|                     |  BRAM  |   FF   |   LUT  |
+---------------------+--------+--------+--------+
| cordic_ctab_table_12|    4   |    0   |    0   |
|fourth_order_double_4|    -   |   59   |   236  |
|fourth_order_double_5|    -   |   52   |   208  |
|fourth_order_double_6|    -   |   44   |   176  |
|fourth_order_double_7|    -   |   33   |   132  |
|fourth_order_double_s|    -   |   25   |   100  |
| ref_4oPi_table_256_V|    8   |    0   |    0   |
+---------------------+--------+--------+--------+
|        Total        |   12   |   213  |   852  |
+---------------------+--------+--------+--------+

* Register list:
+--------------------------+--------+
|                          |   FF   |
+--------------------------+--------+
|  deltaTime_read_reg_218  |   32   |
|steeringAngle_read_reg_208|   32   |
|    torque_read_reg_213   |   32   |
+--------------------------+--------+
|           Total          |   96   |
+--------------------------+--------+

* Multiplexer (MUX) list: 
|---------------------|------|------|------|--------||---------||---------|
|         Comp        |  Pin | Size |  BW  | S x BW ||  Delay  ||   LUT   |
|---------------------|------|------|------|--------||---------||---------|
| grp_update_1_fu_127 |  p1  |   2  |  32  |   64   ||    9    |
| grp_update_1_fu_127 |  p2  |   2  |  32  |   64   ||    9    |
| grp_update_1_fu_127 |  p3  |   2  |  32  |   64   ||    9    |
|---------------------|------|------|------|--------||---------||---------|
|        Total        |      |      |      |   192  ||  2.616  ||    27   |
|---------------------|------|------|------|--------||---------||---------|



* Summary:
+-----------+--------+--------+--------+--------+--------+
|           |  BRAM  | DSP48E |  Delay |   FF   |   LUT  |
+-----------+--------+--------+--------+--------+--------+
|  Function |    -   |   750  |   153  |  51988 |  76843 |
|   Memory  |   12   |    -   |    -   |   213  |   852  |
|Multiplexer|    -   |    -   |    2   |    -   |   27   |
|  Register |    -   |    -   |    -   |   96   |    -   |
+-----------+--------+--------+--------+--------+--------+
|   Total   |   12   |   750  |   156  |  52297 |  77722 |
+-----------+--------+--------+--------+--------+--------+
