

================================================================
== Vivado HLS Report for 'top_level_wheelSimWithMass'
================================================================
* Date:           Sat Aug 22 16:35:23 2020

* Version:        2019.1 (Build 2552052 on Fri May 24 15:28:33 MDT 2019)
* Project:        CarSimOnFPGA
* Solution:       solution1
* Product family: kintex7
* Target device:  xc7k325t-ffg900-2


================================================================
== Performance Estimates
================================================================
+ Timing (ns): 
    * Summary: 
    +--------+-------+----------+------------+
    |  Clock | Target| Estimated| Uncertainty|
    +--------+-------+----------+------------+
    |ap_clk  |  10.00|     9.006|        1.25|
    +--------+-------+----------+------------+

+ Latency (clock cycles): 
    * Summary: 
    +-----+------+-----+------+---------+
    |   Latency  |  Interval  | Pipeline|
    | min |  max | min |  max |   Type  |
    +-----+------+-----+------+---------+
    |  196|  1242|  196|  1242|   none  |
    +-----+------+-----+------+---------+

    + Detail: 
        * Instance: 
        +-------------------+--------+-----+------+-----+------+---------+
        |                   |        |   Latency  |  Interval  | Pipeline|
        |      Instance     | Module | min |  max | min |  max |   Type  |
        +-------------------+--------+-----+------+-----+------+---------+
        |grp_update_fu_144  |update  |  193|  1238|  193|  1238|   none  |
        +-------------------+--------+-----+------+-----+------+---------+

        * Loop: 
        N/A



================================================================
== Utilization Estimates
================================================================
* Summary: 
+-----------------+---------+-------+--------+--------+-----+
|       Name      | BRAM_18K| DSP48E|   FF   |   LUT  | URAM|
+-----------------+---------+-------+--------+--------+-----+
|DSP              |        -|      -|       -|       -|    -|
|Expression       |        -|      -|       -|       -|    -|
|FIFO             |        -|      -|       -|       -|    -|
|Instance         |       20|    241|   18217|   33745|    -|
|Memory           |        -|      -|       -|       -|    -|
|Multiplexer      |        -|      -|       -|      88|    -|
|Register         |        -|      -|     260|       -|    -|
+-----------------+---------+-------+--------+--------+-----+
|Total            |       20|    241|   18477|   33833|    0|
+-----------------+---------+-------+--------+--------+-----+
|Available        |      890|    840|  407600|  203800|    0|
+-----------------+---------+-------+--------+--------+-----+
|Utilization (%)  |        2|     28|       4|      16|    0|
+-----------------+---------+-------+--------+--------+-----+

+ Detail: 
    * Instance: 
    +--------------------------+----------------------+---------+-------+-------+-------+-----+
    |         Instance         |        Module        | BRAM_18K| DSP48E|   FF  |  LUT  | URAM|
    +--------------------------+----------------------+---------+-------+-------+-------+-----+
    |top_level_wheelSircU_U76  |top_level_wheelSircU  |        0|      3|    128|    135|    0|
    |grp_update_fu_144         |update                |       20|    238|  18089|  33610|    0|
    +--------------------------+----------------------+---------+-------+-------+-------+-----+
    |Total                     |                      |       20|    241|  18217|  33745|    0|
    +--------------------------+----------------------+---------+-------+-------+-------+-----+

    * DSP48E: 
    N/A

    * Memory: 
    N/A

    * FIFO: 
    N/A

    * Expression: 
    N/A

    * Multiplexer: 
    +----------------------+----+-----------+-----+-----------+
    |         Name         | LUT| Input Size| Bits| Total Bits|
    +----------------------+----+-----------+-----+-----------+
    |ap_NS_fsm             |  25|          6|    1|          6|
    |wheel_angularVelocit  |   9|          2|   32|         64|
    |wheel_fx              |   9|          2|   32|         64|
    |wheel_fz              |   9|          2|   32|         64|
    |wheel_pos_x           |   9|          2|   32|         64|
    |wheel_slipAngle       |   9|          2|   32|         64|
    |wheel_slipRatio       |   9|          2|   32|         64|
    |wheel_vel_x           |   9|          2|   32|         64|
    +----------------------+----+-----------+-----+-----------+
    |Total                 |  88|         20|  225|        454|
    +----------------------+----+-----------+-----+-----------+

    * Register: 
    +--------------------------------+----+----+-----+-----------+
    |              Name              | FF | LUT| Bits| Const Bits|
    +--------------------------------+----+----+-----+-----------+
    |ap_CS_fsm                       |   5|   0|    5|          0|
    |grp_update_fu_144_ap_start_reg  |   1|   0|    1|          0|
    |guard_variable_for_t            |   1|   0|    1|          0|
    |wheel_angularVelocit            |  32|   0|   32|          0|
    |wheel_fx                        |  32|   0|   32|          0|
    |wheel_fz                        |  32|   0|   32|          0|
    |wheel_inertia                   |   3|   0|   32|         29|
    |wheel_mass                      |   9|   0|   32|         23|
    |wheel_pos_x                     |  32|   0|   32|          0|
    |wheel_radius                    |  17|   0|   32|         15|
    |wheel_slipAngle                 |  32|   0|   32|          0|
    |wheel_slipRatio                 |  32|   0|   32|          0|
    |wheel_vel_x                     |  32|   0|   32|          0|
    +--------------------------------+----+----+-----+-----------+
    |Total                           | 260|   0|  327|         67|
    +--------------------------------+----+----+-----+-----------+



================================================================
== Interface
================================================================
* Summary: 
+-------------------+-----+-----+------------+----------------------------+--------------+
|     RTL Ports     | Dir | Bits|  Protocol  |        Source Object       |    C Type    |
+-------------------+-----+-----+------------+----------------------------+--------------+
|ap_clk             |  in |    1| ap_ctrl_hs | top_level_wheelSimWithMass | return value |
|ap_rst             |  in |    1| ap_ctrl_hs | top_level_wheelSimWithMass | return value |
|ap_start           |  in |    1| ap_ctrl_hs | top_level_wheelSimWithMass | return value |
|ap_done            | out |    1| ap_ctrl_hs | top_level_wheelSimWithMass | return value |
|ap_idle            | out |    1| ap_ctrl_hs | top_level_wheelSimWithMass | return value |
|ap_ready           | out |    1| ap_ctrl_hs | top_level_wheelSimWithMass | return value |
|deltaTime          |  in |   32|   ap_none  |          deltaTime         |    scalar    |
|initVel            |  in |   32|   ap_none  |           initVel          |    scalar    |
|torque             |  in |   32|   ap_none  |           torque           |    scalar    |
|steeringAngle      |  in |   32|   ap_none  |        steeringAngle       |    scalar    |
|slipRatio          | out |   32|   ap_vld   |          slipRatio         |    pointer   |
|slipRatio_ap_vld   | out |    1|   ap_vld   |          slipRatio         |    pointer   |
|slipAngle          | out |   32|   ap_vld   |          slipAngle         |    pointer   |
|slipAngle_ap_vld   | out |    1|   ap_vld   |          slipAngle         |    pointer   |
|force_x            | out |   32|   ap_vld   |           force_x          |    pointer   |
|force_x_ap_vld     | out |    1|   ap_vld   |           force_x          |    pointer   |
|force_y            | out |   32|   ap_vld   |           force_y          |    pointer   |
|force_y_ap_vld     | out |    1|   ap_vld   |           force_y          |    pointer   |
|vel_x              | out |   32|   ap_vld   |            vel_x           |    pointer   |
|vel_x_ap_vld       | out |    1|   ap_vld   |            vel_x           |    pointer   |
|angularVel         | out |   32|   ap_vld   |         angularVel         |    pointer   |
|angularVel_ap_vld  | out |    1|   ap_vld   |         angularVel         |    pointer   |
+-------------------+-----+-----+------------+----------------------------+--------------+

============================================================
+ Verbose Summary: Synthesis Manager
============================================================
InlineROM: 1
ExposeGlobal: 0
============================================================
+ Verbose Summary: CDFG Model
============================================================
IsTopModel: 1
ResetActiveHigh: 1
IsCombinational: 2
IsDatapathOnly: 2
HasWiredReturn: 1
HasMFsm: 0
HasVarLatency: 1
IsPipeline: 0
IsRtlPipelined: 0
IsInstanceOverlapped: 0
IsDontTouch: 0
HasImplIP: 0
IsGatedGlobalClock: 0


============================================================
+ Verbose Summary: Schedule
============================================================
* Number of FSM states : 5
* Pipeline : 0
* Dataflow Pipeline: 0

* FSM state transitions: 
1 --> 2 3 
2 --> 3 
3 --> 4 
4 --> 5 
5 --> 

* FSM state operations: 

State 1 <SV = 0> <Delay = 8.41>
ST_1 : Operation 6 [1/1] (0.00ns)   --->   "call void (...)* @_ssdm_op_SpecBitsMap(float %deltaTime) nounwind, !map !58"   --->   Operation 6 'specbitsmap' <Predicate = true> <Delay = 0.00>
ST_1 : Operation 7 [1/1] (0.00ns)   --->   "call void (...)* @_ssdm_op_SpecBitsMap(float %initVel) nounwind, !map !64"   --->   Operation 7 'specbitsmap' <Predicate = true> <Delay = 0.00>
ST_1 : Operation 8 [1/1] (0.00ns)   --->   "call void (...)* @_ssdm_op_SpecBitsMap(float %torque) nounwind, !map !68"   --->   Operation 8 'specbitsmap' <Predicate = true> <Delay = 0.00>
ST_1 : Operation 9 [1/1] (0.00ns)   --->   "call void (...)* @_ssdm_op_SpecBitsMap(float %steeringAngle) nounwind, !map !72"   --->   Operation 9 'specbitsmap' <Predicate = true> <Delay = 0.00>
ST_1 : Operation 10 [1/1] (0.00ns)   --->   "call void (...)* @_ssdm_op_SpecBitsMap(float* %slipRatio) nounwind, !map !76"   --->   Operation 10 'specbitsmap' <Predicate = true> <Delay = 0.00>
ST_1 : Operation 11 [1/1] (0.00ns)   --->   "call void (...)* @_ssdm_op_SpecBitsMap(float* %slipAngle) nounwind, !map !82"   --->   Operation 11 'specbitsmap' <Predicate = true> <Delay = 0.00>
ST_1 : Operation 12 [1/1] (0.00ns)   --->   "call void (...)* @_ssdm_op_SpecBitsMap(float* %force_x) nounwind, !map !86"   --->   Operation 12 'specbitsmap' <Predicate = true> <Delay = 0.00>
ST_1 : Operation 13 [1/1] (0.00ns)   --->   "call void (...)* @_ssdm_op_SpecBitsMap(float* %force_y) nounwind, !map !90"   --->   Operation 13 'specbitsmap' <Predicate = true> <Delay = 0.00>
ST_1 : Operation 14 [1/1] (0.00ns)   --->   "call void (...)* @_ssdm_op_SpecBitsMap(float* %vel_x) nounwind, !map !94"   --->   Operation 14 'specbitsmap' <Predicate = true> <Delay = 0.00>
ST_1 : Operation 15 [1/1] (0.00ns)   --->   "call void (...)* @_ssdm_op_SpecBitsMap(float* %angularVel) nounwind, !map !98"   --->   Operation 15 'specbitsmap' <Predicate = true> <Delay = 0.00>
ST_1 : Operation 16 [1/1] (0.00ns)   --->   "call void (...)* @_ssdm_op_SpecTopModule([27 x i8]* @top_level_wheelSimWi) nounwind"   --->   Operation 16 'spectopmodule' <Predicate = true> <Delay = 0.00>
ST_1 : Operation 17 [1/1] (0.00ns)   --->   "%steeringAngle_read = call float @_ssdm_op_Read.ap_auto.float(float %steeringAngle) nounwind" [CarSimOnFPGA/top_level.cpp:27]   --->   Operation 17 'read' 'steeringAngle_read' <Predicate = true> <Delay = 0.00>
ST_1 : Operation 18 [1/1] (0.00ns)   --->   "%torque_read = call float @_ssdm_op_Read.ap_auto.float(float %torque) nounwind" [CarSimOnFPGA/top_level.cpp:27]   --->   Operation 18 'read' 'torque_read' <Predicate = true> <Delay = 0.00>
ST_1 : Operation 19 [1/1] (0.00ns)   --->   "%initVel_read = call float @_ssdm_op_Read.ap_auto.float(float %initVel) nounwind" [CarSimOnFPGA/top_level.cpp:27]   --->   Operation 19 'read' 'initVel_read' <Predicate = true> <Delay = 0.00>
ST_1 : Operation 20 [1/1] (0.00ns)   --->   "%deltaTime_read = call float @_ssdm_op_Read.ap_auto.float(float %deltaTime) nounwind" [CarSimOnFPGA/top_level.cpp:27]   --->   Operation 20 'read' 'deltaTime_read' <Predicate = true> <Delay = 0.00>
ST_1 : Operation 21 [1/1] (0.00ns)   --->   "%guard_variable_for_t_1 = load i1* @guard_variable_for_t, align 1" [CarSimOnFPGA/top_level.cpp:38]   --->   Operation 21 'load' 'guard_variable_for_t_1' <Predicate = true> <Delay = 0.00>
ST_1 : Operation 22 [1/1] (0.00ns)   --->   "br i1 %guard_variable_for_t_1, label %._crit_edge, label %codeRepl" [CarSimOnFPGA/top_level.cpp:38]   --->   Operation 22 'br' <Predicate = true> <Delay = 0.00>
ST_1 : Operation 23 [1/1] (0.00ns)   --->   "store float 5.000000e+02, float* @wheel_mass, align 4" [CarSimOnFPGA/WheelWithMass.cpp:7->CarSimOnFPGA/top_level.cpp:38]   --->   Operation 23 'store' <Predicate = (!guard_variable_for_t_1)> <Delay = 0.00>
ST_1 : Operation 24 [1/1] (0.00ns)   --->   "store float 0x3FD3333340000000, float* @wheel_radius, align 4" [CarSimOnFPGA/WheelWithMass.cpp:8->CarSimOnFPGA/top_level.cpp:38]   --->   Operation 24 'store' <Predicate = (!guard_variable_for_t_1)> <Delay = 0.00>
ST_1 : Operation 25 [1/1] (0.00ns)   --->   "store float 5.000000e+00, float* @wheel_inertia, align 4" [CarSimOnFPGA/WheelWithMass.cpp:9->CarSimOnFPGA/top_level.cpp:38]   --->   Operation 25 'store' <Predicate = (!guard_variable_for_t_1)> <Delay = 0.00>
ST_1 : Operation 26 [1/1] (0.00ns)   --->   "store float 0.000000e+00, float* @wheel_slipRatio, align 4" [CarSimOnFPGA/WheelWithMass.cpp:11->CarSimOnFPGA/top_level.cpp:38]   --->   Operation 26 'store' <Predicate = (!guard_variable_for_t_1)> <Delay = 0.00>
ST_1 : Operation 27 [1/1] (0.00ns)   --->   "store float 0.000000e+00, float* @wheel_slipAngle, align 4" [CarSimOnFPGA/WheelWithMass.cpp:12->CarSimOnFPGA/top_level.cpp:38]   --->   Operation 27 'store' <Predicate = (!guard_variable_for_t_1)> <Delay = 0.00>
ST_1 : Operation 28 [1/1] (0.00ns)   --->   "store float 0.000000e+00, float* @wheel_fx, align 4" [CarSimOnFPGA/WheelWithMass.cpp:14->CarSimOnFPGA/top_level.cpp:38]   --->   Operation 28 'store' <Predicate = (!guard_variable_for_t_1)> <Delay = 0.00>
ST_1 : Operation 29 [1/1] (0.00ns)   --->   "store float 0.000000e+00, float* @wheel_fz, align 4" [CarSimOnFPGA/WheelWithMass.cpp:15->CarSimOnFPGA/top_level.cpp:38]   --->   Operation 29 'store' <Predicate = (!guard_variable_for_t_1)> <Delay = 0.00>
ST_1 : Operation 30 [1/1] (0.00ns)   --->   "store float 0.000000e+00, float* @wheel_pos_x, align 4" [CarSimOnFPGA/WheelWithMass.cpp:21->CarSimOnFPGA/top_level.cpp:38]   --->   Operation 30 'store' <Predicate = (!guard_variable_for_t_1)> <Delay = 0.00>
ST_1 : Operation 31 [1/1] (0.00ns)   --->   "store float %initVel_read, float* @wheel_vel_x, align 4" [CarSimOnFPGA/WheelWithMass.cpp:24->CarSimOnFPGA/top_level.cpp:38]   --->   Operation 31 'store' <Predicate = (!guard_variable_for_t_1)> <Delay = 0.00>
ST_1 : Operation 32 [2/2] (8.41ns)   --->   "%wheel_angularVelocit_2 = fmul float %initVel_read, 0x3FD3333340000000" [CarSimOnFPGA/WheelWithMass.cpp:26->CarSimOnFPGA/top_level.cpp:38]   --->   Operation 32 'fmul' 'wheel_angularVelocit_2' <Predicate = (!guard_variable_for_t_1)> <Delay = 8.41> <Core = "FMul">   --->   Core 106 'FMul' <Latency = 1> <II = 1> <Delay = 8.41> <FuncUnit> <Opcode : 'fmul'> <InPorts = 2> <OutPorts = 1>
ST_1 : Operation 33 [1/1] (0.00ns)   --->   "store i1 true, i1* @guard_variable_for_t, align 1" [CarSimOnFPGA/top_level.cpp:38]   --->   Operation 33 'store' <Predicate = (!guard_variable_for_t_1)> <Delay = 0.00>

State 2 <SV = 1> <Delay = 8.41>
ST_2 : Operation 34 [1/2] (8.41ns)   --->   "%wheel_angularVelocit_2 = fmul float %initVel_read, 0x3FD3333340000000" [CarSimOnFPGA/WheelWithMass.cpp:26->CarSimOnFPGA/top_level.cpp:38]   --->   Operation 34 'fmul' 'wheel_angularVelocit_2' <Predicate = true> <Delay = 8.41> <Core = "FMul">   --->   Core 106 'FMul' <Latency = 1> <II = 1> <Delay = 8.41> <FuncUnit> <Opcode : 'fmul'> <InPorts = 2> <OutPorts = 1>
ST_2 : Operation 35 [1/1] (0.00ns)   --->   "store float %wheel_angularVelocit_2, float* @wheel_angularVelocit, align 4" [CarSimOnFPGA/WheelWithMass.cpp:26->CarSimOnFPGA/top_level.cpp:38]   --->   Operation 35 'store' <Predicate = true> <Delay = 0.00>
ST_2 : Operation 36 [1/1] (0.00ns)   --->   "br label %._crit_edge"   --->   Operation 36 'br' <Predicate = true> <Delay = 0.00>

State 3 <SV = 2> <Delay = 2.30>
ST_3 : Operation 37 [2/2] (2.30ns)   --->   "call fastcc void @update(float %deltaTime_read, float %torque_read, float %steeringAngle_read)" [CarSimOnFPGA/top_level.cpp:39]   --->   Operation 37 'call' <Predicate = true> <Delay = 2.30> <CoreType = "Generic">   --->   Core 0 '' <Latency = 0> <II = 1> <Delay = 1.00> <Generic> <Opcode : >

State 4 <SV = 3> <Delay = 0.00>
ST_4 : Operation 38 [1/2] (0.00ns)   --->   "call fastcc void @update(float %deltaTime_read, float %torque_read, float %steeringAngle_read)" [CarSimOnFPGA/top_level.cpp:39]   --->   Operation 38 'call' <Predicate = true> <Delay = 0.00> <CoreType = "Generic">   --->   Core 0 '' <Latency = 0> <II = 1> <Delay = 1.00> <Generic> <Opcode : >

State 5 <SV = 4> <Delay = 0.00>
ST_5 : Operation 39 [1/1] (0.00ns)   --->   "%wheel_slipRatio_load = load float* @wheel_slipRatio, align 4" [CarSimOnFPGA/top_level.cpp:40]   --->   Operation 39 'load' 'wheel_slipRatio_load' <Predicate = true> <Delay = 0.00>
ST_5 : Operation 40 [1/1] (0.00ns)   --->   "call void @_ssdm_op_Write.ap_auto.floatP(float* %slipRatio, float %wheel_slipRatio_load) nounwind" [CarSimOnFPGA/top_level.cpp:40]   --->   Operation 40 'write' <Predicate = true> <Delay = 0.00>
ST_5 : Operation 41 [1/1] (0.00ns)   --->   "%wheel_slipAngle_load = load float* @wheel_slipAngle, align 4" [CarSimOnFPGA/top_level.cpp:41]   --->   Operation 41 'load' 'wheel_slipAngle_load' <Predicate = true> <Delay = 0.00>
ST_5 : Operation 42 [1/1] (0.00ns)   --->   "call void @_ssdm_op_Write.ap_auto.floatP(float* %slipAngle, float %wheel_slipAngle_load) nounwind" [CarSimOnFPGA/top_level.cpp:41]   --->   Operation 42 'write' <Predicate = true> <Delay = 0.00>
ST_5 : Operation 43 [1/1] (0.00ns)   --->   "%wheel_fx_load = load float* @wheel_fx, align 4" [CarSimOnFPGA/top_level.cpp:42]   --->   Operation 43 'load' 'wheel_fx_load' <Predicate = true> <Delay = 0.00>
ST_5 : Operation 44 [1/1] (0.00ns)   --->   "call void @_ssdm_op_Write.ap_auto.floatP(float* %force_x, float %wheel_fx_load) nounwind" [CarSimOnFPGA/top_level.cpp:42]   --->   Operation 44 'write' <Predicate = true> <Delay = 0.00>
ST_5 : Operation 45 [1/1] (0.00ns)   --->   "%wheel_fz_load = load float* @wheel_fz, align 4" [CarSimOnFPGA/top_level.cpp:43]   --->   Operation 45 'load' 'wheel_fz_load' <Predicate = true> <Delay = 0.00>
ST_5 : Operation 46 [1/1] (0.00ns)   --->   "call void @_ssdm_op_Write.ap_auto.floatP(float* %force_y, float %wheel_fz_load) nounwind" [CarSimOnFPGA/top_level.cpp:43]   --->   Operation 46 'write' <Predicate = true> <Delay = 0.00>
ST_5 : Operation 47 [1/1] (0.00ns)   --->   "%wheel_vel_x_load = load float* @wheel_vel_x, align 4" [CarSimOnFPGA/top_level.cpp:44]   --->   Operation 47 'load' 'wheel_vel_x_load' <Predicate = true> <Delay = 0.00>
ST_5 : Operation 48 [1/1] (0.00ns)   --->   "call void @_ssdm_op_Write.ap_auto.floatP(float* %vel_x, float %wheel_vel_x_load) nounwind" [CarSimOnFPGA/top_level.cpp:44]   --->   Operation 48 'write' <Predicate = true> <Delay = 0.00>
ST_5 : Operation 49 [1/1] (0.00ns)   --->   "%wheel_angularVelocit_3 = load float* @wheel_angularVelocit, align 4" [CarSimOnFPGA/top_level.cpp:45]   --->   Operation 49 'load' 'wheel_angularVelocit_3' <Predicate = true> <Delay = 0.00>
ST_5 : Operation 50 [1/1] (0.00ns)   --->   "call void @_ssdm_op_Write.ap_auto.floatP(float* %angularVel, float %wheel_angularVelocit_3) nounwind" [CarSimOnFPGA/top_level.cpp:45]   --->   Operation 50 'write' <Predicate = true> <Delay = 0.00>
ST_5 : Operation 51 [1/1] (0.00ns)   --->   "ret void" [CarSimOnFPGA/top_level.cpp:46]   --->   Operation 51 'ret' <Predicate = true> <Delay = 0.00>


============================================================
+ Verbose Summary: Binding
============================================================
STG Binding: 
---------------- STG Properties BEGIN ----------------
- Is combinational: 0
- Is one-state seq: 0
- Is datapath-only: 0
- Is pipelined: 0
- Is top level: 1
Port [ Return ] is wired: 1; IO mode=ap_ctrl_hs:ce=0
Port [ deltaTime]:  wired=1; compound=0; hidden=0; nouse=0; global=0; static=0; extern=0; dir=0; type=0; pingpong=0; private_global=0; IO mode=ap_none:ce=0
Port [ initVel]:  wired=1; compound=0; hidden=0; nouse=0; global=0; static=0; extern=0; dir=0; type=0; pingpong=0; private_global=0; IO mode=ap_none:ce=0
Port [ torque]:  wired=1; compound=0; hidden=0; nouse=0; global=0; static=0; extern=0; dir=0; type=0; pingpong=0; private_global=0; IO mode=ap_none:ce=0
Port [ steeringAngle]:  wired=1; compound=0; hidden=0; nouse=0; global=0; static=0; extern=0; dir=0; type=0; pingpong=0; private_global=0; IO mode=ap_none:ce=0
Port [ slipRatio]:  wired=1; compound=0; hidden=0; nouse=0; global=0; static=0; extern=0; dir=1; type=0; pingpong=0; private_global=0; IO mode=ap_vld:ce=0
Port [ slipAngle]:  wired=1; compound=0; hidden=0; nouse=0; global=0; static=0; extern=0; dir=1; type=0; pingpong=0; private_global=0; IO mode=ap_vld:ce=0
Port [ force_x]:  wired=1; compound=0; hidden=0; nouse=0; global=0; static=0; extern=0; dir=1; type=0; pingpong=0; private_global=0; IO mode=ap_vld:ce=0
Port [ force_y]:  wired=1; compound=0; hidden=0; nouse=0; global=0; static=0; extern=0; dir=1; type=0; pingpong=0; private_global=0; IO mode=ap_vld:ce=0
Port [ vel_x]:  wired=1; compound=0; hidden=0; nouse=0; global=0; static=0; extern=0; dir=1; type=0; pingpong=0; private_global=0; IO mode=ap_vld:ce=0
Port [ angularVel]:  wired=1; compound=0; hidden=0; nouse=0; global=0; static=0; extern=0; dir=1; type=0; pingpong=0; private_global=0; IO mode=ap_vld:ce=0
Port [ guard_variable_for_t]:  wired=0; compound=0; hidden=1; nouse=0; global=1; static=1; extern=0; dir=2; type=0; pingpong=0; private_global=1; linkage=7; visibility=0; IO mode=ap_ovld:ce=0
Port [ wheel_mass]:  wired=0; compound=0; hidden=1; nouse=0; global=1; static=1; extern=0; dir=2; type=0; pingpong=0; private_global=1; linkage=7; visibility=0; IO mode=ap_ovld:ce=0
Port [ wheel_radius]:  wired=0; compound=0; hidden=1; nouse=0; global=1; static=1; extern=0; dir=2; type=0; pingpong=0; private_global=1; linkage=7; visibility=0; IO mode=ap_ovld:ce=0
Port [ wheel_inertia]:  wired=0; compound=0; hidden=1; nouse=0; global=1; static=1; extern=0; dir=2; type=0; pingpong=0; private_global=1; linkage=7; visibility=0; IO mode=ap_ovld:ce=0
Port [ wheel_slipRatio]:  wired=0; compound=0; hidden=1; nouse=0; global=1; static=1; extern=0; dir=2; type=0; pingpong=0; private_global=1; linkage=7; visibility=0; IO mode=ap_ovld:ce=0
Port [ wheel_slipAngle]:  wired=0; compound=0; hidden=1; nouse=0; global=1; static=1; extern=0; dir=2; type=0; pingpong=0; private_global=1; linkage=7; visibility=0; IO mode=ap_ovld:ce=0
Port [ wheel_fx]:  wired=0; compound=0; hidden=1; nouse=0; global=1; static=1; extern=0; dir=2; type=0; pingpong=0; private_global=1; linkage=7; visibility=0; IO mode=ap_ovld:ce=0
Port [ wheel_fz]:  wired=0; compound=0; hidden=1; nouse=0; global=1; static=1; extern=0; dir=2; type=0; pingpong=0; private_global=1; linkage=7; visibility=0; IO mode=ap_ovld:ce=0
Port [ wheel_pos_x]:  wired=0; compound=0; hidden=1; nouse=0; global=1; static=1; extern=0; dir=2; type=0; pingpong=0; private_global=1; linkage=7; visibility=0; IO mode=ap_ovld:ce=0
Port [ wheel_vel_x]:  wired=0; compound=0; hidden=1; nouse=0; global=1; static=1; extern=0; dir=2; type=0; pingpong=0; private_global=1; linkage=7; visibility=0; IO mode=ap_ovld:ce=0
Port [ wheel_angularVelocit]:  wired=0; compound=0; hidden=1; nouse=0; global=1; static=1; extern=0; dir=2; type=0; pingpong=0; private_global=1; linkage=7; visibility=0; IO mode=ap_ovld:ce=0
Port [ ref_4oPi_table_256_V]:  wired=0; compound=1; hidden=1; nouse=1; global=1; static=1; extern=0; dir=0; type=1; pingpong=0; private_global=0; linkage=7; visibility=0; MemPort=[1]; IO mode=ap_memory:ce=0
Port [ fourth_order_double_4]:  wired=0; compound=1; hidden=1; nouse=1; global=1; static=1; extern=0; dir=0; type=1; pingpong=0; private_global=0; linkage=7; visibility=0; MemPort=[1]; IO mode=ap_memory:ce=0
Port [ fourth_order_double_5]:  wired=0; compound=1; hidden=1; nouse=1; global=1; static=1; extern=0; dir=0; type=1; pingpong=0; private_global=0; linkage=7; visibility=0; MemPort=[1]; IO mode=ap_memory:ce=0
Port [ fourth_order_double_6]:  wired=0; compound=1; hidden=1; nouse=1; global=1; static=1; extern=0; dir=0; type=1; pingpong=0; private_global=0; linkage=7; visibility=0; MemPort=[1]; IO mode=ap_memory:ce=0
Port [ fourth_order_double_7]:  wired=0; compound=1; hidden=1; nouse=1; global=1; static=1; extern=0; dir=0; type=1; pingpong=0; private_global=0; linkage=7; visibility=0; MemPort=[1]; IO mode=ap_memory:ce=0
Port [ fourth_order_double_s]:  wired=0; compound=1; hidden=1; nouse=1; global=1; static=1; extern=0; dir=0; type=1; pingpong=0; private_global=0; linkage=7; visibility=0; MemPort=[1]; IO mode=ap_memory:ce=0
Port [ cordic_ctab_table_12]:  wired=0; compound=1; hidden=1; nouse=1; global=1; static=1; extern=0; dir=0; type=1; pingpong=0; private_global=0; linkage=7; visibility=0; MemPort=[1]; IO mode=ap_memory:ce=0
---------------- STG Properties END ------------------

---------------- Datapath Model BEGIN ----------------

<LifeTime>
<method=bitvector/>
specbitsmap_ln0        (specbitsmap  ) [ 000000]
specbitsmap_ln0        (specbitsmap  ) [ 000000]
specbitsmap_ln0        (specbitsmap  ) [ 000000]
specbitsmap_ln0        (specbitsmap  ) [ 000000]
specbitsmap_ln0        (specbitsmap  ) [ 000000]
specbitsmap_ln0        (specbitsmap  ) [ 000000]
specbitsmap_ln0        (specbitsmap  ) [ 000000]
specbitsmap_ln0        (specbitsmap  ) [ 000000]
specbitsmap_ln0        (specbitsmap  ) [ 000000]
specbitsmap_ln0        (specbitsmap  ) [ 000000]
spectopmodule_ln0      (spectopmodule) [ 000000]
steeringAngle_read     (read         ) [ 001110]
torque_read            (read         ) [ 001110]
initVel_read           (read         ) [ 001000]
deltaTime_read         (read         ) [ 001110]
guard_variable_for_t_1 (load         ) [ 010000]
br_ln38                (br           ) [ 000000]
store_ln7              (store        ) [ 000000]
store_ln8              (store        ) [ 000000]
store_ln9              (store        ) [ 000000]
store_ln11             (store        ) [ 000000]
store_ln12             (store        ) [ 000000]
store_ln14             (store        ) [ 000000]
store_ln15             (store        ) [ 000000]
store_ln21             (store        ) [ 000000]
store_ln24             (store        ) [ 000000]
store_ln38             (store        ) [ 000000]
wheel_angularVelocit_2 (fmul         ) [ 000000]
store_ln26             (store        ) [ 000000]
br_ln0                 (br           ) [ 000000]
call_ln39              (call         ) [ 000000]
wheel_slipRatio_load   (load         ) [ 000000]
write_ln40             (write        ) [ 000000]
wheel_slipAngle_load   (load         ) [ 000000]
write_ln41             (write        ) [ 000000]
wheel_fx_load          (load         ) [ 000000]
write_ln42             (write        ) [ 000000]
wheel_fz_load          (load         ) [ 000000]
write_ln43             (write        ) [ 000000]
wheel_vel_x_load       (load         ) [ 000000]
write_ln44             (write        ) [ 000000]
wheel_angularVelocit_3 (load         ) [ 000000]
write_ln45             (write        ) [ 000000]
ret_ln46               (ret          ) [ 000000]
</LifeTime>

<model>

<comp_list>
<comp id="0" class="1000" name="deltaTime">
<pin_list>
<pin id="1" dir="1" index="0" bw="1" slack="0"/>
</pin_list>
<bind>
<StgValue><ssdm name="deltaTime"/></StgValue>
</bind>
</comp>

<comp id="2" class="1000" name="initVel">
<pin_list>
<pin id="3" dir="1" index="0" bw="1" slack="0"/>
</pin_list>
<bind>
<StgValue><ssdm name="initVel"/></StgValue>
</bind>
</comp>

<comp id="4" class="1000" name="torque">
<pin_list>
<pin id="5" dir="1" index="0" bw="1" slack="0"/>
</pin_list>
<bind>
<StgValue><ssdm name="torque"/></StgValue>
</bind>
</comp>

<comp id="6" class="1000" name="steeringAngle">
<pin_list>
<pin id="7" dir="1" index="0" bw="1" slack="0"/>
</pin_list>
<bind>
<StgValue><ssdm name="steeringAngle"/></StgValue>
</bind>
</comp>

<comp id="8" class="1000" name="slipRatio">
<pin_list>
<pin id="9" dir="1" index="0" bw="1" slack="0"/>
</pin_list>
<bind>
<StgValue><ssdm name="slipRatio"/></StgValue>
</bind>
</comp>

<comp id="10" class="1000" name="slipAngle">
<pin_list>
<pin id="11" dir="1" index="0" bw="1" slack="0"/>
</pin_list>
<bind>
<StgValue><ssdm name="slipAngle"/></StgValue>
</bind>
</comp>

<comp id="12" class="1000" name="force_x">
<pin_list>
<pin id="13" dir="1" index="0" bw="1" slack="0"/>
</pin_list>
<bind>
<StgValue><ssdm name="force_x"/></StgValue>
</bind>
</comp>

<comp id="14" class="1000" name="force_y">
<pin_list>
<pin id="15" dir="1" index="0" bw="1" slack="0"/>
</pin_list>
<bind>
<StgValue><ssdm name="force_y"/></StgValue>
</bind>
</comp>

<comp id="16" class="1000" name="vel_x">
<pin_list>
<pin id="17" dir="1" index="0" bw="1" slack="0"/>
</pin_list>
<bind>
<StgValue><ssdm name="vel_x"/></StgValue>
</bind>
</comp>

<comp id="18" class="1000" name="angularVel">
<pin_list>
<pin id="19" dir="1" index="0" bw="1" slack="0"/>
</pin_list>
<bind>
<StgValue><ssdm name="angularVel"/></StgValue>
</bind>
</comp>

<comp id="20" class="1000" name="guard_variable_for_t">
<pin_list>
<pin id="21" dir="1" index="0" bw="1" slack="0"/>
</pin_list>
<bind>
<StgValue><ssdm name="guard_variable_for_t"/></StgValue>
</bind>
</comp>

<comp id="22" class="1000" name="wheel_mass">
<pin_list>
<pin id="23" dir="1" index="0" bw="1" slack="0"/>
</pin_list>
<bind>
<StgValue><ssdm name="wheel_mass"/></StgValue>
</bind>
</comp>

<comp id="24" class="1000" name="wheel_radius">
<pin_list>
<pin id="25" dir="1" index="0" bw="1" slack="0"/>
</pin_list>
<bind>
<StgValue><ssdm name="wheel_radius"/></StgValue>
</bind>
</comp>

<comp id="26" class="1000" name="wheel_inertia">
<pin_list>
<pin id="27" dir="1" index="0" bw="1" slack="0"/>
</pin_list>
<bind>
<StgValue><ssdm name="wheel_inertia"/></StgValue>
</bind>
</comp>

<comp id="28" class="1000" name="wheel_slipRatio">
<pin_list>
<pin id="29" dir="1" index="0" bw="1" slack="0"/>
</pin_list>
<bind>
<StgValue><ssdm name="wheel_slipRatio"/></StgValue>
</bind>
</comp>

<comp id="30" class="1000" name="wheel_slipAngle">
<pin_list>
<pin id="31" dir="1" index="0" bw="1" slack="0"/>
</pin_list>
<bind>
<StgValue><ssdm name="wheel_slipAngle"/></StgValue>
</bind>
</comp>

<comp id="32" class="1000" name="wheel_fx">
<pin_list>
<pin id="33" dir="1" index="0" bw="1" slack="0"/>
</pin_list>
<bind>
<StgValue><ssdm name="wheel_fx"/></StgValue>
</bind>
</comp>

<comp id="34" class="1000" name="wheel_fz">
<pin_list>
<pin id="35" dir="1" index="0" bw="1" slack="0"/>
</pin_list>
<bind>
<StgValue><ssdm name="wheel_fz"/></StgValue>
</bind>
</comp>

<comp id="36" class="1000" name="wheel_pos_x">
<pin_list>
<pin id="37" dir="1" index="0" bw="1" slack="0"/>
</pin_list>
<bind>
<StgValue><ssdm name="wheel_pos_x"/></StgValue>
</bind>
</comp>

<comp id="38" class="1000" name="wheel_vel_x">
<pin_list>
<pin id="39" dir="1" index="0" bw="1" slack="0"/>
</pin_list>
<bind>
<StgValue><ssdm name="wheel_vel_x"/></StgValue>
</bind>
</comp>

<comp id="40" class="1000" name="wheel_angularVelocit">
<pin_list>
<pin id="41" dir="1" index="0" bw="1" slack="0"/>
</pin_list>
<bind>
<StgValue><ssdm name="wheel_angularVelocit"/></StgValue>
</bind>
</comp>

<comp id="42" class="1000" name="ref_4oPi_table_256_V">
<pin_list>
<pin id="43" dir="1" index="0" bw="1" slack="0"/>
</pin_list>
<bind>
<StgValue><ssdm name="ref_4oPi_table_256_V"/><MemPortTyVec>1 </MemPortTyVec>
</StgValue>
</bind>
</comp>

<comp id="44" class="1000" name="fourth_order_double_4">
<pin_list>
<pin id="45" dir="1" index="0" bw="1" slack="0"/>
</pin_list>
<bind>
<StgValue><ssdm name="fourth_order_double_4"/><MemPortTyVec>1 </MemPortTyVec>
</StgValue>
</bind>
</comp>

<comp id="46" class="1000" name="fourth_order_double_5">
<pin_list>
<pin id="47" dir="1" index="0" bw="1" slack="0"/>
</pin_list>
<bind>
<StgValue><ssdm name="fourth_order_double_5"/><MemPortTyVec>1 </MemPortTyVec>
</StgValue>
</bind>
</comp>

<comp id="48" class="1000" name="fourth_order_double_6">
<pin_list>
<pin id="49" dir="1" index="0" bw="1" slack="0"/>
</pin_list>
<bind>
<StgValue><ssdm name="fourth_order_double_6"/><MemPortTyVec>1 </MemPortTyVec>
</StgValue>
</bind>
</comp>

<comp id="50" class="1000" name="fourth_order_double_7">
<pin_list>
<pin id="51" dir="1" index="0" bw="1" slack="0"/>
</pin_list>
<bind>
<StgValue><ssdm name="fourth_order_double_7"/><MemPortTyVec>1 </MemPortTyVec>
</StgValue>
</bind>
</comp>

<comp id="52" class="1000" name="fourth_order_double_s">
<pin_list>
<pin id="53" dir="1" index="0" bw="1" slack="0"/>
</pin_list>
<bind>
<StgValue><ssdm name="fourth_order_double_s"/><MemPortTyVec>1 </MemPortTyVec>
</StgValue>
</bind>
</comp>

<comp id="54" class="1000" name="cordic_ctab_table_12">
<pin_list>
<pin id="55" dir="1" index="0" bw="1" slack="0"/>
</pin_list>
<bind>
<StgValue><ssdm name="cordic_ctab_table_12"/><MemPortTyVec>1 </MemPortTyVec>
</StgValue>
</bind>
</comp>

<comp id="56" class="1001" name="const_56">
<pin_list>
<pin id="57" dir="1" index="0" bw="1" slack="2147483647"/>
</pin_list>
<bind>
<StgValue><ssdm name="_ssdm_op_SpecBitsMap"/></StgValue>
</bind>
</comp>

<comp id="58" class="1001" name="const_58">
<pin_list>
<pin id="59" dir="1" index="0" bw="1" slack="2147483647"/>
</pin_list>
<bind>
<StgValue><ssdm name="_ssdm_op_SpecTopModule"/></StgValue>
</bind>
</comp>

<comp id="60" class="1001" name="const_60">
<pin_list>
<pin id="61" dir="1" index="0" bw="1" slack="2147483647"/>
</pin_list>
<bind>
<StgValue><ssdm name="top_level_wheelSimWi"/></StgValue>
</bind>
</comp>

<comp id="62" class="1001" name="const_62">
<pin_list>
<pin id="63" dir="1" index="0" bw="1" slack="0"/>
</pin_list>
<bind>
<StgValue><ssdm name="_ssdm_op_Read.ap_auto.float"/></StgValue>
</bind>
</comp>

<comp id="64" class="1001" name="const_64">
<pin_list>
<pin id="65" dir="1" index="0" bw="1" slack="0"/>
</pin_list>
<bind>
<StgValue><ssdm name=""/></StgValue>
</bind>
</comp>

<comp id="66" class="1001" name="const_66">
<pin_list>
<pin id="67" dir="1" index="0" bw="1" slack="0"/>
</pin_list>
<bind>
<StgValue><ssdm name=""/></StgValue>
</bind>
</comp>

<comp id="68" class="1001" name="const_68">
<pin_list>
<pin id="69" dir="1" index="0" bw="1" slack="0"/>
</pin_list>
<bind>
<StgValue><ssdm name=""/></StgValue>
</bind>
</comp>

<comp id="70" class="1001" name="const_70">
<pin_list>
<pin id="71" dir="1" index="0" bw="1" slack="0"/>
</pin_list>
<bind>
<StgValue><ssdm name=""/></StgValue>
</bind>
</comp>

<comp id="72" class="1001" name="const_72">
<pin_list>
<pin id="73" dir="1" index="0" bw="1" slack="0"/>
</pin_list>
<bind>
<StgValue><ssdm name=""/></StgValue>
</bind>
</comp>

<comp id="74" class="1001" name="const_74">
<pin_list>
<pin id="75" dir="1" index="0" bw="1" slack="0"/>
</pin_list>
<bind>
<StgValue><ssdm name="update"/></StgValue>
</bind>
</comp>

<comp id="76" class="1001" name="const_76">
<pin_list>
<pin id="77" dir="1" index="0" bw="1" slack="0"/>
</pin_list>
<bind>
<StgValue><ssdm name="_ssdm_op_Write.ap_auto.floatP"/></StgValue>
</bind>
</comp>

<comp id="78" class="1004" name="steeringAngle_read_read_fu_78">
<pin_list>
<pin id="79" dir="0" index="0" bw="32" slack="0"/>
<pin id="80" dir="0" index="1" bw="32" slack="0"/>
<pin id="81" dir="1" index="2" bw="32" slack="2"/>
</pin_list>
<bind>
<opcode="read(1150) " fcode="read"/>
<opset="steeringAngle_read/1 "/>
</bind>
</comp>

<comp id="84" class="1004" name="torque_read_read_fu_84">
<pin_list>
<pin id="85" dir="0" index="0" bw="32" slack="0"/>
<pin id="86" dir="0" index="1" bw="32" slack="0"/>
<pin id="87" dir="1" index="2" bw="32" slack="2"/>
</pin_list>
<bind>
<opcode="read(1150) " fcode="read"/>
<opset="torque_read/1 "/>
</bind>
</comp>

<comp id="90" class="1004" name="initVel_read_read_fu_90">
<pin_list>
<pin id="91" dir="0" index="0" bw="32" slack="0"/>
<pin id="92" dir="0" index="1" bw="32" slack="0"/>
<pin id="93" dir="1" index="2" bw="32" slack="0"/>
</pin_list>
<bind>
<opcode="read(1150) " fcode="read"/>
<opset="initVel_read/1 "/>
</bind>
</comp>

<comp id="96" class="1004" name="deltaTime_read_read_fu_96">
<pin_list>
<pin id="97" dir="0" index="0" bw="32" slack="0"/>
<pin id="98" dir="0" index="1" bw="32" slack="0"/>
<pin id="99" dir="1" index="2" bw="32" slack="2"/>
</pin_list>
<bind>
<opcode="read(1150) " fcode="read"/>
<opset="deltaTime_read/1 "/>
</bind>
</comp>

<comp id="102" class="1004" name="write_ln40_write_fu_102">
<pin_list>
<pin id="103" dir="0" index="0" bw="0" slack="0"/>
<pin id="104" dir="0" index="1" bw="32" slack="0"/>
<pin id="105" dir="0" index="2" bw="32" slack="0"/>
<pin id="106" dir="1" index="3" bw="0" slack="2147483647"/>
</pin_list>
<bind>
<opcode="write(1151) " fcode="write"/>
<opset="write_ln40/5 "/>
</bind>
</comp>

<comp id="109" class="1004" name="write_ln41_write_fu_109">
<pin_list>
<pin id="110" dir="0" index="0" bw="0" slack="0"/>
<pin id="111" dir="0" index="1" bw="32" slack="0"/>
<pin id="112" dir="0" index="2" bw="32" slack="0"/>
<pin id="113" dir="1" index="3" bw="0" slack="2147483647"/>
</pin_list>
<bind>
<opcode="write(1151) " fcode="write"/>
<opset="write_ln41/5 "/>
</bind>
</comp>

<comp id="116" class="1004" name="write_ln42_write_fu_116">
<pin_list>
<pin id="117" dir="0" index="0" bw="0" slack="0"/>
<pin id="118" dir="0" index="1" bw="32" slack="0"/>
<pin id="119" dir="0" index="2" bw="32" slack="0"/>
<pin id="120" dir="1" index="3" bw="0" slack="2147483647"/>
</pin_list>
<bind>
<opcode="write(1151) " fcode="write"/>
<opset="write_ln42/5 "/>
</bind>
</comp>

<comp id="123" class="1004" name="write_ln43_write_fu_123">
<pin_list>
<pin id="124" dir="0" index="0" bw="0" slack="0"/>
<pin id="125" dir="0" index="1" bw="32" slack="0"/>
<pin id="126" dir="0" index="2" bw="32" slack="0"/>
<pin id="127" dir="1" index="3" bw="0" slack="2147483647"/>
</pin_list>
<bind>
<opcode="write(1151) " fcode="write"/>
<opset="write_ln43/5 "/>
</bind>
</comp>

<comp id="130" class="1004" name="write_ln44_write_fu_130">
<pin_list>
<pin id="131" dir="0" index="0" bw="0" slack="0"/>
<pin id="132" dir="0" index="1" bw="32" slack="0"/>
<pin id="133" dir="0" index="2" bw="32" slack="0"/>
<pin id="134" dir="1" index="3" bw="0" slack="2147483647"/>
</pin_list>
<bind>
<opcode="write(1151) " fcode="write"/>
<opset="write_ln44/5 "/>
</bind>
</comp>

<comp id="137" class="1004" name="write_ln45_write_fu_137">
<pin_list>
<pin id="138" dir="0" index="0" bw="0" slack="0"/>
<pin id="139" dir="0" index="1" bw="32" slack="0"/>
<pin id="140" dir="0" index="2" bw="32" slack="0"/>
<pin id="141" dir="1" index="3" bw="0" slack="2147483647"/>
</pin_list>
<bind>
<opcode="write(1151) " fcode="write"/>
<opset="write_ln45/5 "/>
</bind>
</comp>

<comp id="144" class="1004" name="grp_update_fu_144">
<pin_list>
<pin id="145" dir="0" index="0" bw="0" slack="0"/>
<pin id="146" dir="0" index="1" bw="32" slack="2"/>
<pin id="147" dir="0" index="2" bw="32" slack="2"/>
<pin id="148" dir="0" index="3" bw="32" slack="2"/>
<pin id="149" dir="0" index="4" bw="256" slack="0"/>
<pin id="150" dir="0" index="5" bw="59" slack="0"/>
<pin id="151" dir="0" index="6" bw="52" slack="0"/>
<pin id="152" dir="0" index="7" bw="44" slack="0"/>
<pin id="153" dir="0" index="8" bw="33" slack="0"/>
<pin id="154" dir="0" index="9" bw="25" slack="0"/>
<pin id="155" dir="0" index="10" bw="32" slack="0"/>
<pin id="156" dir="0" index="11" bw="32" slack="0"/>
<pin id="157" dir="0" index="12" bw="32" slack="0"/>
<pin id="158" dir="0" index="13" bw="126" slack="0"/>
<pin id="159" dir="0" index="14" bw="32" slack="0"/>
<pin id="160" dir="0" index="15" bw="32" slack="0"/>
<pin id="161" dir="0" index="16" bw="32" slack="0"/>
<pin id="162" dir="0" index="17" bw="32" slack="0"/>
<pin id="163" dir="0" index="18" bw="32" slack="0"/>
<pin id="164" dir="0" index="19" bw="32" slack="0"/>
<pin id="165" dir="0" index="20" bw="32" slack="0"/>
<pin id="166" dir="1" index="21" bw="0" slack="2147483647"/>
</pin_list>
<bind>
<opcode="call(48) " fcode="call"/>
<opset="call_ln39/3 "/>
</bind>
</comp>

<comp id="185" class="1004" name="grp_fu_185">
<pin_list>
<pin id="186" dir="0" index="0" bw="32" slack="0"/>
<pin id="187" dir="0" index="1" bw="32" slack="0"/>
<pin id="188" dir="1" index="2" bw="32" slack="0"/>
</pin_list>
<bind>
<opcode="fmul(13) " fcode="fmul"/>
<opset="wheel_angularVelocit_2/1 "/>
</bind>
</comp>

<comp id="191" class="1004" name="guard_variable_for_t_1_load_fu_191">
<pin_list>
<pin id="192" dir="0" index="0" bw="1" slack="0"/>
<pin id="193" dir="1" index="1" bw="1" slack="2147483647"/>
</pin_list>
<bind>
<opcode="load(27) " fcode="load"/>
<opset="guard_variable_for_t_1/1 "/>
</bind>
</comp>

<comp id="195" class="1004" name="store_ln7_store_fu_195">
<pin_list>
<pin id="196" dir="0" index="0" bw="32" slack="0"/>
<pin id="197" dir="0" index="1" bw="32" slack="0"/>
<pin id="198" dir="1" index="2" bw="0" slack="2147483647"/>
</pin_list>
<bind>
<opcode="store(28) " fcode="store"/>
<opset="store_ln7/1 "/>
</bind>
</comp>

<comp id="201" class="1004" name="store_ln8_store_fu_201">
<pin_list>
<pin id="202" dir="0" index="0" bw="32" slack="0"/>
<pin id="203" dir="0" index="1" bw="32" slack="0"/>
<pin id="204" dir="1" index="2" bw="0" slack="2147483647"/>
</pin_list>
<bind>
<opcode="store(28) " fcode="store"/>
<opset="store_ln8/1 "/>
</bind>
</comp>

<comp id="207" class="1004" name="store_ln9_store_fu_207">
<pin_list>
<pin id="208" dir="0" index="0" bw="32" slack="0"/>
<pin id="209" dir="0" index="1" bw="32" slack="0"/>
<pin id="210" dir="1" index="2" bw="0" slack="2147483647"/>
</pin_list>
<bind>
<opcode="store(28) " fcode="store"/>
<opset="store_ln9/1 "/>
</bind>
</comp>

<comp id="213" class="1004" name="store_ln11_store_fu_213">
<pin_list>
<pin id="214" dir="0" index="0" bw="32" slack="0"/>
<pin id="215" dir="0" index="1" bw="32" slack="0"/>
<pin id="216" dir="1" index="2" bw="0" slack="2147483647"/>
</pin_list>
<bind>
<opcode="store(28) " fcode="store"/>
<opset="store_ln11/1 "/>
</bind>
</comp>

<comp id="219" class="1004" name="store_ln12_store_fu_219">
<pin_list>
<pin id="220" dir="0" index="0" bw="32" slack="0"/>
<pin id="221" dir="0" index="1" bw="32" slack="0"/>
<pin id="222" dir="1" index="2" bw="0" slack="2147483647"/>
</pin_list>
<bind>
<opcode="store(28) " fcode="store"/>
<opset="store_ln12/1 "/>
</bind>
</comp>

<comp id="225" class="1004" name="store_ln14_store_fu_225">
<pin_list>
<pin id="226" dir="0" index="0" bw="32" slack="0"/>
<pin id="227" dir="0" index="1" bw="32" slack="0"/>
<pin id="228" dir="1" index="2" bw="0" slack="2147483647"/>
</pin_list>
<bind>
<opcode="store(28) " fcode="store"/>
<opset="store_ln14/1 "/>
</bind>
</comp>

<comp id="231" class="1004" name="store_ln15_store_fu_231">
<pin_list>
<pin id="232" dir="0" index="0" bw="32" slack="0"/>
<pin id="233" dir="0" index="1" bw="32" slack="0"/>
<pin id="234" dir="1" index="2" bw="0" slack="2147483647"/>
</pin_list>
<bind>
<opcode="store(28) " fcode="store"/>
<opset="store_ln15/1 "/>
</bind>
</comp>

<comp id="237" class="1004" name="store_ln21_store_fu_237">
<pin_list>
<pin id="238" dir="0" index="0" bw="32" slack="0"/>
<pin id="239" dir="0" index="1" bw="32" slack="0"/>
<pin id="240" dir="1" index="2" bw="0" slack="2147483647"/>
</pin_list>
<bind>
<opcode="store(28) " fcode="store"/>
<opset="store_ln21/1 "/>
</bind>
</comp>

<comp id="243" class="1004" name="store_ln24_store_fu_243">
<pin_list>
<pin id="244" dir="0" index="0" bw="32" slack="0"/>
<pin id="245" dir="0" index="1" bw="32" slack="0"/>
<pin id="246" dir="1" index="2" bw="0" slack="2147483647"/>
</pin_list>
<bind>
<opcode="store(28) " fcode="store"/>
<opset="store_ln24/1 "/>
</bind>
</comp>

<comp id="249" class="1004" name="store_ln38_store_fu_249">
<pin_list>
<pin id="250" dir="0" index="0" bw="1" slack="0"/>
<pin id="251" dir="0" index="1" bw="1" slack="0"/>
<pin id="252" dir="1" index="2" bw="0" slack="2147483647"/>
</pin_list>
<bind>
<opcode="store(28) " fcode="store"/>
<opset="store_ln38/1 "/>
</bind>
</comp>

<comp id="255" class="1004" name="store_ln26_store_fu_255">
<pin_list>
<pin id="256" dir="0" index="0" bw="32" slack="0"/>
<pin id="257" dir="0" index="1" bw="32" slack="0"/>
<pin id="258" dir="1" index="2" bw="0" slack="2147483647"/>
</pin_list>
<bind>
<opcode="store(28) " fcode="store"/>
<opset="store_ln26/2 "/>
</bind>
</comp>

<comp id="261" class="1004" name="wheel_slipRatio_load_load_fu_261">
<pin_list>
<pin id="262" dir="0" index="0" bw="32" slack="0"/>
<pin id="263" dir="1" index="1" bw="32" slack="0"/>
</pin_list>
<bind>
<opcode="load(27) " fcode="load"/>
<opset="wheel_slipRatio_load/5 "/>
</bind>
</comp>

<comp id="266" class="1004" name="wheel_slipAngle_load_load_fu_266">
<pin_list>
<pin id="267" dir="0" index="0" bw="32" slack="0"/>
<pin id="268" dir="1" index="1" bw="32" slack="0"/>
</pin_list>
<bind>
<opcode="load(27) " fcode="load"/>
<opset="wheel_slipAngle_load/5 "/>
</bind>
</comp>

<comp id="271" class="1004" name="wheel_fx_load_load_fu_271">
<pin_list>
<pin id="272" dir="0" index="0" bw="32" slack="0"/>
<pin id="273" dir="1" index="1" bw="32" slack="0"/>
</pin_list>
<bind>
<opcode="load(27) " fcode="load"/>
<opset="wheel_fx_load/5 "/>
</bind>
</comp>

<comp id="276" class="1004" name="wheel_fz_load_load_fu_276">
<pin_list>
<pin id="277" dir="0" index="0" bw="32" slack="0"/>
<pin id="278" dir="1" index="1" bw="32" slack="0"/>
</pin_list>
<bind>
<opcode="load(27) " fcode="load"/>
<opset="wheel_fz_load/5 "/>
</bind>
</comp>

<comp id="281" class="1004" name="wheel_vel_x_load_load_fu_281">
<pin_list>
<pin id="282" dir="0" index="0" bw="32" slack="0"/>
<pin id="283" dir="1" index="1" bw="32" slack="0"/>
</pin_list>
<bind>
<opcode="load(27) " fcode="load"/>
<opset="wheel_vel_x_load/5 "/>
</bind>
</comp>

<comp id="286" class="1004" name="wheel_angularVelocit_3_load_fu_286">
<pin_list>
<pin id="287" dir="0" index="0" bw="32" slack="0"/>
<pin id="288" dir="1" index="1" bw="32" slack="0"/>
</pin_list>
<bind>
<opcode="load(27) " fcode="load"/>
<opset="wheel_angularVelocit_3/5 "/>
</bind>
</comp>

<comp id="291" class="1005" name="steeringAngle_read_reg_291">
<pin_list>
<pin id="292" dir="0" index="0" bw="32" slack="2"/>
<pin id="293" dir="1" index="1" bw="32" slack="2"/>
</pin_list>
<bind>
<opset="steeringAngle_read "/>
</bind>
</comp>

<comp id="296" class="1005" name="torque_read_reg_296">
<pin_list>
<pin id="297" dir="0" index="0" bw="32" slack="2"/>
<pin id="298" dir="1" index="1" bw="32" slack="2"/>
</pin_list>
<bind>
<opset="torque_read "/>
</bind>
</comp>

<comp id="301" class="1005" name="initVel_read_reg_301">
<pin_list>
<pin id="302" dir="0" index="0" bw="32" slack="1"/>
<pin id="303" dir="1" index="1" bw="32" slack="1"/>
</pin_list>
<bind>
<opset="initVel_read "/>
</bind>
</comp>

<comp id="306" class="1005" name="deltaTime_read_reg_306">
<pin_list>
<pin id="307" dir="0" index="0" bw="32" slack="2"/>
<pin id="308" dir="1" index="1" bw="32" slack="2"/>
</pin_list>
<bind>
<opset="deltaTime_read "/>
</bind>
</comp>

</comp_list>

<net_list>
<net id="82"><net_src comp="62" pin="0"/><net_sink comp="78" pin=0"/></net>

<net id="83"><net_src comp="6" pin="0"/><net_sink comp="78" pin=1"/></net>

<net id="88"><net_src comp="62" pin="0"/><net_sink comp="84" pin=0"/></net>

<net id="89"><net_src comp="4" pin="0"/><net_sink comp="84" pin=1"/></net>

<net id="94"><net_src comp="62" pin="0"/><net_sink comp="90" pin=0"/></net>

<net id="95"><net_src comp="2" pin="0"/><net_sink comp="90" pin=1"/></net>

<net id="100"><net_src comp="62" pin="0"/><net_sink comp="96" pin=0"/></net>

<net id="101"><net_src comp="0" pin="0"/><net_sink comp="96" pin=1"/></net>

<net id="107"><net_src comp="76" pin="0"/><net_sink comp="102" pin=0"/></net>

<net id="108"><net_src comp="8" pin="0"/><net_sink comp="102" pin=1"/></net>

<net id="114"><net_src comp="76" pin="0"/><net_sink comp="109" pin=0"/></net>

<net id="115"><net_src comp="10" pin="0"/><net_sink comp="109" pin=1"/></net>

<net id="121"><net_src comp="76" pin="0"/><net_sink comp="116" pin=0"/></net>

<net id="122"><net_src comp="12" pin="0"/><net_sink comp="116" pin=1"/></net>

<net id="128"><net_src comp="76" pin="0"/><net_sink comp="123" pin=0"/></net>

<net id="129"><net_src comp="14" pin="0"/><net_sink comp="123" pin=1"/></net>

<net id="135"><net_src comp="76" pin="0"/><net_sink comp="130" pin=0"/></net>

<net id="136"><net_src comp="16" pin="0"/><net_sink comp="130" pin=1"/></net>

<net id="142"><net_src comp="76" pin="0"/><net_sink comp="137" pin=0"/></net>

<net id="143"><net_src comp="18" pin="0"/><net_sink comp="137" pin=1"/></net>

<net id="167"><net_src comp="74" pin="0"/><net_sink comp="144" pin=0"/></net>

<net id="168"><net_src comp="42" pin="0"/><net_sink comp="144" pin=4"/></net>

<net id="169"><net_src comp="44" pin="0"/><net_sink comp="144" pin=5"/></net>

<net id="170"><net_src comp="46" pin="0"/><net_sink comp="144" pin=6"/></net>

<net id="171"><net_src comp="48" pin="0"/><net_sink comp="144" pin=7"/></net>

<net id="172"><net_src comp="50" pin="0"/><net_sink comp="144" pin=8"/></net>

<net id="173"><net_src comp="52" pin="0"/><net_sink comp="144" pin=9"/></net>

<net id="174"><net_src comp="38" pin="0"/><net_sink comp="144" pin=10"/></net>

<net id="175"><net_src comp="40" pin="0"/><net_sink comp="144" pin=11"/></net>

<net id="176"><net_src comp="24" pin="0"/><net_sink comp="144" pin=12"/></net>

<net id="177"><net_src comp="54" pin="0"/><net_sink comp="144" pin=13"/></net>

<net id="178"><net_src comp="30" pin="0"/><net_sink comp="144" pin=14"/></net>

<net id="179"><net_src comp="28" pin="0"/><net_sink comp="144" pin=15"/></net>

<net id="180"><net_src comp="26" pin="0"/><net_sink comp="144" pin=16"/></net>

<net id="181"><net_src comp="22" pin="0"/><net_sink comp="144" pin=17"/></net>

<net id="182"><net_src comp="36" pin="0"/><net_sink comp="144" pin=18"/></net>

<net id="183"><net_src comp="34" pin="0"/><net_sink comp="144" pin=19"/></net>

<net id="184"><net_src comp="32" pin="0"/><net_sink comp="144" pin=20"/></net>

<net id="189"><net_src comp="90" pin="2"/><net_sink comp="185" pin=0"/></net>

<net id="190"><net_src comp="66" pin="0"/><net_sink comp="185" pin=1"/></net>

<net id="194"><net_src comp="20" pin="0"/><net_sink comp="191" pin=0"/></net>

<net id="199"><net_src comp="64" pin="0"/><net_sink comp="195" pin=0"/></net>

<net id="200"><net_src comp="22" pin="0"/><net_sink comp="195" pin=1"/></net>

<net id="205"><net_src comp="66" pin="0"/><net_sink comp="201" pin=0"/></net>

<net id="206"><net_src comp="24" pin="0"/><net_sink comp="201" pin=1"/></net>

<net id="211"><net_src comp="68" pin="0"/><net_sink comp="207" pin=0"/></net>

<net id="212"><net_src comp="26" pin="0"/><net_sink comp="207" pin=1"/></net>

<net id="217"><net_src comp="70" pin="0"/><net_sink comp="213" pin=0"/></net>

<net id="218"><net_src comp="28" pin="0"/><net_sink comp="213" pin=1"/></net>

<net id="223"><net_src comp="70" pin="0"/><net_sink comp="219" pin=0"/></net>

<net id="224"><net_src comp="30" pin="0"/><net_sink comp="219" pin=1"/></net>

<net id="229"><net_src comp="70" pin="0"/><net_sink comp="225" pin=0"/></net>

<net id="230"><net_src comp="32" pin="0"/><net_sink comp="225" pin=1"/></net>

<net id="235"><net_src comp="70" pin="0"/><net_sink comp="231" pin=0"/></net>

<net id="236"><net_src comp="34" pin="0"/><net_sink comp="231" pin=1"/></net>

<net id="241"><net_src comp="70" pin="0"/><net_sink comp="237" pin=0"/></net>

<net id="242"><net_src comp="36" pin="0"/><net_sink comp="237" pin=1"/></net>

<net id="247"><net_src comp="90" pin="2"/><net_sink comp="243" pin=0"/></net>

<net id="248"><net_src comp="38" pin="0"/><net_sink comp="243" pin=1"/></net>

<net id="253"><net_src comp="72" pin="0"/><net_sink comp="249" pin=0"/></net>

<net id="254"><net_src comp="20" pin="0"/><net_sink comp="249" pin=1"/></net>

<net id="259"><net_src comp="185" pin="2"/><net_sink comp="255" pin=0"/></net>

<net id="260"><net_src comp="40" pin="0"/><net_sink comp="255" pin=1"/></net>

<net id="264"><net_src comp="28" pin="0"/><net_sink comp="261" pin=0"/></net>

<net id="265"><net_src comp="261" pin="1"/><net_sink comp="102" pin=2"/></net>

<net id="269"><net_src comp="30" pin="0"/><net_sink comp="266" pin=0"/></net>

<net id="270"><net_src comp="266" pin="1"/><net_sink comp="109" pin=2"/></net>

<net id="274"><net_src comp="32" pin="0"/><net_sink comp="271" pin=0"/></net>

<net id="275"><net_src comp="271" pin="1"/><net_sink comp="116" pin=2"/></net>

<net id="279"><net_src comp="34" pin="0"/><net_sink comp="276" pin=0"/></net>

<net id="280"><net_src comp="276" pin="1"/><net_sink comp="123" pin=2"/></net>

<net id="284"><net_src comp="38" pin="0"/><net_sink comp="281" pin=0"/></net>

<net id="285"><net_src comp="281" pin="1"/><net_sink comp="130" pin=2"/></net>

<net id="289"><net_src comp="40" pin="0"/><net_sink comp="286" pin=0"/></net>

<net id="290"><net_src comp="286" pin="1"/><net_sink comp="137" pin=2"/></net>

<net id="294"><net_src comp="78" pin="2"/><net_sink comp="291" pin=0"/></net>

<net id="295"><net_src comp="291" pin="1"/><net_sink comp="144" pin=3"/></net>

<net id="299"><net_src comp="84" pin="2"/><net_sink comp="296" pin=0"/></net>

<net id="300"><net_src comp="296" pin="1"/><net_sink comp="144" pin=2"/></net>

<net id="304"><net_src comp="90" pin="2"/><net_sink comp="301" pin=0"/></net>

<net id="305"><net_src comp="301" pin="1"/><net_sink comp="185" pin=0"/></net>

<net id="309"><net_src comp="96" pin="2"/><net_sink comp="306" pin=0"/></net>

<net id="310"><net_src comp="306" pin="1"/><net_sink comp="144" pin=1"/></net>

</net_list>

</model> 
---------------- Datapath Model END ------------------

* FSMD analyzer results:
  - Output states:
	Port: slipRatio | {5 }
	Port: slipAngle | {5 }
	Port: force_x | {5 }
	Port: force_y | {5 }
	Port: vel_x | {5 }
	Port: angularVel | {5 }
	Port: guard_variable_for_t | {1 }
	Port: wheel_mass | {1 }
	Port: wheel_radius | {1 }
	Port: wheel_inertia | {1 }
	Port: wheel_slipRatio | {1 3 4 }
	Port: wheel_slipAngle | {1 3 4 }
	Port: wheel_fx | {1 3 4 }
	Port: wheel_fz | {1 3 4 }
	Port: wheel_pos_x | {1 3 4 }
	Port: wheel_vel_x | {1 3 4 }
	Port: wheel_angularVelocit | {2 3 4 }
 - Input state : 
	Port: top_level_wheelSimWithMass : deltaTime | {1 }
	Port: top_level_wheelSimWithMass : initVel | {1 }
	Port: top_level_wheelSimWithMass : torque | {1 }
	Port: top_level_wheelSimWithMass : steeringAngle | {1 }
	Port: top_level_wheelSimWithMass : guard_variable_for_t | {1 }
	Port: top_level_wheelSimWithMass : wheel_mass | {3 4 }
	Port: top_level_wheelSimWithMass : wheel_radius | {3 4 }
	Port: top_level_wheelSimWithMass : wheel_inertia | {3 4 }
	Port: top_level_wheelSimWithMass : wheel_slipRatio | {5 }
	Port: top_level_wheelSimWithMass : wheel_slipAngle | {5 }
	Port: top_level_wheelSimWithMass : wheel_fx | {5 }
	Port: top_level_wheelSimWithMass : wheel_fz | {5 }
	Port: top_level_wheelSimWithMass : wheel_pos_x | {3 4 }
	Port: top_level_wheelSimWithMass : wheel_vel_x | {3 4 5 }
	Port: top_level_wheelSimWithMass : wheel_angularVelocit | {3 4 5 }
	Port: top_level_wheelSimWithMass : ref_4oPi_table_256_V | {3 4 }
	Port: top_level_wheelSimWithMass : fourth_order_double_4 | {3 4 }
	Port: top_level_wheelSimWithMass : fourth_order_double_5 | {3 4 }
	Port: top_level_wheelSimWithMass : fourth_order_double_6 | {3 4 }
	Port: top_level_wheelSimWithMass : fourth_order_double_7 | {3 4 }
	Port: top_level_wheelSimWithMass : fourth_order_double_s | {3 4 }
	Port: top_level_wheelSimWithMass : cordic_ctab_table_12 | {3 4 }
  - Chain level:
	State 1
		br_ln38 : 1
	State 2
		store_ln26 : 1
	State 3
	State 4
	State 5
		write_ln40 : 1
		write_ln41 : 1
		write_ln42 : 1
		write_ln43 : 1
		write_ln44 : 1
		write_ln45 : 1


============================================================
+ Verbose Summary: Datapath Resource usage 
============================================================

* Functional unit list:
|----------|-------------------------------|---------|---------|---------|---------|
| Operation|        Functional Unit        |  DSP48E |  Delay  |    FF   |   LUT   |
|----------|-------------------------------|---------|---------|---------|---------|
|   call   |       grp_update_fu_144       |   238   | 49.1867 |  19037  |  30179  |
|----------|-------------------------------|---------|---------|---------|---------|
|   fmul   |           grp_fu_185          |    3    |    0    |   128   |   135   |
|----------|-------------------------------|---------|---------|---------|---------|
|          | steeringAngle_read_read_fu_78 |    0    |    0    |    0    |    0    |
|   read   |     torque_read_read_fu_84    |    0    |    0    |    0    |    0    |
|          |    initVel_read_read_fu_90    |    0    |    0    |    0    |    0    |
|          |   deltaTime_read_read_fu_96   |    0    |    0    |    0    |    0    |
|----------|-------------------------------|---------|---------|---------|---------|
|          |    write_ln40_write_fu_102    |    0    |    0    |    0    |    0    |
|          |    write_ln41_write_fu_109    |    0    |    0    |    0    |    0    |
|   write  |    write_ln42_write_fu_116    |    0    |    0    |    0    |    0    |
|          |    write_ln43_write_fu_123    |    0    |    0    |    0    |    0    |
|          |    write_ln44_write_fu_130    |    0    |    0    |    0    |    0    |
|          |    write_ln45_write_fu_137    |    0    |    0    |    0    |    0    |
|----------|-------------------------------|---------|---------|---------|---------|
|   Total  |                               |   241   | 49.1867 |  19165  |  30314  |
|----------|-------------------------------|---------|---------|---------|---------|

Memories:
+---------------------+--------+--------+--------+
|                     |  BRAM  |   FF   |   LUT  |
+---------------------+--------+--------+--------+
| cordic_ctab_table_12|    4   |    0   |    0   |
|fourth_order_double_4|    -   |   59   |   236  |
|fourth_order_double_5|    -   |   52   |   208  |
|fourth_order_double_6|    -   |   44   |   176  |
|fourth_order_double_7|    -   |   33   |   132  |
|fourth_order_double_s|    -   |   25   |   100  |
| ref_4oPi_table_256_V|    8   |    0   |    0   |
+---------------------+--------+--------+--------+
|        Total        |   12   |   213  |   852  |
+---------------------+--------+--------+--------+

* Register list:
+--------------------------+--------+
|                          |   FF   |
+--------------------------+--------+
|  deltaTime_read_reg_306  |   32   |
|   initVel_read_reg_301   |   32   |
|steeringAngle_read_reg_291|   32   |
|    torque_read_reg_296   |   32   |
+--------------------------+--------+
|           Total          |   128  |
+--------------------------+--------+

* Multiplexer (MUX) list: 
|------------|------|------|------|--------||---------||---------|
|    Comp    |  Pin | Size |  BW  | S x BW ||  Delay  ||   LUT   |
|------------|------|------|------|--------||---------||---------|
| grp_fu_185 |  p0  |   2  |  32  |   64   ||    9    |
|------------|------|------|------|--------||---------||---------|
|    Total   |      |      |      |   64   ||  0.872  ||    9    |
|------------|------|------|------|--------||---------||---------|



* Summary:
+-----------+--------+--------+--------+--------+--------+
|           |  BRAM  | DSP48E |  Delay |   FF   |   LUT  |
+-----------+--------+--------+--------+--------+--------+
|  Function |    -   |   241  |   49   |  19165 |  30314 |
|   Memory  |   12   |    -   |    -   |   213  |   852  |
|Multiplexer|    -   |    -   |    0   |    -   |    9   |
|  Register |    -   |    -   |    -   |   128  |    -   |
+-----------+--------+--------+--------+--------+--------+
|   Total   |   12   |   241  |   50   |  19506 |  31175 |
+-----------+--------+--------+--------+--------+--------+
