

================================================================
== Vivado HLS Report for 'top_level'
================================================================
* Date:           Sat Jun  6 18:25:23 2020

* Version:        2019.1 (Build 2552052 on Fri May 24 15:28:33 MDT 2019)
* Project:        CarSimOnFPGA
* Solution:       solution1
* Product family: zynq
* Target device:  xc7z010-clg400-1


================================================================
== Performance Estimates
================================================================
+ Timing (ns): 
    * Summary: 
    +--------+-------+----------+------------+
    |  Clock | Target| Estimated| Uncertainty|
    +--------+-------+----------+------------+
    |ap_clk  |  10.00|     8.933|        1.25|
    +--------+-------+----------+------------+

+ Latency (clock cycles): 
    * Summary: 
    +-----+------+-----+------+---------+
    |   Latency  |  Interval  | Pipeline|
    | min |  max | min |  max |   Type  |
    +-----+------+-----+------+---------+
    |  240|  1538|  240|  1538|   none  |
    +-----+------+-----+------+---------+

    + Detail: 
        * Instance: 
        +-------------------+--------+-----+------+-----+------+---------+
        |                   |        |   Latency  |  Interval  | Pipeline|
        |      Instance     | Module | min |  max | min |  max |   Type  |
        +-------------------+--------+-----+------+-----+------+---------+
        |grp_update_fu_103  |update  |  239|  1537|  239|  1537|   none  |
        +-------------------+--------+-----+------+-----+------+---------+

        * Loop: 
        N/A



================================================================
== Utilization Estimates
================================================================
* Summary: 
+-----------------+---------+-------+-------+-------+-----+
|       Name      | BRAM_18K| DSP48E|   FF  |  LUT  | URAM|
+-----------------+---------+-------+-------+-------+-----+
|DSP              |        -|      -|      -|      -|    -|
|Expression       |        -|      -|      -|      -|    -|
|FIFO             |        -|      -|      -|      -|    -|
|Instance         |       24|    242|  35618|  53793|    -|
|Memory           |        -|      -|      -|      -|    -|
|Multiplexer      |        -|      -|      -|     15|    -|
|Register         |        -|      -|      3|      -|    -|
+-----------------+---------+-------+-------+-------+-----+
|Total            |       24|    242|  35621|  53808|    0|
+-----------------+---------+-------+-------+-------+-----+
|Available        |      120|     80|  35200|  17600|    0|
+-----------------+---------+-------+-------+-------+-----+
|Utilization (%)  |       20|    302|    101|    305|    0|
+-----------------+---------+-------+-------+-------+-----+

+ Detail: 
    * Instance: 
    +-------------------+--------+---------+-------+-------+-------+-----+
    |      Instance     | Module | BRAM_18K| DSP48E|   FF  |  LUT  | URAM|
    +-------------------+--------+---------+-------+-------+-------+-----+
    |grp_update_fu_103  |update  |       24|    242|  35618|  53793|    0|
    +-------------------+--------+---------+-------+-------+-------+-----+
    |Total              |        |       24|    242|  35618|  53793|    0|
    +-------------------+--------+---------+-------+-------+-------+-----+

    * DSP48E: 
    N/A

    * Memory: 
    N/A

    * FIFO: 
    N/A

    * Expression: 
    N/A

    * Multiplexer: 
    +-----------+----+-----------+-----+-----------+
    |    Name   | LUT| Input Size| Bits| Total Bits|
    +-----------+----+-----------+-----+-----------+
    |ap_NS_fsm  |  15|          3|    1|          3|
    +-----------+----+-----------+-----+-----------+
    |Total      |  15|          3|    1|          3|
    +-----------+----+-----------+-----+-----------+

    * Register: 
    +--------------------------------+---+----+-----+-----------+
    |              Name              | FF| LUT| Bits| Const Bits|
    +--------------------------------+---+----+-----+-----------+
    |ap_CS_fsm                       |  2|   0|    2|          0|
    |grp_update_fu_103_ap_start_reg  |  1|   0|    1|          0|
    +--------------------------------+---+----+-----+-----------+
    |Total                           |  3|   0|    3|          0|
    +--------------------------------+---+----+-----+-----------+



================================================================
== Interface
================================================================
* Summary: 
+-------------------+-----+-----+------------+---------------+--------------+
|     RTL Ports     | Dir | Bits|  Protocol  | Source Object |    C Type    |
+-------------------+-----+-----+------------+---------------+--------------+
|ap_clk             |  in |    1| ap_ctrl_hs |   top_level   | return value |
|ap_rst             |  in |    1| ap_ctrl_hs |   top_level   | return value |
|ap_start           |  in |    1| ap_ctrl_hs |   top_level   | return value |
|ap_done            | out |    1| ap_ctrl_hs |   top_level   | return value |
|ap_idle            | out |    1| ap_ctrl_hs |   top_level   | return value |
|ap_ready           | out |    1| ap_ctrl_hs |   top_level   | return value |
|deltaTime          |  in |   32|   ap_none  |   deltaTime   |    scalar    |
|torque             |  in |   32|   ap_none  |     torque    |    scalar    |
|velocity_x         |  in |   32|   ap_none  |   velocity_x  |    scalar    |
|velocity_z         |  in |   32|   ap_none  |   velocity_z  |    scalar    |
|load               |  in |   32|   ap_none  |      load     |    scalar    |
|steeringAngle      |  in |   32|   ap_none  | steeringAngle |    scalar    |
|force_x            | out |   32|   ap_vld   |    force_x    |    pointer   |
|force_x_ap_vld     | out |    1|   ap_vld   |    force_x    |    pointer   |
|force_z            | out |   32|   ap_vld   |    force_z    |    pointer   |
|force_z_ap_vld     | out |    1|   ap_vld   |    force_z    |    pointer   |
|angularVel         | out |   32|   ap_vld   |   angularVel  |    pointer   |
|angularVel_ap_vld  | out |    1|   ap_vld   |   angularVel  |    pointer   |
+-------------------+-----+-----+------------+---------------+--------------+

============================================================
+ Verbose Summary: Synthesis Manager
============================================================
InlineROM: 1
ExposeGlobal: 0
============================================================
+ Verbose Summary: CDFG Model
============================================================
IsTopModel: 1
ResetActiveHigh: 1
IsCombinational: 2
IsDatapathOnly: 2
HasWiredReturn: 1
HasMFsm: 0
HasVarLatency: 1
IsPipeline: 0
IsRtlPipelined: 0
IsInstanceOverlapped: 0
IsDontTouch: 0
HasImplIP: 0
IsGatedGlobalClock: 0


============================================================
+ Verbose Summary: Schedule
============================================================
* Number of FSM states : 2
* Pipeline : 0
* Dataflow Pipeline: 0

* FSM state transitions: 
1 --> 2 
2 --> 

* FSM state operations: 

State 1 <SV = 0> <Delay = 5.70>
ST_1 : Operation 3 [1/1] (0.00ns)   --->   "%steeringAngle_read = call float @_ssdm_op_Read.ap_auto.float(float %steeringAngle) nounwind" [CarSimOnFPGA/top_level.cpp:4]   --->   Operation 3 'read' 'steeringAngle_read' <Predicate = true> <Delay = 0.00>
ST_1 : Operation 4 [1/1] (0.00ns)   --->   "%load_read = call float @_ssdm_op_Read.ap_auto.float(float %load) nounwind" [CarSimOnFPGA/top_level.cpp:4]   --->   Operation 4 'read' 'load_read' <Predicate = true> <Delay = 0.00>
ST_1 : Operation 5 [1/1] (0.00ns)   --->   "%velocity_z_read = call float @_ssdm_op_Read.ap_auto.float(float %velocity_z) nounwind" [CarSimOnFPGA/top_level.cpp:4]   --->   Operation 5 'read' 'velocity_z_read' <Predicate = true> <Delay = 0.00>
ST_1 : Operation 6 [1/1] (0.00ns)   --->   "%velocity_x_read = call float @_ssdm_op_Read.ap_auto.float(float %velocity_x) nounwind" [CarSimOnFPGA/top_level.cpp:4]   --->   Operation 6 'read' 'velocity_x_read' <Predicate = true> <Delay = 0.00>
ST_1 : Operation 7 [1/1] (0.00ns)   --->   "%torque_read = call float @_ssdm_op_Read.ap_auto.float(float %torque) nounwind" [CarSimOnFPGA/top_level.cpp:4]   --->   Operation 7 'read' 'torque_read' <Predicate = true> <Delay = 0.00>
ST_1 : Operation 8 [1/1] (0.00ns)   --->   "%deltaTime_read = call float @_ssdm_op_Read.ap_auto.float(float %deltaTime) nounwind" [CarSimOnFPGA/top_level.cpp:4]   --->   Operation 8 'read' 'deltaTime_read' <Predicate = true> <Delay = 0.00>
ST_1 : Operation 9 [2/2] (5.70ns)   --->   "%call_ret = call fastcc { float, float, float } @update(float %deltaTime_read, float %torque_read, float %velocity_x_read, float %velocity_z_read, float %load_read, float %steeringAngle_read)" [CarSimOnFPGA/top_level.cpp:15]   --->   Operation 9 'call' 'call_ret' <Predicate = true> <Delay = 5.70> <CoreType = "Generic">   --->   Core 0 '' <Latency = 0> <II = 1> <Delay = 1.00> <Generic> <Opcode : >

State 2 <SV = 1> <Delay = 7.25>
ST_2 : Operation 10 [1/1] (0.00ns)   --->   "call void (...)* @_ssdm_op_SpecBitsMap(float %deltaTime) nounwind, !map !21"   --->   Operation 10 'specbitsmap' <Predicate = true> <Delay = 0.00>
ST_2 : Operation 11 [1/1] (0.00ns)   --->   "call void (...)* @_ssdm_op_SpecBitsMap(float %torque) nounwind, !map !27"   --->   Operation 11 'specbitsmap' <Predicate = true> <Delay = 0.00>
ST_2 : Operation 12 [1/1] (0.00ns)   --->   "call void (...)* @_ssdm_op_SpecBitsMap(float %velocity_x) nounwind, !map !31"   --->   Operation 12 'specbitsmap' <Predicate = true> <Delay = 0.00>
ST_2 : Operation 13 [1/1] (0.00ns)   --->   "call void (...)* @_ssdm_op_SpecBitsMap(float %velocity_z) nounwind, !map !35"   --->   Operation 13 'specbitsmap' <Predicate = true> <Delay = 0.00>
ST_2 : Operation 14 [1/1] (0.00ns)   --->   "call void (...)* @_ssdm_op_SpecBitsMap(float %load) nounwind, !map !39"   --->   Operation 14 'specbitsmap' <Predicate = true> <Delay = 0.00>
ST_2 : Operation 15 [1/1] (0.00ns)   --->   "call void (...)* @_ssdm_op_SpecBitsMap(float %steeringAngle) nounwind, !map !43"   --->   Operation 15 'specbitsmap' <Predicate = true> <Delay = 0.00>
ST_2 : Operation 16 [1/1] (0.00ns)   --->   "call void (...)* @_ssdm_op_SpecBitsMap(float* %force_x) nounwind, !map !47"   --->   Operation 16 'specbitsmap' <Predicate = true> <Delay = 0.00>
ST_2 : Operation 17 [1/1] (0.00ns)   --->   "call void (...)* @_ssdm_op_SpecBitsMap(float* %force_z) nounwind, !map !53"   --->   Operation 17 'specbitsmap' <Predicate = true> <Delay = 0.00>
ST_2 : Operation 18 [1/1] (0.00ns)   --->   "call void (...)* @_ssdm_op_SpecBitsMap(float* %angularVel) nounwind, !map !57"   --->   Operation 18 'specbitsmap' <Predicate = true> <Delay = 0.00>
ST_2 : Operation 19 [1/1] (0.00ns)   --->   "call void (...)* @_ssdm_op_SpecTopModule([10 x i8]* @top_level_str) nounwind"   --->   Operation 19 'spectopmodule' <Predicate = true> <Delay = 0.00>
ST_2 : Operation 20 [1/2] (7.25ns)   --->   "%call_ret = call fastcc { float, float, float } @update(float %deltaTime_read, float %torque_read, float %velocity_x_read, float %velocity_z_read, float %load_read, float %steeringAngle_read)" [CarSimOnFPGA/top_level.cpp:15]   --->   Operation 20 'call' 'call_ret' <Predicate = true> <Delay = 7.25> <CoreType = "Generic">   --->   Core 0 '' <Latency = 0> <II = 1> <Delay = 1.00> <Generic> <Opcode : >
ST_2 : Operation 21 [1/1] (0.00ns)   --->   "%force_x_ret = extractvalue { float, float, float } %call_ret, 0" [CarSimOnFPGA/top_level.cpp:15]   --->   Operation 21 'extractvalue' 'force_x_ret' <Predicate = true> <Delay = 0.00>
ST_2 : Operation 22 [1/1] (0.00ns)   --->   "call void @_ssdm_op_Write.ap_auto.floatP(float* %force_x, float %force_x_ret) nounwind" [CarSimOnFPGA/top_level.cpp:15]   --->   Operation 22 'write' <Predicate = true> <Delay = 0.00>
ST_2 : Operation 23 [1/1] (0.00ns)   --->   "%force_z_ret = extractvalue { float, float, float } %call_ret, 1" [CarSimOnFPGA/top_level.cpp:15]   --->   Operation 23 'extractvalue' 'force_z_ret' <Predicate = true> <Delay = 0.00>
ST_2 : Operation 24 [1/1] (0.00ns)   --->   "call void @_ssdm_op_Write.ap_auto.floatP(float* %force_z, float %force_z_ret) nounwind" [CarSimOnFPGA/top_level.cpp:15]   --->   Operation 24 'write' <Predicate = true> <Delay = 0.00>
ST_2 : Operation 25 [1/1] (0.00ns)   --->   "%angularVel_ret = extractvalue { float, float, float } %call_ret, 2" [CarSimOnFPGA/top_level.cpp:15]   --->   Operation 25 'extractvalue' 'angularVel_ret' <Predicate = true> <Delay = 0.00>
ST_2 : Operation 26 [1/1] (0.00ns)   --->   "call void @_ssdm_op_Write.ap_auto.floatP(float* %angularVel, float %angularVel_ret) nounwind" [CarSimOnFPGA/top_level.cpp:15]   --->   Operation 26 'write' <Predicate = true> <Delay = 0.00>
ST_2 : Operation 27 [1/1] (0.00ns)   --->   "ret void" [CarSimOnFPGA/top_level.cpp:16]   --->   Operation 27 'ret' <Predicate = true> <Delay = 0.00>


============================================================
+ Verbose Summary: Binding
============================================================
STG Binding: 
---------------- STG Properties BEGIN ----------------
- Is combinational: 0
- Is one-state seq: 0
- Is datapath-only: 0
- Is pipelined: 0
- Is top level: 1
Port [ Return ] is wired: 1; IO mode=ap_ctrl_hs:ce=0
Port [ deltaTime]:  wired=1; compound=0; hidden=0; nouse=0; global=0; static=0; extern=0; dir=0; type=0; pingpong=0; private_global=0; IO mode=ap_none:ce=0
Port [ torque]:  wired=1; compound=0; hidden=0; nouse=0; global=0; static=0; extern=0; dir=0; type=0; pingpong=0; private_global=0; IO mode=ap_none:ce=0
Port [ velocity_x]:  wired=1; compound=0; hidden=0; nouse=0; global=0; static=0; extern=0; dir=0; type=0; pingpong=0; private_global=0; IO mode=ap_none:ce=0
Port [ velocity_z]:  wired=1; compound=0; hidden=0; nouse=0; global=0; static=0; extern=0; dir=0; type=0; pingpong=0; private_global=0; IO mode=ap_none:ce=0
Port [ load]:  wired=1; compound=0; hidden=0; nouse=0; global=0; static=0; extern=0; dir=0; type=0; pingpong=0; private_global=0; IO mode=ap_none:ce=0
Port [ steeringAngle]:  wired=1; compound=0; hidden=0; nouse=0; global=0; static=0; extern=0; dir=0; type=0; pingpong=0; private_global=0; IO mode=ap_none:ce=0
Port [ force_x]:  wired=1; compound=0; hidden=0; nouse=0; global=0; static=0; extern=0; dir=1; type=0; pingpong=0; private_global=0; IO mode=ap_vld:ce=0
Port [ force_z]:  wired=1; compound=0; hidden=0; nouse=0; global=0; static=0; extern=0; dir=1; type=0; pingpong=0; private_global=0; IO mode=ap_vld:ce=0
Port [ angularVel]:  wired=1; compound=0; hidden=0; nouse=0; global=0; static=0; extern=0; dir=1; type=0; pingpong=0; private_global=0; IO mode=ap_vld:ce=0
Port [ ref_4oPi_table_256_V]:  wired=0; compound=1; hidden=1; nouse=1; global=1; static=1; extern=0; dir=0; type=1; pingpong=0; private_global=0; linkage=7; visibility=0; MemPort=[1]; IO mode=ap_memory:ce=0
Port [ fourth_order_double_4]:  wired=0; compound=1; hidden=1; nouse=1; global=1; static=1; extern=0; dir=0; type=1; pingpong=0; private_global=0; linkage=7; visibility=0; MemPort=[1]; IO mode=ap_memory:ce=0
Port [ fourth_order_double_5]:  wired=0; compound=1; hidden=1; nouse=1; global=1; static=1; extern=0; dir=0; type=1; pingpong=0; private_global=0; linkage=7; visibility=0; MemPort=[1]; IO mode=ap_memory:ce=0
Port [ fourth_order_double_6]:  wired=0; compound=1; hidden=1; nouse=1; global=1; static=1; extern=0; dir=0; type=1; pingpong=0; private_global=0; linkage=7; visibility=0; MemPort=[1]; IO mode=ap_memory:ce=0
Port [ fourth_order_double_7]:  wired=0; compound=1; hidden=1; nouse=1; global=1; static=1; extern=0; dir=0; type=1; pingpong=0; private_global=0; linkage=7; visibility=0; MemPort=[1]; IO mode=ap_memory:ce=0
Port [ fourth_order_double_s]:  wired=0; compound=1; hidden=1; nouse=1; global=1; static=1; extern=0; dir=0; type=1; pingpong=0; private_global=0; linkage=7; visibility=0; MemPort=[1]; IO mode=ap_memory:ce=0
Port [ wheel_angularVelocit]:  wired=0; compound=0; hidden=1; nouse=1; global=1; static=1; extern=0; dir=2; type=0; pingpong=0; private_global=0; linkage=7; visibility=0; IO mode=ap_ovld:ce=0
Port [ cordic_ctab_table_12]:  wired=0; compound=1; hidden=1; nouse=1; global=1; static=1; extern=0; dir=0; type=1; pingpong=0; private_global=0; linkage=7; visibility=0; MemPort=[1]; IO mode=ap_memory:ce=0
---------------- STG Properties END ------------------

---------------- Datapath Model BEGIN ----------------

<LifeTime>
<method=bitvector/>
steeringAngle_read (read         ) [ 001]
load_read          (read         ) [ 001]
velocity_z_read    (read         ) [ 001]
velocity_x_read    (read         ) [ 001]
torque_read        (read         ) [ 001]
deltaTime_read     (read         ) [ 001]
specbitsmap_ln0    (specbitsmap  ) [ 000]
specbitsmap_ln0    (specbitsmap  ) [ 000]
specbitsmap_ln0    (specbitsmap  ) [ 000]
specbitsmap_ln0    (specbitsmap  ) [ 000]
specbitsmap_ln0    (specbitsmap  ) [ 000]
specbitsmap_ln0    (specbitsmap  ) [ 000]
specbitsmap_ln0    (specbitsmap  ) [ 000]
specbitsmap_ln0    (specbitsmap  ) [ 000]
specbitsmap_ln0    (specbitsmap  ) [ 000]
spectopmodule_ln0  (spectopmodule) [ 000]
call_ret           (call         ) [ 000]
force_x_ret        (extractvalue ) [ 000]
write_ln15         (write        ) [ 000]
force_z_ret        (extractvalue ) [ 000]
write_ln15         (write        ) [ 000]
angularVel_ret     (extractvalue ) [ 000]
write_ln15         (write        ) [ 000]
ret_ln16           (ret          ) [ 000]
</LifeTime>

<model>

<comp_list>
<comp id="0" class="1000" name="deltaTime">
<pin_list>
<pin id="1" dir="1" index="0" bw="1" slack="0"/>
</pin_list>
<bind>
<StgValue><ssdm name="deltaTime"/></StgValue>
</bind>
</comp>

<comp id="2" class="1000" name="torque">
<pin_list>
<pin id="3" dir="1" index="0" bw="1" slack="0"/>
</pin_list>
<bind>
<StgValue><ssdm name="torque"/></StgValue>
</bind>
</comp>

<comp id="4" class="1000" name="velocity_x">
<pin_list>
<pin id="5" dir="1" index="0" bw="1" slack="0"/>
</pin_list>
<bind>
<StgValue><ssdm name="velocity_x"/></StgValue>
</bind>
</comp>

<comp id="6" class="1000" name="velocity_z">
<pin_list>
<pin id="7" dir="1" index="0" bw="1" slack="0"/>
</pin_list>
<bind>
<StgValue><ssdm name="velocity_z"/></StgValue>
</bind>
</comp>

<comp id="8" class="1000" name="load">
<pin_list>
<pin id="9" dir="1" index="0" bw="1" slack="0"/>
</pin_list>
<bind>
<StgValue><ssdm name="load"/></StgValue>
</bind>
</comp>

<comp id="10" class="1000" name="steeringAngle">
<pin_list>
<pin id="11" dir="1" index="0" bw="1" slack="0"/>
</pin_list>
<bind>
<StgValue><ssdm name="steeringAngle"/></StgValue>
</bind>
</comp>

<comp id="12" class="1000" name="force_x">
<pin_list>
<pin id="13" dir="1" index="0" bw="1" slack="0"/>
</pin_list>
<bind>
<StgValue><ssdm name="force_x"/></StgValue>
</bind>
</comp>

<comp id="14" class="1000" name="force_z">
<pin_list>
<pin id="15" dir="1" index="0" bw="1" slack="0"/>
</pin_list>
<bind>
<StgValue><ssdm name="force_z"/></StgValue>
</bind>
</comp>

<comp id="16" class="1000" name="angularVel">
<pin_list>
<pin id="17" dir="1" index="0" bw="1" slack="0"/>
</pin_list>
<bind>
<StgValue><ssdm name="angularVel"/></StgValue>
</bind>
</comp>

<comp id="18" class="1000" name="ref_4oPi_table_256_V">
<pin_list>
<pin id="19" dir="1" index="0" bw="1" slack="0"/>
</pin_list>
<bind>
<StgValue><ssdm name="ref_4oPi_table_256_V"/><MemPortTyVec>1 </MemPortTyVec>
</StgValue>
</bind>
</comp>

<comp id="20" class="1000" name="fourth_order_double_4">
<pin_list>
<pin id="21" dir="1" index="0" bw="1" slack="0"/>
</pin_list>
<bind>
<StgValue><ssdm name="fourth_order_double_4"/><MemPortTyVec>1 </MemPortTyVec>
</StgValue>
</bind>
</comp>

<comp id="22" class="1000" name="fourth_order_double_5">
<pin_list>
<pin id="23" dir="1" index="0" bw="1" slack="0"/>
</pin_list>
<bind>
<StgValue><ssdm name="fourth_order_double_5"/><MemPortTyVec>1 </MemPortTyVec>
</StgValue>
</bind>
</comp>

<comp id="24" class="1000" name="fourth_order_double_6">
<pin_list>
<pin id="25" dir="1" index="0" bw="1" slack="0"/>
</pin_list>
<bind>
<StgValue><ssdm name="fourth_order_double_6"/><MemPortTyVec>1 </MemPortTyVec>
</StgValue>
</bind>
</comp>

<comp id="26" class="1000" name="fourth_order_double_7">
<pin_list>
<pin id="27" dir="1" index="0" bw="1" slack="0"/>
</pin_list>
<bind>
<StgValue><ssdm name="fourth_order_double_7"/><MemPortTyVec>1 </MemPortTyVec>
</StgValue>
</bind>
</comp>

<comp id="28" class="1000" name="fourth_order_double_s">
<pin_list>
<pin id="29" dir="1" index="0" bw="1" slack="0"/>
</pin_list>
<bind>
<StgValue><ssdm name="fourth_order_double_s"/><MemPortTyVec>1 </MemPortTyVec>
</StgValue>
</bind>
</comp>

<comp id="30" class="1000" name="wheel_angularVelocit">
<pin_list>
<pin id="31" dir="1" index="0" bw="1" slack="0"/>
</pin_list>
<bind>
<StgValue><ssdm name="wheel_angularVelocit"/></StgValue>
</bind>
</comp>

<comp id="32" class="1000" name="cordic_ctab_table_12">
<pin_list>
<pin id="33" dir="1" index="0" bw="1" slack="0"/>
</pin_list>
<bind>
<StgValue><ssdm name="cordic_ctab_table_12"/><MemPortTyVec>1 </MemPortTyVec>
</StgValue>
</bind>
</comp>

<comp id="34" class="1001" name="const_34">
<pin_list>
<pin id="35" dir="1" index="0" bw="1" slack="0"/>
</pin_list>
<bind>
<StgValue><ssdm name="_ssdm_op_Read.ap_auto.float"/></StgValue>
</bind>
</comp>

<comp id="36" class="1001" name="const_36">
<pin_list>
<pin id="37" dir="1" index="0" bw="1" slack="0"/>
</pin_list>
<bind>
<StgValue><ssdm name="update"/></StgValue>
</bind>
</comp>

<comp id="38" class="1001" name="const_38">
<pin_list>
<pin id="39" dir="1" index="0" bw="1" slack="2147483647"/>
</pin_list>
<bind>
<StgValue><ssdm name="_ssdm_op_SpecBitsMap"/></StgValue>
</bind>
</comp>

<comp id="40" class="1001" name="const_40">
<pin_list>
<pin id="41" dir="1" index="0" bw="1" slack="2147483647"/>
</pin_list>
<bind>
<StgValue><ssdm name="_ssdm_op_SpecTopModule"/></StgValue>
</bind>
</comp>

<comp id="42" class="1001" name="const_42">
<pin_list>
<pin id="43" dir="1" index="0" bw="1" slack="2147483647"/>
</pin_list>
<bind>
<StgValue><ssdm name="top_level_str"/></StgValue>
</bind>
</comp>

<comp id="44" class="1001" name="const_44">
<pin_list>
<pin id="45" dir="1" index="0" bw="1" slack="0"/>
</pin_list>
<bind>
<StgValue><ssdm name="_ssdm_op_Write.ap_auto.floatP"/></StgValue>
</bind>
</comp>

<comp id="46" class="1004" name="steeringAngle_read_read_fu_46">
<pin_list>
<pin id="47" dir="0" index="0" bw="32" slack="0"/>
<pin id="48" dir="0" index="1" bw="32" slack="0"/>
<pin id="49" dir="1" index="2" bw="32" slack="0"/>
</pin_list>
<bind>
<opcode="read(1150) " fcode="read"/>
<opset="steeringAngle_read/1 "/>
</bind>
</comp>

<comp id="52" class="1004" name="load_read_read_fu_52">
<pin_list>
<pin id="53" dir="0" index="0" bw="32" slack="0"/>
<pin id="54" dir="0" index="1" bw="32" slack="0"/>
<pin id="55" dir="1" index="2" bw="32" slack="0"/>
</pin_list>
<bind>
<opcode="read(1150) " fcode="read"/>
<opset="load_read/1 "/>
</bind>
</comp>

<comp id="58" class="1004" name="velocity_z_read_read_fu_58">
<pin_list>
<pin id="59" dir="0" index="0" bw="32" slack="0"/>
<pin id="60" dir="0" index="1" bw="32" slack="0"/>
<pin id="61" dir="1" index="2" bw="32" slack="0"/>
</pin_list>
<bind>
<opcode="read(1150) " fcode="read"/>
<opset="velocity_z_read/1 "/>
</bind>
</comp>

<comp id="64" class="1004" name="velocity_x_read_read_fu_64">
<pin_list>
<pin id="65" dir="0" index="0" bw="32" slack="0"/>
<pin id="66" dir="0" index="1" bw="32" slack="0"/>
<pin id="67" dir="1" index="2" bw="32" slack="0"/>
</pin_list>
<bind>
<opcode="read(1150) " fcode="read"/>
<opset="velocity_x_read/1 "/>
</bind>
</comp>

<comp id="70" class="1004" name="torque_read_read_fu_70">
<pin_list>
<pin id="71" dir="0" index="0" bw="32" slack="0"/>
<pin id="72" dir="0" index="1" bw="32" slack="0"/>
<pin id="73" dir="1" index="2" bw="32" slack="0"/>
</pin_list>
<bind>
<opcode="read(1150) " fcode="read"/>
<opset="torque_read/1 "/>
</bind>
</comp>

<comp id="76" class="1004" name="deltaTime_read_read_fu_76">
<pin_list>
<pin id="77" dir="0" index="0" bw="32" slack="0"/>
<pin id="78" dir="0" index="1" bw="32" slack="0"/>
<pin id="79" dir="1" index="2" bw="32" slack="0"/>
</pin_list>
<bind>
<opcode="read(1150) " fcode="read"/>
<opset="deltaTime_read/1 "/>
</bind>
</comp>

<comp id="82" class="1004" name="write_ln15_write_fu_82">
<pin_list>
<pin id="83" dir="0" index="0" bw="0" slack="0"/>
<pin id="84" dir="0" index="1" bw="32" slack="0"/>
<pin id="85" dir="0" index="2" bw="32" slack="0"/>
<pin id="86" dir="1" index="3" bw="0" slack="2147483647"/>
</pin_list>
<bind>
<opcode="write(1151) " fcode="write"/>
<opset="write_ln15/2 "/>
</bind>
</comp>

<comp id="89" class="1004" name="write_ln15_write_fu_89">
<pin_list>
<pin id="90" dir="0" index="0" bw="0" slack="0"/>
<pin id="91" dir="0" index="1" bw="32" slack="0"/>
<pin id="92" dir="0" index="2" bw="32" slack="0"/>
<pin id="93" dir="1" index="3" bw="0" slack="2147483647"/>
</pin_list>
<bind>
<opcode="write(1151) " fcode="write"/>
<opset="write_ln15/2 "/>
</bind>
</comp>

<comp id="96" class="1004" name="write_ln15_write_fu_96">
<pin_list>
<pin id="97" dir="0" index="0" bw="0" slack="0"/>
<pin id="98" dir="0" index="1" bw="32" slack="0"/>
<pin id="99" dir="0" index="2" bw="32" slack="0"/>
<pin id="100" dir="1" index="3" bw="0" slack="2147483647"/>
</pin_list>
<bind>
<opcode="write(1151) " fcode="write"/>
<opset="write_ln15/2 "/>
</bind>
</comp>

<comp id="103" class="1004" name="grp_update_fu_103">
<pin_list>
<pin id="104" dir="0" index="0" bw="96" slack="0"/>
<pin id="105" dir="0" index="1" bw="32" slack="0"/>
<pin id="106" dir="0" index="2" bw="32" slack="0"/>
<pin id="107" dir="0" index="3" bw="32" slack="0"/>
<pin id="108" dir="0" index="4" bw="32" slack="0"/>
<pin id="109" dir="0" index="5" bw="32" slack="0"/>
<pin id="110" dir="0" index="6" bw="32" slack="0"/>
<pin id="111" dir="0" index="7" bw="256" slack="0"/>
<pin id="112" dir="0" index="8" bw="59" slack="0"/>
<pin id="113" dir="0" index="9" bw="52" slack="0"/>
<pin id="114" dir="0" index="10" bw="44" slack="0"/>
<pin id="115" dir="0" index="11" bw="33" slack="0"/>
<pin id="116" dir="0" index="12" bw="25" slack="0"/>
<pin id="117" dir="0" index="13" bw="32" slack="0"/>
<pin id="118" dir="0" index="14" bw="126" slack="0"/>
<pin id="119" dir="1" index="15" bw="96" slack="0"/>
</pin_list>
<bind>
<opcode="call(48) " fcode="call"/>
<opset="call_ret/1 "/>
</bind>
</comp>

<comp id="135" class="1004" name="force_x_ret_fu_135">
<pin_list>
<pin id="136" dir="0" index="0" bw="96" slack="0"/>
<pin id="137" dir="1" index="1" bw="32" slack="0"/>
</pin_list>
<bind>
<opcode="extractvalue(56) " fcode="extractvalue"/>
<opset="force_x_ret/2 "/>
</bind>
</comp>

<comp id="140" class="1004" name="force_z_ret_fu_140">
<pin_list>
<pin id="141" dir="0" index="0" bw="96" slack="0"/>
<pin id="142" dir="1" index="1" bw="32" slack="0"/>
</pin_list>
<bind>
<opcode="extractvalue(56) " fcode="extractvalue"/>
<opset="force_z_ret/2 "/>
</bind>
</comp>

<comp id="145" class="1004" name="angularVel_ret_fu_145">
<pin_list>
<pin id="146" dir="0" index="0" bw="96" slack="0"/>
<pin id="147" dir="1" index="1" bw="32" slack="0"/>
</pin_list>
<bind>
<opcode="extractvalue(56) " fcode="extractvalue"/>
<opset="angularVel_ret/2 "/>
</bind>
</comp>

<comp id="150" class="1005" name="steeringAngle_read_reg_150">
<pin_list>
<pin id="151" dir="0" index="0" bw="32" slack="1"/>
<pin id="152" dir="1" index="1" bw="32" slack="1"/>
</pin_list>
<bind>
<opset="steeringAngle_read "/>
</bind>
</comp>

<comp id="155" class="1005" name="load_read_reg_155">
<pin_list>
<pin id="156" dir="0" index="0" bw="32" slack="1"/>
<pin id="157" dir="1" index="1" bw="32" slack="1"/>
</pin_list>
<bind>
<opset="load_read "/>
</bind>
</comp>

<comp id="160" class="1005" name="velocity_z_read_reg_160">
<pin_list>
<pin id="161" dir="0" index="0" bw="32" slack="1"/>
<pin id="162" dir="1" index="1" bw="32" slack="1"/>
</pin_list>
<bind>
<opset="velocity_z_read "/>
</bind>
</comp>

<comp id="165" class="1005" name="velocity_x_read_reg_165">
<pin_list>
<pin id="166" dir="0" index="0" bw="32" slack="1"/>
<pin id="167" dir="1" index="1" bw="32" slack="1"/>
</pin_list>
<bind>
<opset="velocity_x_read "/>
</bind>
</comp>

<comp id="170" class="1005" name="torque_read_reg_170">
<pin_list>
<pin id="171" dir="0" index="0" bw="32" slack="1"/>
<pin id="172" dir="1" index="1" bw="32" slack="1"/>
</pin_list>
<bind>
<opset="torque_read "/>
</bind>
</comp>

<comp id="175" class="1005" name="deltaTime_read_reg_175">
<pin_list>
<pin id="176" dir="0" index="0" bw="32" slack="1"/>
<pin id="177" dir="1" index="1" bw="32" slack="1"/>
</pin_list>
<bind>
<opset="deltaTime_read "/>
</bind>
</comp>

</comp_list>

<net_list>
<net id="50"><net_src comp="34" pin="0"/><net_sink comp="46" pin=0"/></net>

<net id="51"><net_src comp="10" pin="0"/><net_sink comp="46" pin=1"/></net>

<net id="56"><net_src comp="34" pin="0"/><net_sink comp="52" pin=0"/></net>

<net id="57"><net_src comp="8" pin="0"/><net_sink comp="52" pin=1"/></net>

<net id="62"><net_src comp="34" pin="0"/><net_sink comp="58" pin=0"/></net>

<net id="63"><net_src comp="6" pin="0"/><net_sink comp="58" pin=1"/></net>

<net id="68"><net_src comp="34" pin="0"/><net_sink comp="64" pin=0"/></net>

<net id="69"><net_src comp="4" pin="0"/><net_sink comp="64" pin=1"/></net>

<net id="74"><net_src comp="34" pin="0"/><net_sink comp="70" pin=0"/></net>

<net id="75"><net_src comp="2" pin="0"/><net_sink comp="70" pin=1"/></net>

<net id="80"><net_src comp="34" pin="0"/><net_sink comp="76" pin=0"/></net>

<net id="81"><net_src comp="0" pin="0"/><net_sink comp="76" pin=1"/></net>

<net id="87"><net_src comp="44" pin="0"/><net_sink comp="82" pin=0"/></net>

<net id="88"><net_src comp="12" pin="0"/><net_sink comp="82" pin=1"/></net>

<net id="94"><net_src comp="44" pin="0"/><net_sink comp="89" pin=0"/></net>

<net id="95"><net_src comp="14" pin="0"/><net_sink comp="89" pin=1"/></net>

<net id="101"><net_src comp="44" pin="0"/><net_sink comp="96" pin=0"/></net>

<net id="102"><net_src comp="16" pin="0"/><net_sink comp="96" pin=1"/></net>

<net id="120"><net_src comp="36" pin="0"/><net_sink comp="103" pin=0"/></net>

<net id="121"><net_src comp="76" pin="2"/><net_sink comp="103" pin=1"/></net>

<net id="122"><net_src comp="70" pin="2"/><net_sink comp="103" pin=2"/></net>

<net id="123"><net_src comp="64" pin="2"/><net_sink comp="103" pin=3"/></net>

<net id="124"><net_src comp="58" pin="2"/><net_sink comp="103" pin=4"/></net>

<net id="125"><net_src comp="52" pin="2"/><net_sink comp="103" pin=5"/></net>

<net id="126"><net_src comp="46" pin="2"/><net_sink comp="103" pin=6"/></net>

<net id="127"><net_src comp="18" pin="0"/><net_sink comp="103" pin=7"/></net>

<net id="128"><net_src comp="20" pin="0"/><net_sink comp="103" pin=8"/></net>

<net id="129"><net_src comp="22" pin="0"/><net_sink comp="103" pin=9"/></net>

<net id="130"><net_src comp="24" pin="0"/><net_sink comp="103" pin=10"/></net>

<net id="131"><net_src comp="26" pin="0"/><net_sink comp="103" pin=11"/></net>

<net id="132"><net_src comp="28" pin="0"/><net_sink comp="103" pin=12"/></net>

<net id="133"><net_src comp="30" pin="0"/><net_sink comp="103" pin=13"/></net>

<net id="134"><net_src comp="32" pin="0"/><net_sink comp="103" pin=14"/></net>

<net id="138"><net_src comp="103" pin="15"/><net_sink comp="135" pin=0"/></net>

<net id="139"><net_src comp="135" pin="1"/><net_sink comp="82" pin=2"/></net>

<net id="143"><net_src comp="103" pin="15"/><net_sink comp="140" pin=0"/></net>

<net id="144"><net_src comp="140" pin="1"/><net_sink comp="89" pin=2"/></net>

<net id="148"><net_src comp="103" pin="15"/><net_sink comp="145" pin=0"/></net>

<net id="149"><net_src comp="145" pin="1"/><net_sink comp="96" pin=2"/></net>

<net id="153"><net_src comp="46" pin="2"/><net_sink comp="150" pin=0"/></net>

<net id="154"><net_src comp="150" pin="1"/><net_sink comp="103" pin=6"/></net>

<net id="158"><net_src comp="52" pin="2"/><net_sink comp="155" pin=0"/></net>

<net id="159"><net_src comp="155" pin="1"/><net_sink comp="103" pin=5"/></net>

<net id="163"><net_src comp="58" pin="2"/><net_sink comp="160" pin=0"/></net>

<net id="164"><net_src comp="160" pin="1"/><net_sink comp="103" pin=4"/></net>

<net id="168"><net_src comp="64" pin="2"/><net_sink comp="165" pin=0"/></net>

<net id="169"><net_src comp="165" pin="1"/><net_sink comp="103" pin=3"/></net>

<net id="173"><net_src comp="70" pin="2"/><net_sink comp="170" pin=0"/></net>

<net id="174"><net_src comp="170" pin="1"/><net_sink comp="103" pin=2"/></net>

<net id="178"><net_src comp="76" pin="2"/><net_sink comp="175" pin=0"/></net>

<net id="179"><net_src comp="175" pin="1"/><net_sink comp="103" pin=1"/></net>

</net_list>

</model> 
---------------- Datapath Model END ------------------

* FSMD analyzer results:
  - Output states:
	Port: force_x | {2 }
	Port: force_z | {2 }
	Port: angularVel | {2 }
	Port: wheel_angularVelocit | {1 2 }
 - Input state : 
	Port: top_level : deltaTime | {1 }
	Port: top_level : torque | {1 }
	Port: top_level : velocity_x | {1 }
	Port: top_level : velocity_z | {1 }
	Port: top_level : load | {1 }
	Port: top_level : steeringAngle | {1 }
	Port: top_level : ref_4oPi_table_256_V | {1 2 }
	Port: top_level : fourth_order_double_4 | {1 2 }
	Port: top_level : fourth_order_double_5 | {1 2 }
	Port: top_level : fourth_order_double_6 | {1 2 }
	Port: top_level : fourth_order_double_7 | {1 2 }
	Port: top_level : fourth_order_double_s | {1 2 }
	Port: top_level : wheel_angularVelocit | {1 2 }
	Port: top_level : cordic_ctab_table_12 | {1 2 }
  - Chain level:
	State 1
	State 2
		force_x_ret : 1
		write_ln15 : 2
		force_z_ret : 1
		write_ln15 : 2
		angularVel_ret : 1
		write_ln15 : 2


============================================================
+ Verbose Summary: Datapath Resource usage 
============================================================

* Functional unit list:
|----------|-------------------------------|---------|---------|---------|---------|
| Operation|        Functional Unit        |  DSP48E |  Delay  |    FF   |   LUT   |
|----------|-------------------------------|---------|---------|---------|---------|
|   call   |       grp_update_fu_103       |   242   | 159.556 |  38870  |  49523  |
|----------|-------------------------------|---------|---------|---------|---------|
|          | steeringAngle_read_read_fu_46 |    0    |    0    |    0    |    0    |
|          |      load_read_read_fu_52     |    0    |    0    |    0    |    0    |
|   read   |   velocity_z_read_read_fu_58  |    0    |    0    |    0    |    0    |
|          |   velocity_x_read_read_fu_64  |    0    |    0    |    0    |    0    |
|          |     torque_read_read_fu_70    |    0    |    0    |    0    |    0    |
|          |   deltaTime_read_read_fu_76   |    0    |    0    |    0    |    0    |
|----------|-------------------------------|---------|---------|---------|---------|
|          |     write_ln15_write_fu_82    |    0    |    0    |    0    |    0    |
|   write  |     write_ln15_write_fu_89    |    0    |    0    |    0    |    0    |
|          |     write_ln15_write_fu_96    |    0    |    0    |    0    |    0    |
|----------|-------------------------------|---------|---------|---------|---------|
|          |       force_x_ret_fu_135      |    0    |    0    |    0    |    0    |
|extractvalue|       force_z_ret_fu_140      |    0    |    0    |    0    |    0    |
|          |     angularVel_ret_fu_145     |    0    |    0    |    0    |    0    |
|----------|-------------------------------|---------|---------|---------|---------|
|   Total  |                               |   242   | 159.556 |  38870  |  49523  |
|----------|-------------------------------|---------|---------|---------|---------|

Memories:
+---------------------+--------+--------+--------+
|                     |  BRAM  |   FF   |   LUT  |
+---------------------+--------+--------+--------+
| cordic_ctab_table_12|    4   |    0   |    0   |
|fourth_order_double_4|    -   |   59   |   236  |
|fourth_order_double_5|    -   |   52   |   208  |
|fourth_order_double_6|    -   |   44   |   176  |
|fourth_order_double_7|    -   |   33   |   132  |
|fourth_order_double_s|    -   |   25   |   100  |
| ref_4oPi_table_256_V|    8   |    0   |    0   |
+---------------------+--------+--------+--------+
|        Total        |   12   |   213  |   852  |
+---------------------+--------+--------+--------+

* Register list:
+--------------------------+--------+
|                          |   FF   |
+--------------------------+--------+
|  deltaTime_read_reg_175  |   32   |
|     load_read_reg_155    |   32   |
|steeringAngle_read_reg_150|   32   |
|    torque_read_reg_170   |   32   |
|  velocity_x_read_reg_165 |   32   |
|  velocity_z_read_reg_160 |   32   |
+--------------------------+--------+
|           Total          |   192  |
+--------------------------+--------+

* Multiplexer (MUX) list: 
|-------------------|------|------|------|--------||---------||---------|
|        Comp       |  Pin | Size |  BW  | S x BW ||  Delay  ||   LUT   |
|-------------------|------|------|------|--------||---------||---------|
| grp_update_fu_103 |  p1  |   2  |  32  |   64   ||    9    |
| grp_update_fu_103 |  p2  |   2  |  32  |   64   ||    9    |
| grp_update_fu_103 |  p3  |   2  |  32  |   64   ||    9    |
| grp_update_fu_103 |  p4  |   2  |  32  |   64   ||    9    |
| grp_update_fu_103 |  p5  |   2  |  32  |   64   ||    9    |
| grp_update_fu_103 |  p6  |   2  |  32  |   64   ||    9    |
|-------------------|------|------|------|--------||---------||---------|
|       Total       |      |      |      |   384  ||  10.614 ||    54   |
|-------------------|------|------|------|--------||---------||---------|



* Summary:
+-----------+--------+--------+--------+--------+--------+
|           |  BRAM  | DSP48E |  Delay |   FF   |   LUT  |
+-----------+--------+--------+--------+--------+--------+
|  Function |    -   |   242  |   159  |  38870 |  49523 |
|   Memory  |   12   |    -   |    -   |   213  |   852  |
|Multiplexer|    -   |    -   |   10   |    -   |   54   |
|  Register |    -   |    -   |    -   |   192  |    -   |
+-----------+--------+--------+--------+--------+--------+
|   Total   |   12   |   242  |   170  |  39275 |  50429 |
+-----------+--------+--------+--------+--------+--------+
