==============================================================
Vivado(TM) HLS - High-Level Synthesis from C, C++ and SystemC v2019.1 (64-bit)
Copyright 1986-2019 Xilinx, Inc. All Rights Reserved.
==============================================================
INFO: [SYN 201-201] Setting up clock 'default' with a period of 10ns.
INFO: [SYN 201-201] Setting up clock 'default' with an uncertainty of 1.25ns.
INFO: [HLS 200-10] Setting target device to 'xc7k325t-ffg900-2'
INFO: [HLS 200-435] Setting 'config_sdx -target' configuration: config_export -vivado_optimization_level=2
INFO: [HLS 200-435] Setting 'config_sdx -target' configuration: set_clock_uncertainty default
INFO: [HLS 200-435] Setting 'config_sdx -target' configuration: config_export -vivado_optimization_level=2
INFO: [HLS 200-435] Setting 'config_sdx -target' configuration: set_clock_uncertainty default
INFO: [SCHED 204-61] Option 'relax_ii_for_timing' is enabled, will increase II to preserve clock frequency constraints.
INFO: [HLS 200-10] Analyzing design file 'CarSimOnFPGA/Car.cpp' ... 
INFO: [HLS 200-10] Analyzing design file 'CarSimOnFPGA/Chassis.cpp' ... 
INFO: [HLS 200-10] Analyzing design file 'CarSimOnFPGA/Wheel.cpp' ... 
INFO: [HLS 200-10] Analyzing design file 'CarSimOnFPGA/WheelWithMass.cpp' ... 
INFO: [HLS 200-10] Analyzing design file 'CarSimOnFPGA/top_level.cpp' ... 
INFO: [HLS 200-111] Finished Linking Time (s): cpu = 00:00:05 ; elapsed = 00:01:57 . Memory (MB): peak = 185.145 ; gain = 94.340
INFO: [HLS 200-111] Finished Checking Pragmas Time (s): cpu = 00:00:05 ; elapsed = 00:01:57 . Memory (MB): peak = 185.145 ; gain = 94.340
INFO: [HLS 200-10] Starting code transformations ...
INFO: [XFORM 203-603] Inlining function 'cordic_::cordic_circ_v1<88, 1, 0, 0, 88, 3, 86, 1>' into 'cordic_::atan_generic<double>' (r:/builds/2019.1/continuous/2019_05_24_2552052/src/products/hls/hls_lib/hlsmath/include/FloatingPoint\hls_cordic.h:620).
INFO: [HLS 200-111] Finished Standard Transforms Time (s): cpu = 00:00:10 ; elapsed = 00:02:05 . Memory (MB): peak = 328.387 ; gain = 237.582
INFO: [HLS 200-10] Checking synthesizability ...
INFO: [XFORM 203-602] Inlining function '_ZN9fp_structIdEC2Ed10' into '_ZN9fp_structIdEC1Ed4' (r:/builds/2019.1/continuous/2019_05_24_2552052/src/products/hls/hls_lib/src/hls\utils/x_hls_utils.h:479) automatically.
INFO: [XFORM 203-602] Inlining function '_ZN9fp_structIdEC1Ed4' into 'range_redux_payne_hanek_hotbm<61, double, 63, 63>' (r:/builds/2019.1/continuous/2019_05_24_2552052/src/products/hls/hls_lib/hlsmath/include/FloatingPoint/hls_range_redux.h:469) automatically.
INFO: [XFORM 203-602] Inlining function '_ZNK9fp_structIdE4expvEv8' into 'range_redux_payne_hanek_hotbm<61, double, 63, 63>' (r:/builds/2019.1/continuous/2019_05_24_2552052/src/products/hls/hls_lib/hlsmath/include/FloatingPoint/hls_range_redux.h:470) automatically.
INFO: [XFORM 203-602] Inlining function 'table_lookup_4oPi_hotbm<52, 61>' into 'range_redux_payne_hanek_hotbm<61, double, 63, 63>' (r:/builds/2019.1/continuous/2019_05_24_2552052/src/products/hls/hls_lib/hlsmath/include/FloatingPoint/hls_range_redux.h:496) automatically.
INFO: [XFORM 203-602] Inlining function 'clz<61, 124, 0>' into 'range_redux_payne_hanek_hotbm<61, double, 63, 63>' (r:/builds/2019.1/continuous/2019_05_24_2552052/src/products/hls/hls_lib/hlsmath/include/FloatingPoint/hls_range_redux.h:524) automatically.
INFO: [XFORM 203-602] Inlining function 'fp_struct<double>::data' into 'fp_struct<double>::to_double' (r:/builds/2019.1/continuous/2019_05_24_2552052/src/products/hls/hls_lib/src/hls\utils/x_hls_utils.h:512) automatically.
INFO: [XFORM 203-602] Inlining function 'fp_struct<double>::to_double' into 'fp_struct<double>::to_ieee' (r:/builds/2019.1/continuous/2019_05_24_2552052/src/products/hls/hls_lib/src/hls\utils/x_hls_utils.h:526) automatically.
INFO: [XFORM 203-602] Inlining function 'clz' into 'scaled_fixed2ieee<63, 1>' (r:/builds/2019.1/continuous/2019_05_24_2552052/src/products/hls/hls_lib/src/hls\utils/x_hls_float_utils.h:435) automatically.
INFO: [XFORM 203-602] Inlining function 'fp_struct<double>::set_mantissa' into 'scaled_fixed2ieee<63, 1>' (r:/builds/2019.1/continuous/2019_05_24_2552052/src/products/hls/hls_lib/src/hls\utils/x_hls_float_utils.h:463) automatically.
INFO: [XFORM 203-602] Inlining function 'fp_struct<double>::to_ieee' into 'scaled_fixed2ieee<63, 1>' (r:/builds/2019.1/continuous/2019_05_24_2552052/src/products/hls/hls_lib/src/hls\utils/x_hls_float_utils.h:466) automatically.
INFO: [XFORM 203-602] Inlining function '_ZN9fp_structIdEC1Ed4' into 'hotbm_::sin_or_cos<double>' (r:/builds/2019.1/continuous/2019_05_24_2552052/src/products/hls/hls_lib/hlsmath/include/FloatingPoint\hls_hotbm.h:252) automatically.
INFO: [XFORM 203-602] Inlining function 'hotbm_::value_list<double>::sin_or_cos_approximation<63, 63>' into 'hotbm_::sin_or_cos<double>' (r:/builds/2019.1/continuous/2019_05_24_2552052/src/products/hls/hls_lib/hlsmath/include/FloatingPoint\hls_hotbm.h:279) automatically.
INFO: [XFORM 203-602] Inlining function 'fp_struct<double>::to_ieee' into 'hotbm_::sin_or_cos<double>' (r:/builds/2019.1/continuous/2019_05_24_2552052/src/products/hls/hls_lib/hlsmath/include/FloatingPoint\hls_hotbm.h:316) automatically.
INFO: [XFORM 203-602] Inlining function 'hotbm_::cos' into 'cos' (r:/builds/2019.1/continuous/2019_05_24_2552052/src/products/hls/hls_lib/hlsmath/src/c/sincosdouble.cpp:13) automatically.
INFO: [XFORM 203-602] Inlining function 'hotbm_::sin' into 'sin' (r:/builds/2019.1/continuous/2019_05_24_2552052/src/products/hls/hls_lib/hlsmath/src/c/sincosdouble.cpp:8) automatically.
INFO: [XFORM 203-602] Inlining function 'fp_struct<float>::mantissa' into 'generic_cast_IEEE754<int, (ap_q_mode)6, float>' (r:/builds/2019.1/continuous/2019_05_24_2552052/src/products/hls/hls_lib/hlsmath/include/FloatingPoint\hls_case_IEEE754.h:15) automatically.
INFO: [XFORM 203-602] Inlining function 'fp_struct<float>::expv' into 'generic_cast_IEEE754<int, (ap_q_mode)6, float>' (r:/builds/2019.1/continuous/2019_05_24_2552052/src/products/hls/hls_lib/hlsmath/include/FloatingPoint\hls_case_IEEE754.h:18) automatically.
INFO: [XFORM 203-602] Inlining function 'fp_struct<float>::__signbit' into 'generic_cast_IEEE754<int, (ap_q_mode)6, float>' (r:/builds/2019.1/continuous/2019_05_24_2552052/src/products/hls/hls_lib/hlsmath/include/FloatingPoint\hls_case_IEEE754.h:59) automatically.
INFO: [XFORM 203-602] Inlining function 'generic_cast_IEEE754<int, (ap_q_mode)6, float>' into 'generic_cast_IEEE754<int, float>' (r:/builds/2019.1/continuous/2019_05_24_2552052/src/products/hls/hls_lib/hlsmath/include/FloatingPoint\hls_case_IEEE754.h:117) automatically.
INFO: [XFORM 203-602] Inlining function 'generic_cast_IEEE754<int, float>' into '__hls_fptosi_float_i32' (r:/builds/2019.1/continuous/2019_05_24_2552052/src/products/hls/hls_lib/hlsmath/src/lib_floatconversion.cpp:51) automatically.
INFO: [XFORM 203-602] Inlining function 'fp_struct<double>::to_ieee' into 'generic_nan<double>' (r:/builds/2019.1/continuous/2019_05_24_2552052/src/products/hls/hls_lib/hlsmath/include/FloatingPoint/hls_nan.h:15) automatically.
INFO: [XFORM 203-602] Inlining function '_ZN9fp_structIdEC1Ed4' into 'cordic_::atan_generic<double>' (r:/builds/2019.1/continuous/2019_05_24_2552052/src/products/hls/hls_lib/hlsmath/include/FloatingPoint\hls_cordic.h:578) automatically.
INFO: [XFORM 203-602] Inlining function '_ZNK9fp_structIdE4expvEv8' into 'cordic_::atan_generic<double>' (r:/builds/2019.1/continuous/2019_05_24_2552052/src/products/hls/hls_lib/hlsmath/include/FloatingPoint\hls_cordic.h:606) automatically.
INFO: [XFORM 203-602] Inlining function '_ZNK9fp_structIdE8mantissaEv6' into 'cordic_::atan_generic<double>' (r:/builds/2019.1/continuous/2019_05_24_2552052/src/products/hls/hls_lib/hlsmath/include/FloatingPoint\hls_cordic.h:607) automatically.
INFO: [XFORM 203-602] Inlining function 'cordic_::addsub<0, 0, ap_fixed<88, 3, (ap_q_mode)5, (ap_o_mode)3, 0>, ap_fixed<88, 3, (ap_q_mode)5, (ap_o_mode)3, 0>, ap_uint<1> >' into 'cordic_::atan_generic<double>' (r:/builds/2019.1/continuous/2019_05_24_2552052/src/products/hls/hls_lib/hlsmath/include/FloatingPoint\hls_cordic.h:189->r:/builds/2019.1/continuous/2019_05_24_2552052/src/products/hls/hls_lib/hlsmath/include/FloatingPoint\hls_cordic.h:620) automatically.
INFO: [XFORM 203-602] Inlining function 'cordic_::addsub<0, 0, ap_fixed<88, 3, (ap_q_mode)5, (ap_o_mode)3, 0>, ap_fixed<88, 3, (ap_q_mode)5, (ap_o_mode)3, 0>, bool>' into 'cordic_::atan_generic<double>' (r:/builds/2019.1/continuous/2019_05_24_2552052/src/products/hls/hls_lib/hlsmath/include/FloatingPoint\hls_cordic.h:191->r:/builds/2019.1/continuous/2019_05_24_2552052/src/products/hls/hls_lib/hlsmath/include/FloatingPoint\hls_cordic.h:620) automatically.
INFO: [XFORM 203-602] Inlining function 'cordic_::addsub<0, 0, ap_fixed<86, 1, (ap_q_mode)5, (ap_o_mode)3, 0>, ap_fixed<86, 1, (ap_q_mode)0, (ap_o_mode)3, 0>, ap_uint<1> >' into 'cordic_::atan_generic<double>' (r:/builds/2019.1/continuous/2019_05_24_2552052/src/products/hls/hls_lib/hlsmath/include/FloatingPoint\hls_cordic.h:193->r:/builds/2019.1/continuous/2019_05_24_2552052/src/products/hls/hls_lib/hlsmath/include/FloatingPoint\hls_cordic.h:620) automatically.
INFO: [XFORM 203-602] Inlining function '_ZN9fp_structIdEC1Ed4' into 'cordic_::atan_cordic<double>' (r:/builds/2019.1/continuous/2019_05_24_2552052/src/products/hls/hls_lib/hlsmath/include/FloatingPoint\hls_cordic.h:630) automatically.
INFO: [XFORM 203-602] Inlining function 'fp_struct<double>::to_ieee' into 'cordic_::atan_cordic<double>' (r:/builds/2019.1/continuous/2019_05_24_2552052/src/products/hls/hls_lib/hlsmath/include/FloatingPoint\hls_cordic.h:633) automatically.
INFO: [XFORM 203-602] Inlining function 'generic_nan<double>' into 'cordic_::atan_cordic<double>' (r:/builds/2019.1/continuous/2019_05_24_2552052/src/products/hls/hls_lib/hlsmath/include/FloatingPoint\hls_cordic.h:642) automatically.
INFO: [XFORM 203-602] Inlining function 'cos' into 'Wheel::update' (CarSimOnFPGA/Wheel.cpp:25) automatically.
INFO: [XFORM 203-602] Inlining function '__hls_fptosi_float_i32' into 'Wheel::update' (CarSimOnFPGA/Wheel.cpp:36) automatically.
INFO: [XFORM 203-602] Inlining function 'cos' into 'Chassis::update' (CarSimOnFPGA/Chassis.cpp:51) automatically.
INFO: [XFORM 203-602] Inlining function 'sin' into 'Chassis::update' (CarSimOnFPGA/Chassis.cpp:51) automatically.
INFO: [XFORM 203-602] Inlining function 'Chassis::update' into 'Car::update' (CarSimOnFPGA/Car.cpp:35) automatically.
WARNING: [SYNCHK 200-23] r:/builds/2019.1/continuous/2019_05_24_2552052/src/products/hls/hls_lib/src/hls\utils/x_hls_float_utils.h:425: variable-indexed range selection may cause suboptimal QoR.
INFO: [SYNCHK 200-10] 0 error(s), 1 warning(s).
INFO: [HLS 200-111] Finished Checking Synthesizability Time (s): cpu = 00:00:12 ; elapsed = 00:02:08 . Memory (MB): peak = 401.621 ; gain = 310.816
INFO: [XFORM 203-502] Unrolling small iteration loop 'Loop-2' (r:/builds/2019.1/continuous/2019_05_24_2552052/src/products/hls/hls_lib/hlsmath/include/FloatingPoint\hls_cordic.h:622) in function 'cordic_::atan_generic<double>' automatically.
INFO: [HLS 200-489] Unrolling loop 'Loop-2' (r:/builds/2019.1/continuous/2019_05_24_2552052/src/products/hls/hls_lib/hlsmath/include/FloatingPoint\hls_cordic.h:622) in function 'cordic_::atan_generic<double>' completely with a factor of 1.
INFO: [XFORM 203-102] Automatically partitioning small array 'out_bits.V' (r:/builds/2019.1/continuous/2019_05_24_2552052/src/products/hls/hls_lib/src/hls\utils/x_hls_float_utils.h:422) completely based on array size.
INFO: [XFORM 203-102] Automatically partitioning small array 'c' (r:/builds/2019.1/continuous/2019_05_24_2552052/src/products/hls/hls_lib/src/hls\utils/x_hls_float_utils.h:433) completely based on array size.
INFO: [XFORM 203-101] Partitioning array 'swap_table.1'  in dimension 1 completely.
INFO: [XFORM 203-101] Partitioning array 'swap_table'  in dimension 1 completely.
INFO: [XFORM 203-101] Partitioning array 'neg_sin_table'  in dimension 1 completely.
INFO: [XFORM 203-101] Partitioning array 'neg_cos_table'  in dimension 1 completely.
INFO: [XFORM 203-101] Partitioning array 'out_bits.V' (r:/builds/2019.1/continuous/2019_05_24_2552052/src/products/hls/hls_lib/src/hls\utils/x_hls_float_utils.h:422) in dimension 1 completely.
INFO: [XFORM 203-101] Partitioning array 'c' (r:/builds/2019.1/continuous/2019_05_24_2552052/src/products/hls/hls_lib/src/hls\utils/x_hls_float_utils.h:433) in dimension 1 completely.
INFO: [XFORM 203-602] Inlining function '_ZN9fp_structIdEC2Ed10' into '_ZN9fp_structIdEC1Ed4' (r:/builds/2019.1/continuous/2019_05_24_2552052/src/products/hls/hls_lib/src/hls\utils/x_hls_utils.h:479) automatically.
INFO: [XFORM 203-602] Inlining function '_ZN9fp_structIdEC1Ed4' into 'range_redux_payne_hanek_hotbm<61, double, 63, 63>' (r:/builds/2019.1/continuous/2019_05_24_2552052/src/products/hls/hls_lib/hlsmath/include/FloatingPoint/hls_range_redux.h:469) automatically.
INFO: [XFORM 203-602] Inlining function '_ZNK9fp_structIdE4expvEv8' into 'range_redux_payne_hanek_hotbm<61, double, 63, 63>' (r:/builds/2019.1/continuous/2019_05_24_2552052/src/products/hls/hls_lib/hlsmath/include/FloatingPoint/hls_range_redux.h:470) automatically.
INFO: [XFORM 203-602] Inlining function 'table_lookup_4oPi_hotbm<52, 61>' into 'range_redux_payne_hanek_hotbm<61, double, 63, 63>' (r:/builds/2019.1/continuous/2019_05_24_2552052/src/products/hls/hls_lib/hlsmath/include/FloatingPoint/hls_range_redux.h:496) automatically.
INFO: [XFORM 203-602] Inlining function 'clz<61, 124, 0>' into 'range_redux_payne_hanek_hotbm<61, double, 63, 63>' (r:/builds/2019.1/continuous/2019_05_24_2552052/src/products/hls/hls_lib/hlsmath/include/FloatingPoint/hls_range_redux.h:524) automatically.
INFO: [XFORM 203-602] Inlining function 'fp_struct<double>::data' into 'fp_struct<double>::to_double' (r:/builds/2019.1/continuous/2019_05_24_2552052/src/products/hls/hls_lib/src/hls\utils/x_hls_utils.h:512) automatically.
INFO: [XFORM 203-602] Inlining function 'fp_struct<double>::to_double' into 'fp_struct<double>::to_ieee' (r:/builds/2019.1/continuous/2019_05_24_2552052/src/products/hls/hls_lib/src/hls\utils/x_hls_utils.h:526) automatically.
INFO: [XFORM 203-602] Inlining function 'clz' into 'scaled_fixed2ieee<63, 1>' (r:/builds/2019.1/continuous/2019_05_24_2552052/src/products/hls/hls_lib/src/hls\utils/x_hls_float_utils.h:435) automatically.
INFO: [XFORM 203-602] Inlining function 'fp_struct<double>::set_mantissa' into 'scaled_fixed2ieee<63, 1>' (r:/builds/2019.1/continuous/2019_05_24_2552052/src/products/hls/hls_lib/src/hls\utils/x_hls_float_utils.h:463) automatically.
INFO: [XFORM 203-602] Inlining function 'fp_struct<double>::to_ieee' into 'scaled_fixed2ieee<63, 1>' (r:/builds/2019.1/continuous/2019_05_24_2552052/src/products/hls/hls_lib/src/hls\utils/x_hls_float_utils.h:466) automatically.
INFO: [XFORM 203-602] Inlining function '_ZN9fp_structIdEC1Ed4' into 'hotbm_::sin_or_cos<double>' (r:/builds/2019.1/continuous/2019_05_24_2552052/src/products/hls/hls_lib/hlsmath/include/FloatingPoint\hls_hotbm.h:252) automatically.
INFO: [XFORM 203-602] Inlining function 'range_redux_payne_hanek_hotbm<61, double, 63, 63>' into 'hotbm_::sin_or_cos<double>' (r:/builds/2019.1/continuous/2019_05_24_2552052/src/products/hls/hls_lib/hlsmath/include/FloatingPoint\hls_hotbm.h:268) automatically.
INFO: [XFORM 203-602] Inlining function 'hotbm_::value_list<double>::sin_or_cos_approximation<63, 63>' into 'hotbm_::sin_or_cos<double>' (r:/builds/2019.1/continuous/2019_05_24_2552052/src/products/hls/hls_lib/hlsmath/include/FloatingPoint\hls_hotbm.h:279) automatically.
INFO: [XFORM 203-602] Inlining function 'fp_struct<double>::to_ieee' into 'hotbm_::sin_or_cos<double>' (r:/builds/2019.1/continuous/2019_05_24_2552052/src/products/hls/hls_lib/hlsmath/include/FloatingPoint\hls_hotbm.h:316) automatically.
INFO: [XFORM 203-602] Inlining function 'hotbm_::cos' into 'cos' (r:/builds/2019.1/continuous/2019_05_24_2552052/src/products/hls/hls_lib/hlsmath/src/c/sincosdouble.cpp:13) automatically.
INFO: [XFORM 203-602] Inlining function 'hotbm_::sin' into 'sin' (r:/builds/2019.1/continuous/2019_05_24_2552052/src/products/hls/hls_lib/hlsmath/src/c/sincosdouble.cpp:8) automatically.
INFO: [XFORM 203-602] Inlining function 'fp_struct<float>::mantissa' into 'generic_cast_IEEE754<int, (ap_q_mode)6, float>' (r:/builds/2019.1/continuous/2019_05_24_2552052/src/products/hls/hls_lib/hlsmath/include/FloatingPoint\hls_case_IEEE754.h:15) automatically.
INFO: [XFORM 203-602] Inlining function 'fp_struct<float>::expv' into 'generic_cast_IEEE754<int, (ap_q_mode)6, float>' (r:/builds/2019.1/continuous/2019_05_24_2552052/src/products/hls/hls_lib/hlsmath/include/FloatingPoint\hls_case_IEEE754.h:18) automatically.
INFO: [XFORM 203-602] Inlining function 'fp_struct<float>::__signbit' into 'generic_cast_IEEE754<int, (ap_q_mode)6, float>' (r:/builds/2019.1/continuous/2019_05_24_2552052/src/products/hls/hls_lib/hlsmath/include/FloatingPoint\hls_case_IEEE754.h:59) automatically.
INFO: [XFORM 203-602] Inlining function 'generic_cast_IEEE754<int, (ap_q_mode)6, float>' into 'generic_cast_IEEE754<int, float>' (r:/builds/2019.1/continuous/2019_05_24_2552052/src/products/hls/hls_lib/hlsmath/include/FloatingPoint\hls_case_IEEE754.h:117) automatically.
INFO: [XFORM 203-602] Inlining function 'generic_cast_IEEE754<int, float>' into '__hls_fptosi_float_i32' (r:/builds/2019.1/continuous/2019_05_24_2552052/src/products/hls/hls_lib/hlsmath/src/lib_floatconversion.cpp:51) automatically.
INFO: [XFORM 203-602] Inlining function 'fp_struct<double>::to_ieee' into 'generic_nan<double>' (r:/builds/2019.1/continuous/2019_05_24_2552052/src/products/hls/hls_lib/hlsmath/include/FloatingPoint/hls_nan.h:15) automatically.
INFO: [XFORM 203-602] Inlining function '_ZN9fp_structIdEC1Ed4' into 'cordic_::atan_generic<double>' (r:/builds/2019.1/continuous/2019_05_24_2552052/src/products/hls/hls_lib/hlsmath/include/FloatingPoint\hls_cordic.h:578) automatically.
INFO: [XFORM 203-602] Inlining function '_ZNK9fp_structIdE4expvEv8' into 'cordic_::atan_generic<double>' (r:/builds/2019.1/continuous/2019_05_24_2552052/src/products/hls/hls_lib/hlsmath/include/FloatingPoint\hls_cordic.h:606) automatically.
INFO: [XFORM 203-602] Inlining function '_ZNK9fp_structIdE8mantissaEv6' into 'cordic_::atan_generic<double>' (r:/builds/2019.1/continuous/2019_05_24_2552052/src/products/hls/hls_lib/hlsmath/include/FloatingPoint\hls_cordic.h:607) automatically.
INFO: [XFORM 203-602] Inlining function 'cordic_::addsub<0, 0, ap_fixed<88, 3, (ap_q_mode)5, (ap_o_mode)3, 0>, ap_fixed<88, 3, (ap_q_mode)5, (ap_o_mode)3, 0>, ap_uint<1> >' into 'cordic_::atan_generic<double>' (r:/builds/2019.1/continuous/2019_05_24_2552052/src/products/hls/hls_lib/hlsmath/include/FloatingPoint\hls_cordic.h:189->r:/builds/2019.1/continuous/2019_05_24_2552052/src/products/hls/hls_lib/hlsmath/include/FloatingPoint\hls_cordic.h:620) automatically.
INFO: [XFORM 203-602] Inlining function 'cordic_::addsub<0, 0, ap_fixed<88, 3, (ap_q_mode)5, (ap_o_mode)3, 0>, ap_fixed<88, 3, (ap_q_mode)5, (ap_o_mode)3, 0>, bool>' into 'cordic_::atan_generic<double>' (r:/builds/2019.1/continuous/2019_05_24_2552052/src/products/hls/hls_lib/hlsmath/include/FloatingPoint\hls_cordic.h:191->r:/builds/2019.1/continuous/2019_05_24_2552052/src/products/hls/hls_lib/hlsmath/include/FloatingPoint\hls_cordic.h:620) automatically.
INFO: [XFORM 203-602] Inlining function 'cordic_::addsub<0, 0, ap_fixed<86, 1, (ap_q_mode)5, (ap_o_mode)3, 0>, ap_fixed<86, 1, (ap_q_mode)0, (ap_o_mode)3, 0>, ap_uint<1> >' into 'cordic_::atan_generic<double>' (r:/builds/2019.1/continuous/2019_05_24_2552052/src/products/hls/hls_lib/hlsmath/include/FloatingPoint\hls_cordic.h:193->r:/builds/2019.1/continuous/2019_05_24_2552052/src/products/hls/hls_lib/hlsmath/include/FloatingPoint\hls_cordic.h:620) automatically.
INFO: [XFORM 203-602] Inlining function '_ZN9fp_structIdEC1Ed4' into 'cordic_::atan_cordic<double>' (r:/builds/2019.1/continuous/2019_05_24_2552052/src/products/hls/hls_lib/hlsmath/include/FloatingPoint\hls_cordic.h:630) automatically.
INFO: [XFORM 203-602] Inlining function 'fp_struct<double>::to_ieee' into 'cordic_::atan_cordic<double>' (r:/builds/2019.1/continuous/2019_05_24_2552052/src/products/hls/hls_lib/hlsmath/include/FloatingPoint\hls_cordic.h:633) automatically.
INFO: [XFORM 203-602] Inlining function 'generic_nan<double>' into 'cordic_::atan_cordic<double>' (r:/builds/2019.1/continuous/2019_05_24_2552052/src/products/hls/hls_lib/hlsmath/include/FloatingPoint\hls_cordic.h:642) automatically.
INFO: [XFORM 203-602] Inlining function 'cordic_::atan_cordic<double>' into 'atan' (r:/builds/2019.1/continuous/2019_05_24_2552052/src/products/hls/hls_lib/hlsmath/src/c/atandouble.cpp:8) automatically.
INFO: [XFORM 203-602] Inlining function 'cos' into 'Wheel::update' (CarSimOnFPGA/Wheel.cpp:25) automatically.
INFO: [XFORM 203-602] Inlining function '__hls_fptosi_float_i32' into 'Wheel::update' (CarSimOnFPGA/Wheel.cpp:36) automatically.
INFO: [XFORM 203-602] Inlining function 'cos' into 'Chassis::update' (CarSimOnFPGA/Chassis.cpp:51) automatically.
INFO: [XFORM 203-602] Inlining function 'sin' into 'Chassis::update' (CarSimOnFPGA/Chassis.cpp:51) automatically.
INFO: [XFORM 203-602] Inlining function 'Chassis::update' into 'Car::update' (CarSimOnFPGA/Car.cpp:35) automatically.
INFO: [XFORM 203-401] Performing if-conversion on hyperblock from (r:/builds/2019.1/continuous/2019_05_24_2552052/src/products/hls/hls_lib/src/hls\utils/x_hls_float_utils.h:452:51) to (r:/builds/2019.1/continuous/2019_05_24_2552052/src/products/hls/hls_lib/src/hls\utils/x_hls_float_utils.h:467:1) in function 'scaled_fixed2ieee<63, 1>'... converting 3 basic blocks.
INFO: [XFORM 203-401] Performing if-conversion on hyperblock from (r:/builds/2019.1/continuous/2019_05_24_2552052/src/products/hls/hls_lib/hlsmath/include/FloatingPoint\hls_hotbm.h:238:18) to (r:/builds/2019.1/continuous/2019_05_24_2552052/src/products/hls/hls_lib/hlsmath/include/FloatingPoint\hls_hotbm.h:316:12) in function 'hotbm_::sin_or_cos<double>'... converting 9 basic blocks.
INFO: [XFORM 203-401] Performing if-conversion on hyperblock from (r:/builds/2019.1/continuous/2019_05_24_2552052/src/products/hls/hls_lib/hlsmath/include/FloatingPoint\hls_cordic.h:622:9) to (r:/builds/2019.1/continuous/2019_05_24_2552052/src/products/hls/hls_lib/hlsmath/include/FloatingPoint\hls_cordic.h:622:9) in function 'cordic_::atan_generic<double>'... converting 10 basic blocks.
INFO: [HLS 200-111] Finished Pre-synthesis Time (s): cpu = 00:00:16 ; elapsed = 00:02:13 . Memory (MB): peak = 522.133 ; gain = 431.328
WARNING: [XFORM 203-631] Renaming function 'scaled_fixed2ieee<63, 1>' to 'scaled_fixed2ieee' (r:/builds/2019.1/continuous/2019_05_24_2552052/src/products/hls/hls_lib/src/hls\utils/x_hls_float_utils.h:110:37)
WARNING: [XFORM 203-631] Renaming function 'hotbm_::sin_or_cos<double>' to 'sin_or_cos<double>' (r:/builds/2019.1/continuous/2019_05_24_2552052/src/products/hls/hls_lib/hlsmath/include/FloatingPoint\hls_hotbm.h:238)
WARNING: [XFORM 203-631] Renaming function 'cordic_::atan_generic<double>' to 'atan_generic<double>' (r:/builds/2019.1/continuous/2019_05_24_2552052/src/products/hls/hls_lib/hlsmath/include/FloatingPoint\hls_cordic.h:577)
WARNING: [XFORM 203-631] Renaming function 'Wheel::update' to 'update' (CarSimOnFPGA/Wheel.cpp:18)
WARNING: [XFORM 203-631] Renaming function 'Car::update' to 'update.1' (CarSimOnFPGA/Car.cpp:13:1)
INFO: [HLS 200-111] Finished Architecture Synthesis Time (s): cpu = 00:00:18 ; elapsed = 00:02:15 . Memory (MB): peak = 604.477 ; gain = 513.672
INFO: [HLS 200-10] Starting hardware synthesis ...
INFO: [HLS 200-10] Synthesizing 'top_level_car' ...
WARNING: [SYN 201-103] Legalizing function name 'sin_or_cos<double>' to 'sin_or_cos_double_s'.
WARNING: [SYN 201-103] Legalizing function name 'atan_generic<double>' to 'atan_generic_double_s'.
WARNING: [SYN 201-103] Legalizing function name 'update.1' to 'update_1'.
INFO: [HLS 200-10] ----------------------------------------------------------------
INFO: [HLS 200-42] -- Implementing module 'scaled_fixed2ieee' 
INFO: [HLS 200-10] ----------------------------------------------------------------
INFO: [SCHED 204-11] Starting scheduling ...
INFO: [SCHED 204-11] Finished scheduling.
INFO: [HLS 200-111]  Elapsed time: 135.042 seconds; current allocated memory: 534.508 MB.
INFO: [HLS 200-434] Only 0 loops out of a total 3 loops have been pipelined in this design.
INFO: [BIND 205-100] Starting micro-architecture generation ...
INFO: [BIND 205-101] Performing variable lifetime analysis.
INFO: [BIND 205-101] Exploring resource sharing.
INFO: [BIND 205-101] Binding ...
INFO: [BIND 205-100] Finished micro-architecture generation.
INFO: [HLS 200-111]  Elapsed time: 0.489 seconds; current allocated memory: 534.906 MB.
INFO: [HLS 200-10] ----------------------------------------------------------------
INFO: [HLS 200-42] -- Implementing module 'sin_or_cos_double_s' 
INFO: [HLS 200-10] ----------------------------------------------------------------
INFO: [SCHED 204-11] Starting scheduling ...
INFO: [SCHED 204-11] Finished scheduling.
INFO: [HLS 200-111]  Elapsed time: 0.734 seconds; current allocated memory: 535.632 MB.
INFO: [BIND 205-100] Starting micro-architecture generation ...
INFO: [BIND 205-101] Performing variable lifetime analysis.
INFO: [BIND 205-101] Exploring resource sharing.
INFO: [BIND 205-101] Binding ...
INFO: [BIND 205-100] Finished micro-architecture generation.
INFO: [HLS 200-111]  Elapsed time: 0.671 seconds; current allocated memory: 536.245 MB.
INFO: [HLS 200-10] ----------------------------------------------------------------
INFO: [HLS 200-42] -- Implementing module 'sin' 
INFO: [HLS 200-10] ----------------------------------------------------------------
INFO: [SCHED 204-11] Starting scheduling ...
INFO: [SCHED 204-11] Finished scheduling.
INFO: [HLS 200-111]  Elapsed time: 0.758 seconds; current allocated memory: 536.380 MB.
INFO: [BIND 205-100] Starting micro-architecture generation ...
INFO: [BIND 205-101] Performing variable lifetime analysis.
INFO: [BIND 205-101] Exploring resource sharing.
INFO: [BIND 205-101] Binding ...
INFO: [BIND 205-100] Finished micro-architecture generation.
INFO: [HLS 200-111]  Elapsed time: 0.41 seconds; current allocated memory: 536.427 MB.
INFO: [HLS 200-10] ----------------------------------------------------------------
INFO: [HLS 200-42] -- Implementing module 'atan_generic_double_s' 
INFO: [HLS 200-10] ----------------------------------------------------------------
INFO: [SCHED 204-11] Starting scheduling ...
INFO: [SCHED 204-11] Finished scheduling.
INFO: [HLS 200-111]  Elapsed time: 0.683 seconds; current allocated memory: 536.854 MB.
INFO: [BIND 205-100] Starting micro-architecture generation ...
INFO: [BIND 205-101] Performing variable lifetime analysis.
INFO: [BIND 205-101] Exploring resource sharing.
INFO: [BIND 205-101] Binding ...
INFO: [BIND 205-100] Finished micro-architecture generation.
INFO: [HLS 200-111]  Elapsed time: 0.445 seconds; current allocated memory: 537.266 MB.
INFO: [HLS 200-10] ----------------------------------------------------------------
INFO: [HLS 200-42] -- Implementing module 'atan' 
INFO: [HLS 200-10] ----------------------------------------------------------------
INFO: [SCHED 204-11] Starting scheduling ...
INFO: [SCHED 204-11] Finished scheduling.
INFO: [HLS 200-111]  Elapsed time: 0.635 seconds; current allocated memory: 537.449 MB.
INFO: [BIND 205-100] Starting micro-architecture generation ...
INFO: [BIND 205-101] Performing variable lifetime analysis.
INFO: [BIND 205-101] Exploring resource sharing.
INFO: [BIND 205-101] Binding ...
INFO: [BIND 205-100] Finished micro-architecture generation.
INFO: [HLS 200-111]  Elapsed time: 0.472 seconds; current allocated memory: 537.648 MB.
INFO: [HLS 200-10] ----------------------------------------------------------------
INFO: [HLS 200-42] -- Implementing module 'update' 
INFO: [HLS 200-10] ----------------------------------------------------------------
INFO: [SCHED 204-11] Starting scheduling ...
INFO: [SCHED 204-11] Finished scheduling.
INFO: [HLS 200-111]  Elapsed time: 0.87 seconds; current allocated memory: 538.395 MB.
INFO: [BIND 205-100] Starting micro-architecture generation ...
INFO: [BIND 205-101] Performing variable lifetime analysis.
INFO: [BIND 205-101] Exploring resource sharing.
INFO: [BIND 205-101] Binding ...
INFO: [BIND 205-100] Starting global binding ...
INFO: [BIND 205-100] Starting global binding ...
INFO: [BIND 205-100] Finished micro-architecture generation.
INFO: [HLS 200-111]  Elapsed time: 1.217 seconds; current allocated memory: 539.404 MB.
INFO: [HLS 200-10] ----------------------------------------------------------------
INFO: [HLS 200-42] -- Implementing module 'update_1' 
INFO: [HLS 200-10] ----------------------------------------------------------------
INFO: [SCHED 204-11] Starting scheduling ...
INFO: [SCHED 204-11] Finished scheduling.
INFO: [HLS 200-111]  Elapsed time: 1.636 seconds; current allocated memory: 540.159 MB.
INFO: [BIND 205-100] Starting micro-architecture generation ...
INFO: [BIND 205-101] Performing variable lifetime analysis.
INFO: [BIND 205-101] Exploring resource sharing.
INFO: [BIND 205-101] Binding ...
INFO: [BIND 205-100] Finished micro-architecture generation.
INFO: [HLS 200-111]  Elapsed time: 1.861 seconds; current allocated memory: 541.347 MB.
INFO: [HLS 200-10] ----------------------------------------------------------------
INFO: [HLS 200-42] -- Implementing module 'top_level_car' 
INFO: [HLS 200-10] ----------------------------------------------------------------
INFO: [SCHED 204-11] Starting scheduling ...
INFO: [SCHED 204-11] Finished scheduling.
INFO: [HLS 200-111]  Elapsed time: 2.563 seconds; current allocated memory: 542.131 MB.
INFO: [BIND 205-100] Starting micro-architecture generation ...
INFO: [BIND 205-101] Performing variable lifetime analysis.
INFO: [BIND 205-101] Exploring resource sharing.
INFO: [BIND 205-101] Binding ...
INFO: [BIND 205-100] Finished micro-architecture generation.
INFO: [HLS 200-111]  Elapsed time: 0.929 seconds; current allocated memory: 542.497 MB.
INFO: [HLS 200-10] ----------------------------------------------------------------
INFO: [HLS 200-10] -- Generating RTL for module 'scaled_fixed2ieee' 
INFO: [HLS 200-10] ----------------------------------------------------------------
INFO: [SYN 201-210] Renamed object name 'top_level_car_mux_42_32_1_1' to 'top_level_car_muxbkb' due to the length limit 20
INFO: [RTGEN 206-100] Generating core module 'top_level_car_muxbkb': 2 instance(s).
INFO: [RTGEN 206-100] Finished creating RTL model for 'scaled_fixed2ieee'.
INFO: [HLS 200-111]  Elapsed time: 2.548 seconds; current allocated memory: 543.839 MB.
INFO: [HLS 200-10] ----------------------------------------------------------------
INFO: [HLS 200-10] -- Generating RTL for module 'sin_or_cos_double_s' 
INFO: [HLS 200-10] ----------------------------------------------------------------
INFO: [SYN 201-210] Renamed object name 'sin_or_cos_double_s_ref_4oPi_table_256_V' to 'sin_or_cos_doublecud' due to the length limit 20
INFO: [SYN 201-210] Renamed object name 'sin_or_cos_double_s_fourth_order_double_4' to 'sin_or_cos_doubledEe' due to the length limit 20
INFO: [SYN 201-210] Renamed object name 'sin_or_cos_double_s_fourth_order_double_5' to 'sin_or_cos_doubleeOg' due to the length limit 20
INFO: [SYN 201-210] Renamed object name 'sin_or_cos_double_s_fourth_order_double_6' to 'sin_or_cos_doublefYi' due to the length limit 20
INFO: [SYN 201-210] Renamed object name 'sin_or_cos_double_s_fourth_order_double_7' to 'sin_or_cos_doubleg8j' due to the length limit 20
INFO: [SYN 201-210] Renamed object name 'sin_or_cos_double_s_fourth_order_double_s' to 'sin_or_cos_doublehbi' due to the length limit 20
INFO: [SYN 201-210] Renamed object name 'top_level_car_mul_170ns_53ns_223_2_1' to 'top_level_car_mulibs' due to the length limit 20
INFO: [SYN 201-210] Renamed object name 'top_level_car_mux_83_1_2_1' to 'top_level_car_muxjbC' due to the length limit 20
INFO: [SYN 201-210] Renamed object name 'top_level_car_mux_164_1_1_1' to 'top_level_car_muxkbM' due to the length limit 20
INFO: [RTGEN 206-100] Generating core module 'top_level_car_mulibs': 1 instance(s).
INFO: [RTGEN 206-100] Generating core module 'top_level_car_muxjbC': 1 instance(s).
INFO: [RTGEN 206-100] Generating core module 'top_level_car_muxkbM': 2 instance(s).
INFO: [RTGEN 206-100] Finished creating RTL model for 'sin_or_cos_double_s'.
INFO: [HLS 200-111]  Elapsed time: 1.387 seconds; current allocated memory: 545.293 MB.
INFO: [HLS 200-10] ----------------------------------------------------------------
INFO: [HLS 200-10] -- Generating RTL for module 'sin' 
INFO: [HLS 200-10] ----------------------------------------------------------------
INFO: [RTGEN 206-100] Finished creating RTL model for 'sin'.
INFO: [HLS 200-111]  Elapsed time: 1.38 seconds; current allocated memory: 545.771 MB.
INFO: [HLS 200-10] ----------------------------------------------------------------
INFO: [HLS 200-10] -- Generating RTL for module 'atan_generic_double_s' 
INFO: [HLS 200-10] ----------------------------------------------------------------
INFO: [SYN 201-210] Renamed object name 'atan_generic_double_s_cordic_ctab_table_12' to 'atan_generic_doublbW' due to the length limit 20
INFO: [RTGEN 206-100] Finished creating RTL model for 'atan_generic_double_s'.
INFO: [HLS 200-111]  Elapsed time: 0.862 seconds; current allocated memory: 546.565 MB.
INFO: [HLS 200-10] ----------------------------------------------------------------
INFO: [HLS 200-10] -- Generating RTL for module 'atan' 
INFO: [HLS 200-10] ----------------------------------------------------------------
INFO: [SYN 201-210] Renamed object name 'top_level_car_dsub_64ns_64ns_64_5_full_dsp_1' to 'top_level_car_dsumb6' due to the length limit 20
INFO: [SYN 201-210] Renamed object name 'top_level_car_ddiv_64ns_64ns_64_17_1' to 'top_level_car_ddincg' due to the length limit 20
INFO: [SYN 201-210] Renamed object name 'top_level_car_dcmp_64ns_64ns_1_2_1' to 'top_level_car_dcmocq' due to the length limit 20
INFO: [RTGEN 206-100] Generating core module 'top_level_car_dcmocq': 1 instance(s).
INFO: [RTGEN 206-100] Generating core module 'top_level_car_ddincg': 1 instance(s).
INFO: [RTGEN 206-100] Generating core module 'top_level_car_dsumb6': 1 instance(s).
INFO: [RTGEN 206-100] Finished creating RTL model for 'atan'.
INFO: [HLS 200-111]  Elapsed time: 1.216 seconds; current allocated memory: 547.192 MB.
INFO: [HLS 200-10] ----------------------------------------------------------------
INFO: [HLS 200-10] -- Generating RTL for module 'update' 
INFO: [HLS 200-10] ----------------------------------------------------------------
INFO: [SYN 201-210] Renamed object name 'top_level_car_faddfsub_32ns_32ns_32_4_full_dsp_1' to 'top_level_car_fadpcA' due to the length limit 20
INFO: [SYN 201-210] Renamed object name 'top_level_car_fadd_32ns_32ns_32_4_full_dsp_1' to 'top_level_car_fadqcK' due to the length limit 20
INFO: [SYN 201-210] Renamed object name 'top_level_car_fmul_32ns_32ns_32_2_max_dsp_1' to 'top_level_car_fmurcU' due to the length limit 20
INFO: [SYN 201-210] Renamed object name 'top_level_car_fdiv_32ns_32ns_32_8_1' to 'top_level_car_fdisc4' due to the length limit 20
INFO: [SYN 201-210] Renamed object name 'top_level_car_sitofp_32ns_32_3_1' to 'top_level_car_sittde' due to the length limit 20
INFO: [SYN 201-210] Renamed object name 'top_level_car_fptrunc_64ns_32_2_1' to 'top_level_car_fptudo' due to the length limit 20
INFO: [SYN 201-210] Renamed object name 'top_level_car_fpext_32ns_64_2_1' to 'top_level_car_fpevdy' due to the length limit 20
INFO: [SYN 201-210] Renamed object name 'top_level_car_fcmp_32ns_32ns_1_2_1' to 'top_level_car_fcmwdI' due to the length limit 20
INFO: [SYN 201-210] Renamed object name 'top_level_car_fsqrt_32ns_32ns_32_7_1' to 'top_level_car_fsqxdS' due to the length limit 20
INFO: [SYN 201-210] Renamed object name 'top_level_car_dadddsub_64ns_64ns_64_5_full_dsp_1' to 'top_level_car_dadyd2' due to the length limit 20
INFO: [SYN 201-210] Renamed object name 'top_level_car_dmul_64ns_64ns_64_5_max_dsp_1' to 'top_level_car_dmuzec' due to the length limit 20
INFO: [RTGEN 206-100] Generating core module 'top_level_car_dadyd2': 1 instance(s).
INFO: [RTGEN 206-100] Generating core module 'top_level_car_ddincg': 2 instance(s).
INFO: [RTGEN 206-100] Generating core module 'top_level_car_dmuzec': 2 instance(s).
INFO: [RTGEN 206-100] Generating core module 'top_level_car_fadpcA': 1 instance(s).
INFO: [RTGEN 206-100] Generating core module 'top_level_car_fadqcK': 2 instance(s).
INFO: [RTGEN 206-100] Generating core module 'top_level_car_fcmwdI': 2 instance(s).
INFO: [RTGEN 206-100] Generating core module 'top_level_car_fdisc4': 2 instance(s).
INFO: [RTGEN 206-100] Generating core module 'top_level_car_fmurcU': 5 instance(s).
INFO: [RTGEN 206-100] Generating core module 'top_level_car_fpevdy': 2 instance(s).
INFO: [RTGEN 206-100] Generating core module 'top_level_car_fptudo': 2 instance(s).
INFO: [RTGEN 206-100] Generating core module 'top_level_car_fsqxdS': 1 instance(s).
INFO: [RTGEN 206-100] Generating core module 'top_level_car_sittde': 1 instance(s).
INFO: [RTGEN 206-100] Finished creating RTL model for 'update'.
INFO: [HLS 200-111]  Elapsed time: 1.644 seconds; current allocated memory: 549.619 MB.
INFO: [HLS 200-10] ----------------------------------------------------------------
INFO: [HLS 200-10] -- Generating RTL for module 'update_1' 
INFO: [HLS 200-10] ----------------------------------------------------------------
WARNING: [RTGEN 206-101] Register 'car_chassis_angularV' is power-on initialization.
WARNING: [RTGEN 206-101] Register 'car_chassis_wFL' is power-on initialization.
WARNING: [RTGEN 206-101] Register 'car_frontLeft_angula' is power-on initialization.
WARNING: [RTGEN 206-101] Register 'car_chassis_wFR' is power-on initialization.
WARNING: [RTGEN 206-101] Register 'car_frontRight_angul' is power-on initialization.
WARNING: [RTGEN 206-101] Register 'car_chassis_wRL' is power-on initialization.
WARNING: [RTGEN 206-101] Register 'car_rearLeft_angular' is power-on initialization.
WARNING: [RTGEN 206-101] Register 'car_chassis_wRR' is power-on initialization.
WARNING: [RTGEN 206-101] Register 'car_rearRight_angula' is power-on initialization.
WARNING: [RTGEN 206-101] Register 'car_chassis_accel_x' is power-on initialization.
WARNING: [RTGEN 206-101] Register 'car_chassis_accel_z' is power-on initialization.
INFO: [SYN 201-210] Renamed object name 'top_level_car_dadd_64ns_64ns_64_5_full_dsp_1' to 'top_level_car_dadAem' due to the length limit 20
INFO: [RTGEN 206-100] Generating core module 'top_level_car_dadAem': 1 instance(s).
INFO: [RTGEN 206-100] Generating core module 'top_level_car_dmuzec': 4 instance(s).
INFO: [RTGEN 206-100] Generating core module 'top_level_car_dsumb6': 1 instance(s).
INFO: [RTGEN 206-100] Generating core module 'top_level_car_fadpcA': 4 instance(s).
INFO: [RTGEN 206-100] Generating core module 'top_level_car_fdisc4': 2 instance(s).
INFO: [RTGEN 206-100] Generating core module 'top_level_car_fmurcU': 4 instance(s).
INFO: [RTGEN 206-100] Generating core module 'top_level_car_fpevdy': 2 instance(s).
INFO: [RTGEN 206-100] Generating core module 'top_level_car_fptudo': 2 instance(s).
INFO: [RTGEN 206-100] Finished creating RTL model for 'update_1'.
INFO: [HLS 200-111]  Elapsed time: 3.043 seconds; current allocated memory: 551.639 MB.
INFO: [HLS 200-10] ----------------------------------------------------------------
INFO: [HLS 200-10] -- Generating RTL for module 'top_level_car' 
INFO: [HLS 200-10] ----------------------------------------------------------------
INFO: [RTGEN 206-500] Setting interface mode on port 'top_level_car/deltaTime' to 'ap_none'.
INFO: [RTGEN 206-500] Setting interface mode on port 'top_level_car/torque' to 'ap_none'.
INFO: [RTGEN 206-500] Setting interface mode on port 'top_level_car/steeringAngle' to 'ap_none'.
INFO: [RTGEN 206-500] Setting interface mode on port 'top_level_car/pos_x' to 'ap_vld'.
INFO: [RTGEN 206-500] Setting interface mode on port 'top_level_car/pos_y' to 'ap_vld'.
INFO: [RTGEN 206-500] Setting interface mode on port 'top_level_car/vel_x' to 'ap_vld'.
INFO: [RTGEN 206-500] Setting interface mode on port 'top_level_car/vel_y' to 'ap_vld'.
INFO: [RTGEN 206-500] Setting interface mode on port 'top_level_car/orientation' to 'ap_vld'.
INFO: [RTGEN 206-500] Setting interface mode on function 'top_level_car' to 'ap_ctrl_hs'.
WARNING: [RTGEN 206-101] Register 'car_chassis_vel_z' is power-on initialization.
WARNING: [RTGEN 206-101] Register 'car_chassis_vel_x' is power-on initialization.
WARNING: [RTGEN 206-101] Register 'car_chassis_orientat' is power-on initialization.
WARNING: [RTGEN 206-101] Register 'car_chassis_pos_x' is power-on initialization.
WARNING: [RTGEN 206-101] Register 'car_chassis_pos_z' is power-on initialization.
INFO: [RTGEN 206-100] Finished creating RTL model for 'top_level_car'.
INFO: [HLS 200-111]  Elapsed time: 3.875 seconds; current allocated memory: 552.785 MB.
INFO: [RTMG 210-282] Generating pipelined core: 'top_level_car_mulibs_MulnS_0'
INFO: [RTMG 210-288] Generating pipelined multiplexer : 'top_level_car_muxjbC'
INFO: [RTMG 210-279] Implementing memory 'sin_or_cos_doublecud_rom' using auto ROMs.
INFO: [RTMG 210-279] Implementing memory 'sin_or_cos_doubledEe_rom' using distributed ROMs.
INFO: [RTMG 210-279] Implementing memory 'sin_or_cos_doubleeOg_rom' using distributed ROMs.
INFO: [RTMG 210-279] Implementing memory 'sin_or_cos_doublefYi_rom' using distributed ROMs.
INFO: [RTMG 210-279] Implementing memory 'sin_or_cos_doubleg8j_rom' using distributed ROMs.
INFO: [RTMG 210-279] Implementing memory 'sin_or_cos_doublehbi_rom' using distributed ROMs.
INFO: [RTMG 210-279] Implementing memory 'atan_generic_doublbW_rom' using auto ROMs.
INFO: [HLS 200-111] Finished generating all RTL models Time (s): cpu = 00:00:44 ; elapsed = 00:03:04 . Memory (MB): peak = 645.125 ; gain = 554.320
INFO: [VHDL 208-304] Generating VHDL RTL for top_level_car.
INFO: [VLOG 209-307] Generating Verilog RTL for top_level_car.
INFO: [HLS 200-112] Total elapsed time: 183.989 seconds; peak allocated memory: 552.785 MB.
==============================================================
Vivado(TM) HLS - High-Level Synthesis from C, C++ and SystemC v2019.1 (64-bit)
Copyright 1986-2019 Xilinx, Inc. All Rights Reserved.
==============================================================
INFO: [SYN 201-201] Setting up clock 'default' with a period of 10ns.
INFO: [SYN 201-201] Setting up clock 'default' with an uncertainty of 1.25ns.
INFO: [HLS 200-10] Setting target device to 'xc7k325t-ffg900-2'
INFO: [HLS 200-435] Setting 'config_sdx -target' configuration: config_export -vivado_optimization_level=2
INFO: [HLS 200-435] Setting 'config_sdx -target' configuration: set_clock_uncertainty default
INFO: [IMPL 213-8] Exporting RTL as an IP for System Generator for DSP (Vivado).
