==============================================================
Vivado(TM) HLS - High-Level Synthesis from C, C++ and SystemC v2019.1 (64-bit)
Copyright 1986-2019 Xilinx, Inc. All Rights Reserved.
==============================================================
INFO: [SYN 201-201] Setting up clock 'default' with a period of 10ns.
INFO: [SYN 201-201] Setting up clock 'default' with an uncertainty of 1.25ns.
INFO: [HLS 200-10] Setting target device to 'xc7k325t-ffg900-2'
INFO: [HLS 200-435] Setting 'config_sdx -target' configuration: config_export -vivado_optimization_level=2
INFO: [HLS 200-435] Setting 'config_sdx -target' configuration: set_clock_uncertainty default
INFO: [HLS 200-435] Setting 'config_sdx -target' configuration: config_export -vivado_optimization_level=2
INFO: [HLS 200-435] Setting 'config_sdx -target' configuration: set_clock_uncertainty default
INFO: [SCHED 204-61] Option 'relax_ii_for_timing' is enabled, will increase II to preserve clock frequency constraints.
INFO: [HLS 200-10] Analyzing design file 'CarSimOnFPGA/Car.cpp' ... 
INFO: [HLS 200-10] Analyzing design file 'CarSimOnFPGA/Chassis.cpp' ... 
INFO: [HLS 200-10] Analyzing design file 'CarSimOnFPGA/Wheel.cpp' ... 
INFO: [HLS 200-10] Analyzing design file 'CarSimOnFPGA/top_level.cpp' ... 
INFO: [HLS 200-111] Finished Linking Time (s): cpu = 00:00:05 ; elapsed = 00:01:53 . Memory (MB): peak = 185.605 ; gain = 117.000
INFO: [HLS 200-111] Finished Checking Pragmas Time (s): cpu = 00:00:05 ; elapsed = 00:01:53 . Memory (MB): peak = 185.605 ; gain = 117.000
INFO: [HLS 200-10] Starting code transformations ...
INFO: [XFORM 203-603] Inlining function 'cordic_::cordic_circ_v1<88, 1, 0, 0, 88, 3, 86, 1>' into 'cordic_::atan_generic<double>' (r:/builds/2019.1/continuous/2019_05_24_2552052/src/products/hls/hls_lib/hlsmath/include/FloatingPoint\hls_cordic.h:620).
INFO: [HLS 200-111] Finished Standard Transforms Time (s): cpu = 00:00:11 ; elapsed = 00:02:04 . Memory (MB): peak = 328.086 ; gain = 259.480
INFO: [HLS 200-10] Checking synthesizability ...
INFO: [XFORM 203-602] Inlining function '_ZN9fp_structIdEC2Ed10' into '_ZN9fp_structIdEC1Ed4' (r:/builds/2019.1/continuous/2019_05_24_2552052/src/products/hls/hls_lib/src/hls\utils/x_hls_utils.h:479) automatically.
INFO: [XFORM 203-602] Inlining function '_ZN9fp_structIdEC1Ed4' into 'range_redux_payne_hanek_hotbm<61, double, 63, 63>' (r:/builds/2019.1/continuous/2019_05_24_2552052/src/products/hls/hls_lib/hlsmath/include/FloatingPoint/hls_range_redux.h:469) automatically.
INFO: [XFORM 203-602] Inlining function '_ZNK9fp_structIdE4expvEv8' into 'range_redux_payne_hanek_hotbm<61, double, 63, 63>' (r:/builds/2019.1/continuous/2019_05_24_2552052/src/products/hls/hls_lib/hlsmath/include/FloatingPoint/hls_range_redux.h:470) automatically.
INFO: [XFORM 203-602] Inlining function 'table_lookup_4oPi_hotbm<52, 61>' into 'range_redux_payne_hanek_hotbm<61, double, 63, 63>' (r:/builds/2019.1/continuous/2019_05_24_2552052/src/products/hls/hls_lib/hlsmath/include/FloatingPoint/hls_range_redux.h:496) automatically.
INFO: [XFORM 203-602] Inlining function 'clz<61, 124, 0>' into 'range_redux_payne_hanek_hotbm<61, double, 63, 63>' (r:/builds/2019.1/continuous/2019_05_24_2552052/src/products/hls/hls_lib/hlsmath/include/FloatingPoint/hls_range_redux.h:524) automatically.
INFO: [XFORM 203-602] Inlining function 'fp_struct<double>::data' into 'fp_struct<double>::to_double' (r:/builds/2019.1/continuous/2019_05_24_2552052/src/products/hls/hls_lib/src/hls\utils/x_hls_utils.h:512) automatically.
INFO: [XFORM 203-602] Inlining function 'fp_struct<double>::to_double' into 'fp_struct<double>::to_ieee' (r:/builds/2019.1/continuous/2019_05_24_2552052/src/products/hls/hls_lib/src/hls\utils/x_hls_utils.h:526) automatically.
INFO: [XFORM 203-602] Inlining function 'clz' into 'scaled_fixed2ieee<63, 1>' (r:/builds/2019.1/continuous/2019_05_24_2552052/src/products/hls/hls_lib/src/hls\utils/x_hls_float_utils.h:435) automatically.
INFO: [XFORM 203-602] Inlining function 'fp_struct<double>::set_mantissa' into 'scaled_fixed2ieee<63, 1>' (r:/builds/2019.1/continuous/2019_05_24_2552052/src/products/hls/hls_lib/src/hls\utils/x_hls_float_utils.h:463) automatically.
INFO: [XFORM 203-602] Inlining function 'fp_struct<double>::to_ieee' into 'scaled_fixed2ieee<63, 1>' (r:/builds/2019.1/continuous/2019_05_24_2552052/src/products/hls/hls_lib/src/hls\utils/x_hls_float_utils.h:466) automatically.
INFO: [XFORM 203-602] Inlining function '_ZN9fp_structIdEC1Ed4' into 'hotbm_::sin_or_cos<double>' (r:/builds/2019.1/continuous/2019_05_24_2552052/src/products/hls/hls_lib/hlsmath/include/FloatingPoint\hls_hotbm.h:252) automatically.
INFO: [XFORM 203-602] Inlining function 'hotbm_::value_list<double>::sin_or_cos_approximation<63, 63>' into 'hotbm_::sin_or_cos<double>' (r:/builds/2019.1/continuous/2019_05_24_2552052/src/products/hls/hls_lib/hlsmath/include/FloatingPoint\hls_hotbm.h:279) automatically.
INFO: [XFORM 203-602] Inlining function 'fp_struct<double>::to_ieee' into 'hotbm_::sin_or_cos<double>' (r:/builds/2019.1/continuous/2019_05_24_2552052/src/products/hls/hls_lib/hlsmath/include/FloatingPoint\hls_hotbm.h:316) automatically.
INFO: [XFORM 203-602] Inlining function 'hotbm_::cos' into 'cos' (r:/builds/2019.1/continuous/2019_05_24_2552052/src/products/hls/hls_lib/hlsmath/src/c/sincosdouble.cpp:13) automatically.
INFO: [XFORM 203-602] Inlining function 'hotbm_::sin' into 'sin' (r:/builds/2019.1/continuous/2019_05_24_2552052/src/products/hls/hls_lib/hlsmath/src/c/sincosdouble.cpp:8) automatically.
INFO: [XFORM 203-602] Inlining function 'fp_struct<float>::mantissa' into 'generic_cast_IEEE754<int, (ap_q_mode)6, float>' (r:/builds/2019.1/continuous/2019_05_24_2552052/src/products/hls/hls_lib/hlsmath/include/FloatingPoint\hls_case_IEEE754.h:15) automatically.
INFO: [XFORM 203-602] Inlining function 'fp_struct<float>::expv' into 'generic_cast_IEEE754<int, (ap_q_mode)6, float>' (r:/builds/2019.1/continuous/2019_05_24_2552052/src/products/hls/hls_lib/hlsmath/include/FloatingPoint\hls_case_IEEE754.h:18) automatically.
INFO: [XFORM 203-602] Inlining function 'fp_struct<float>::__signbit' into 'generic_cast_IEEE754<int, (ap_q_mode)6, float>' (r:/builds/2019.1/continuous/2019_05_24_2552052/src/products/hls/hls_lib/hlsmath/include/FloatingPoint\hls_case_IEEE754.h:59) automatically.
INFO: [XFORM 203-602] Inlining function 'generic_cast_IEEE754<int, (ap_q_mode)6, float>' into 'generic_cast_IEEE754<int, float>' (r:/builds/2019.1/continuous/2019_05_24_2552052/src/products/hls/hls_lib/hlsmath/include/FloatingPoint\hls_case_IEEE754.h:117) automatically.
INFO: [XFORM 203-602] Inlining function 'generic_cast_IEEE754<int, float>' into '__hls_fptosi_float_i32' (r:/builds/2019.1/continuous/2019_05_24_2552052/src/products/hls/hls_lib/hlsmath/src/lib_floatconversion.cpp:51) automatically.
INFO: [XFORM 203-602] Inlining function 'fp_struct<double>::to_ieee' into 'generic_nan<double>' (r:/builds/2019.1/continuous/2019_05_24_2552052/src/products/hls/hls_lib/hlsmath/include/FloatingPoint/hls_nan.h:15) automatically.
INFO: [XFORM 203-602] Inlining function '_ZN9fp_structIdEC1Ed4' into 'cordic_::atan_generic<double>' (r:/builds/2019.1/continuous/2019_05_24_2552052/src/products/hls/hls_lib/hlsmath/include/FloatingPoint\hls_cordic.h:578) automatically.
INFO: [XFORM 203-602] Inlining function '_ZNK9fp_structIdE4expvEv8' into 'cordic_::atan_generic<double>' (r:/builds/2019.1/continuous/2019_05_24_2552052/src/products/hls/hls_lib/hlsmath/include/FloatingPoint\hls_cordic.h:606) automatically.
INFO: [XFORM 203-602] Inlining function '_ZNK9fp_structIdE8mantissaEv6' into 'cordic_::atan_generic<double>' (r:/builds/2019.1/continuous/2019_05_24_2552052/src/products/hls/hls_lib/hlsmath/include/FloatingPoint\hls_cordic.h:607) automatically.
INFO: [XFORM 203-602] Inlining function 'cordic_::addsub<0, 0, ap_fixed<88, 3, (ap_q_mode)5, (ap_o_mode)3, 0>, ap_fixed<88, 3, (ap_q_mode)5, (ap_o_mode)3, 0>, ap_uint<1> >' into 'cordic_::atan_generic<double>' (r:/builds/2019.1/continuous/2019_05_24_2552052/src/products/hls/hls_lib/hlsmath/include/FloatingPoint\hls_cordic.h:189->r:/builds/2019.1/continuous/2019_05_24_2552052/src/products/hls/hls_lib/hlsmath/include/FloatingPoint\hls_cordic.h:620) automatically.
INFO: [XFORM 203-602] Inlining function 'cordic_::addsub<0, 0, ap_fixed<88, 3, (ap_q_mode)5, (ap_o_mode)3, 0>, ap_fixed<88, 3, (ap_q_mode)5, (ap_o_mode)3, 0>, bool>' into 'cordic_::atan_generic<double>' (r:/builds/2019.1/continuous/2019_05_24_2552052/src/products/hls/hls_lib/hlsmath/include/FloatingPoint\hls_cordic.h:191->r:/builds/2019.1/continuous/2019_05_24_2552052/src/products/hls/hls_lib/hlsmath/include/FloatingPoint\hls_cordic.h:620) automatically.
INFO: [XFORM 203-602] Inlining function 'cordic_::addsub<0, 0, ap_fixed<86, 1, (ap_q_mode)5, (ap_o_mode)3, 0>, ap_fixed<86, 1, (ap_q_mode)0, (ap_o_mode)3, 0>, ap_uint<1> >' into 'cordic_::atan_generic<double>' (r:/builds/2019.1/continuous/2019_05_24_2552052/src/products/hls/hls_lib/hlsmath/include/FloatingPoint\hls_cordic.h:193->r:/builds/2019.1/continuous/2019_05_24_2552052/src/products/hls/hls_lib/hlsmath/include/FloatingPoint\hls_cordic.h:620) automatically.
INFO: [XFORM 203-602] Inlining function '_ZN9fp_structIdEC1Ed4' into 'cordic_::atan_cordic<double>' (r:/builds/2019.1/continuous/2019_05_24_2552052/src/products/hls/hls_lib/hlsmath/include/FloatingPoint\hls_cordic.h:630) automatically.
INFO: [XFORM 203-602] Inlining function 'fp_struct<double>::to_ieee' into 'cordic_::atan_cordic<double>' (r:/builds/2019.1/continuous/2019_05_24_2552052/src/products/hls/hls_lib/hlsmath/include/FloatingPoint\hls_cordic.h:633) automatically.
INFO: [XFORM 203-602] Inlining function 'generic_nan<double>' into 'cordic_::atan_cordic<double>' (r:/builds/2019.1/continuous/2019_05_24_2552052/src/products/hls/hls_lib/hlsmath/include/FloatingPoint\hls_cordic.h:642) automatically.
INFO: [XFORM 203-602] Inlining function 'cos' into 'Wheel::update' (CarSimOnFPGA/Wheel.cpp:21) automatically.
INFO: [XFORM 203-602] Inlining function '__hls_fptosi_float_i32' into 'Wheel::update' (CarSimOnFPGA/Wheel.cpp:32) automatically.
INFO: [XFORM 203-602] Inlining function 'cos' into 'Chassis::update' (CarSimOnFPGA/Chassis.cpp:50) automatically.
INFO: [XFORM 203-602] Inlining function 'sin' into 'Chassis::update' (CarSimOnFPGA/Chassis.cpp:50) automatically.
INFO: [XFORM 203-602] Inlining function 'Chassis::update' into 'Car::update' (CarSimOnFPGA/Car.cpp:34) automatically.
WARNING: [SYNCHK 200-23] r:/builds/2019.1/continuous/2019_05_24_2552052/src/products/hls/hls_lib/src/hls\utils/x_hls_float_utils.h:425: variable-indexed range selection may cause suboptimal QoR.
INFO: [SYNCHK 200-10] 0 error(s), 1 warning(s).
INFO: [HLS 200-111] Finished Checking Synthesizability Time (s): cpu = 00:00:14 ; elapsed = 00:02:07 . Memory (MB): peak = 401.941 ; gain = 333.336
INFO: [XFORM 203-502] Unrolling small iteration loop 'Loop-2' (r:/builds/2019.1/continuous/2019_05_24_2552052/src/products/hls/hls_lib/hlsmath/include/FloatingPoint\hls_cordic.h:622) in function 'cordic_::atan_generic<double>' automatically.
INFO: [HLS 200-489] Unrolling loop 'Loop-2' (r:/builds/2019.1/continuous/2019_05_24_2552052/src/products/hls/hls_lib/hlsmath/include/FloatingPoint\hls_cordic.h:622) in function 'cordic_::atan_generic<double>' completely with a factor of 1.
INFO: [XFORM 203-102] Automatically partitioning small array 'out_bits.V' (r:/builds/2019.1/continuous/2019_05_24_2552052/src/products/hls/hls_lib/src/hls\utils/x_hls_float_utils.h:422) completely based on array size.
INFO: [XFORM 203-102] Automatically partitioning small array 'c' (r:/builds/2019.1/continuous/2019_05_24_2552052/src/products/hls/hls_lib/src/hls\utils/x_hls_float_utils.h:433) completely based on array size.
INFO: [XFORM 203-101] Partitioning array 'swap_table.1'  in dimension 1 completely.
INFO: [XFORM 203-101] Partitioning array 'swap_table'  in dimension 1 completely.
INFO: [XFORM 203-101] Partitioning array 'neg_sin_table'  in dimension 1 completely.
INFO: [XFORM 203-101] Partitioning array 'neg_cos_table'  in dimension 1 completely.
INFO: [XFORM 203-101] Partitioning array 'out_bits.V' (r:/builds/2019.1/continuous/2019_05_24_2552052/src/products/hls/hls_lib/src/hls\utils/x_hls_float_utils.h:422) in dimension 1 completely.
INFO: [XFORM 203-101] Partitioning array 'c' (r:/builds/2019.1/continuous/2019_05_24_2552052/src/products/hls/hls_lib/src/hls\utils/x_hls_float_utils.h:433) in dimension 1 completely.
INFO: [XFORM 203-602] Inlining function '_ZN9fp_structIdEC2Ed10' into '_ZN9fp_structIdEC1Ed4' (r:/builds/2019.1/continuous/2019_05_24_2552052/src/products/hls/hls_lib/src/hls\utils/x_hls_utils.h:479) automatically.
INFO: [XFORM 203-602] Inlining function '_ZN9fp_structIdEC1Ed4' into 'range_redux_payne_hanek_hotbm<61, double, 63, 63>' (r:/builds/2019.1/continuous/2019_05_24_2552052/src/products/hls/hls_lib/hlsmath/include/FloatingPoint/hls_range_redux.h:469) automatically.
INFO: [XFORM 203-602] Inlining function '_ZNK9fp_structIdE4expvEv8' into 'range_redux_payne_hanek_hotbm<61, double, 63, 63>' (r:/builds/2019.1/continuous/2019_05_24_2552052/src/products/hls/hls_lib/hlsmath/include/FloatingPoint/hls_range_redux.h:470) automatically.
INFO: [XFORM 203-602] Inlining function 'table_lookup_4oPi_hotbm<52, 61>' into 'range_redux_payne_hanek_hotbm<61, double, 63, 63>' (r:/builds/2019.1/continuous/2019_05_24_2552052/src/products/hls/hls_lib/hlsmath/include/FloatingPoint/hls_range_redux.h:496) automatically.
INFO: [XFORM 203-602] Inlining function 'clz<61, 124, 0>' into 'range_redux_payne_hanek_hotbm<61, double, 63, 63>' (r:/builds/2019.1/continuous/2019_05_24_2552052/src/products/hls/hls_lib/hlsmath/include/FloatingPoint/hls_range_redux.h:524) automatically.
INFO: [XFORM 203-602] Inlining function 'fp_struct<double>::data' into 'fp_struct<double>::to_double' (r:/builds/2019.1/continuous/2019_05_24_2552052/src/products/hls/hls_lib/src/hls\utils/x_hls_utils.h:512) automatically.
INFO: [XFORM 203-602] Inlining function 'fp_struct<double>::to_double' into 'fp_struct<double>::to_ieee' (r:/builds/2019.1/continuous/2019_05_24_2552052/src/products/hls/hls_lib/src/hls\utils/x_hls_utils.h:526) automatically.
INFO: [XFORM 203-602] Inlining function 'clz' into 'scaled_fixed2ieee<63, 1>' (r:/builds/2019.1/continuous/2019_05_24_2552052/src/products/hls/hls_lib/src/hls\utils/x_hls_float_utils.h:435) automatically.
INFO: [XFORM 203-602] Inlining function 'fp_struct<double>::set_mantissa' into 'scaled_fixed2ieee<63, 1>' (r:/builds/2019.1/continuous/2019_05_24_2552052/src/products/hls/hls_lib/src/hls\utils/x_hls_float_utils.h:463) automatically.
INFO: [XFORM 203-602] Inlining function 'fp_struct<double>::to_ieee' into 'scaled_fixed2ieee<63, 1>' (r:/builds/2019.1/continuous/2019_05_24_2552052/src/products/hls/hls_lib/src/hls\utils/x_hls_float_utils.h:466) automatically.
INFO: [XFORM 203-602] Inlining function '_ZN9fp_structIdEC1Ed4' into 'hotbm_::sin_or_cos<double>' (r:/builds/2019.1/continuous/2019_05_24_2552052/src/products/hls/hls_lib/hlsmath/include/FloatingPoint\hls_hotbm.h:252) automatically.
INFO: [XFORM 203-602] Inlining function 'range_redux_payne_hanek_hotbm<61, double, 63, 63>' into 'hotbm_::sin_or_cos<double>' (r:/builds/2019.1/continuous/2019_05_24_2552052/src/products/hls/hls_lib/hlsmath/include/FloatingPoint\hls_hotbm.h:268) automatically.
INFO: [XFORM 203-602] Inlining function 'hotbm_::value_list<double>::sin_or_cos_approximation<63, 63>' into 'hotbm_::sin_or_cos<double>' (r:/builds/2019.1/continuous/2019_05_24_2552052/src/products/hls/hls_lib/hlsmath/include/FloatingPoint\hls_hotbm.h:279) automatically.
INFO: [XFORM 203-602] Inlining function 'fp_struct<double>::to_ieee' into 'hotbm_::sin_or_cos<double>' (r:/builds/2019.1/continuous/2019_05_24_2552052/src/products/hls/hls_lib/hlsmath/include/FloatingPoint\hls_hotbm.h:316) automatically.
INFO: [XFORM 203-602] Inlining function 'hotbm_::cos' into 'cos' (r:/builds/2019.1/continuous/2019_05_24_2552052/src/products/hls/hls_lib/hlsmath/src/c/sincosdouble.cpp:13) automatically.
INFO: [XFORM 203-602] Inlining function 'hotbm_::sin' into 'sin' (r:/builds/2019.1/continuous/2019_05_24_2552052/src/products/hls/hls_lib/hlsmath/src/c/sincosdouble.cpp:8) automatically.
INFO: [XFORM 203-602] Inlining function 'fp_struct<float>::mantissa' into 'generic_cast_IEEE754<int, (ap_q_mode)6, float>' (r:/builds/2019.1/continuous/2019_05_24_2552052/src/products/hls/hls_lib/hlsmath/include/FloatingPoint\hls_case_IEEE754.h:15) automatically.
INFO: [XFORM 203-602] Inlining function 'fp_struct<float>::expv' into 'generic_cast_IEEE754<int, (ap_q_mode)6, float>' (r:/builds/2019.1/continuous/2019_05_24_2552052/src/products/hls/hls_lib/hlsmath/include/FloatingPoint\hls_case_IEEE754.h:18) automatically.
INFO: [XFORM 203-602] Inlining function 'fp_struct<float>::__signbit' into 'generic_cast_IEEE754<int, (ap_q_mode)6, float>' (r:/builds/2019.1/continuous/2019_05_24_2552052/src/products/hls/hls_lib/hlsmath/include/FloatingPoint\hls_case_IEEE754.h:59) automatically.
INFO: [XFORM 203-602] Inlining function 'generic_cast_IEEE754<int, (ap_q_mode)6, float>' into 'generic_cast_IEEE754<int, float>' (r:/builds/2019.1/continuous/2019_05_24_2552052/src/products/hls/hls_lib/hlsmath/include/FloatingPoint\hls_case_IEEE754.h:117) automatically.
INFO: [XFORM 203-602] Inlining function 'generic_cast_IEEE754<int, float>' into '__hls_fptosi_float_i32' (r:/builds/2019.1/continuous/2019_05_24_2552052/src/products/hls/hls_lib/hlsmath/src/lib_floatconversion.cpp:51) automatically.
INFO: [XFORM 203-602] Inlining function 'fp_struct<double>::to_ieee' into 'generic_nan<double>' (r:/builds/2019.1/continuous/2019_05_24_2552052/src/products/hls/hls_lib/hlsmath/include/FloatingPoint/hls_nan.h:15) automatically.
INFO: [XFORM 203-602] Inlining function '_ZN9fp_structIdEC1Ed4' into 'cordic_::atan_generic<double>' (r:/builds/2019.1/continuous/2019_05_24_2552052/src/products/hls/hls_lib/hlsmath/include/FloatingPoint\hls_cordic.h:578) automatically.
INFO: [XFORM 203-602] Inlining function '_ZNK9fp_structIdE4expvEv8' into 'cordic_::atan_generic<double>' (r:/builds/2019.1/continuous/2019_05_24_2552052/src/products/hls/hls_lib/hlsmath/include/FloatingPoint\hls_cordic.h:606) automatically.
INFO: [XFORM 203-602] Inlining function '_ZNK9fp_structIdE8mantissaEv6' into 'cordic_::atan_generic<double>' (r:/builds/2019.1/continuous/2019_05_24_2552052/src/products/hls/hls_lib/hlsmath/include/FloatingPoint\hls_cordic.h:607) automatically.
INFO: [XFORM 203-602] Inlining function 'cordic_::addsub<0, 0, ap_fixed<88, 3, (ap_q_mode)5, (ap_o_mode)3, 0>, ap_fixed<88, 3, (ap_q_mode)5, (ap_o_mode)3, 0>, ap_uint<1> >' into 'cordic_::atan_generic<double>' (r:/builds/2019.1/continuous/2019_05_24_2552052/src/products/hls/hls_lib/hlsmath/include/FloatingPoint\hls_cordic.h:189->r:/builds/2019.1/continuous/2019_05_24_2552052/src/products/hls/hls_lib/hlsmath/include/FloatingPoint\hls_cordic.h:620) automatically.
INFO: [XFORM 203-602] Inlining function 'cordic_::addsub<0, 0, ap_fixed<88, 3, (ap_q_mode)5, (ap_o_mode)3, 0>, ap_fixed<88, 3, (ap_q_mode)5, (ap_o_mode)3, 0>, bool>' into 'cordic_::atan_generic<double>' (r:/builds/2019.1/continuous/2019_05_24_2552052/src/products/hls/hls_lib/hlsmath/include/FloatingPoint\hls_cordic.h:191->r:/builds/2019.1/continuous/2019_05_24_2552052/src/products/hls/hls_lib/hlsmath/include/FloatingPoint\hls_cordic.h:620) automatically.
INFO: [XFORM 203-602] Inlining function 'cordic_::addsub<0, 0, ap_fixed<86, 1, (ap_q_mode)5, (ap_o_mode)3, 0>, ap_fixed<86, 1, (ap_q_mode)0, (ap_o_mode)3, 0>, ap_uint<1> >' into 'cordic_::atan_generic<double>' (r:/builds/2019.1/continuous/2019_05_24_2552052/src/products/hls/hls_lib/hlsmath/include/FloatingPoint\hls_cordic.h:193->r:/builds/2019.1/continuous/2019_05_24_2552052/src/products/hls/hls_lib/hlsmath/include/FloatingPoint\hls_cordic.h:620) automatically.
INFO: [XFORM 203-602] Inlining function '_ZN9fp_structIdEC1Ed4' into 'cordic_::atan_cordic<double>' (r:/builds/2019.1/continuous/2019_05_24_2552052/src/products/hls/hls_lib/hlsmath/include/FloatingPoint\hls_cordic.h:630) automatically.
INFO: [XFORM 203-602] Inlining function 'fp_struct<double>::to_ieee' into 'cordic_::atan_cordic<double>' (r:/builds/2019.1/continuous/2019_05_24_2552052/src/products/hls/hls_lib/hlsmath/include/FloatingPoint\hls_cordic.h:633) automatically.
INFO: [XFORM 203-602] Inlining function 'generic_nan<double>' into 'cordic_::atan_cordic<double>' (r:/builds/2019.1/continuous/2019_05_24_2552052/src/products/hls/hls_lib/hlsmath/include/FloatingPoint\hls_cordic.h:642) automatically.
INFO: [XFORM 203-602] Inlining function 'cordic_::atan_cordic<double>' into 'atan' (r:/builds/2019.1/continuous/2019_05_24_2552052/src/products/hls/hls_lib/hlsmath/src/c/atandouble.cpp:8) automatically.
INFO: [XFORM 203-602] Inlining function 'cos' into 'Wheel::update' (CarSimOnFPGA/Wheel.cpp:21) automatically.
INFO: [XFORM 203-602] Inlining function '__hls_fptosi_float_i32' into 'Wheel::update' (CarSimOnFPGA/Wheel.cpp:32) automatically.
INFO: [XFORM 203-602] Inlining function 'cos' into 'Chassis::update' (CarSimOnFPGA/Chassis.cpp:50) automatically.
INFO: [XFORM 203-602] Inlining function 'sin' into 'Chassis::update' (CarSimOnFPGA/Chassis.cpp:50) automatically.
INFO: [XFORM 203-602] Inlining function 'Chassis::update' into 'Car::update' (CarSimOnFPGA/Car.cpp:34) automatically.
INFO: [XFORM 203-401] Performing if-conversion on hyperblock from (r:/builds/2019.1/continuous/2019_05_24_2552052/src/products/hls/hls_lib/src/hls\utils/x_hls_float_utils.h:452:51) to (r:/builds/2019.1/continuous/2019_05_24_2552052/src/products/hls/hls_lib/src/hls\utils/x_hls_float_utils.h:467:1) in function 'scaled_fixed2ieee<63, 1>'... converting 3 basic blocks.
INFO: [XFORM 203-401] Performing if-conversion on hyperblock from (r:/builds/2019.1/continuous/2019_05_24_2552052/src/products/hls/hls_lib/hlsmath/include/FloatingPoint\hls_hotbm.h:238:18) to (r:/builds/2019.1/continuous/2019_05_24_2552052/src/products/hls/hls_lib/hlsmath/include/FloatingPoint\hls_hotbm.h:316:12) in function 'hotbm_::sin_or_cos<double>'... converting 9 basic blocks.
INFO: [XFORM 203-401] Performing if-conversion on hyperblock from (r:/builds/2019.1/continuous/2019_05_24_2552052/src/products/hls/hls_lib/hlsmath/include/FloatingPoint\hls_cordic.h:622:9) to (r:/builds/2019.1/continuous/2019_05_24_2552052/src/products/hls/hls_lib/hlsmath/include/FloatingPoint\hls_cordic.h:622:9) in function 'cordic_::atan_generic<double>'... converting 10 basic blocks.
INFO: [HLS 200-111] Finished Pre-synthesis Time (s): cpu = 00:00:18 ; elapsed = 00:02:13 . Memory (MB): peak = 519.949 ; gain = 451.344
WARNING: [XFORM 203-631] Renaming function 'scaled_fixed2ieee<63, 1>' to 'scaled_fixed2ieee' (r:/builds/2019.1/continuous/2019_05_24_2552052/src/products/hls/hls_lib/src/hls\utils/x_hls_float_utils.h:110:37)
WARNING: [XFORM 203-631] Renaming function 'hotbm_::sin_or_cos<double>' to 'sin_or_cos<double>' (r:/builds/2019.1/continuous/2019_05_24_2552052/src/products/hls/hls_lib/hlsmath/include/FloatingPoint\hls_hotbm.h:238)
WARNING: [XFORM 203-631] Renaming function 'cordic_::atan_generic<double>' to 'atan_generic<double>' (r:/builds/2019.1/continuous/2019_05_24_2552052/src/products/hls/hls_lib/hlsmath/include/FloatingPoint\hls_cordic.h:577)
WARNING: [XFORM 203-631] Renaming function 'Wheel::update' to 'update' (CarSimOnFPGA/Wheel.cpp:14)
WARNING: [XFORM 203-631] Renaming function 'Car::update' to 'update.1' (CarSimOnFPGA/Car.cpp:13:1)
INFO: [HLS 200-111] Finished Architecture Synthesis Time (s): cpu = 00:00:21 ; elapsed = 00:02:15 . Memory (MB): peak = 602.109 ; gain = 533.504
INFO: [HLS 200-10] Starting hardware synthesis ...
INFO: [HLS 200-10] Synthesizing 'top_level' ...
WARNING: [SYN 201-103] Legalizing function name 'sin_or_cos<double>' to 'sin_or_cos_double_s'.
WARNING: [SYN 201-103] Legalizing function name 'atan_generic<double>' to 'atan_generic_double_s'.
WARNING: [SYN 201-103] Legalizing function name 'update.1' to 'update_1'.
INFO: [HLS 200-10] ----------------------------------------------------------------
INFO: [HLS 200-42] -- Implementing module 'scaled_fixed2ieee' 
INFO: [HLS 200-10] ----------------------------------------------------------------
INFO: [SCHED 204-11] Starting scheduling ...
INFO: [SCHED 204-11] Finished scheduling.
INFO: [HLS 200-111]  Elapsed time: 135.705 seconds; current allocated memory: 534.241 MB.
INFO: [HLS 200-434] Only 0 loops out of a total 3 loops have been pipelined in this design.
INFO: [BIND 205-100] Starting micro-architecture generation ...
INFO: [BIND 205-101] Performing variable lifetime analysis.
INFO: [BIND 205-101] Exploring resource sharing.
INFO: [BIND 205-101] Binding ...
INFO: [BIND 205-100] Finished micro-architecture generation.
INFO: [HLS 200-111]  Elapsed time: 0.517 seconds; current allocated memory: 534.623 MB.
INFO: [HLS 200-10] ----------------------------------------------------------------
INFO: [HLS 200-42] -- Implementing module 'sin_or_cos_double_s' 
INFO: [HLS 200-10] ----------------------------------------------------------------
INFO: [SCHED 204-11] Starting scheduling ...
INFO: [SCHED 204-11] Finished scheduling.
INFO: [HLS 200-111]  Elapsed time: 0.765 seconds; current allocated memory: 535.365 MB.
INFO: [BIND 205-100] Starting micro-architecture generation ...
INFO: [BIND 205-101] Performing variable lifetime analysis.
INFO: [BIND 205-101] Exploring resource sharing.
INFO: [BIND 205-101] Binding ...
INFO: [BIND 205-100] Finished micro-architecture generation.
INFO: [HLS 200-111]  Elapsed time: 0.608 seconds; current allocated memory: 535.962 MB.
INFO: [HLS 200-10] ----------------------------------------------------------------
INFO: [HLS 200-42] -- Implementing module 'sin' 
INFO: [HLS 200-10] ----------------------------------------------------------------
INFO: [SCHED 204-11] Starting scheduling ...
INFO: [SCHED 204-11] Finished scheduling.
INFO: [HLS 200-111]  Elapsed time: 0.789 seconds; current allocated memory: 536.097 MB.
INFO: [BIND 205-100] Starting micro-architecture generation ...
INFO: [BIND 205-101] Performing variable lifetime analysis.
INFO: [BIND 205-101] Exploring resource sharing.
INFO: [BIND 205-101] Binding ...
INFO: [BIND 205-100] Finished micro-architecture generation.
INFO: [HLS 200-111]  Elapsed time: 0.409 seconds; current allocated memory: 536.145 MB.
INFO: [HLS 200-10] ----------------------------------------------------------------
INFO: [HLS 200-42] -- Implementing module 'atan_generic_double_s' 
INFO: [HLS 200-10] ----------------------------------------------------------------
INFO: [SCHED 204-11] Starting scheduling ...
INFO: [SCHED 204-11] Finished scheduling.
INFO: [HLS 200-111]  Elapsed time: 0.71 seconds; current allocated memory: 536.585 MB.
INFO: [BIND 205-100] Starting micro-architecture generation ...
INFO: [BIND 205-101] Performing variable lifetime analysis.
INFO: [BIND 205-101] Exploring resource sharing.
INFO: [BIND 205-101] Binding ...
INFO: [BIND 205-100] Finished micro-architecture generation.
INFO: [HLS 200-111]  Elapsed time: 0.518 seconds; current allocated memory: 536.997 MB.
INFO: [HLS 200-10] ----------------------------------------------------------------
INFO: [HLS 200-42] -- Implementing module 'atan' 
INFO: [HLS 200-10] ----------------------------------------------------------------
INFO: [SCHED 204-11] Starting scheduling ...
INFO: [SCHED 204-11] Finished scheduling.
INFO: [HLS 200-111]  Elapsed time: 0.714 seconds; current allocated memory: 537.165 MB.
INFO: [BIND 205-100] Starting micro-architecture generation ...
INFO: [BIND 205-101] Performing variable lifetime analysis.
INFO: [BIND 205-101] Exploring resource sharing.
INFO: [BIND 205-101] Binding ...
INFO: [BIND 205-100] Finished micro-architecture generation.
INFO: [HLS 200-111]  Elapsed time: 0.428 seconds; current allocated memory: 537.364 MB.
INFO: [HLS 200-10] ----------------------------------------------------------------
INFO: [HLS 200-42] -- Implementing module 'update' 
INFO: [HLS 200-10] ----------------------------------------------------------------
INFO: [SCHED 204-11] Starting scheduling ...
INFO: [SCHED 204-11] Finished scheduling.
INFO: [HLS 200-111]  Elapsed time: 0.997 seconds; current allocated memory: 538.105 MB.
INFO: [BIND 205-100] Starting micro-architecture generation ...
INFO: [BIND 205-101] Performing variable lifetime analysis.
INFO: [BIND 205-101] Exploring resource sharing.
INFO: [BIND 205-101] Binding ...
INFO: [BIND 205-100] Starting global binding ...
INFO: [BIND 205-100] Starting global binding ...
INFO: [BIND 205-100] Finished micro-architecture generation.
INFO: [HLS 200-111]  Elapsed time: 1.427 seconds; current allocated memory: 539.103 MB.
INFO: [HLS 200-10] ----------------------------------------------------------------
INFO: [HLS 200-42] -- Implementing module 'update_1' 
INFO: [HLS 200-10] ----------------------------------------------------------------
INFO: [SCHED 204-11] Starting scheduling ...
INFO: [SCHED 204-11] Finished scheduling.
INFO: [HLS 200-111]  Elapsed time: 2.234 seconds; current allocated memory: 539.860 MB.
INFO: [BIND 205-100] Starting micro-architecture generation ...
INFO: [BIND 205-101] Performing variable lifetime analysis.
INFO: [BIND 205-101] Exploring resource sharing.
INFO: [BIND 205-101] Binding ...
INFO: [BIND 205-100] Finished micro-architecture generation.
INFO: [HLS 200-111]  Elapsed time: 2.148 seconds; current allocated memory: 541.038 MB.
INFO: [HLS 200-10] ----------------------------------------------------------------
INFO: [HLS 200-42] -- Implementing module 'top_level' 
INFO: [HLS 200-10] ----------------------------------------------------------------
INFO: [SCHED 204-11] Starting scheduling ...
INFO: [SCHED 204-11] Finished scheduling.
INFO: [HLS 200-111]  Elapsed time: 2.881 seconds; current allocated memory: 541.827 MB.
INFO: [BIND 205-100] Starting micro-architecture generation ...
INFO: [BIND 205-101] Performing variable lifetime analysis.
INFO: [BIND 205-101] Exploring resource sharing.
INFO: [BIND 205-101] Binding ...
INFO: [BIND 205-100] Finished micro-architecture generation.
INFO: [HLS 200-111]  Elapsed time: 1.244 seconds; current allocated memory: 542.165 MB.
INFO: [HLS 200-10] ----------------------------------------------------------------
INFO: [HLS 200-10] -- Generating RTL for module 'scaled_fixed2ieee' 
INFO: [HLS 200-10] ----------------------------------------------------------------
INFO: [SYN 201-210] Renamed object name 'top_level_mux_42_32_1_1' to 'top_level_mux_42_bkb' due to the length limit 20
INFO: [RTGEN 206-100] Generating core module 'top_level_mux_42_bkb': 2 instance(s).
INFO: [RTGEN 206-100] Finished creating RTL model for 'scaled_fixed2ieee'.
INFO: [HLS 200-111]  Elapsed time: 3.168 seconds; current allocated memory: 543.524 MB.
INFO: [HLS 200-10] ----------------------------------------------------------------
INFO: [HLS 200-10] -- Generating RTL for module 'sin_or_cos_double_s' 
INFO: [HLS 200-10] ----------------------------------------------------------------
INFO: [SYN 201-210] Renamed object name 'sin_or_cos_double_s_ref_4oPi_table_256_V' to 'sin_or_cos_doublecud' due to the length limit 20
INFO: [SYN 201-210] Renamed object name 'sin_or_cos_double_s_fourth_order_double_4' to 'sin_or_cos_doubledEe' due to the length limit 20
INFO: [SYN 201-210] Renamed object name 'sin_or_cos_double_s_fourth_order_double_5' to 'sin_or_cos_doubleeOg' due to the length limit 20
INFO: [SYN 201-210] Renamed object name 'sin_or_cos_double_s_fourth_order_double_6' to 'sin_or_cos_doublefYi' due to the length limit 20
INFO: [SYN 201-210] Renamed object name 'sin_or_cos_double_s_fourth_order_double_7' to 'sin_or_cos_doubleg8j' due to the length limit 20
INFO: [SYN 201-210] Renamed object name 'sin_or_cos_double_s_fourth_order_double_s' to 'sin_or_cos_doublehbi' due to the length limit 20
INFO: [SYN 201-210] Renamed object name 'top_level_mul_170ns_53ns_223_2_1' to 'top_level_mul_170ibs' due to the length limit 20
INFO: [SYN 201-210] Renamed object name 'top_level_mux_83_1_2_1' to 'top_level_mux_83_jbC' due to the length limit 20
INFO: [SYN 201-210] Renamed object name 'top_level_mux_164_1_1_1' to 'top_level_mux_164kbM' due to the length limit 20
INFO: [RTGEN 206-100] Generating core module 'top_level_mul_170ibs': 1 instance(s).
INFO: [RTGEN 206-100] Generating core module 'top_level_mux_164kbM': 2 instance(s).
INFO: [RTGEN 206-100] Generating core module 'top_level_mux_83_jbC': 1 instance(s).
INFO: [RTGEN 206-100] Finished creating RTL model for 'sin_or_cos_double_s'.
INFO: [HLS 200-111]  Elapsed time: 1.574 seconds; current allocated memory: 544.977 MB.
INFO: [HLS 200-10] ----------------------------------------------------------------
INFO: [HLS 200-10] -- Generating RTL for module 'sin' 
INFO: [HLS 200-10] ----------------------------------------------------------------
INFO: [RTGEN 206-100] Finished creating RTL model for 'sin'.
INFO: [HLS 200-111]  Elapsed time: 1.545 seconds; current allocated memory: 545.476 MB.
INFO: [HLS 200-10] ----------------------------------------------------------------
INFO: [HLS 200-10] -- Generating RTL for module 'atan_generic_double_s' 
INFO: [HLS 200-10] ----------------------------------------------------------------
INFO: [SYN 201-210] Renamed object name 'atan_generic_double_s_cordic_ctab_table_12' to 'atan_generic_doublbW' due to the length limit 20
INFO: [RTGEN 206-100] Finished creating RTL model for 'atan_generic_double_s'.
INFO: [HLS 200-111]  Elapsed time: 0.964 seconds; current allocated memory: 546.249 MB.
INFO: [HLS 200-10] ----------------------------------------------------------------
INFO: [HLS 200-10] -- Generating RTL for module 'atan' 
INFO: [HLS 200-10] ----------------------------------------------------------------
INFO: [SYN 201-210] Renamed object name 'top_level_dsub_64ns_64ns_64_5_full_dsp_1' to 'top_level_dsub_64mb6' due to the length limit 20
INFO: [SYN 201-210] Renamed object name 'top_level_ddiv_64ns_64ns_64_17_1' to 'top_level_ddiv_64ncg' due to the length limit 20
INFO: [SYN 201-210] Renamed object name 'top_level_dcmp_64ns_64ns_1_2_1' to 'top_level_dcmp_64ocq' due to the length limit 20
INFO: [RTGEN 206-100] Generating core module 'top_level_dcmp_64ocq': 1 instance(s).
INFO: [RTGEN 206-100] Generating core module 'top_level_ddiv_64ncg': 1 instance(s).
INFO: [RTGEN 206-100] Generating core module 'top_level_dsub_64mb6': 1 instance(s).
INFO: [RTGEN 206-100] Finished creating RTL model for 'atan'.
INFO: [HLS 200-111]  Elapsed time: 1.487 seconds; current allocated memory: 546.891 MB.
INFO: [HLS 200-10] ----------------------------------------------------------------
INFO: [HLS 200-10] -- Generating RTL for module 'update' 
INFO: [HLS 200-10] ----------------------------------------------------------------
INFO: [SYN 201-210] Renamed object name 'top_level_faddfsub_32ns_32ns_32_4_full_dsp_1' to 'top_level_faddfsupcA' due to the length limit 20
INFO: [SYN 201-210] Renamed object name 'top_level_fadd_32ns_32ns_32_4_full_dsp_1' to 'top_level_fadd_32qcK' due to the length limit 20
INFO: [SYN 201-210] Renamed object name 'top_level_fmul_32ns_32ns_32_2_max_dsp_1' to 'top_level_fmul_32rcU' due to the length limit 20
INFO: [SYN 201-210] Renamed object name 'top_level_fdiv_32ns_32ns_32_8_1' to 'top_level_fdiv_32sc4' due to the length limit 20
INFO: [SYN 201-210] Renamed object name 'top_level_sitofp_32ns_32_3_1' to 'top_level_sitofp_tde' due to the length limit 20
INFO: [SYN 201-210] Renamed object name 'top_level_fptrunc_64ns_32_2_1' to 'top_level_fptruncudo' due to the length limit 20
INFO: [SYN 201-210] Renamed object name 'top_level_fpext_32ns_64_2_1' to 'top_level_fpext_3vdy' due to the length limit 20
INFO: [SYN 201-210] Renamed object name 'top_level_fcmp_32ns_32ns_1_2_1' to 'top_level_fcmp_32wdI' due to the length limit 20
INFO: [SYN 201-210] Renamed object name 'top_level_fsqrt_32ns_32ns_32_7_1' to 'top_level_fsqrt_3xdS' due to the length limit 20
INFO: [SYN 201-210] Renamed object name 'top_level_dadddsub_64ns_64ns_64_5_full_dsp_1' to 'top_level_dadddsuyd2' due to the length limit 20
INFO: [SYN 201-210] Renamed object name 'top_level_dmul_64ns_64ns_64_5_max_dsp_1' to 'top_level_dmul_64zec' due to the length limit 20
INFO: [RTGEN 206-100] Generating core module 'top_level_dadddsuyd2': 1 instance(s).
INFO: [RTGEN 206-100] Generating core module 'top_level_ddiv_64ncg': 2 instance(s).
INFO: [RTGEN 206-100] Generating core module 'top_level_dmul_64zec': 2 instance(s).
INFO: [RTGEN 206-100] Generating core module 'top_level_fadd_32qcK': 2 instance(s).
INFO: [RTGEN 206-100] Generating core module 'top_level_faddfsupcA': 1 instance(s).
INFO: [RTGEN 206-100] Generating core module 'top_level_fcmp_32wdI': 3 instance(s).
INFO: [RTGEN 206-100] Generating core module 'top_level_fdiv_32sc4': 2 instance(s).
INFO: [RTGEN 206-100] Generating core module 'top_level_fmul_32rcU': 5 instance(s).
INFO: [RTGEN 206-100] Generating core module 'top_level_fpext_3vdy': 2 instance(s).
INFO: [RTGEN 206-100] Generating core module 'top_level_fptruncudo': 2 instance(s).
INFO: [RTGEN 206-100] Generating core module 'top_level_fsqrt_3xdS': 1 instance(s).
INFO: [RTGEN 206-100] Generating core module 'top_level_sitofp_tde': 1 instance(s).
INFO: [RTGEN 206-100] Finished creating RTL model for 'update'.
INFO: [HLS 200-111]  Elapsed time: 1.573 seconds; current allocated memory: 549.271 MB.
INFO: [HLS 200-10] ----------------------------------------------------------------
INFO: [HLS 200-10] -- Generating RTL for module 'update_1' 
INFO: [HLS 200-10] ----------------------------------------------------------------
WARNING: [RTGEN 206-101] Register 'car_chassis_vel_z' is power-on initialization.
WARNING: [RTGEN 206-101] Register 'car_chassis_angularV' is power-on initialization.
WARNING: [RTGEN 206-101] Register 'car_chassis_wFL' is power-on initialization.
WARNING: [RTGEN 206-101] Register 'car_frontLeft_angula' is power-on initialization.
WARNING: [RTGEN 206-101] Register 'car_chassis_wFR' is power-on initialization.
WARNING: [RTGEN 206-101] Register 'car_frontRight_angul' is power-on initialization.
WARNING: [RTGEN 206-101] Register 'car_chassis_wRL' is power-on initialization.
WARNING: [RTGEN 206-101] Register 'car_rearLeft_angular' is power-on initialization.
WARNING: [RTGEN 206-101] Register 'car_chassis_wRR' is power-on initialization.
WARNING: [RTGEN 206-101] Register 'car_rearRight_angula' is power-on initialization.
WARNING: [RTGEN 206-101] Register 'car_chassis_pos_x' is power-on initialization.
WARNING: [RTGEN 206-101] Register 'car_chassis_pos_z' is power-on initialization.
WARNING: [RTGEN 206-101] Register 'car_chassis_accel_x' is power-on initialization.
WARNING: [RTGEN 206-101] Register 'car_chassis_accel_z' is power-on initialization.
WARNING: [RTGEN 206-101] Register 'car_chassis_orientat' is power-on initialization.
INFO: [SYN 201-210] Renamed object name 'top_level_dadd_64ns_64ns_64_5_full_dsp_1' to 'top_level_dadd_64Aem' due to the length limit 20
INFO: [RTGEN 206-100] Generating core module 'top_level_dadd_64Aem': 1 instance(s).
INFO: [RTGEN 206-100] Generating core module 'top_level_dmul_64zec': 4 instance(s).
INFO: [RTGEN 206-100] Generating core module 'top_level_dsub_64mb6': 1 instance(s).
INFO: [RTGEN 206-100] Generating core module 'top_level_faddfsupcA': 4 instance(s).
INFO: [RTGEN 206-100] Generating core module 'top_level_fdiv_32sc4': 2 instance(s).
INFO: [RTGEN 206-100] Generating core module 'top_level_fmul_32rcU': 4 instance(s).
INFO: [RTGEN 206-100] Generating core module 'top_level_fpext_3vdy': 2 instance(s).
INFO: [RTGEN 206-100] Generating core module 'top_level_fptruncudo': 2 instance(s).
INFO: [RTGEN 206-100] Finished creating RTL model for 'update_1'.
INFO: [HLS 200-111]  Elapsed time: 3.634 seconds; current allocated memory: 551.320 MB.
INFO: [HLS 200-10] ----------------------------------------------------------------
INFO: [HLS 200-10] -- Generating RTL for module 'top_level' 
INFO: [HLS 200-10] ----------------------------------------------------------------
INFO: [RTGEN 206-500] Setting interface mode on port 'top_level/deltaTime' to 'ap_none'.
INFO: [RTGEN 206-500] Setting interface mode on port 'top_level/torque' to 'ap_none'.
INFO: [RTGEN 206-500] Setting interface mode on port 'top_level/steeringAngle' to 'ap_none'.
INFO: [RTGEN 206-500] Setting interface mode on port 'top_level/vel_x' to 'ap_vld'.
INFO: [RTGEN 206-500] Setting interface mode on port 'top_level/pos_x' to 'ap_vld'.
INFO: [RTGEN 206-500] Setting interface mode on port 'top_level/pos_z' to 'ap_vld'.
INFO: [RTGEN 206-500] Setting interface mode on function 'top_level' to 'ap_ctrl_hs'.
WARNING: [RTGEN 206-101] Register 'car_chassis_vel_x' is power-on initialization.
INFO: [RTGEN 206-100] Finished creating RTL model for 'top_level'.
INFO: [HLS 200-111]  Elapsed time: 3.897 seconds; current allocated memory: 552.421 MB.
INFO: [RTMG 210-282] Generating pipelined core: 'top_level_mul_170ibs_MulnS_0'
INFO: [RTMG 210-288] Generating pipelined multiplexer : 'top_level_mux_83_jbC'
INFO: [RTMG 210-279] Implementing memory 'sin_or_cos_doublecud_rom' using auto ROMs.
INFO: [RTMG 210-279] Implementing memory 'sin_or_cos_doubledEe_rom' using distributed ROMs.
INFO: [RTMG 210-279] Implementing memory 'sin_or_cos_doubleeOg_rom' using distributed ROMs.
INFO: [RTMG 210-279] Implementing memory 'sin_or_cos_doublefYi_rom' using distributed ROMs.
INFO: [RTMG 210-279] Implementing memory 'sin_or_cos_doubleg8j_rom' using distributed ROMs.
INFO: [RTMG 210-279] Implementing memory 'sin_or_cos_doublehbi_rom' using distributed ROMs.
INFO: [RTMG 210-279] Implementing memory 'atan_generic_doublbW_rom' using auto ROMs.
INFO: [HLS 200-111] Finished generating all RTL models Time (s): cpu = 00:00:51 ; elapsed = 00:03:10 . Memory (MB): peak = 645.109 ; gain = 576.504
INFO: [VHDL 208-304] Generating VHDL RTL for top_level.
INFO: [VLOG 209-307] Generating Verilog RTL for top_level.
INFO: [HLS 200-112] Total elapsed time: 190.133 seconds; peak allocated memory: 552.421 MB.
==============================================================
Vivado(TM) HLS - High-Level Synthesis from C, C++ and SystemC v2019.1 (64-bit)
Copyright 1986-2019 Xilinx, Inc. All Rights Reserved.
==============================================================
INFO: [SYN 201-201] Setting up clock 'default' with a period of 10ns.
INFO: [SYN 201-201] Setting up clock 'default' with an uncertainty of 1.25ns.
INFO: [HLS 200-10] Setting target device to 'xc7k325t-ffg900-2'
INFO: [HLS 200-435] Setting 'config_sdx -target' configuration: config_export -vivado_optimization_level=2
INFO: [HLS 200-435] Setting 'config_sdx -target' configuration: set_clock_uncertainty default
INFO: [IMPL 213-8] Exporting RTL as an IP for System Generator for DSP (Vivado).
==============================================================
Vivado(TM) HLS - High-Level Synthesis from C, C++ and SystemC v2019.1 (64-bit)
Copyright 1986-2019 Xilinx, Inc. All Rights Reserved.
==============================================================
INFO: [SYN 201-201] Setting up clock 'default' with a period of 10ns.
INFO: [SYN 201-201] Setting up clock 'default' with an uncertainty of 1.25ns.
INFO: [HLS 200-10] Setting target device to 'xc7k325t-ffg900-2'
INFO: [HLS 200-435] Setting 'config_sdx -target' configuration: config_export -vivado_optimization_level=2
INFO: [HLS 200-435] Setting 'config_sdx -target' configuration: set_clock_uncertainty default
INFO: [SIM 211-2] *************** CSIM start ***************
INFO: [SIM 211-4] CSIM will launch GCC as the compiler.
INFO: [SIM 211-1] CSim file generation done with 0 errors.
INFO: [SIM 211-3] *************** CSIM finish ***************
==============================================================
Vivado(TM) HLS - High-Level Synthesis from C, C++ and SystemC v2019.1 (64-bit)
Copyright 1986-2019 Xilinx, Inc. All Rights Reserved.
==============================================================
INFO: [SYN 201-201] Setting up clock 'default' with a period of 10ns.
INFO: [SYN 201-201] Setting up clock 'default' with an uncertainty of 1.25ns.
INFO: [HLS 200-10] Setting target device to 'xc7k325t-ffg900-2'
INFO: [HLS 200-435] Setting 'config_sdx -target' configuration: config_export -vivado_optimization_level=2
INFO: [HLS 200-435] Setting 'config_sdx -target' configuration: set_clock_uncertainty default
INFO: [SIM 211-2] *************** CSIM start ***************
INFO: [SIM 211-4] CSIM will launch GCC as the compiler.
ERROR: [SIM 211-100] CSim file generation failed: compilation error(s).
INFO: [SIM 211-3] *************** CSIM finish ***************
==============================================================
Vivado(TM) HLS - High-Level Synthesis from C, C++ and SystemC v2019.1 (64-bit)
Copyright 1986-2019 Xilinx, Inc. All Rights Reserved.
==============================================================
INFO: [SYN 201-201] Setting up clock 'default' with a period of 10ns.
INFO: [SYN 201-201] Setting up clock 'default' with an uncertainty of 1.25ns.
INFO: [HLS 200-10] Setting target device to 'xc7k325t-ffg900-2'
INFO: [HLS 200-435] Setting 'config_sdx -target' configuration: config_export -vivado_optimization_level=2
INFO: [HLS 200-435] Setting 'config_sdx -target' configuration: set_clock_uncertainty default
INFO: [SIM 211-2] *************** CSIM start ***************
INFO: [SIM 211-4] CSIM will launch GCC as the compiler.
INFO: [SIM 211-1] CSim file generation done with 0 errors.
INFO: [SIM 211-3] *************** CSIM finish ***************
==============================================================
Vivado(TM) HLS - High-Level Synthesis from C, C++ and SystemC v2019.1 (64-bit)
Copyright 1986-2019 Xilinx, Inc. All Rights Reserved.
==============================================================
INFO: [SYN 201-201] Setting up clock 'default' with a period of 10ns.
INFO: [SYN 201-201] Setting up clock 'default' with an uncertainty of 1.25ns.
INFO: [HLS 200-10] Setting target device to 'xc7k325t-ffg900-2'
INFO: [HLS 200-435] Setting 'config_sdx -target' configuration: config_export -vivado_optimization_level=2
INFO: [HLS 200-435] Setting 'config_sdx -target' configuration: set_clock_uncertainty default
INFO: [SIM 211-2] *************** CSIM start ***************
INFO: [SIM 211-4] CSIM will launch GCC as the compiler.
INFO: [SIM 211-1] CSim file generation done with 0 errors.
INFO: [SIM 211-3] *************** CSIM finish ***************
==============================================================
Vivado(TM) HLS - High-Level Synthesis from C, C++ and SystemC v2019.1 (64-bit)
Copyright 1986-2019 Xilinx, Inc. All Rights Reserved.
==============================================================
INFO: [SYN 201-201] Setting up clock 'default' with a period of 10ns.
INFO: [SYN 201-201] Setting up clock 'default' with an uncertainty of 1.25ns.
INFO: [HLS 200-10] Setting target device to 'xc7k325t-ffg900-2'
INFO: [HLS 200-435] Setting 'config_sdx -target' configuration: config_export -vivado_optimization_level=2
INFO: [HLS 200-435] Setting 'config_sdx -target' configuration: set_clock_uncertainty default
INFO: [SIM 211-2] *************** CSIM start ***************
INFO: [SIM 211-4] CSIM will launch GCC as the compiler.
INFO: [SIM 211-1] CSim file generation done with 0 errors.
INFO: [SIM 211-3] *************** CSIM finish ***************
==============================================================
Vivado(TM) HLS - High-Level Synthesis from C, C++ and SystemC v2019.1 (64-bit)
Copyright 1986-2019 Xilinx, Inc. All Rights Reserved.
==============================================================
INFO: [SYN 201-201] Setting up clock 'default' with a period of 10ns.
INFO: [SYN 201-201] Setting up clock 'default' with an uncertainty of 1.25ns.
INFO: [HLS 200-10] Setting target device to 'xc7k325t-ffg900-2'
INFO: [HLS 200-435] Setting 'config_sdx -target' configuration: config_export -vivado_optimization_level=2
INFO: [HLS 200-435] Setting 'config_sdx -target' configuration: set_clock_uncertainty default
INFO: [SIM 211-2] *************** CSIM start ***************
INFO: [SIM 211-4] CSIM will launch GCC as the compiler.
INFO: [SIM 211-1] CSim file generation done with 0 errors.
INFO: [SIM 211-3] *************** CSIM finish ***************
==============================================================
Vivado(TM) HLS - High-Level Synthesis from C, C++ and SystemC v2019.1 (64-bit)
Copyright 1986-2019 Xilinx, Inc. All Rights Reserved.
==============================================================
INFO: [SYN 201-201] Setting up clock 'default' with a period of 10ns.
INFO: [SYN 201-201] Setting up clock 'default' with an uncertainty of 1.25ns.
INFO: [HLS 200-10] Setting target device to 'xc7k325t-ffg900-2'
INFO: [HLS 200-435] Setting 'config_sdx -target' configuration: config_export -vivado_optimization_level=2
INFO: [HLS 200-435] Setting 'config_sdx -target' configuration: set_clock_uncertainty default
INFO: [SIM 211-2] *************** CSIM start ***************
INFO: [SIM 211-4] CSIM will launch GCC as the compiler.
INFO: [SIM 211-1] CSim file generation done with 0 errors.
INFO: [SIM 211-3] *************** CSIM finish ***************
==============================================================
Vivado(TM) HLS - High-Level Synthesis from C, C++ and SystemC v2019.1 (64-bit)
Copyright 1986-2019 Xilinx, Inc. All Rights Reserved.
==============================================================
INFO: [SYN 201-201] Setting up clock 'default' with a period of 10ns.
INFO: [SYN 201-201] Setting up clock 'default' with an uncertainty of 1.25ns.
INFO: [HLS 200-10] Setting target device to 'xc7k325t-ffg900-2'
INFO: [HLS 200-435] Setting 'config_sdx -target' configuration: config_export -vivado_optimization_level=2
INFO: [HLS 200-435] Setting 'config_sdx -target' configuration: set_clock_uncertainty default
INFO: [SIM 211-2] *************** CSIM start ***************
INFO: [SIM 211-4] CSIM will launch GCC as the compiler.
INFO: [SIM 211-1] CSim file generation done with 0 errors.
INFO: [SIM 211-3] *************** CSIM finish ***************
==============================================================
Vivado(TM) HLS - High-Level Synthesis from C, C++ and SystemC v2019.1 (64-bit)
Copyright 1986-2019 Xilinx, Inc. All Rights Reserved.
==============================================================
INFO: [SYN 201-201] Setting up clock 'default' with a period of 10ns.
INFO: [SYN 201-201] Setting up clock 'default' with an uncertainty of 1.25ns.
INFO: [HLS 200-10] Setting target device to 'xc7k325t-ffg900-2'
INFO: [HLS 200-435] Setting 'config_sdx -target' configuration: config_export -vivado_optimization_level=2
INFO: [HLS 200-435] Setting 'config_sdx -target' configuration: set_clock_uncertainty default
INFO: [HLS 200-435] Setting 'config_sdx -target' configuration: config_export -vivado_optimization_level=2
INFO: [HLS 200-435] Setting 'config_sdx -target' configuration: set_clock_uncertainty default
INFO: [SCHED 204-61] Option 'relax_ii_for_timing' is enabled, will increase II to preserve clock frequency constraints.
INFO: [HLS 200-10] Analyzing design file 'CarSimOnFPGA/Car.cpp' ... 
INFO: [HLS 200-10] Analyzing design file 'CarSimOnFPGA/Chassis.cpp' ... 
INFO: [HLS 200-10] Analyzing design file 'CarSimOnFPGA/Wheel.cpp' ... 
INFO: [HLS 200-10] Analyzing design file 'CarSimOnFPGA/top_level.cpp' ... 
INFO: [HLS 200-111] Finished Linking Time (s): cpu = 00:00:05 ; elapsed = 00:01:45 . Memory (MB): peak = 185.395 ; gain = 94.781
INFO: [HLS 200-111] Finished Checking Pragmas Time (s): cpu = 00:00:05 ; elapsed = 00:01:45 . Memory (MB): peak = 185.395 ; gain = 94.781
INFO: [HLS 200-10] Starting code transformations ...
INFO: [XFORM 203-603] Inlining function 'cordic_::cordic_circ_v1<88, 1, 0, 0, 88, 3, 86, 1>' into 'cordic_::atan_generic<double>' (r:/builds/2019.1/continuous/2019_05_24_2552052/src/products/hls/hls_lib/hlsmath/include/FloatingPoint\hls_cordic.h:620).
INFO: [HLS 200-111] Finished Standard Transforms Time (s): cpu = 00:00:11 ; elapsed = 00:01:54 . Memory (MB): peak = 327.555 ; gain = 236.941
INFO: [HLS 200-10] Checking synthesizability ...
INFO: [XFORM 203-602] Inlining function '_ZN9fp_structIdEC2Ed10' into '_ZN9fp_structIdEC1Ed4' (r:/builds/2019.1/continuous/2019_05_24_2552052/src/products/hls/hls_lib/src/hls\utils/x_hls_utils.h:479) automatically.
INFO: [XFORM 203-602] Inlining function '_ZN9fp_structIdEC1Ed4' into 'range_redux_payne_hanek_hotbm<61, double, 63, 63>' (r:/builds/2019.1/continuous/2019_05_24_2552052/src/products/hls/hls_lib/hlsmath/include/FloatingPoint/hls_range_redux.h:469) automatically.
INFO: [XFORM 203-602] Inlining function '_ZNK9fp_structIdE4expvEv8' into 'range_redux_payne_hanek_hotbm<61, double, 63, 63>' (r:/builds/2019.1/continuous/2019_05_24_2552052/src/products/hls/hls_lib/hlsmath/include/FloatingPoint/hls_range_redux.h:470) automatically.
INFO: [XFORM 203-602] Inlining function 'table_lookup_4oPi_hotbm<52, 61>' into 'range_redux_payne_hanek_hotbm<61, double, 63, 63>' (r:/builds/2019.1/continuous/2019_05_24_2552052/src/products/hls/hls_lib/hlsmath/include/FloatingPoint/hls_range_redux.h:496) automatically.
INFO: [XFORM 203-602] Inlining function 'clz<61, 124, 0>' into 'range_redux_payne_hanek_hotbm<61, double, 63, 63>' (r:/builds/2019.1/continuous/2019_05_24_2552052/src/products/hls/hls_lib/hlsmath/include/FloatingPoint/hls_range_redux.h:524) automatically.
INFO: [XFORM 203-602] Inlining function 'fp_struct<double>::data' into 'fp_struct<double>::to_double' (r:/builds/2019.1/continuous/2019_05_24_2552052/src/products/hls/hls_lib/src/hls\utils/x_hls_utils.h:512) automatically.
INFO: [XFORM 203-602] Inlining function 'fp_struct<double>::to_double' into 'fp_struct<double>::to_ieee' (r:/builds/2019.1/continuous/2019_05_24_2552052/src/products/hls/hls_lib/src/hls\utils/x_hls_utils.h:526) automatically.
INFO: [XFORM 203-602] Inlining function 'clz' into 'scaled_fixed2ieee<63, 1>' (r:/builds/2019.1/continuous/2019_05_24_2552052/src/products/hls/hls_lib/src/hls\utils/x_hls_float_utils.h:435) automatically.
INFO: [XFORM 203-602] Inlining function 'fp_struct<double>::set_mantissa' into 'scaled_fixed2ieee<63, 1>' (r:/builds/2019.1/continuous/2019_05_24_2552052/src/products/hls/hls_lib/src/hls\utils/x_hls_float_utils.h:463) automatically.
INFO: [XFORM 203-602] Inlining function 'fp_struct<double>::to_ieee' into 'scaled_fixed2ieee<63, 1>' (r:/builds/2019.1/continuous/2019_05_24_2552052/src/products/hls/hls_lib/src/hls\utils/x_hls_float_utils.h:466) automatically.
INFO: [XFORM 203-602] Inlining function '_ZN9fp_structIdEC1Ed4' into 'hotbm_::sin_or_cos<double>' (r:/builds/2019.1/continuous/2019_05_24_2552052/src/products/hls/hls_lib/hlsmath/include/FloatingPoint\hls_hotbm.h:252) automatically.
INFO: [XFORM 203-602] Inlining function 'hotbm_::value_list<double>::sin_or_cos_approximation<63, 63>' into 'hotbm_::sin_or_cos<double>' (r:/builds/2019.1/continuous/2019_05_24_2552052/src/products/hls/hls_lib/hlsmath/include/FloatingPoint\hls_hotbm.h:279) automatically.
INFO: [XFORM 203-602] Inlining function 'fp_struct<double>::to_ieee' into 'hotbm_::sin_or_cos<double>' (r:/builds/2019.1/continuous/2019_05_24_2552052/src/products/hls/hls_lib/hlsmath/include/FloatingPoint\hls_hotbm.h:316) automatically.
INFO: [XFORM 203-602] Inlining function 'hotbm_::cos' into 'cos' (r:/builds/2019.1/continuous/2019_05_24_2552052/src/products/hls/hls_lib/hlsmath/src/c/sincosdouble.cpp:13) automatically.
INFO: [XFORM 203-602] Inlining function 'hotbm_::sin' into 'sin' (r:/builds/2019.1/continuous/2019_05_24_2552052/src/products/hls/hls_lib/hlsmath/src/c/sincosdouble.cpp:8) automatically.
INFO: [XFORM 203-602] Inlining function 'fp_struct<float>::mantissa' into 'generic_cast_IEEE754<int, (ap_q_mode)6, float>' (r:/builds/2019.1/continuous/2019_05_24_2552052/src/products/hls/hls_lib/hlsmath/include/FloatingPoint\hls_case_IEEE754.h:15) automatically.
INFO: [XFORM 203-602] Inlining function 'fp_struct<float>::expv' into 'generic_cast_IEEE754<int, (ap_q_mode)6, float>' (r:/builds/2019.1/continuous/2019_05_24_2552052/src/products/hls/hls_lib/hlsmath/include/FloatingPoint\hls_case_IEEE754.h:18) automatically.
INFO: [XFORM 203-602] Inlining function 'fp_struct<float>::__signbit' into 'generic_cast_IEEE754<int, (ap_q_mode)6, float>' (r:/builds/2019.1/continuous/2019_05_24_2552052/src/products/hls/hls_lib/hlsmath/include/FloatingPoint\hls_case_IEEE754.h:59) automatically.
INFO: [XFORM 203-602] Inlining function 'generic_cast_IEEE754<int, (ap_q_mode)6, float>' into 'generic_cast_IEEE754<int, float>' (r:/builds/2019.1/continuous/2019_05_24_2552052/src/products/hls/hls_lib/hlsmath/include/FloatingPoint\hls_case_IEEE754.h:117) automatically.
INFO: [XFORM 203-602] Inlining function 'generic_cast_IEEE754<int, float>' into '__hls_fptosi_float_i32' (r:/builds/2019.1/continuous/2019_05_24_2552052/src/products/hls/hls_lib/hlsmath/src/lib_floatconversion.cpp:51) automatically.
INFO: [XFORM 203-602] Inlining function 'fp_struct<double>::to_ieee' into 'generic_nan<double>' (r:/builds/2019.1/continuous/2019_05_24_2552052/src/products/hls/hls_lib/hlsmath/include/FloatingPoint/hls_nan.h:15) automatically.
INFO: [XFORM 203-602] Inlining function '_ZN9fp_structIdEC1Ed4' into 'cordic_::atan_generic<double>' (r:/builds/2019.1/continuous/2019_05_24_2552052/src/products/hls/hls_lib/hlsmath/include/FloatingPoint\hls_cordic.h:578) automatically.
INFO: [XFORM 203-602] Inlining function '_ZNK9fp_structIdE4expvEv8' into 'cordic_::atan_generic<double>' (r:/builds/2019.1/continuous/2019_05_24_2552052/src/products/hls/hls_lib/hlsmath/include/FloatingPoint\hls_cordic.h:606) automatically.
INFO: [XFORM 203-602] Inlining function '_ZNK9fp_structIdE8mantissaEv6' into 'cordic_::atan_generic<double>' (r:/builds/2019.1/continuous/2019_05_24_2552052/src/products/hls/hls_lib/hlsmath/include/FloatingPoint\hls_cordic.h:607) automatically.
INFO: [XFORM 203-602] Inlining function 'cordic_::addsub<0, 0, ap_fixed<88, 3, (ap_q_mode)5, (ap_o_mode)3, 0>, ap_fixed<88, 3, (ap_q_mode)5, (ap_o_mode)3, 0>, ap_uint<1> >' into 'cordic_::atan_generic<double>' (r:/builds/2019.1/continuous/2019_05_24_2552052/src/products/hls/hls_lib/hlsmath/include/FloatingPoint\hls_cordic.h:189->r:/builds/2019.1/continuous/2019_05_24_2552052/src/products/hls/hls_lib/hlsmath/include/FloatingPoint\hls_cordic.h:620) automatically.
INFO: [XFORM 203-602] Inlining function 'cordic_::addsub<0, 0, ap_fixed<88, 3, (ap_q_mode)5, (ap_o_mode)3, 0>, ap_fixed<88, 3, (ap_q_mode)5, (ap_o_mode)3, 0>, bool>' into 'cordic_::atan_generic<double>' (r:/builds/2019.1/continuous/2019_05_24_2552052/src/products/hls/hls_lib/hlsmath/include/FloatingPoint\hls_cordic.h:191->r:/builds/2019.1/continuous/2019_05_24_2552052/src/products/hls/hls_lib/hlsmath/include/FloatingPoint\hls_cordic.h:620) automatically.
INFO: [XFORM 203-602] Inlining function 'cordic_::addsub<0, 0, ap_fixed<86, 1, (ap_q_mode)5, (ap_o_mode)3, 0>, ap_fixed<86, 1, (ap_q_mode)0, (ap_o_mode)3, 0>, ap_uint<1> >' into 'cordic_::atan_generic<double>' (r:/builds/2019.1/continuous/2019_05_24_2552052/src/products/hls/hls_lib/hlsmath/include/FloatingPoint\hls_cordic.h:193->r:/builds/2019.1/continuous/2019_05_24_2552052/src/products/hls/hls_lib/hlsmath/include/FloatingPoint\hls_cordic.h:620) automatically.
INFO: [XFORM 203-602] Inlining function '_ZN9fp_structIdEC1Ed4' into 'cordic_::atan_cordic<double>' (r:/builds/2019.1/continuous/2019_05_24_2552052/src/products/hls/hls_lib/hlsmath/include/FloatingPoint\hls_cordic.h:630) automatically.
INFO: [XFORM 203-602] Inlining function 'fp_struct<double>::to_ieee' into 'cordic_::atan_cordic<double>' (r:/builds/2019.1/continuous/2019_05_24_2552052/src/products/hls/hls_lib/hlsmath/include/FloatingPoint\hls_cordic.h:633) automatically.
INFO: [XFORM 203-602] Inlining function 'generic_nan<double>' into 'cordic_::atan_cordic<double>' (r:/builds/2019.1/continuous/2019_05_24_2552052/src/products/hls/hls_lib/hlsmath/include/FloatingPoint\hls_cordic.h:642) automatically.
INFO: [XFORM 203-602] Inlining function 'cos' into 'Wheel::update' (CarSimOnFPGA/Wheel.cpp:21) automatically.
INFO: [XFORM 203-602] Inlining function '__hls_fptosi_float_i32' into 'Wheel::update' (CarSimOnFPGA/Wheel.cpp:32) automatically.
INFO: [XFORM 203-602] Inlining function 'cos' into 'Chassis::update' (CarSimOnFPGA/Chassis.cpp:50) automatically.
INFO: [XFORM 203-602] Inlining function 'sin' into 'Chassis::update' (CarSimOnFPGA/Chassis.cpp:50) automatically.
INFO: [XFORM 203-602] Inlining function 'Chassis::update' into 'Car::update' (CarSimOnFPGA/Car.cpp:34) automatically.
WARNING: [SYNCHK 200-23] r:/builds/2019.1/continuous/2019_05_24_2552052/src/products/hls/hls_lib/src/hls\utils/x_hls_float_utils.h:425: variable-indexed range selection may cause suboptimal QoR.
INFO: [SYNCHK 200-10] 0 error(s), 1 warning(s).
INFO: [HLS 200-111] Finished Checking Synthesizability Time (s): cpu = 00:00:13 ; elapsed = 00:01:57 . Memory (MB): peak = 401.293 ; gain = 310.680
INFO: [XFORM 203-502] Unrolling small iteration loop 'Loop-2' (r:/builds/2019.1/continuous/2019_05_24_2552052/src/products/hls/hls_lib/hlsmath/include/FloatingPoint\hls_cordic.h:622) in function 'cordic_::atan_generic<double>' automatically.
INFO: [HLS 200-489] Unrolling loop 'Loop-2' (r:/builds/2019.1/continuous/2019_05_24_2552052/src/products/hls/hls_lib/hlsmath/include/FloatingPoint\hls_cordic.h:622) in function 'cordic_::atan_generic<double>' completely with a factor of 1.
INFO: [XFORM 203-102] Automatically partitioning small array 'out_bits.V' (r:/builds/2019.1/continuous/2019_05_24_2552052/src/products/hls/hls_lib/src/hls\utils/x_hls_float_utils.h:422) completely based on array size.
INFO: [XFORM 203-102] Automatically partitioning small array 'c' (r:/builds/2019.1/continuous/2019_05_24_2552052/src/products/hls/hls_lib/src/hls\utils/x_hls_float_utils.h:433) completely based on array size.
INFO: [XFORM 203-101] Partitioning array 'swap_table.1'  in dimension 1 completely.
INFO: [XFORM 203-101] Partitioning array 'swap_table'  in dimension 1 completely.
INFO: [XFORM 203-101] Partitioning array 'neg_sin_table'  in dimension 1 completely.
INFO: [XFORM 203-101] Partitioning array 'neg_cos_table'  in dimension 1 completely.
INFO: [XFORM 203-101] Partitioning array 'out_bits.V' (r:/builds/2019.1/continuous/2019_05_24_2552052/src/products/hls/hls_lib/src/hls\utils/x_hls_float_utils.h:422) in dimension 1 completely.
INFO: [XFORM 203-101] Partitioning array 'c' (r:/builds/2019.1/continuous/2019_05_24_2552052/src/products/hls/hls_lib/src/hls\utils/x_hls_float_utils.h:433) in dimension 1 completely.
INFO: [XFORM 203-602] Inlining function '_ZN9fp_structIdEC2Ed10' into '_ZN9fp_structIdEC1Ed4' (r:/builds/2019.1/continuous/2019_05_24_2552052/src/products/hls/hls_lib/src/hls\utils/x_hls_utils.h:479) automatically.
INFO: [XFORM 203-602] Inlining function '_ZN9fp_structIdEC1Ed4' into 'range_redux_payne_hanek_hotbm<61, double, 63, 63>' (r:/builds/2019.1/continuous/2019_05_24_2552052/src/products/hls/hls_lib/hlsmath/include/FloatingPoint/hls_range_redux.h:469) automatically.
INFO: [XFORM 203-602] Inlining function '_ZNK9fp_structIdE4expvEv8' into 'range_redux_payne_hanek_hotbm<61, double, 63, 63>' (r:/builds/2019.1/continuous/2019_05_24_2552052/src/products/hls/hls_lib/hlsmath/include/FloatingPoint/hls_range_redux.h:470) automatically.
INFO: [XFORM 203-602] Inlining function 'table_lookup_4oPi_hotbm<52, 61>' into 'range_redux_payne_hanek_hotbm<61, double, 63, 63>' (r:/builds/2019.1/continuous/2019_05_24_2552052/src/products/hls/hls_lib/hlsmath/include/FloatingPoint/hls_range_redux.h:496) automatically.
INFO: [XFORM 203-602] Inlining function 'clz<61, 124, 0>' into 'range_redux_payne_hanek_hotbm<61, double, 63, 63>' (r:/builds/2019.1/continuous/2019_05_24_2552052/src/products/hls/hls_lib/hlsmath/include/FloatingPoint/hls_range_redux.h:524) automatically.
INFO: [XFORM 203-602] Inlining function 'fp_struct<double>::data' into 'fp_struct<double>::to_double' (r:/builds/2019.1/continuous/2019_05_24_2552052/src/products/hls/hls_lib/src/hls\utils/x_hls_utils.h:512) automatically.
INFO: [XFORM 203-602] Inlining function 'fp_struct<double>::to_double' into 'fp_struct<double>::to_ieee' (r:/builds/2019.1/continuous/2019_05_24_2552052/src/products/hls/hls_lib/src/hls\utils/x_hls_utils.h:526) automatically.
INFO: [XFORM 203-602] Inlining function 'clz' into 'scaled_fixed2ieee<63, 1>' (r:/builds/2019.1/continuous/2019_05_24_2552052/src/products/hls/hls_lib/src/hls\utils/x_hls_float_utils.h:435) automatically.
INFO: [XFORM 203-602] Inlining function 'fp_struct<double>::set_mantissa' into 'scaled_fixed2ieee<63, 1>' (r:/builds/2019.1/continuous/2019_05_24_2552052/src/products/hls/hls_lib/src/hls\utils/x_hls_float_utils.h:463) automatically.
INFO: [XFORM 203-602] Inlining function 'fp_struct<double>::to_ieee' into 'scaled_fixed2ieee<63, 1>' (r:/builds/2019.1/continuous/2019_05_24_2552052/src/products/hls/hls_lib/src/hls\utils/x_hls_float_utils.h:466) automatically.
INFO: [XFORM 203-602] Inlining function '_ZN9fp_structIdEC1Ed4' into 'hotbm_::sin_or_cos<double>' (r:/builds/2019.1/continuous/2019_05_24_2552052/src/products/hls/hls_lib/hlsmath/include/FloatingPoint\hls_hotbm.h:252) automatically.
INFO: [XFORM 203-602] Inlining function 'range_redux_payne_hanek_hotbm<61, double, 63, 63>' into 'hotbm_::sin_or_cos<double>' (r:/builds/2019.1/continuous/2019_05_24_2552052/src/products/hls/hls_lib/hlsmath/include/FloatingPoint\hls_hotbm.h:268) automatically.
INFO: [XFORM 203-602] Inlining function 'hotbm_::value_list<double>::sin_or_cos_approximation<63, 63>' into 'hotbm_::sin_or_cos<double>' (r:/builds/2019.1/continuous/2019_05_24_2552052/src/products/hls/hls_lib/hlsmath/include/FloatingPoint\hls_hotbm.h:279) automatically.
INFO: [XFORM 203-602] Inlining function 'fp_struct<double>::to_ieee' into 'hotbm_::sin_or_cos<double>' (r:/builds/2019.1/continuous/2019_05_24_2552052/src/products/hls/hls_lib/hlsmath/include/FloatingPoint\hls_hotbm.h:316) automatically.
INFO: [XFORM 203-602] Inlining function 'hotbm_::cos' into 'cos' (r:/builds/2019.1/continuous/2019_05_24_2552052/src/products/hls/hls_lib/hlsmath/src/c/sincosdouble.cpp:13) automatically.
INFO: [XFORM 203-602] Inlining function 'hotbm_::sin' into 'sin' (r:/builds/2019.1/continuous/2019_05_24_2552052/src/products/hls/hls_lib/hlsmath/src/c/sincosdouble.cpp:8) automatically.
INFO: [XFORM 203-602] Inlining function 'fp_struct<float>::mantissa' into 'generic_cast_IEEE754<int, (ap_q_mode)6, float>' (r:/builds/2019.1/continuous/2019_05_24_2552052/src/products/hls/hls_lib/hlsmath/include/FloatingPoint\hls_case_IEEE754.h:15) automatically.
INFO: [XFORM 203-602] Inlining function 'fp_struct<float>::expv' into 'generic_cast_IEEE754<int, (ap_q_mode)6, float>' (r:/builds/2019.1/continuous/2019_05_24_2552052/src/products/hls/hls_lib/hlsmath/include/FloatingPoint\hls_case_IEEE754.h:18) automatically.
INFO: [XFORM 203-602] Inlining function 'fp_struct<float>::__signbit' into 'generic_cast_IEEE754<int, (ap_q_mode)6, float>' (r:/builds/2019.1/continuous/2019_05_24_2552052/src/products/hls/hls_lib/hlsmath/include/FloatingPoint\hls_case_IEEE754.h:59) automatically.
INFO: [XFORM 203-602] Inlining function 'generic_cast_IEEE754<int, (ap_q_mode)6, float>' into 'generic_cast_IEEE754<int, float>' (r:/builds/2019.1/continuous/2019_05_24_2552052/src/products/hls/hls_lib/hlsmath/include/FloatingPoint\hls_case_IEEE754.h:117) automatically.
INFO: [XFORM 203-602] Inlining function 'generic_cast_IEEE754<int, float>' into '__hls_fptosi_float_i32' (r:/builds/2019.1/continuous/2019_05_24_2552052/src/products/hls/hls_lib/hlsmath/src/lib_floatconversion.cpp:51) automatically.
INFO: [XFORM 203-602] Inlining function 'fp_struct<double>::to_ieee' into 'generic_nan<double>' (r:/builds/2019.1/continuous/2019_05_24_2552052/src/products/hls/hls_lib/hlsmath/include/FloatingPoint/hls_nan.h:15) automatically.
INFO: [XFORM 203-602] Inlining function '_ZN9fp_structIdEC1Ed4' into 'cordic_::atan_generic<double>' (r:/builds/2019.1/continuous/2019_05_24_2552052/src/products/hls/hls_lib/hlsmath/include/FloatingPoint\hls_cordic.h:578) automatically.
INFO: [XFORM 203-602] Inlining function '_ZNK9fp_structIdE4expvEv8' into 'cordic_::atan_generic<double>' (r:/builds/2019.1/continuous/2019_05_24_2552052/src/products/hls/hls_lib/hlsmath/include/FloatingPoint\hls_cordic.h:606) automatically.
INFO: [XFORM 203-602] Inlining function '_ZNK9fp_structIdE8mantissaEv6' into 'cordic_::atan_generic<double>' (r:/builds/2019.1/continuous/2019_05_24_2552052/src/products/hls/hls_lib/hlsmath/include/FloatingPoint\hls_cordic.h:607) automatically.
INFO: [XFORM 203-602] Inlining function 'cordic_::addsub<0, 0, ap_fixed<88, 3, (ap_q_mode)5, (ap_o_mode)3, 0>, ap_fixed<88, 3, (ap_q_mode)5, (ap_o_mode)3, 0>, ap_uint<1> >' into 'cordic_::atan_generic<double>' (r:/builds/2019.1/continuous/2019_05_24_2552052/src/products/hls/hls_lib/hlsmath/include/FloatingPoint\hls_cordic.h:189->r:/builds/2019.1/continuous/2019_05_24_2552052/src/products/hls/hls_lib/hlsmath/include/FloatingPoint\hls_cordic.h:620) automatically.
INFO: [XFORM 203-602] Inlining function 'cordic_::addsub<0, 0, ap_fixed<88, 3, (ap_q_mode)5, (ap_o_mode)3, 0>, ap_fixed<88, 3, (ap_q_mode)5, (ap_o_mode)3, 0>, bool>' into 'cordic_::atan_generic<double>' (r:/builds/2019.1/continuous/2019_05_24_2552052/src/products/hls/hls_lib/hlsmath/include/FloatingPoint\hls_cordic.h:191->r:/builds/2019.1/continuous/2019_05_24_2552052/src/products/hls/hls_lib/hlsmath/include/FloatingPoint\hls_cordic.h:620) automatically.
INFO: [XFORM 203-602] Inlining function 'cordic_::addsub<0, 0, ap_fixed<86, 1, (ap_q_mode)5, (ap_o_mode)3, 0>, ap_fixed<86, 1, (ap_q_mode)0, (ap_o_mode)3, 0>, ap_uint<1> >' into 'cordic_::atan_generic<double>' (r:/builds/2019.1/continuous/2019_05_24_2552052/src/products/hls/hls_lib/hlsmath/include/FloatingPoint\hls_cordic.h:193->r:/builds/2019.1/continuous/2019_05_24_2552052/src/products/hls/hls_lib/hlsmath/include/FloatingPoint\hls_cordic.h:620) automatically.
INFO: [XFORM 203-602] Inlining function '_ZN9fp_structIdEC1Ed4' into 'cordic_::atan_cordic<double>' (r:/builds/2019.1/continuous/2019_05_24_2552052/src/products/hls/hls_lib/hlsmath/include/FloatingPoint\hls_cordic.h:630) automatically.
INFO: [XFORM 203-602] Inlining function 'fp_struct<double>::to_ieee' into 'cordic_::atan_cordic<double>' (r:/builds/2019.1/continuous/2019_05_24_2552052/src/products/hls/hls_lib/hlsmath/include/FloatingPoint\hls_cordic.h:633) automatically.
INFO: [XFORM 203-602] Inlining function 'generic_nan<double>' into 'cordic_::atan_cordic<double>' (r:/builds/2019.1/continuous/2019_05_24_2552052/src/products/hls/hls_lib/hlsmath/include/FloatingPoint\hls_cordic.h:642) automatically.
INFO: [XFORM 203-602] Inlining function 'cordic_::atan_cordic<double>' into 'atan' (r:/builds/2019.1/continuous/2019_05_24_2552052/src/products/hls/hls_lib/hlsmath/src/c/atandouble.cpp:8) automatically.
INFO: [XFORM 203-602] Inlining function 'cos' into 'Wheel::update' (CarSimOnFPGA/Wheel.cpp:21) automatically.
INFO: [XFORM 203-602] Inlining function '__hls_fptosi_float_i32' into 'Wheel::update' (CarSimOnFPGA/Wheel.cpp:32) automatically.
INFO: [XFORM 203-602] Inlining function 'cos' into 'Chassis::update' (CarSimOnFPGA/Chassis.cpp:50) automatically.
INFO: [XFORM 203-602] Inlining function 'sin' into 'Chassis::update' (CarSimOnFPGA/Chassis.cpp:50) automatically.
INFO: [XFORM 203-602] Inlining function 'Chassis::update' into 'Car::update' (CarSimOnFPGA/Car.cpp:34) automatically.
INFO: [XFORM 203-401] Performing if-conversion on hyperblock from (r:/builds/2019.1/continuous/2019_05_24_2552052/src/products/hls/hls_lib/src/hls\utils/x_hls_float_utils.h:452:51) to (r:/builds/2019.1/continuous/2019_05_24_2552052/src/products/hls/hls_lib/src/hls\utils/x_hls_float_utils.h:467:1) in function 'scaled_fixed2ieee<63, 1>'... converting 3 basic blocks.
INFO: [XFORM 203-401] Performing if-conversion on hyperblock from (r:/builds/2019.1/continuous/2019_05_24_2552052/src/products/hls/hls_lib/hlsmath/include/FloatingPoint\hls_hotbm.h:238:18) to (r:/builds/2019.1/continuous/2019_05_24_2552052/src/products/hls/hls_lib/hlsmath/include/FloatingPoint\hls_hotbm.h:316:12) in function 'hotbm_::sin_or_cos<double>'... converting 9 basic blocks.
INFO: [XFORM 203-401] Performing if-conversion on hyperblock from (r:/builds/2019.1/continuous/2019_05_24_2552052/src/products/hls/hls_lib/hlsmath/include/FloatingPoint\hls_cordic.h:622:9) to (r:/builds/2019.1/continuous/2019_05_24_2552052/src/products/hls/hls_lib/hlsmath/include/FloatingPoint\hls_cordic.h:622:9) in function 'cordic_::atan_generic<double>'... converting 10 basic blocks.
INFO: [HLS 200-111] Finished Pre-synthesis Time (s): cpu = 00:00:17 ; elapsed = 00:02:02 . Memory (MB): peak = 521.223 ; gain = 430.609
WARNING: [XFORM 203-631] Renaming function 'scaled_fixed2ieee<63, 1>' to 'scaled_fixed2ieee' (r:/builds/2019.1/continuous/2019_05_24_2552052/src/products/hls/hls_lib/src/hls\utils/x_hls_float_utils.h:110:37)
WARNING: [XFORM 203-631] Renaming function 'hotbm_::sin_or_cos<double>' to 'sin_or_cos<double>' (r:/builds/2019.1/continuous/2019_05_24_2552052/src/products/hls/hls_lib/hlsmath/include/FloatingPoint\hls_hotbm.h:238)
WARNING: [XFORM 203-631] Renaming function 'cordic_::atan_generic<double>' to 'atan_generic<double>' (r:/builds/2019.1/continuous/2019_05_24_2552052/src/products/hls/hls_lib/hlsmath/include/FloatingPoint\hls_cordic.h:577)
WARNING: [XFORM 203-631] Renaming function 'Wheel::update' to 'update' (CarSimOnFPGA/Wheel.cpp:14)
WARNING: [XFORM 203-631] Renaming function 'Car::update' to 'update.1' (CarSimOnFPGA/Car.cpp:13:1)
INFO: [HLS 200-111] Finished Architecture Synthesis Time (s): cpu = 00:00:19 ; elapsed = 00:02:04 . Memory (MB): peak = 604.289 ; gain = 513.676
INFO: [HLS 200-10] Starting hardware synthesis ...
INFO: [HLS 200-10] Synthesizing 'top_level' ...
WARNING: [SYN 201-103] Legalizing function name 'sin_or_cos<double>' to 'sin_or_cos_double_s'.
WARNING: [SYN 201-103] Legalizing function name 'atan_generic<double>' to 'atan_generic_double_s'.
WARNING: [SYN 201-103] Legalizing function name 'update.1' to 'update_1'.
INFO: [HLS 200-10] ----------------------------------------------------------------
INFO: [HLS 200-42] -- Implementing module 'scaled_fixed2ieee' 
INFO: [HLS 200-10] ----------------------------------------------------------------
INFO: [SCHED 204-11] Starting scheduling ...
INFO: [SCHED 204-11] Finished scheduling.
INFO: [HLS 200-111]  Elapsed time: 124.955 seconds; current allocated memory: 534.226 MB.
INFO: [HLS 200-434] Only 0 loops out of a total 3 loops have been pipelined in this design.
INFO: [BIND 205-100] Starting micro-architecture generation ...
INFO: [BIND 205-101] Performing variable lifetime analysis.
INFO: [BIND 205-101] Exploring resource sharing.
INFO: [BIND 205-101] Binding ...
INFO: [BIND 205-100] Finished micro-architecture generation.
INFO: [HLS 200-111]  Elapsed time: 0.465 seconds; current allocated memory: 534.608 MB.
INFO: [HLS 200-10] ----------------------------------------------------------------
INFO: [HLS 200-42] -- Implementing module 'sin_or_cos_double_s' 
INFO: [HLS 200-10] ----------------------------------------------------------------
INFO: [SCHED 204-11] Starting scheduling ...
INFO: [SCHED 204-11] Finished scheduling.
INFO: [HLS 200-111]  Elapsed time: 0.728 seconds; current allocated memory: 535.366 MB.
INFO: [BIND 205-100] Starting micro-architecture generation ...
INFO: [BIND 205-101] Performing variable lifetime analysis.
INFO: [BIND 205-101] Exploring resource sharing.
INFO: [BIND 205-101] Binding ...
INFO: [BIND 205-100] Finished micro-architecture generation.
INFO: [HLS 200-111]  Elapsed time: 0.589 seconds; current allocated memory: 535.963 MB.
INFO: [HLS 200-10] ----------------------------------------------------------------
INFO: [HLS 200-42] -- Implementing module 'sin' 
INFO: [HLS 200-10] ----------------------------------------------------------------
INFO: [SCHED 204-11] Starting scheduling ...
INFO: [SCHED 204-11] Finished scheduling.
INFO: [HLS 200-111]  Elapsed time: 0.702 seconds; current allocated memory: 536.098 MB.
INFO: [BIND 205-100] Starting micro-architecture generation ...
INFO: [BIND 205-101] Performing variable lifetime analysis.
INFO: [BIND 205-101] Exploring resource sharing.
INFO: [BIND 205-101] Binding ...
INFO: [BIND 205-100] Finished micro-architecture generation.
INFO: [HLS 200-111]  Elapsed time: 0.376 seconds; current allocated memory: 536.145 MB.
INFO: [HLS 200-10] ----------------------------------------------------------------
INFO: [HLS 200-42] -- Implementing module 'atan_generic_double_s' 
INFO: [HLS 200-10] ----------------------------------------------------------------
INFO: [SCHED 204-11] Starting scheduling ...
INFO: [SCHED 204-11] Finished scheduling.
INFO: [HLS 200-111]  Elapsed time: 0.656 seconds; current allocated memory: 536.555 MB.
INFO: [BIND 205-100] Starting micro-architecture generation ...
INFO: [BIND 205-101] Performing variable lifetime analysis.
INFO: [BIND 205-101] Exploring resource sharing.
INFO: [BIND 205-101] Binding ...
INFO: [BIND 205-100] Finished micro-architecture generation.
INFO: [HLS 200-111]  Elapsed time: 0.471 seconds; current allocated memory: 536.966 MB.
INFO: [HLS 200-10] ----------------------------------------------------------------
INFO: [HLS 200-42] -- Implementing module 'atan' 
INFO: [HLS 200-10] ----------------------------------------------------------------
INFO: [SCHED 204-11] Starting scheduling ...
INFO: [SCHED 204-11] Finished scheduling.
INFO: [HLS 200-111]  Elapsed time: 0.567 seconds; current allocated memory: 537.166 MB.
INFO: [BIND 205-100] Starting micro-architecture generation ...
INFO: [BIND 205-101] Performing variable lifetime analysis.
INFO: [BIND 205-101] Exploring resource sharing.
INFO: [BIND 205-101] Binding ...
INFO: [BIND 205-100] Finished micro-architecture generation.
INFO: [HLS 200-111]  Elapsed time: 0.418 seconds; current allocated memory: 537.365 MB.
INFO: [HLS 200-10] ----------------------------------------------------------------
INFO: [HLS 200-42] -- Implementing module 'update' 
INFO: [HLS 200-10] ----------------------------------------------------------------
INFO: [SCHED 204-11] Starting scheduling ...
INFO: [SCHED 204-11] Finished scheduling.
INFO: [HLS 200-111]  Elapsed time: 0.922 seconds; current allocated memory: 538.094 MB.
INFO: [BIND 205-100] Starting micro-architecture generation ...
INFO: [BIND 205-101] Performing variable lifetime analysis.
INFO: [BIND 205-101] Exploring resource sharing.
INFO: [BIND 205-101] Binding ...
INFO: [BIND 205-100] Starting global binding ...
INFO: [BIND 205-100] Starting global binding ...
INFO: [BIND 205-100] Finished micro-architecture generation.
INFO: [HLS 200-111]  Elapsed time: 1.207 seconds; current allocated memory: 539.103 MB.
INFO: [HLS 200-10] ----------------------------------------------------------------
INFO: [HLS 200-42] -- Implementing module 'update_1' 
INFO: [HLS 200-10] ----------------------------------------------------------------
INFO: [SCHED 204-11] Starting scheduling ...
INFO: [SCHED 204-11] Finished scheduling.
INFO: [HLS 200-111]  Elapsed time: 1.99 seconds; current allocated memory: 539.875 MB.
INFO: [BIND 205-100] Starting micro-architecture generation ...
INFO: [BIND 205-101] Performing variable lifetime analysis.
INFO: [BIND 205-101] Exploring resource sharing.
INFO: [BIND 205-101] Binding ...
INFO: [BIND 205-100] Finished micro-architecture generation.
INFO: [HLS 200-111]  Elapsed time: 2.038 seconds; current allocated memory: 541.054 MB.
INFO: [HLS 200-10] ----------------------------------------------------------------
INFO: [HLS 200-42] -- Implementing module 'top_level' 
INFO: [HLS 200-10] ----------------------------------------------------------------
INFO: [SCHED 204-11] Starting scheduling ...
INFO: [SCHED 204-11] Finished scheduling.
INFO: [HLS 200-111]  Elapsed time: 2.682 seconds; current allocated memory: 541.842 MB.
INFO: [BIND 205-100] Starting micro-architecture generation ...
INFO: [BIND 205-101] Performing variable lifetime analysis.
INFO: [BIND 205-101] Exploring resource sharing.
INFO: [BIND 205-101] Binding ...
INFO: [BIND 205-100] Finished micro-architecture generation.
INFO: [HLS 200-111]  Elapsed time: 1.008 seconds; current allocated memory: 542.180 MB.
INFO: [HLS 200-10] ----------------------------------------------------------------
INFO: [HLS 200-10] -- Generating RTL for module 'scaled_fixed2ieee' 
INFO: [HLS 200-10] ----------------------------------------------------------------
INFO: [SYN 201-210] Renamed object name 'top_level_mux_42_32_1_1' to 'top_level_mux_42_bkb' due to the length limit 20
INFO: [RTGEN 206-100] Generating core module 'top_level_mux_42_bkb': 2 instance(s).
INFO: [RTGEN 206-100] Finished creating RTL model for 'scaled_fixed2ieee'.
INFO: [HLS 200-111]  Elapsed time: 2.452 seconds; current allocated memory: 543.539 MB.
INFO: [HLS 200-10] ----------------------------------------------------------------
INFO: [HLS 200-10] -- Generating RTL for module 'sin_or_cos_double_s' 
INFO: [HLS 200-10] ----------------------------------------------------------------
INFO: [SYN 201-210] Renamed object name 'sin_or_cos_double_s_ref_4oPi_table_256_V' to 'sin_or_cos_doublecud' due to the length limit 20
INFO: [SYN 201-210] Renamed object name 'sin_or_cos_double_s_fourth_order_double_4' to 'sin_or_cos_doubledEe' due to the length limit 20
INFO: [SYN 201-210] Renamed object name 'sin_or_cos_double_s_fourth_order_double_5' to 'sin_or_cos_doubleeOg' due to the length limit 20
INFO: [SYN 201-210] Renamed object name 'sin_or_cos_double_s_fourth_order_double_6' to 'sin_or_cos_doublefYi' due to the length limit 20
INFO: [SYN 201-210] Renamed object name 'sin_or_cos_double_s_fourth_order_double_7' to 'sin_or_cos_doubleg8j' due to the length limit 20
INFO: [SYN 201-210] Renamed object name 'sin_or_cos_double_s_fourth_order_double_s' to 'sin_or_cos_doublehbi' due to the length limit 20
INFO: [SYN 201-210] Renamed object name 'top_level_mul_170ns_53ns_223_2_1' to 'top_level_mul_170ibs' due to the length limit 20
INFO: [SYN 201-210] Renamed object name 'top_level_mux_83_1_2_1' to 'top_level_mux_83_jbC' due to the length limit 20
INFO: [SYN 201-210] Renamed object name 'top_level_mux_164_1_1_1' to 'top_level_mux_164kbM' due to the length limit 20
INFO: [RTGEN 206-100] Generating core module 'top_level_mul_170ibs': 1 instance(s).
INFO: [RTGEN 206-100] Generating core module 'top_level_mux_164kbM': 2 instance(s).
INFO: [RTGEN 206-100] Generating core module 'top_level_mux_83_jbC': 1 instance(s).
INFO: [RTGEN 206-100] Finished creating RTL model for 'sin_or_cos_double_s'.
INFO: [HLS 200-111]  Elapsed time: 1.233 seconds; current allocated memory: 544.977 MB.
INFO: [HLS 200-10] ----------------------------------------------------------------
INFO: [HLS 200-10] -- Generating RTL for module 'sin' 
INFO: [HLS 200-10] ----------------------------------------------------------------
INFO: [RTGEN 206-100] Finished creating RTL model for 'sin'.
INFO: [HLS 200-111]  Elapsed time: 1.262 seconds; current allocated memory: 545.475 MB.
INFO: [HLS 200-10] ----------------------------------------------------------------
INFO: [HLS 200-10] -- Generating RTL for module 'atan_generic_double_s' 
INFO: [HLS 200-10] ----------------------------------------------------------------
INFO: [SYN 201-210] Renamed object name 'atan_generic_double_s_cordic_ctab_table_12' to 'atan_generic_doublbW' due to the length limit 20
INFO: [RTGEN 206-100] Finished creating RTL model for 'atan_generic_double_s'.
INFO: [HLS 200-111]  Elapsed time: 0.772 seconds; current allocated memory: 546.264 MB.
INFO: [HLS 200-10] ----------------------------------------------------------------
INFO: [HLS 200-10] -- Generating RTL for module 'atan' 
INFO: [HLS 200-10] ----------------------------------------------------------------
INFO: [SYN 201-210] Renamed object name 'top_level_dsub_64ns_64ns_64_5_full_dsp_1' to 'top_level_dsub_64mb6' due to the length limit 20
INFO: [SYN 201-210] Renamed object name 'top_level_ddiv_64ns_64ns_64_17_1' to 'top_level_ddiv_64ncg' due to the length limit 20
INFO: [SYN 201-210] Renamed object name 'top_level_dcmp_64ns_64ns_1_2_1' to 'top_level_dcmp_64ocq' due to the length limit 20
INFO: [RTGEN 206-100] Generating core module 'top_level_dcmp_64ocq': 1 instance(s).
INFO: [RTGEN 206-100] Generating core module 'top_level_ddiv_64ncg': 1 instance(s).
INFO: [RTGEN 206-100] Generating core module 'top_level_dsub_64mb6': 1 instance(s).
INFO: [RTGEN 206-100] Finished creating RTL model for 'atan'.
INFO: [HLS 200-111]  Elapsed time: 1.141 seconds; current allocated memory: 546.907 MB.
INFO: [HLS 200-10] ----------------------------------------------------------------
INFO: [HLS 200-10] -- Generating RTL for module 'update' 
INFO: [HLS 200-10] ----------------------------------------------------------------
INFO: [SYN 201-210] Renamed object name 'top_level_faddfsub_32ns_32ns_32_4_full_dsp_1' to 'top_level_faddfsupcA' due to the length limit 20
INFO: [SYN 201-210] Renamed object name 'top_level_fadd_32ns_32ns_32_4_full_dsp_1' to 'top_level_fadd_32qcK' due to the length limit 20
INFO: [SYN 201-210] Renamed object name 'top_level_fmul_32ns_32ns_32_2_max_dsp_1' to 'top_level_fmul_32rcU' due to the length limit 20
INFO: [SYN 201-210] Renamed object name 'top_level_fdiv_32ns_32ns_32_8_1' to 'top_level_fdiv_32sc4' due to the length limit 20
INFO: [SYN 201-210] Renamed object name 'top_level_sitofp_32ns_32_3_1' to 'top_level_sitofp_tde' due to the length limit 20
INFO: [SYN 201-210] Renamed object name 'top_level_fptrunc_64ns_32_2_1' to 'top_level_fptruncudo' due to the length limit 20
INFO: [SYN 201-210] Renamed object name 'top_level_fpext_32ns_64_2_1' to 'top_level_fpext_3vdy' due to the length limit 20
INFO: [SYN 201-210] Renamed object name 'top_level_fcmp_32ns_32ns_1_2_1' to 'top_level_fcmp_32wdI' due to the length limit 20
INFO: [SYN 201-210] Renamed object name 'top_level_fsqrt_32ns_32ns_32_7_1' to 'top_level_fsqrt_3xdS' due to the length limit 20
INFO: [SYN 201-210] Renamed object name 'top_level_dadddsub_64ns_64ns_64_5_full_dsp_1' to 'top_level_dadddsuyd2' due to the length limit 20
INFO: [SYN 201-210] Renamed object name 'top_level_dmul_64ns_64ns_64_5_max_dsp_1' to 'top_level_dmul_64zec' due to the length limit 20
INFO: [RTGEN 206-100] Generating core module 'top_level_dadddsuyd2': 1 instance(s).
INFO: [RTGEN 206-100] Generating core module 'top_level_ddiv_64ncg': 2 instance(s).
INFO: [RTGEN 206-100] Generating core module 'top_level_dmul_64zec': 2 instance(s).
INFO: [RTGEN 206-100] Generating core module 'top_level_fadd_32qcK': 2 instance(s).
INFO: [RTGEN 206-100] Generating core module 'top_level_faddfsupcA': 1 instance(s).
INFO: [RTGEN 206-100] Generating core module 'top_level_fcmp_32wdI': 3 instance(s).
INFO: [RTGEN 206-100] Generating core module 'top_level_fdiv_32sc4': 2 instance(s).
INFO: [RTGEN 206-100] Generating core module 'top_level_fmul_32rcU': 5 instance(s).
INFO: [RTGEN 206-100] Generating core module 'top_level_fpext_3vdy': 2 instance(s).
INFO: [RTGEN 206-100] Generating core module 'top_level_fptruncudo': 2 instance(s).
INFO: [RTGEN 206-100] Generating core module 'top_level_fsqrt_3xdS': 1 instance(s).
INFO: [RTGEN 206-100] Generating core module 'top_level_sitofp_tde': 1 instance(s).
INFO: [RTGEN 206-100] Finished creating RTL model for 'update'.
INFO: [HLS 200-111]  Elapsed time: 1.376 seconds; current allocated memory: 549.307 MB.
INFO: [HLS 200-10] ----------------------------------------------------------------
INFO: [HLS 200-10] -- Generating RTL for module 'update_1' 
INFO: [HLS 200-10] ----------------------------------------------------------------
WARNING: [RTGEN 206-101] Register 'car_chassis_vel_z' is power-on initialization.
WARNING: [RTGEN 206-101] Register 'car_chassis_angularV' is power-on initialization.
WARNING: [RTGEN 206-101] Register 'car_chassis_wFL' is power-on initialization.
WARNING: [RTGEN 206-101] Register 'car_frontLeft_angula' is power-on initialization.
WARNING: [RTGEN 206-101] Register 'car_chassis_wFR' is power-on initialization.
WARNING: [RTGEN 206-101] Register 'car_frontRight_angul' is power-on initialization.
WARNING: [RTGEN 206-101] Register 'car_chassis_wRL' is power-on initialization.
WARNING: [RTGEN 206-101] Register 'car_rearLeft_angular' is power-on initialization.
WARNING: [RTGEN 206-101] Register 'car_chassis_wRR' is power-on initialization.
WARNING: [RTGEN 206-101] Register 'car_rearRight_angula' is power-on initialization.
WARNING: [RTGEN 206-101] Register 'car_chassis_pos_x' is power-on initialization.
WARNING: [RTGEN 206-101] Register 'car_chassis_pos_z' is power-on initialization.
WARNING: [RTGEN 206-101] Register 'car_chassis_accel_x' is power-on initialization.
WARNING: [RTGEN 206-101] Register 'car_chassis_accel_z' is power-on initialization.
WARNING: [RTGEN 206-101] Register 'car_chassis_orientat' is power-on initialization.
INFO: [SYN 201-210] Renamed object name 'top_level_dadd_64ns_64ns_64_5_full_dsp_1' to 'top_level_dadd_64Aem' due to the length limit 20
INFO: [RTGEN 206-100] Generating core module 'top_level_dadd_64Aem': 1 instance(s).
INFO: [RTGEN 206-100] Generating core module 'top_level_dmul_64zec': 4 instance(s).
INFO: [RTGEN 206-100] Generating core module 'top_level_dsub_64mb6': 1 instance(s).
INFO: [RTGEN 206-100] Generating core module 'top_level_faddfsupcA': 4 instance(s).
INFO: [RTGEN 206-100] Generating core module 'top_level_fdiv_32sc4': 2 instance(s).
INFO: [RTGEN 206-100] Generating core module 'top_level_fmul_32rcU': 4 instance(s).
INFO: [RTGEN 206-100] Generating core module 'top_level_fpext_3vdy': 2 instance(s).
INFO: [RTGEN 206-100] Generating core module 'top_level_fptruncudo': 2 instance(s).
INFO: [RTGEN 206-100] Finished creating RTL model for 'update_1'.
INFO: [HLS 200-111]  Elapsed time: 3.267 seconds; current allocated memory: 551.354 MB.
INFO: [HLS 200-10] ----------------------------------------------------------------
INFO: [HLS 200-10] -- Generating RTL for module 'top_level' 
INFO: [HLS 200-10] ----------------------------------------------------------------
INFO: [RTGEN 206-500] Setting interface mode on port 'top_level/deltaTime' to 'ap_none'.
INFO: [RTGEN 206-500] Setting interface mode on port 'top_level/torque' to 'ap_none'.
INFO: [RTGEN 206-500] Setting interface mode on port 'top_level/steeringAngle' to 'ap_none'.
INFO: [RTGEN 206-500] Setting interface mode on port 'top_level/pos_x' to 'ap_vld'.
INFO: [RTGEN 206-500] Setting interface mode on port 'top_level/pos_z' to 'ap_vld'.
INFO: [RTGEN 206-500] Setting interface mode on port 'top_level/vel_x' to 'ap_vld'.
INFO: [RTGEN 206-500] Setting interface mode on function 'top_level' to 'ap_ctrl_hs'.
WARNING: [RTGEN 206-101] Register 'car_chassis_vel_x' is power-on initialization.
INFO: [RTGEN 206-100] Finished creating RTL model for 'top_level'.
INFO: [HLS 200-111]  Elapsed time: 3.75 seconds; current allocated memory: 552.456 MB.
INFO: [RTMG 210-282] Generating pipelined core: 'top_level_mul_170ibs_MulnS_0'
INFO: [RTMG 210-288] Generating pipelined multiplexer : 'top_level_mux_83_jbC'
INFO: [RTMG 210-279] Implementing memory 'sin_or_cos_doublecud_rom' using auto ROMs.
INFO: [RTMG 210-279] Implementing memory 'sin_or_cos_doubledEe_rom' using distributed ROMs.
INFO: [RTMG 210-279] Implementing memory 'sin_or_cos_doubleeOg_rom' using distributed ROMs.
INFO: [RTMG 210-279] Implementing memory 'sin_or_cos_doublefYi_rom' using distributed ROMs.
INFO: [RTMG 210-279] Implementing memory 'sin_or_cos_doubleg8j_rom' using distributed ROMs.
INFO: [RTMG 210-279] Implementing memory 'sin_or_cos_doublehbi_rom' using distributed ROMs.
INFO: [RTMG 210-279] Implementing memory 'atan_generic_doublbW_rom' using auto ROMs.
INFO: [HLS 200-111] Finished generating all RTL models Time (s): cpu = 00:00:46 ; elapsed = 00:02:52 . Memory (MB): peak = 644.324 ; gain = 553.711
INFO: [VHDL 208-304] Generating VHDL RTL for top_level.
INFO: [VLOG 209-307] Generating Verilog RTL for top_level.
INFO: [HLS 200-112] Total elapsed time: 171.998 seconds; peak allocated memory: 552.456 MB.
==============================================================
Vivado(TM) HLS - High-Level Synthesis from C, C++ and SystemC v2019.1 (64-bit)
Copyright 1986-2019 Xilinx, Inc. All Rights Reserved.
==============================================================
INFO: [SYN 201-201] Setting up clock 'default' with a period of 10ns.
INFO: [SYN 201-201] Setting up clock 'default' with an uncertainty of 1.25ns.
INFO: [HLS 200-10] Setting target device to 'xc7k325t-ffg900-2'
INFO: [HLS 200-435] Setting 'config_sdx -target' configuration: config_export -vivado_optimization_level=2
INFO: [HLS 200-435] Setting 'config_sdx -target' configuration: set_clock_uncertainty default
INFO: [IMPL 213-8] Exporting RTL as an IP for System Generator for DSP (Vivado).
==============================================================
Vivado(TM) HLS - High-Level Synthesis from C, C++ and SystemC v2019.1 (64-bit)
Copyright 1986-2019 Xilinx, Inc. All Rights Reserved.
==============================================================
INFO: [SYN 201-201] Setting up clock 'default' with a period of 10ns.
INFO: [SYN 201-201] Setting up clock 'default' with an uncertainty of 1.25ns.
INFO: [HLS 200-10] Setting target device to 'xc7k325t-ffg900-2'
INFO: [HLS 200-435] Setting 'config_sdx -target' configuration: config_export -vivado_optimization_level=2
INFO: [HLS 200-435] Setting 'config_sdx -target' configuration: set_clock_uncertainty default
INFO: [SIM 211-2] *************** CSIM start ***************
INFO: [SIM 211-4] CSIM will launch GCC as the compiler.
INFO: [SIM 211-1] CSim file generation done with 0 errors.
INFO: [SIM 211-3] *************** CSIM finish ***************
==============================================================
Vivado(TM) HLS - High-Level Synthesis from C, C++ and SystemC v2019.1 (64-bit)
Copyright 1986-2019 Xilinx, Inc. All Rights Reserved.
==============================================================
INFO: [SYN 201-201] Setting up clock 'default' with a period of 10ns.
INFO: [SYN 201-201] Setting up clock 'default' with an uncertainty of 1.25ns.
INFO: [HLS 200-10] Setting target device to 'xc7k325t-ffg900-2'
INFO: [HLS 200-435] Setting 'config_sdx -target' configuration: config_export -vivado_optimization_level=2
INFO: [HLS 200-435] Setting 'config_sdx -target' configuration: set_clock_uncertainty default
INFO: [SIM 211-2] *************** CSIM start ***************
INFO: [SIM 211-4] CSIM will launch GCC as the compiler.
INFO: [SIM 211-1] CSim file generation done with 0 errors.
INFO: [SIM 211-3] *************** CSIM finish ***************
==============================================================
Vivado(TM) HLS - High-Level Synthesis from C, C++ and SystemC v2019.1 (64-bit)
Copyright 1986-2019 Xilinx, Inc. All Rights Reserved.
==============================================================
INFO: [SYN 201-201] Setting up clock 'default' with a period of 10ns.
INFO: [SYN 201-201] Setting up clock 'default' with an uncertainty of 1.25ns.
INFO: [HLS 200-10] Setting target device to 'xc7k325t-ffg900-2'
INFO: [HLS 200-435] Setting 'config_sdx -target' configuration: config_export -vivado_optimization_level=2
INFO: [HLS 200-435] Setting 'config_sdx -target' configuration: set_clock_uncertainty default
INFO: [SIM 211-2] *************** CSIM start ***************
INFO: [SIM 211-4] CSIM will launch GCC as the compiler.
INFO: [SIM 211-1] CSim file generation done with 0 errors.
INFO: [SIM 211-3] *************** CSIM finish ***************
==============================================================
Vivado(TM) HLS - High-Level Synthesis from C, C++ and SystemC v2019.1 (64-bit)
Copyright 1986-2019 Xilinx, Inc. All Rights Reserved.
==============================================================
INFO: [SYN 201-201] Setting up clock 'default' with a period of 10ns.
INFO: [SYN 201-201] Setting up clock 'default' with an uncertainty of 1.25ns.
INFO: [HLS 200-10] Setting target device to 'xc7k325t-ffg900-2'
INFO: [HLS 200-435] Setting 'config_sdx -target' configuration: config_export -vivado_optimization_level=2
INFO: [HLS 200-435] Setting 'config_sdx -target' configuration: set_clock_uncertainty default
INFO: [SIM 211-2] *************** CSIM start ***************
INFO: [SIM 211-4] CSIM will launch GCC as the compiler.
INFO: [SIM 211-1] CSim file generation done with 0 errors.
INFO: [SIM 211-3] *************** CSIM finish ***************
