

================================================================
== Vivado HLS Report for 'update'
================================================================
* Date:           Thu Aug 27 01:20:31 2020

* Version:        2019.1 (Build 2552052 on Fri May 24 15:28:33 MDT 2019)
* Project:        CarSimOnFPGA
* Solution:       solution3
* Product family: kintex7
* Target device:  xc7k325t-ffg900-2


================================================================
== Performance Estimates
================================================================
+ Timing (ns): 
    * Summary: 
    +--------+-------+----------+------------+
    |  Clock | Target| Estimated| Uncertainty|
    +--------+-------+----------+------------+
    |ap_clk  |  10.00|     9.006|        1.25|
    +--------+-------+----------+------------+

+ Latency (clock cycles): 
    * Summary: 
    +-----+------+-----+------+---------+
    |   Latency  |  Interval  | Pipeline|
    | min |  max | min |  max |   Type  |
    +-----+------+-----+------+---------+
    |  197|  1244|  197|  1244|   none  |
    +-----+------+-----+------+---------+

    + Detail: 
        * Instance: 
        +--------------------------------+---------------------+-----+-----+-----+-----+---------+
        |                                |                     |  Latency  |  Interval | Pipeline|
        |            Instance            |        Module       | min | max | min | max |   Type  |
        +--------------------------------+---------------------+-----+-----+-----+-----+---------+
        |grp_sin_fu_208                  |sin                  |   28|   31|   28|   31|   none  |
        |grp_atan_fu_250                 |atan                 |    2|  204|    2|  204|   none  |
        |grp_sin_or_cos_double_s_fu_279  |sin_or_cos_double_s  |   26|   29|   26|   29|   none  |
        +--------------------------------+---------------------+-----+-----+-----+-----+---------+

        * Loop: 
        N/A



================================================================
== Utilization Estimates
================================================================
* Summary: 
+-----------------+---------+-------+--------+--------+-----+
|       Name      | BRAM_18K| DSP48E|   FF   |   LUT  | URAM|
+-----------------+---------+-------+--------+--------+-----+
|DSP              |        -|      -|       -|       -|    -|
|Expression       |        -|      -|       0|     807|    -|
|FIFO             |        -|      -|       -|       -|    -|
|Instance         |       20|    243|   16809|   32041|    -|
|Memory           |        -|      -|       -|       -|    -|
|Multiplexer      |        -|      -|       -|    1204|    -|
|Register         |        -|      -|    1899|       -|    -|
+-----------------+---------+-------+--------+--------+-----+
|Total            |       20|    243|   18708|   34052|    0|
+-----------------+---------+-------+--------+--------+-----+
|Available        |      890|    840|  407600|  203800|    0|
+-----------------+---------+-------+--------+--------+-----+
|Utilization (%)  |        2|     28|       4|      16|    0|
+-----------------+---------+-------+--------+--------+-----+

+ Detail: 
    * Instance: 
    +--------------------------------+----------------------+---------+-------+------+------+-----+
    |            Instance            |        Module        | BRAM_18K| DSP48E|  FF  |  LUT | URAM|
    +--------------------------------+----------------------+---------+-------+------+------+-----+
    |grp_atan_fu_250                 |atan                  |        4|      3|  3580|  8579|    0|
    |grp_sin_fu_208                  |sin                   |        8|     97|  2978|  5706|    0|
    |grp_sin_or_cos_double_s_fu_279  |sin_or_cos_double_s   |        8|     97|  2783|  5684|    0|
    |top_level_car_dadyd2_U50        |top_level_car_dadyd2  |        0|      3|   445|   782|    0|
    |top_level_car_ddincg_U53        |top_level_car_ddincg  |        0|      0|  1710|  3253|    0|
    |top_level_car_ddincg_U54        |top_level_car_ddincg  |        0|      0|  1710|  3253|    0|
    |top_level_car_dmuzec_U51        |top_level_car_dmuzec  |        0|     11|   299|   203|    0|
    |top_level_car_dmuzec_U52        |top_level_car_dmuzec  |        0|     11|   299|   203|    0|
    |top_level_car_fadpcA_U32        |top_level_car_fadpcA  |        0|      2|   227|   214|    0|
    |top_level_car_fadqcK_U33        |top_level_car_fadqcK  |        0|      2|   227|   214|    0|
    |top_level_car_fadqcK_U34        |top_level_car_fadqcK  |        0|      2|   227|   214|    0|
    |top_level_car_fcmwdI_U47        |top_level_car_fcmwdI  |        0|      0|    66|    72|    0|
    |top_level_car_fcmwdI_U48        |top_level_car_fcmwdI  |        0|      0|    66|    72|    0|
    |top_level_car_fdisc4_U40        |top_level_car_fdisc4  |        0|      0|   363|   802|    0|
    |top_level_car_fdisc4_U41        |top_level_car_fdisc4  |        0|      0|   363|   802|    0|
    |top_level_car_fmurcU_U35        |top_level_car_fmurcU  |        0|      3|   128|   135|    0|
    |top_level_car_fmurcU_U36        |top_level_car_fmurcU  |        0|      3|   128|   135|    0|
    |top_level_car_fmurcU_U37        |top_level_car_fmurcU  |        0|      3|   128|   135|    0|
    |top_level_car_fmurcU_U38        |top_level_car_fmurcU  |        0|      3|   128|   135|    0|
    |top_level_car_fmurcU_U39        |top_level_car_fmurcU  |        0|      3|   128|   135|    0|
    |top_level_car_fpevdy_U45        |top_level_car_fpevdy  |        0|      0|   100|   138|    0|
    |top_level_car_fpevdy_U46        |top_level_car_fpevdy  |        0|      0|   100|   138|    0|
    |top_level_car_fptudo_U43        |top_level_car_fptudo  |        0|      0|   128|    94|    0|
    |top_level_car_fptudo_U44        |top_level_car_fptudo  |        0|      0|   128|    94|    0|
    |top_level_car_fsqxdS_U49        |top_level_car_fsqxdS  |        0|      0|   242|   508|    0|
    |top_level_car_sittde_U42        |top_level_car_sittde  |        0|      0|   128|   341|    0|
    +--------------------------------+----------------------+---------+-------+------+------+-----+
    |Total                           |                      |       20|    243| 16809| 32041|    0|
    +--------------------------------+----------------------+---------+-------+------+------+-----+

    * DSP48E: 
    N/A

    * Memory: 
    N/A

    * FIFO: 
    N/A

    * Expression: 
    +---------------------------------+----------+-------+---+-----+------------+------------+
    |          Variable Name          | Operation| DSP48E| FF| LUT | Bitwidth P0| Bitwidth P1|
    +---------------------------------+----------+-------+---+-----+------------+------------+
    |add_ln339_fu_646_p2              |     +    |      0|  0|   16|           9|           8|
    |neg_fu_744_p2                    |     -    |      0|  0|   39|           1|          32|
    |result_V_1_fu_731_p2             |     -    |      0|  0|   39|           1|          32|
    |sub_ln1311_fu_660_p2             |     -    |      0|  0|   15|           7|           8|
    |and_ln34_fu_580_p2               |    and   |      0|  0|    2|           1|           1|
    |and_ln41_fu_764_p2               |    and   |      0|  0|    2|           1|           1|
    |and_ln45_fu_769_p2               |    and   |      0|  0|    2|           1|           1|
    |and_ln61_fu_846_p2               |    and   |      0|  0|    2|           1|           1|
    |abscond_fu_750_p2                |   icmp   |      0|  0|   18|          32|           1|
    |icmp_ln34_1_fu_568_p2            |   icmp   |      0|  0|   18|          23|           1|
    |icmp_ln34_fu_562_p2              |   icmp   |      0|  0|   11|           8|           2|
    |icmp_ln41_1_fu_618_p2            |   icmp   |      0|  0|   18|          23|           1|
    |icmp_ln41_fu_612_p2              |   icmp   |      0|  0|   11|           8|           2|
    |icmp_ln61_1_fu_834_p2            |   icmp   |      0|  0|   18|          23|           1|
    |icmp_ln61_fu_828_p2              |   icmp   |      0|  0|   11|           8|           2|
    |r_V_fu_689_p2                    |   lshr   |      0|  0|   66|          25|          25|
    |ap_block_state3_on_subcall_done  |    or    |      0|  0|    2|           1|           1|
    |or_ln34_fu_574_p2                |    or    |      0|  0|    2|           1|           1|
    |or_ln41_fu_624_p2                |    or    |      0|  0|    2|           1|           1|
    |or_ln45_fu_782_p2                |    or    |      0|  0|    2|           1|           1|
    |or_ln61_fu_840_p2                |    or    |      0|  0|    2|           1|           1|
    |abs_fu_756_p3                    |  select  |      0|  0|   32|           1|          32|
    |p_Val2_5_fu_723_p3               |  select  |      0|  0|   32|           1|          32|
    |p_Val2_6_fu_737_p3               |  select  |      0|  0|   32|           1|          32|
    |select_ln45_1_fu_774_p3          |  select  |      0|  0|   31|           1|          31|
    |select_ln45_fu_788_p3            |  select  |      0|  0|   32|           1|          32|
    |ush_fu_669_p3                    |  select  |      0|  0|    9|           1|           9|
    |r_V_1_fu_695_p2                  |    shl   |      0|  0|  243|          79|          79|
    |xor_ln58_fu_800_p2               |    xor   |      0|  0|   65|          64|          65|
    |xor_ln70_fu_855_p2               |    xor   |      0|  0|   33|          32|          33|
    +---------------------------------+----------+-------+---+-----+------------+------------+
    |Total                            |          |      0|  0|  807|         358|         469|
    +---------------------------------+----------+-------+---+-----+------------+------------+

    * Multiplexer: 
    +-----------------------------------------------+-----+-----------+-----+-----------+
    |                      Name                     | LUT | Input Size| Bits| Total Bits|
    +-----------------------------------------------+-----+-----------+-----+-----------+
    |Wheel_fx_write_assig_reg_184                   |    9|          2|   32|         64|
    |Wheel_fz_write_assig_reg_196                   |    9|          2|   32|         64|
    |Wheel_slipAngle_writ_reg_164                   |    9|          2|   32|         64|
    |Wheel_slipRatio_0_reg_174                      |    9|          2|   32|         64|
    |ap_NS_fsm                                      |  601|        134|    1|        134|
    |ap_phi_mux_Wheel_slipAngle_writ_phi_fu_167_p4  |    9|          2|   32|         64|
    |ap_phi_mux_Wheel_slipRatio_0_phi_fu_177_p4     |    9|          2|   32|         64|
    |ap_return_0                                    |    9|          2|   32|         64|
    |ap_return_1                                    |    9|          2|   32|         64|
    |ap_return_2                                    |    9|          2|   32|         64|
    |grp_atan_fu_250_x                              |   21|          5|   64|        320|
    |grp_fu_298_opcode                              |   13|          3|    2|          6|
    |grp_fu_298_p0                                  |   13|          3|   32|         96|
    |grp_fu_298_p1                                  |   21|          5|   32|        160|
    |grp_fu_302_p0                                  |   13|          3|   32|         96|
    |grp_fu_302_p1                                  |   13|          3|   32|         96|
    |grp_fu_310_p0                                  |   33|          8|   32|        256|
    |grp_fu_310_p1                                  |   33|          8|   32|        256|
    |grp_fu_315_p0                                  |   25|          6|   32|        192|
    |grp_fu_315_p1                                  |   25|          6|   32|        192|
    |grp_fu_320_p1                                  |   13|          3|   32|         96|
    |grp_fu_325_p0                                  |   13|          3|   32|         96|
    |grp_fu_325_p1                                  |   13|          3|   32|         96|
    |grp_fu_341_p0                                  |   21|          5|   32|        160|
    |grp_fu_341_p1                                  |   21|          5|   32|        160|
    |grp_fu_353_p0                                  |   25|          6|   64|        384|
    |grp_fu_357_p0                                  |   17|          4|   64|        256|
    |grp_fu_363_p0                                  |   33|          8|   32|        256|
    |grp_fu_377_opcode                              |   13|          3|    5|         15|
    |grp_fu_377_p0                                  |   17|          4|   32|        128|
    |grp_fu_392_opcode                              |   13|          3|    2|          6|
    |grp_fu_392_p0                                  |   13|          3|   64|        192|
    |grp_fu_392_p1                                  |   17|          4|   64|        256|
    |grp_fu_396_p0                                  |   29|          7|   64|        448|
    |grp_fu_396_p1                                  |   37|          9|   64|        576|
    |grp_sin_fu_208_x                               |   17|          4|   64|        256|
    +-----------------------------------------------+-----+-----------+-----+-----------+
    |Total                                          | 1204|        276| 1290|       5761|
    +-----------------------------------------------+-----+-----------+-----+-----------+

    * Register: 
    +---------------------------------------------+-----+----+-----+-----------+
    |                     Name                    |  FF | LUT| Bits| Const Bits|
    +---------------------------------------------+-----+----+-----+-----------+
    |Wheel_force_z_write_s_reg_1064               |   32|   0|   32|          0|
    |Wheel_fx_write_assig_reg_184                 |   32|   0|   32|          0|
    |Wheel_fz_write_assig_reg_196                 |   32|   0|   32|          0|
    |Wheel_slipAngle_writ_reg_164                 |   32|   0|   32|          0|
    |Wheel_slipRatio_0_reg_174                    |   32|   0|   32|          0|
    |a_reg_1003                                   |   32|   0|   32|          0|
    |abs_reg_968                                  |   32|   0|   32|          0|
    |and_ln34_reg_953                             |    1|   0|    1|          0|
    |and_ln61_reg_1040                            |    1|   0|    1|          0|
    |ap_CS_fsm                                    |  133|   0|  133|          0|
    |ap_return_0_preg                             |   32|   0|   32|          0|
    |ap_return_1_preg                             |   32|   0|   32|          0|
    |ap_return_2_preg                             |   32|   0|   32|          0|
    |cos_steer_reg_899                            |   32|   0|   32|          0|
    |grp_atan_fu_250_ap_start_reg                 |    1|   0|    1|          0|
    |grp_sin_fu_208_ap_start_reg                  |    1|   0|    1|          0|
    |grp_sin_or_cos_double_s_fu_279_ap_start_reg  |    1|   0|    1|          0|
    |latForce_reg_1035                            |   32|   0|   32|          0|
    |or_ln41_reg_962                              |    1|   0|    1|          0|
    |p_Result_s_reg_957                           |    1|   0|    1|          0|
    |reg_423                                      |   64|   0|   64|          0|
    |reg_433                                      |   64|   0|   64|          0|
    |reg_439                                      |   32|   0|   32|          0|
    |reg_448                                      |   32|   0|   32|          0|
    |reg_456                                      |   32|   0|   32|          0|
    |reg_462                                      |   32|   0|   32|          0|
    |reg_468                                      |   32|   0|   32|          0|
    |reg_477                                      |   32|   0|   32|          0|
    |reg_484                                      |   64|   0|   64|          0|
    |reg_492                                      |   32|   0|   32|          0|
    |reg_500                                      |   32|   0|   32|          0|
    |reg_507                                      |   64|   0|   64|          0|
    |reg_513                                      |   64|   0|   64|          0|
    |reg_519                                      |   64|   0|   64|          0|
    |reg_526                                      |   32|   0|   32|          0|
    |reg_532                                      |   64|   0|   64|          0|
    |reg_538                                      |   64|   0|   64|          0|
    |s_reg_1010                                   |   32|   0|   32|          0|
    |sin_steer_reg_907                            |   32|   0|   32|          0|
    |tmp_10_reg_973                               |   32|   0|   32|          0|
    |tmp_11_reg_978                               |   32|   0|   32|          0|
    |tmp_21_reg_993                               |   64|   0|   64|          0|
    |tmp_22_reg_988                               |   64|   0|   64|          0|
    |tmp_23_reg_998                               |   64|   0|   64|          0|
    |tmp_37_reg_1025                              |   64|   0|   64|          0|
    |tmp_44_reg_1020                              |   64|   0|   64|          0|
    |tmp_53_reg_1044                              |   32|   0|   32|          0|
    |tmp_63_reg_1059                              |   32|   0|   32|          0|
    |tmp_V_1_reg_948                              |   23|   0|   23|          0|
    |tmp_V_reg_942                                |    8|   0|    8|          0|
    |xor_ln70_reg_1049                            |   32|   0|   32|          0|
    +---------------------------------------------+-----+----+-----+-----------+
    |Total                                        | 1899|   0| 1899|          0|
    +---------------------------------------------+-----+----+-----+-----------+



================================================================
== Interface
================================================================
* Summary: 
+----------------------------+-----+-----+------------+----------------------------+--------------+
|          RTL Ports         | Dir | Bits|  Protocol  |        Source Object       |    C Type    |
+----------------------------+-----+-----+------------+----------------------------+--------------+
|ap_clk                      |  in |    1| ap_ctrl_hs |           update           | return value |
|ap_rst                      |  in |    1| ap_ctrl_hs |           update           | return value |
|ap_start                    |  in |    1| ap_ctrl_hs |           update           | return value |
|ap_done                     | out |    1| ap_ctrl_hs |           update           | return value |
|ap_idle                     | out |    1| ap_ctrl_hs |           update           | return value |
|ap_ready                    | out |    1| ap_ctrl_hs |           update           | return value |
|ap_return_0                 | out |   32| ap_ctrl_hs |           update           | return value |
|ap_return_1                 | out |   32| ap_ctrl_hs |           update           | return value |
|ap_return_2                 | out |   32| ap_ctrl_hs |           update           | return value |
|Wheel_angularVelocity_read  |  in |   32|   ap_none  | Wheel_angularVelocity_read |    scalar    |
|deltaTime                   |  in |   32|   ap_none  |          deltaTime         |    scalar    |
|torque                      |  in |   32|   ap_none  |           torque           |    scalar    |
|velocity_x                  |  in |   32|   ap_none  |         velocity_x         |    scalar    |
|velocity_z                  |  in |   32|   ap_none  |         velocity_z         |    scalar    |
|load                        |  in |   32|   ap_none  |            load            |    scalar    |
|steeringAngle               |  in |   32|   ap_none  |        steeringAngle       |    scalar    |
+----------------------------+-----+-----+------------+----------------------------+--------------+

